# JRE version: OpenJDK Runtime Environment (21.0.2+13) (build 21.0.2+13-Ubuntu-122.04.1)
# Java VM: OpenJDK 64-Bit Server VM (21.0.2+13-Ubuntu-122.04.1, mixed mode, sharing, tiered, compressed oops, compressed class ptrs, g1 gc, linux-amd64)
Heap:
 garbage-first heap   total 77824K, used 51553K [0x0000000084c00000, 0x0000000100000000)
  region size 1024K, 18 young (18432K), 1 survivors (1024K)
 Metaspace       used 40487K, committed 40960K, reserved 1114112K
  class space    used 4860K, committed 5056K, reserved 1048576K
GC Heap History (14 events):
Event: 1.313 GC heap before
{Heap before GC invocations=0 (full 0):
 garbage-first heap   total 129024K, used 23581K [0x0000000084c00000, 0x0000000100000000)
  region size 1024K, 23 young (23552K), 0 survivors (0K)
 Metaspace       used 5986K, committed 6144K, reserved 1114112K
  class space    used 690K, committed 768K, reserved 1048576K
}
Event: 1.315 GC heap after
{Heap after GC invocations=1 (full 0):
 garbage-first heap   total 129024K, used 4176K [0x0000000084c00000, 0x0000000100000000)
  region size 1024K, 3 young (3072K), 3 survivors (3072K)
 Metaspace       used 5986K, committed 6144K, reserved 1114112K
  class space    used 690K, committed 768K, reserved 1048576K
}
Event: 3.330 GC heap before
{Heap before GC invocations=1 (full 0):
 garbage-first heap   total 129024K, used 53328K [0x0000000084c00000, 0x0000000100000000)
  region size 1024K, 51 young (52224K), 3 survivors (3072K)
 Metaspace       used 15562K, committed 15808K, reserved 1114112K
  class space    used 1816K, committed 1920K, reserved 1048576K
}
Event: 3.336 GC heap after
{Heap after GC invocations=2 (full 0):
 garbage-first heap   total 129024K, used 8272K [0x0000000084c00000, 0x0000000100000000)
  region size 1024K, 7 young (7168K), 7 survivors (7168K)
 Metaspace       used 15562K, committed 15808K, reserved 1114112K
  class space    used 1816K, committed 1920K, reserved 1048576K
}
Event: 3.827 GC heap before
{Heap before GC invocations=2 (full 0):
 garbage-first heap   total 129024K, used 76880K [0x0000000084c00000, 0x0000000100000000)
  region size 1024K, 74 young (75776K), 7 survivors (7168K)
 Metaspace       used 17620K, committed 17920K, reserved 1114112K
  class space    used 1973K, committed 2112K, reserved 1048576K
}
Event: 3.834 GC heap after
{Heap after GC invocations=3 (full 0):
 garbage-first heap   total 129024K, used 13235K [0x0000000084c00000, 0x0000000100000000)
  region size 1024K, 9 young (9216K), 9 survivors (9216K)
 Metaspace       used 17620K, committed 17920K, reserved 1114112K
  class space    used 1973K, committed 2112K, reserved 1048576K
}
Event: 3.981 GC heap before
{Heap before GC invocations=3 (full 0):
 garbage-first heap   total 129024K, used 28595K [0x0000000084c00000, 0x0000000100000000)
  region size 1024K, 25 young (25600K), 9 survivors (9216K)
 Metaspace       used 21192K, committed 21504K, reserved 1114112K
  class space    used 2428K, committed 2560K, reserved 1048576K
}
Event: 3.985 GC heap after
{Heap after GC invocations=4 (full 0):
 garbage-first heap   total 129024K, used 15077K [0x0000000084c00000, 0x0000000100000000)
  region size 1024K, 7 young (7168K), 7 survivors (7168K)
 Metaspace       used 21192K, committed 21504K, reserved 1114112K
  class space    used 2428K, committed 2560K, reserved 1048576K
}
Event: 4.492 GC heap before
{Heap before GC invocations=5 (full 0):
 garbage-first heap   total 61440K, used 59109K [0x0000000084c00000, 0x0000000100000000)
  region size 1024K, 49 young (50176K), 7 survivors (7168K)
 Metaspace       used 28606K, committed 28992K, reserved 1114112K
  class space    used 3185K, committed 3328K, reserved 1048576K
}
Event: 4.503 GC heap after
{Heap after GC invocations=6 (full 0):
 garbage-first heap   total 77824K, used 25126K [0x0000000084c00000, 0x0000000100000000)
  region size 1024K, 10 young (10240K), 10 survivors (10240K)
 Metaspace       used 28606K, committed 28992K, reserved 1114112K
  class space    used 3185K, committed 3328K, reserved 1048576K
}
Event: 5.055 GC heap before
{Heap before GC invocations=6 (full 0):
 garbage-first heap   total 77824K, used 54822K [0x0000000084c00000, 0x0000000100000000)
  region size 1024K, 41 young (41984K), 10 survivors (10240K)
 Metaspace       used 35798K, committed 36160K, reserved 1114112K
  class space    used 4254K, committed 4416K, reserved 1048576K
}
Event: 5.060 GC heap after
{Heap after GC invocations=7 (full 0):
 garbage-first heap   total 77824K, used 24763K [0x0000000084c00000, 0x0000000100000000)
  region size 1024K, 5 young (5120K), 5 survivors (5120K)
 Metaspace       used 35798K, committed 36160K, reserved 1114112K
  class space    used 4254K, committed 4416K, reserved 1048576K
}
Event: 5.074 GC heap before
{Heap before GC invocations=7 (full 0):
 garbage-first heap   total 77824K, used 24763K [0x0000000084c00000, 0x0000000100000000)
  region size 1024K, 6 young (6144K), 5 survivors (5120K)
 Metaspace       used 36103K, committed 36480K, reserved 1114112K
  class space    used 4295K, committed 4480K, reserved 1048576K
}
Event: 5.077 GC heap after
{Heap after GC invocations=8 (full 0):
 garbage-first heap   total 77824K, used 24929K [0x0000000084c00000, 0x0000000100000000)
  region size 1024K, 1 young (1024K), 1 survivors (1024K)
 Metaspace       used 36103K, committed 36480K, reserved 1114112K
  class space    used 4295K, committed 4480K, reserved 1048576K
}

