# JRE version: OpenJDK Runtime Environment (21.0.2+13) (build 21.0.2+13-Ubuntu-122.04.1)
# Java VM: OpenJDK 64-Bit Server VM (21.0.2+13-Ubuntu-122.04.1, mixed mode, sharing, tiered, compressed oops, compressed class ptrs, g1 gc, linux-amd64)
Heap:
 garbage-first heap   total 73728K, used 48674K [0x0000000084c00000, 0x0000000100000000)
  region size 1024K, 17 young (17408K), 1 survivors (1024K)
 Metaspace       used 40622K, committed 41152K, reserved 1114112K
  class space    used 4965K, committed 5184K, reserved 1048576K
GC Heap History (14 events):
Event: 1.263 GC heap before
{Heap before GC invocations=0 (full 0):
 garbage-first heap   total 129024K, used 23581K [0x0000000084c00000, 0x0000000100000000)
  region size 1024K, 23 young (23552K), 0 survivors (0K)
 Metaspace       used 5986K, committed 6144K, reserved 1114112K
  class space    used 690K, committed 768K, reserved 1048576K
}
Event: 1.266 GC heap after
{Heap after GC invocations=1 (full 0):
 garbage-first heap   total 129024K, used 4245K [0x0000000084c00000, 0x0000000100000000)
  region size 1024K, 3 young (3072K), 3 survivors (3072K)
 Metaspace       used 5986K, committed 6144K, reserved 1114112K
  class space    used 690K, committed 768K, reserved 1048576K
}
Event: 3.462 GC heap before
{Heap before GC invocations=1 (full 0):
 garbage-first heap   total 129024K, used 53397K [0x0000000084c00000, 0x0000000100000000)
  region size 1024K, 51 young (52224K), 3 survivors (3072K)
 Metaspace       used 15561K, committed 15808K, reserved 1114112K
  class space    used 1816K, committed 1920K, reserved 1048576K
}
Event: 3.468 GC heap after
{Heap after GC invocations=2 (full 0):
 garbage-first heap   total 129024K, used 8341K [0x0000000084c00000, 0x0000000100000000)
  region size 1024K, 7 young (7168K), 7 survivors (7168K)
 Metaspace       used 15561K, committed 15808K, reserved 1114112K
  class space    used 1816K, committed 1920K, reserved 1048576K
}
Event: 3.975 GC heap before
{Heap before GC invocations=2 (full 0):
 garbage-first heap   total 129024K, used 76949K [0x0000000084c00000, 0x0000000100000000)
  region size 1024K, 74 young (75776K), 7 survivors (7168K)
 Metaspace       used 17611K, committed 17920K, reserved 1114112K
  class space    used 1973K, committed 2112K, reserved 1048576K
}
Event: 3.983 GC heap after
{Heap after GC invocations=3 (full 0):
 garbage-first heap   total 129024K, used 13633K [0x0000000084c00000, 0x0000000100000000)
  region size 1024K, 10 young (10240K), 10 survivors (10240K)
 Metaspace       used 17611K, committed 17920K, reserved 1114112K
  class space    used 1973K, committed 2112K, reserved 1048576K
}
Event: 4.111 GC heap before
{Heap before GC invocations=3 (full 0):
 garbage-first heap   total 129024K, used 28993K [0x0000000084c00000, 0x0000000100000000)
  region size 1024K, 26 young (26624K), 10 survivors (10240K)
 Metaspace       used 21191K, committed 21504K, reserved 1114112K
  class space    used 2428K, committed 2560K, reserved 1048576K
}
Event: 4.116 GC heap after
{Heap after GC invocations=4 (full 0):
 garbage-first heap   total 129024K, used 14786K [0x0000000084c00000, 0x0000000100000000)
  region size 1024K, 7 young (7168K), 7 survivors (7168K)
 Metaspace       used 21191K, committed 21504K, reserved 1114112K
  class space    used 2428K, committed 2560K, reserved 1048576K
}
Event: 4.577 GC heap before
{Heap before GC invocations=5 (full 0):
 garbage-first heap   total 58368K, used 56770K [0x0000000084c00000, 0x0000000100000000)
  region size 1024K, 47 young (48128K), 7 survivors (7168K)
 Metaspace       used 28449K, committed 28800K, reserved 1114112K
  class space    used 3170K, committed 3328K, reserved 1048576K
}
Event: 4.589 GC heap after
{Heap after GC invocations=6 (full 0):
 garbage-first heap   total 73728K, used 24514K [0x0000000084c00000, 0x0000000100000000)
  region size 1024K, 10 young (10240K), 10 survivors (10240K)
 Metaspace       used 28449K, committed 28800K, reserved 1114112K
  class space    used 3170K, committed 3328K, reserved 1048576K
}
Event: 5.111 GC heap before
{Heap before GC invocations=6 (full 0):
 garbage-first heap   total 73728K, used 54210K [0x0000000084c00000, 0x0000000100000000)
  region size 1024K, 41 young (41984K), 10 survivors (10240K)
 Metaspace       used 35761K, committed 36160K, reserved 1114112K
  class space    used 4277K, committed 4480K, reserved 1048576K
}
Event: 5.115 GC heap after
{Heap after GC invocations=7 (full 0):
 garbage-first heap   total 73728K, used 24051K [0x0000000084c00000, 0x0000000100000000)
  region size 1024K, 5 young (5120K), 5 survivors (5120K)
 Metaspace       used 35761K, committed 36160K, reserved 1114112K
  class space    used 4277K, committed 4480K, reserved 1048576K
}
Event: 5.124 GC heap before
{Heap before GC invocations=7 (full 0):
 garbage-first heap   total 73728K, used 24051K [0x0000000084c00000, 0x0000000100000000)
  region size 1024K, 6 young (6144K), 5 survivors (5120K)
 Metaspace       used 36078K, committed 36480K, reserved 1114112K
  class space    used 4312K, committed 4480K, reserved 1048576K
}
Event: 5.126 GC heap after
{Heap after GC invocations=8 (full 0):
 garbage-first heap   total 73728K, used 24098K [0x0000000084c00000, 0x0000000100000000)
  region size 1024K, 1 young (1024K), 1 survivors (1024K)
 Metaspace       used 36078K, committed 36480K, reserved 1114112K
  class space    used 4312K, committed 4480K, reserved 1048576K
}

