# JRE version: OpenJDK Runtime Environment (21.0.2+13) (build 21.0.2+13-Ubuntu-122.04.1)
# Java VM: OpenJDK 64-Bit Server VM (21.0.2+13-Ubuntu-122.04.1, mixed mode, sharing, tiered, compressed oops, compressed class ptrs, g1 gc, linux-amd64)
Heap:
 garbage-first heap   total 73728K, used 49882K [0x0000000084c00000, 0x0000000100000000)
  region size 1024K, 17 young (17408K), 1 survivors (1024K)
 Metaspace       used 40511K, committed 41024K, reserved 1114112K
  class space    used 4965K, committed 5184K, reserved 1048576K
GC Heap History (14 events):
Event: 1.349 GC heap before
{Heap before GC invocations=0 (full 0):
 garbage-first heap   total 129024K, used 23581K [0x0000000084c00000, 0x0000000100000000)
  region size 1024K, 23 young (23552K), 0 survivors (0K)
 Metaspace       used 5987K, committed 6144K, reserved 1114112K
  class space    used 690K, committed 768K, reserved 1048576K
}
Event: 1.352 GC heap after
{Heap after GC invocations=1 (full 0):
 garbage-first heap   total 129024K, used 4314K [0x0000000084c00000, 0x0000000100000000)
  region size 1024K, 3 young (3072K), 3 survivors (3072K)
 Metaspace       used 5987K, committed 6144K, reserved 1114112K
  class space    used 690K, committed 768K, reserved 1048576K
}
Event: 3.665 GC heap before
{Heap before GC invocations=1 (full 0):
 garbage-first heap   total 129024K, used 53466K [0x0000000084c00000, 0x0000000100000000)
  region size 1024K, 51 young (52224K), 3 survivors (3072K)
 Metaspace       used 15553K, committed 15808K, reserved 1114112K
  class space    used 1816K, committed 1920K, reserved 1048576K
}
Event: 3.671 GC heap after
{Heap after GC invocations=2 (full 0):
 garbage-first heap   total 129024K, used 8410K [0x0000000084c00000, 0x0000000100000000)
  region size 1024K, 7 young (7168K), 7 survivors (7168K)
 Metaspace       used 15553K, committed 15808K, reserved 1114112K
  class space    used 1816K, committed 1920K, reserved 1048576K
}
Event: 4.211 GC heap before
{Heap before GC invocations=2 (full 0):
 garbage-first heap   total 129024K, used 77018K [0x0000000084c00000, 0x0000000100000000)
  region size 1024K, 74 young (75776K), 7 survivors (7168K)
 Metaspace       used 17595K, committed 17920K, reserved 1114112K
  class space    used 1973K, committed 2112K, reserved 1048576K
}
Event: 4.218 GC heap after
{Heap after GC invocations=3 (full 0):
 garbage-first heap   total 129024K, used 13241K [0x0000000084c00000, 0x0000000100000000)
  region size 1024K, 9 young (9216K), 9 survivors (9216K)
 Metaspace       used 17595K, committed 17920K, reserved 1114112K
  class space    used 1973K, committed 2112K, reserved 1048576K
}
Event: 4.364 GC heap before
{Heap before GC invocations=3 (full 0):
 garbage-first heap   total 129024K, used 28601K [0x0000000084c00000, 0x0000000100000000)
  region size 1024K, 25 young (25600K), 9 survivors (9216K)
 Metaspace       used 21155K, committed 21504K, reserved 1114112K
  class space    used 2419K, committed 2560K, reserved 1048576K
}
Event: 4.369 GC heap after
{Heap after GC invocations=4 (full 0):
 garbage-first heap   total 129024K, used 14877K [0x0000000084c00000, 0x0000000100000000)
  region size 1024K, 7 young (7168K), 7 survivors (7168K)
 Metaspace       used 21155K, committed 21504K, reserved 1114112K
  class space    used 2419K, committed 2560K, reserved 1048576K
}
Event: 4.800 GC heap before
{Heap before GC invocations=5 (full 0):
 garbage-first heap   total 58368K, used 56861K [0x0000000084c00000, 0x0000000100000000)
  region size 1024K, 47 young (48128K), 7 survivors (7168K)
 Metaspace       used 28310K, committed 28672K, reserved 1114112K
  class space    used 3172K, committed 3328K, reserved 1048576K
}
Event: 4.809 GC heap after
{Heap after GC invocations=6 (full 0):
 garbage-first heap   total 73728K, used 24221K [0x0000000084c00000, 0x0000000100000000)
  region size 1024K, 10 young (10240K), 10 survivors (10240K)
 Metaspace       used 28310K, committed 28672K, reserved 1114112K
  class space    used 3172K, committed 3328K, reserved 1048576K
}
Event: 5.374 GC heap before
{Heap before GC invocations=6 (full 0):
 garbage-first heap   total 73728K, used 54941K [0x0000000084c00000, 0x0000000100000000)
  region size 1024K, 42 young (43008K), 10 survivors (10240K)
 Metaspace       used 35812K, committed 36288K, reserved 1114112K
  class space    used 4281K, committed 4480K, reserved 1048576K
}
Event: 5.378 GC heap after
{Heap after GC invocations=7 (full 0):
 garbage-first heap   total 73728K, used 23607K [0x0000000084c00000, 0x0000000100000000)
  region size 1024K, 4 young (4096K), 4 survivors (4096K)
 Metaspace       used 35812K, committed 36288K, reserved 1114112K
  class space    used 4281K, committed 4480K, reserved 1048576K
}
Event: 5.390 GC heap before
{Heap before GC invocations=7 (full 0):
 garbage-first heap   total 73728K, used 23607K [0x0000000084c00000, 0x0000000100000000)
  region size 1024K, 5 young (5120K), 4 survivors (4096K)
 Metaspace       used 36183K, committed 36608K, reserved 1114112K
  class space    used 4321K, committed 4480K, reserved 1048576K
}
Event: 5.391 GC heap after
{Heap after GC invocations=8 (full 0):
 garbage-first heap   total 73728K, used 24282K [0x0000000084c00000, 0x0000000100000000)
  region size 1024K, 1 young (1024K), 1 survivors (1024K)
 Metaspace       used 36183K, committed 36608K, reserved 1114112K
  class space    used 4321K, committed 4480K, reserved 1048576K
}

