# JRE version: OpenJDK Runtime Environment (21.0.2+13) (build 21.0.2+13-Ubuntu-122.04.1)
# Java VM: OpenJDK 64-Bit Server VM (21.0.2+13-Ubuntu-122.04.1, mixed mode, sharing, tiered, compressed oops, compressed class ptrs, g1 gc, linux-amd64)
Heap:
 garbage-first heap   total 74752K, used 47929K [0x0000000084c00000, 0x0000000100000000)
  region size 1024K, 16 young (16384K), 1 survivors (1024K)
 Metaspace       used 40539K, committed 41024K, reserved 1114112K
  class space    used 4960K, committed 5120K, reserved 1048576K
GC Heap History (14 events):
Event: 1.184 GC heap before
{Heap before GC invocations=0 (full 0):
 garbage-first heap   total 129024K, used 23581K [0x0000000084c00000, 0x0000000100000000)
  region size 1024K, 23 young (23552K), 0 survivors (0K)
 Metaspace       used 5986K, committed 6144K, reserved 1114112K
  class space    used 690K, committed 768K, reserved 1048576K
}
Event: 1.187 GC heap after
{Heap after GC invocations=1 (full 0):
 garbage-first heap   total 129024K, used 4195K [0x0000000084c00000, 0x0000000100000000)
  region size 1024K, 3 young (3072K), 3 survivors (3072K)
 Metaspace       used 5986K, committed 6144K, reserved 1114112K
  class space    used 690K, committed 768K, reserved 1048576K
}
Event: 3.315 GC heap before
{Heap before GC invocations=1 (full 0):
 garbage-first heap   total 129024K, used 53347K [0x0000000084c00000, 0x0000000100000000)
  region size 1024K, 51 young (52224K), 3 survivors (3072K)
 Metaspace       used 15472K, committed 15744K, reserved 1114112K
  class space    used 1801K, committed 1920K, reserved 1048576K
}
Event: 3.321 GC heap after
{Heap after GC invocations=2 (full 0):
 garbage-first heap   total 129024K, used 8291K [0x0000000084c00000, 0x0000000100000000)
  region size 1024K, 7 young (7168K), 7 survivors (7168K)
 Metaspace       used 15472K, committed 15744K, reserved 1114112K
  class space    used 1801K, committed 1920K, reserved 1048576K
}
Event: 3.872 GC heap before
{Heap before GC invocations=2 (full 0):
 garbage-first heap   total 129024K, used 76899K [0x0000000084c00000, 0x0000000100000000)
  region size 1024K, 74 young (75776K), 7 survivors (7168K)
 Metaspace       used 17610K, committed 17920K, reserved 1114112K
  class space    used 1973K, committed 2112K, reserved 1048576K
}
Event: 3.881 GC heap after
{Heap after GC invocations=3 (full 0):
 garbage-first heap   total 129024K, used 13277K [0x0000000084c00000, 0x0000000100000000)
  region size 1024K, 9 young (9216K), 9 survivors (9216K)
 Metaspace       used 17610K, committed 17920K, reserved 1114112K
  class space    used 1973K, committed 2112K, reserved 1048576K
}
Event: 4.023 GC heap before
{Heap before GC invocations=3 (full 0):
 garbage-first heap   total 129024K, used 28637K [0x0000000084c00000, 0x0000000100000000)
  region size 1024K, 25 young (25600K), 9 survivors (9216K)
 Metaspace       used 21201K, committed 21504K, reserved 1114112K
  class space    used 2428K, committed 2560K, reserved 1048576K
}
Event: 4.028 GC heap after
{Heap after GC invocations=4 (full 0):
 garbage-first heap   total 129024K, used 14618K [0x0000000084c00000, 0x0000000100000000)
  region size 1024K, 7 young (7168K), 7 survivors (7168K)
 Metaspace       used 21201K, committed 21504K, reserved 1114112K
  class space    used 2428K, committed 2560K, reserved 1048576K
}
Event: 4.480 GC heap before
{Heap before GC invocations=5 (full 0):
 garbage-first heap   total 58368K, used 56602K [0x0000000084c00000, 0x0000000100000000)
  region size 1024K, 47 young (48128K), 7 survivors (7168K)
 Metaspace       used 28366K, committed 28736K, reserved 1114112K
  class space    used 3172K, committed 3328K, reserved 1048576K
}
Event: 4.490 GC heap after
{Heap after GC invocations=6 (full 0):
 garbage-first heap   total 74752K, used 24347K [0x0000000084c00000, 0x0000000100000000)
  region size 1024K, 10 young (10240K), 10 survivors (10240K)
 Metaspace       used 28366K, committed 28736K, reserved 1114112K
  class space    used 3172K, committed 3328K, reserved 1048576K
}
Event: 5.016 GC heap before
{Heap before GC invocations=6 (full 0):
 garbage-first heap   total 74752K, used 55067K [0x0000000084c00000, 0x0000000100000000)
  region size 1024K, 42 young (43008K), 10 survivors (10240K)
 Metaspace       used 35821K, committed 36288K, reserved 1114112K
  class space    used 4281K, committed 4480K, reserved 1048576K
}
Event: 5.021 GC heap after
{Heap after GC invocations=7 (full 0):
 garbage-first heap   total 74752K, used 24145K [0x0000000084c00000, 0x0000000100000000)
  region size 1024K, 5 young (5120K), 5 survivors (5120K)
 Metaspace       used 35821K, committed 36288K, reserved 1114112K
  class space    used 4281K, committed 4480K, reserved 1048576K
}
Event: 5.031 GC heap before
{Heap before GC invocations=7 (full 0):
 garbage-first heap   total 74752K, used 24145K [0x0000000084c00000, 0x0000000100000000)
  region size 1024K, 6 young (6144K), 5 survivors (5120K)
 Metaspace       used 36196K, committed 36608K, reserved 1114112K
  class space    used 4321K, committed 4480K, reserved 1048576K
}
Event: 5.033 GC heap after
{Heap after GC invocations=8 (full 0):
 garbage-first heap   total 74752K, used 24377K [0x0000000084c00000, 0x0000000100000000)
  region size 1024K, 1 young (1024K), 1 survivors (1024K)
 Metaspace       used 36196K, committed 36608K, reserved 1114112K
  class space    used 4321K, committed 4480K, reserved 1048576K
}

