# JRE version: OpenJDK Runtime Environment (21.0.2+13) (build 21.0.2+13-Ubuntu-122.04.1)
# Java VM: OpenJDK 64-Bit Server VM (21.0.2+13-Ubuntu-122.04.1, mixed mode, sharing, tiered, compressed oops, compressed class ptrs, g1 gc, linux-amd64)
Heap:
 garbage-first heap   total 73728K, used 50690K [0x0000000084c00000, 0x0000000100000000)
  region size 1024K, 18 young (18432K), 1 survivors (1024K)
 Metaspace       used 40417K, committed 40896K, reserved 1114112K
  class space    used 4853K, committed 5056K, reserved 1048576K
GC Heap History (14 events):
Event: 1.164 GC heap before
{Heap before GC invocations=0 (full 0):
 garbage-first heap   total 129024K, used 23581K [0x0000000084c00000, 0x0000000100000000)
  region size 1024K, 23 young (23552K), 0 survivors (0K)
 Metaspace       used 5987K, committed 6144K, reserved 1114112K
  class space    used 690K, committed 768K, reserved 1048576K
}
Event: 1.166 GC heap after
{Heap after GC invocations=1 (full 0):
 garbage-first heap   total 129024K, used 4299K [0x0000000084c00000, 0x0000000100000000)
  region size 1024K, 3 young (3072K), 3 survivors (3072K)
 Metaspace       used 5987K, committed 6144K, reserved 1114112K
  class space    used 690K, committed 768K, reserved 1048576K
}
Event: 3.397 GC heap before
{Heap before GC invocations=1 (full 0):
 garbage-first heap   total 129024K, used 53451K [0x0000000084c00000, 0x0000000100000000)
  region size 1024K, 51 young (52224K), 3 survivors (3072K)
 Metaspace       used 15454K, committed 15744K, reserved 1114112K
  class space    used 1800K, committed 1920K, reserved 1048576K
}
Event: 3.403 GC heap after
{Heap after GC invocations=2 (full 0):
 garbage-first heap   total 129024K, used 8395K [0x0000000084c00000, 0x0000000100000000)
  region size 1024K, 7 young (7168K), 7 survivors (7168K)
 Metaspace       used 15454K, committed 15744K, reserved 1114112K
  class space    used 1800K, committed 1920K, reserved 1048576K
}
Event: 3.951 GC heap before
{Heap before GC invocations=2 (full 0):
 garbage-first heap   total 129024K, used 77003K [0x0000000084c00000, 0x0000000100000000)
  region size 1024K, 74 young (75776K), 7 survivors (7168K)
 Metaspace       used 17607K, committed 17920K, reserved 1114112K
  class space    used 1973K, committed 2112K, reserved 1048576K
}
Event: 3.959 GC heap after
{Heap after GC invocations=3 (full 0):
 garbage-first heap   total 129024K, used 13260K [0x0000000084c00000, 0x0000000100000000)
  region size 1024K, 9 young (9216K), 9 survivors (9216K)
 Metaspace       used 17607K, committed 17920K, reserved 1114112K
  class space    used 1973K, committed 2112K, reserved 1048576K
}
Event: 4.112 GC heap before
{Heap before GC invocations=3 (full 0):
 garbage-first heap   total 129024K, used 29644K [0x0000000084c00000, 0x0000000100000000)
  region size 1024K, 26 young (26624K), 9 survivors (9216K)
 Metaspace       used 21189K, committed 21504K, reserved 1114112K
  class space    used 2427K, committed 2560K, reserved 1048576K
}
Event: 4.117 GC heap after
{Heap after GC invocations=4 (full 0):
 garbage-first heap   total 129024K, used 15243K [0x0000000084c00000, 0x0000000100000000)
  region size 1024K, 7 young (7168K), 7 survivors (7168K)
 Metaspace       used 21189K, committed 21504K, reserved 1114112K
  class space    used 2427K, committed 2560K, reserved 1048576K
}
Event: 4.514 GC heap before
{Heap before GC invocations=5 (full 0):
 garbage-first heap   total 58368K, used 57227K [0x0000000084c00000, 0x0000000100000000)
  region size 1024K, 47 young (48128K), 7 survivors (7168K)
 Metaspace       used 28137K, committed 28544K, reserved 1114112K
  class space    used 3148K, committed 3328K, reserved 1048576K
}
Event: 4.525 GC heap after
{Heap after GC invocations=6 (full 0):
 garbage-first heap   total 73728K, used 24459K [0x0000000084c00000, 0x0000000100000000)
  region size 1024K, 10 young (10240K), 10 survivors (10240K)
 Metaspace       used 28137K, committed 28544K, reserved 1114112K
  class space    used 3148K, committed 3328K, reserved 1048576K
}
Event: 5.067 GC heap before
{Heap before GC invocations=6 (full 0):
 garbage-first heap   total 73728K, used 56203K [0x0000000084c00000, 0x0000000100000000)
  region size 1024K, 42 young (43008K), 10 survivors (10240K)
 Metaspace       used 35171K, committed 35648K, reserved 1114112K
  class space    used 4159K, committed 4352K, reserved 1048576K
}
Event: 5.072 GC heap after
{Heap after GC invocations=7 (full 0):
 garbage-first heap   total 73728K, used 23378K [0x0000000084c00000, 0x0000000100000000)
  region size 1024K, 4 young (4096K), 4 survivors (4096K)
 Metaspace       used 35171K, committed 35648K, reserved 1114112K
  class space    used 4159K, committed 4352K, reserved 1048576K
}
Event: 5.106 GC heap before
{Heap before GC invocations=7 (full 0):
 garbage-first heap   total 73728K, used 24402K [0x0000000084c00000, 0x0000000100000000)
  region size 1024K, 6 young (6144K), 4 survivors (4096K)
 Metaspace       used 35770K, committed 36160K, reserved 1114112K
  class space    used 4254K, committed 4416K, reserved 1048576K
}
Event: 5.108 GC heap after
{Heap after GC invocations=8 (full 0):
 garbage-first heap   total 73728K, used 24066K [0x0000000084c00000, 0x0000000100000000)
  region size 1024K, 1 young (1024K), 1 survivors (1024K)
 Metaspace       used 35770K, committed 36160K, reserved 1114112K
  class space    used 4254K, committed 4416K, reserved 1048576K
}

