# JRE version: OpenJDK Runtime Environment (21.0.2+13) (build 21.0.2+13-Ubuntu-122.04.1)
# Java VM: OpenJDK 64-Bit Server VM (21.0.2+13-Ubuntu-122.04.1, mixed mode, sharing, tiered, compressed oops, compressed class ptrs, g1 gc, linux-amd64)
Heap:
 garbage-first heap   total 76800K, used 49118K [0x0000000084c00000, 0x0000000100000000)
  region size 1024K, 17 young (17408K), 1 survivors (1024K)
 Metaspace       used 40413K, committed 40896K, reserved 1114112K
  class space    used 4859K, committed 5056K, reserved 1048576K
GC Heap History (14 events):
Event: 1.237 GC heap before
{Heap before GC invocations=0 (full 0):
 garbage-first heap   total 129024K, used 23581K [0x0000000084c00000, 0x0000000100000000)
  region size 1024K, 23 young (23552K), 0 survivors (0K)
 Metaspace       used 5984K, committed 6144K, reserved 1114112K
  class space    used 690K, committed 768K, reserved 1048576K
}
Event: 1.239 GC heap after
{Heap after GC invocations=1 (full 0):
 garbage-first heap   total 129024K, used 4229K [0x0000000084c00000, 0x0000000100000000)
  region size 1024K, 3 young (3072K), 3 survivors (3072K)
 Metaspace       used 5984K, committed 6144K, reserved 1114112K
  class space    used 690K, committed 768K, reserved 1048576K
}
Event: 3.431 GC heap before
{Heap before GC invocations=1 (full 0):
 garbage-first heap   total 129024K, used 53381K [0x0000000084c00000, 0x0000000100000000)
  region size 1024K, 51 young (52224K), 3 survivors (3072K)
 Metaspace       used 15516K, committed 15808K, reserved 1114112K
  class space    used 1806K, committed 1920K, reserved 1048576K
}
Event: 3.437 GC heap after
{Heap after GC invocations=2 (full 0):
 garbage-first heap   total 129024K, used 8325K [0x0000000084c00000, 0x0000000100000000)
  region size 1024K, 7 young (7168K), 7 survivors (7168K)
 Metaspace       used 15516K, committed 15808K, reserved 1114112K
  class space    used 1806K, committed 1920K, reserved 1048576K
}
Event: 3.950 GC heap before
{Heap before GC invocations=2 (full 0):
 garbage-first heap   total 129024K, used 76933K [0x0000000084c00000, 0x0000000100000000)
  region size 1024K, 74 young (75776K), 7 survivors (7168K)
 Metaspace       used 17619K, committed 17920K, reserved 1114112K
  class space    used 1973K, committed 2112K, reserved 1048576K
}
Event: 3.958 GC heap after
{Heap after GC invocations=3 (full 0):
 garbage-first heap   total 129024K, used 13890K [0x0000000084c00000, 0x0000000100000000)
  region size 1024K, 10 young (10240K), 10 survivors (10240K)
 Metaspace       used 17619K, committed 17920K, reserved 1114112K
  class space    used 1973K, committed 2112K, reserved 1048576K
}
Event: 4.092 GC heap before
{Heap before GC invocations=3 (full 0):
 garbage-first heap   total 129024K, used 29250K [0x0000000084c00000, 0x0000000100000000)
  region size 1024K, 26 young (26624K), 10 survivors (10240K)
 Metaspace       used 21192K, committed 21504K, reserved 1114112K
  class space    used 2427K, committed 2560K, reserved 1048576K
}
Event: 4.097 GC heap after
{Heap after GC invocations=4 (full 0):
 garbage-first heap   total 129024K, used 15572K [0x0000000084c00000, 0x0000000100000000)
  region size 1024K, 7 young (7168K), 7 survivors (7168K)
 Metaspace       used 21192K, committed 21504K, reserved 1114112K
  class space    used 2427K, committed 2560K, reserved 1048576K
}
Event: 4.570 GC heap before
{Heap before GC invocations=5 (full 0):
 garbage-first heap   total 61440K, used 59604K [0x0000000084c00000, 0x0000000100000000)
  region size 1024K, 49 young (50176K), 7 survivors (7168K)
 Metaspace       used 28480K, committed 28800K, reserved 1114112K
  class space    used 3169K, committed 3328K, reserved 1048576K
}
Event: 4.580 GC heap after
{Heap after GC invocations=6 (full 0):
 garbage-first heap   total 76800K, used 24788K [0x0000000084c00000, 0x0000000100000000)
  region size 1024K, 10 young (10240K), 10 survivors (10240K)
 Metaspace       used 28480K, committed 28800K, reserved 1114112K
  class space    used 3169K, committed 3328K, reserved 1048576K
}
Event: 5.074 GC heap before
{Heap before GC invocations=6 (full 0):
 garbage-first heap   total 76800K, used 55508K [0x0000000084c00000, 0x0000000100000000)
  region size 1024K, 42 young (43008K), 10 survivors (10240K)
 Metaspace       used 35768K, committed 36160K, reserved 1114112K
  class space    used 4254K, committed 4416K, reserved 1048576K
}
Event: 5.078 GC heap after
{Heap after GC invocations=7 (full 0):
 garbage-first heap   total 76800K, used 24332K [0x0000000084c00000, 0x0000000100000000)
  region size 1024K, 5 young (5120K), 5 survivors (5120K)
 Metaspace       used 35768K, committed 36160K, reserved 1114112K
  class space    used 4254K, committed 4416K, reserved 1048576K
}
Event: 5.089 GC heap before
{Heap before GC invocations=7 (full 0):
 garbage-first heap   total 76800K, used 24332K [0x0000000084c00000, 0x0000000100000000)
  region size 1024K, 6 young (6144K), 5 survivors (5120K)
 Metaspace       used 36078K, committed 36480K, reserved 1114112K
  class space    used 4293K, committed 4480K, reserved 1048576K
}
Event: 5.091 GC heap after
{Heap after GC invocations=8 (full 0):
 garbage-first heap   total 76800K, used 24542K [0x0000000084c00000, 0x0000000100000000)
  region size 1024K, 1 young (1024K), 1 survivors (1024K)
 Metaspace       used 36078K, committed 36480K, reserved 1114112K
  class space    used 4293K, committed 4480K, reserved 1048576K
}

