# JRE version: OpenJDK Runtime Environment (21.0.2+13) (build 21.0.2+13-Ubuntu-122.04.1)
# Java VM: OpenJDK 64-Bit Server VM (21.0.2+13-Ubuntu-122.04.1, mixed mode, sharing, tiered, compressed oops, compressed class ptrs, g1 gc, linux-amd64)
Heap:
 garbage-first heap   total 73728K, used 49978K [0x0000000084c00000, 0x0000000100000000)
  region size 1024K, 18 young (18432K), 1 survivors (1024K)
 Metaspace       used 40710K, committed 41280K, reserved 1114112K
  class space    used 4971K, committed 5248K, reserved 1048576K
GC Heap History (14 events):
Event: 1.264 GC heap before
{Heap before GC invocations=0 (full 0):
 garbage-first heap   total 129024K, used 23581K [0x0000000084c00000, 0x0000000100000000)
  region size 1024K, 23 young (23552K), 0 survivors (0K)
 Metaspace       used 5986K, committed 6144K, reserved 1114112K
  class space    used 690K, committed 768K, reserved 1048576K
}
Event: 1.266 GC heap after
{Heap after GC invocations=1 (full 0):
 garbage-first heap   total 129024K, used 4229K [0x0000000084c00000, 0x0000000100000000)
  region size 1024K, 3 young (3072K), 3 survivors (3072K)
 Metaspace       used 5986K, committed 6144K, reserved 1114112K
  class space    used 690K, committed 768K, reserved 1048576K
}
Event: 3.297 GC heap before
{Heap before GC invocations=1 (full 0):
 garbage-first heap   total 129024K, used 53381K [0x0000000084c00000, 0x0000000100000000)
  region size 1024K, 51 young (52224K), 3 survivors (3072K)
 Metaspace       used 15518K, committed 15808K, reserved 1114112K
  class space    used 1806K, committed 1920K, reserved 1048576K
}
Event: 3.303 GC heap after
{Heap after GC invocations=2 (full 0):
 garbage-first heap   total 129024K, used 8325K [0x0000000084c00000, 0x0000000100000000)
  region size 1024K, 7 young (7168K), 7 survivors (7168K)
 Metaspace       used 15518K, committed 15808K, reserved 1114112K
  class space    used 1806K, committed 1920K, reserved 1048576K
}
Event: 3.859 GC heap before
{Heap before GC invocations=2 (full 0):
 garbage-first heap   total 129024K, used 76933K [0x0000000084c00000, 0x0000000100000000)
  region size 1024K, 74 young (75776K), 7 survivors (7168K)
 Metaspace       used 17613K, committed 17920K, reserved 1114112K
  class space    used 1973K, committed 2112K, reserved 1048576K
}
Event: 3.868 GC heap after
{Heap after GC invocations=3 (full 0):
 garbage-first heap   total 129024K, used 13309K [0x0000000084c00000, 0x0000000100000000)
  region size 1024K, 9 young (9216K), 9 survivors (9216K)
 Metaspace       used 17613K, committed 17920K, reserved 1114112K
  class space    used 1973K, committed 2112K, reserved 1048576K
}
Event: 4.027 GC heap before
{Heap before GC invocations=3 (full 0):
 garbage-first heap   total 129024K, used 28669K [0x0000000084c00000, 0x0000000100000000)
  region size 1024K, 25 young (25600K), 9 survivors (9216K)
 Metaspace       used 21208K, committed 21504K, reserved 1114112K
  class space    used 2428K, committed 2560K, reserved 1048576K
}
Event: 4.033 GC heap after
{Heap after GC invocations=4 (full 0):
 garbage-first heap   total 129024K, used 15133K [0x0000000084c00000, 0x0000000100000000)
  region size 1024K, 7 young (7168K), 7 survivors (7168K)
 Metaspace       used 21208K, committed 21504K, reserved 1114112K
  class space    used 2428K, committed 2560K, reserved 1048576K
}
Event: 4.566 GC heap before
{Heap before GC invocations=5 (full 0):
 garbage-first heap   total 58368K, used 57117K [0x0000000084c00000, 0x0000000100000000)
  region size 1024K, 47 young (48128K), 7 survivors (7168K)
 Metaspace       used 28479K, committed 28864K, reserved 1114112K
  class space    used 3169K, committed 3328K, reserved 1048576K
}
Event: 4.578 GC heap after
{Heap after GC invocations=6 (full 0):
 garbage-first heap   total 73728K, used 24605K [0x0000000084c00000, 0x0000000100000000)
  region size 1024K, 10 young (10240K), 10 survivors (10240K)
 Metaspace       used 28479K, committed 28864K, reserved 1114112K
  class space    used 3169K, committed 3328K, reserved 1048576K
}
Event: 5.135 GC heap before
{Heap before GC invocations=6 (full 0):
 garbage-first heap   total 73728K, used 55325K [0x0000000084c00000, 0x0000000100000000)
  region size 1024K, 42 young (43008K), 10 survivors (10240K)
 Metaspace       used 35755K, committed 36160K, reserved 1114112K
  class space    used 4269K, committed 4416K, reserved 1048576K
}
Event: 5.139 GC heap after
{Heap after GC invocations=7 (full 0):
 garbage-first heap   total 73728K, used 24061K [0x0000000084c00000, 0x0000000100000000)
  region size 1024K, 5 young (5120K), 5 survivors (5120K)
 Metaspace       used 35755K, committed 36160K, reserved 1114112K
  class space    used 4269K, committed 4416K, reserved 1048576K
}
Event: 5.147 GC heap before
{Heap before GC invocations=7 (full 0):
 garbage-first heap   total 73728K, used 24061K [0x0000000084c00000, 0x0000000100000000)
  region size 1024K, 6 young (6144K), 5 survivors (5120K)
 Metaspace       used 36048K, committed 36480K, reserved 1114112K
  class space    used 4303K, committed 4480K, reserved 1048576K
}
Event: 5.149 GC heap after
{Heap after GC invocations=8 (full 0):
 garbage-first heap   total 73728K, used 24378K [0x0000000084c00000, 0x0000000100000000)
  region size 1024K, 1 young (1024K), 1 survivors (1024K)
 Metaspace       used 36048K, committed 36480K, reserved 1114112K
  class space    used 4303K, committed 4480K, reserved 1048576K
}

