# JRE version: OpenJDK Runtime Environment (21.0.2+13) (build 21.0.2+13-Ubuntu-122.04.1)
# Java VM: OpenJDK 64-Bit Server VM (21.0.2+13-Ubuntu-122.04.1, mixed mode, sharing, tiered, compressed oops, compressed class ptrs, g1 gc, linux-amd64)
Heap:
 garbage-first heap   total 73728K, used 51015K [0x0000000084c00000, 0x0000000100000000)
  region size 1024K, 19 young (19456K), 1 survivors (1024K)
 Metaspace       used 40512K, committed 40960K, reserved 1114112K
  class space    used 4863K, committed 5056K, reserved 1048576K
GC Heap History (14 events):
Event: 1.257 GC heap before
{Heap before GC invocations=0 (full 0):
 garbage-first heap   total 129024K, used 23581K [0x0000000084c00000, 0x0000000100000000)
  region size 1024K, 23 young (23552K), 0 survivors (0K)
 Metaspace       used 5986K, committed 6144K, reserved 1114112K
  class space    used 690K, committed 768K, reserved 1048576K
}
Event: 1.260 GC heap after
{Heap after GC invocations=1 (full 0):
 garbage-first heap   total 129024K, used 4229K [0x0000000084c00000, 0x0000000100000000)
  region size 1024K, 3 young (3072K), 3 survivors (3072K)
 Metaspace       used 5986K, committed 6144K, reserved 1114112K
  class space    used 690K, committed 768K, reserved 1048576K
}
Event: 3.310 GC heap before
{Heap before GC invocations=1 (full 0):
 garbage-first heap   total 129024K, used 53381K [0x0000000084c00000, 0x0000000100000000)
  region size 1024K, 51 young (52224K), 3 survivors (3072K)
 Metaspace       used 15494K, committed 15744K, reserved 1114112K
  class space    used 1802K, committed 1920K, reserved 1048576K
}
Event: 3.317 GC heap after
{Heap after GC invocations=2 (full 0):
 garbage-first heap   total 129024K, used 8325K [0x0000000084c00000, 0x0000000100000000)
  region size 1024K, 7 young (7168K), 7 survivors (7168K)
 Metaspace       used 15494K, committed 15744K, reserved 1114112K
  class space    used 1802K, committed 1920K, reserved 1048576K
}
Event: 3.837 GC heap before
{Heap before GC invocations=2 (full 0):
 garbage-first heap   total 129024K, used 76933K [0x0000000084c00000, 0x0000000100000000)
  region size 1024K, 74 young (75776K), 7 survivors (7168K)
 Metaspace       used 17609K, committed 17920K, reserved 1114112K
  class space    used 1973K, committed 2112K, reserved 1048576K
}
Event: 3.846 GC heap after
{Heap after GC invocations=3 (full 0):
 garbage-first heap   total 129024K, used 13261K [0x0000000084c00000, 0x0000000100000000)
  region size 1024K, 9 young (9216K), 9 survivors (9216K)
 Metaspace       used 17609K, committed 17920K, reserved 1114112K
  class space    used 1973K, committed 2112K, reserved 1048576K
}
Event: 3.982 GC heap before
{Heap before GC invocations=3 (full 0):
 garbage-first heap   total 129024K, used 28621K [0x0000000084c00000, 0x0000000100000000)
  region size 1024K, 25 young (25600K), 9 survivors (9216K)
 Metaspace       used 21177K, committed 21504K, reserved 1114112K
  class space    used 2423K, committed 2560K, reserved 1048576K
}
Event: 3.988 GC heap after
{Heap after GC invocations=4 (full 0):
 garbage-first heap   total 129024K, used 14877K [0x0000000084c00000, 0x0000000100000000)
  region size 1024K, 7 young (7168K), 7 survivors (7168K)
 Metaspace       used 21177K, committed 21504K, reserved 1114112K
  class space    used 2423K, committed 2560K, reserved 1048576K
}
Event: 4.489 GC heap before
{Heap before GC invocations=5 (full 0):
 garbage-first heap   total 58368K, used 56861K [0x0000000084c00000, 0x0000000100000000)
  region size 1024K, 47 young (48128K), 7 survivors (7168K)
 Metaspace       used 28360K, committed 28736K, reserved 1114112K
  class space    used 3172K, committed 3328K, reserved 1048576K
}
Event: 4.500 GC heap after
{Heap after GC invocations=6 (full 0):
 garbage-first heap   total 73728K, used 24605K [0x0000000084c00000, 0x0000000100000000)
  region size 1024K, 10 young (10240K), 10 survivors (10240K)
 Metaspace       used 28360K, committed 28736K, reserved 1114112K
  class space    used 3172K, committed 3328K, reserved 1048576K
}
Event: 5.055 GC heap before
{Heap before GC invocations=6 (full 0):
 garbage-first heap   total 73728K, used 56349K [0x0000000084c00000, 0x0000000100000000)
  region size 1024K, 42 young (43008K), 10 survivors (10240K)
 Metaspace       used 35489K, committed 35904K, reserved 1114112K
  class space    used 4220K, committed 4416K, reserved 1048576K
}
Event: 5.059 GC heap after
{Heap after GC invocations=7 (full 0):
 garbage-first heap   total 73728K, used 23890K [0x0000000084c00000, 0x0000000100000000)
  region size 1024K, 5 young (5120K), 5 survivors (5120K)
 Metaspace       used 35489K, committed 35904K, reserved 1114112K
  class space    used 4220K, committed 4416K, reserved 1048576K
}
Event: 5.088 GC heap before
{Heap before GC invocations=7 (full 0):
 garbage-first heap   total 73728K, used 24914K [0x0000000084c00000, 0x0000000100000000)
  region size 1024K, 7 young (7168K), 5 survivors (5120K)
 Metaspace       used 35873K, committed 36288K, reserved 1114112K
  class space    used 4264K, committed 4480K, reserved 1048576K
}
Event: 5.091 GC heap after
{Heap after GC invocations=8 (full 0):
 garbage-first heap   total 73728K, used 24391K [0x0000000084c00000, 0x0000000100000000)
  region size 1024K, 1 young (1024K), 1 survivors (1024K)
 Metaspace       used 35873K, committed 36288K, reserved 1114112K
  class space    used 4264K, committed 4480K, reserved 1048576K
}

