# JRE version: OpenJDK Runtime Environment (21.0.2+13) (build 21.0.2+13-Ubuntu-122.04.1)
# Java VM: OpenJDK 64-Bit Server VM (21.0.2+13-Ubuntu-122.04.1, mixed mode, sharing, tiered, compressed oops, compressed class ptrs, g1 gc, linux-amd64)
Heap:
 garbage-first heap   total 73728K, used 50021K [0x0000000084c00000, 0x0000000100000000)
  region size 1024K, 17 young (17408K), 1 survivors (1024K)
 Metaspace       used 40611K, committed 41088K, reserved 1114112K
  class space    used 4966K, committed 5184K, reserved 1048576K
GC Heap History (14 events):
Event: 1.295 GC heap before
{Heap before GC invocations=0 (full 0):
 garbage-first heap   total 129024K, used 23581K [0x0000000084c00000, 0x0000000100000000)
  region size 1024K, 23 young (23552K), 0 survivors (0K)
 Metaspace       used 5986K, committed 6144K, reserved 1114112K
  class space    used 690K, committed 768K, reserved 1048576K
}
Event: 1.298 GC heap after
{Heap after GC invocations=1 (full 0):
 garbage-first heap   total 129024K, used 4245K [0x0000000084c00000, 0x0000000100000000)
  region size 1024K, 3 young (3072K), 3 survivors (3072K)
 Metaspace       used 5986K, committed 6144K, reserved 1114112K
  class space    used 690K, committed 768K, reserved 1048576K
}
Event: 3.428 GC heap before
{Heap before GC invocations=1 (full 0):
 garbage-first heap   total 129024K, used 53397K [0x0000000084c00000, 0x0000000100000000)
  region size 1024K, 51 young (52224K), 3 survivors (3072K)
 Metaspace       used 15513K, committed 15744K, reserved 1114112K
  class space    used 1807K, committed 1920K, reserved 1048576K
}
Event: 3.434 GC heap after
{Heap after GC invocations=2 (full 0):
 garbage-first heap   total 129024K, used 8341K [0x0000000084c00000, 0x0000000100000000)
  region size 1024K, 7 young (7168K), 7 survivors (7168K)
 Metaspace       used 15513K, committed 15744K, reserved 1114112K
  class space    used 1807K, committed 1920K, reserved 1048576K
}
Event: 3.951 GC heap before
{Heap before GC invocations=2 (full 0):
 garbage-first heap   total 129024K, used 76949K [0x0000000084c00000, 0x0000000100000000)
  region size 1024K, 74 young (75776K), 7 survivors (7168K)
 Metaspace       used 17619K, committed 17920K, reserved 1114112K
  class space    used 1973K, committed 2112K, reserved 1048576K
}
Event: 3.959 GC heap after
{Heap after GC invocations=3 (full 0):
 garbage-first heap   total 129024K, used 13309K [0x0000000084c00000, 0x0000000100000000)
  region size 1024K, 9 young (9216K), 9 survivors (9216K)
 Metaspace       used 17619K, committed 17920K, reserved 1114112K
  class space    used 1973K, committed 2112K, reserved 1048576K
}
Event: 4.097 GC heap before
{Heap before GC invocations=3 (full 0):
 garbage-first heap   total 129024K, used 29693K [0x0000000084c00000, 0x0000000100000000)
  region size 1024K, 26 young (26624K), 9 survivors (9216K)
 Metaspace       used 21188K, committed 21504K, reserved 1114112K
  class space    used 2427K, committed 2560K, reserved 1048576K
}
Event: 4.102 GC heap after
{Heap after GC invocations=4 (full 0):
 garbage-first heap   total 129024K, used 15389K [0x0000000084c00000, 0x0000000100000000)
  region size 1024K, 7 young (7168K), 7 survivors (7168K)
 Metaspace       used 21188K, committed 21504K, reserved 1114112K
  class space    used 2427K, committed 2560K, reserved 1048576K
}
Event: 4.586 GC heap before
{Heap before GC invocations=5 (full 0):
 garbage-first heap   total 58368K, used 57373K [0x0000000084c00000, 0x0000000100000000)
  region size 1024K, 47 young (48128K), 7 survivors (7168K)
 Metaspace       used 28477K, committed 28800K, reserved 1114112K
  class space    used 3173K, committed 3328K, reserved 1048576K
}
Event: 4.597 GC heap after
{Heap after GC invocations=6 (full 0):
 garbage-first heap   total 73728K, used 24605K [0x0000000084c00000, 0x0000000100000000)
  region size 1024K, 10 young (10240K), 10 survivors (10240K)
 Metaspace       used 28477K, committed 28800K, reserved 1114112K
  class space    used 3173K, committed 3328K, reserved 1048576K
}
Event: 5.136 GC heap before
{Heap before GC invocations=6 (full 0):
 garbage-first heap   total 73728K, used 54301K [0x0000000084c00000, 0x0000000100000000)
  region size 1024K, 41 young (41984K), 10 survivors (10240K)
 Metaspace       used 35766K, committed 36160K, reserved 1114112K
  class space    used 4281K, committed 4480K, reserved 1048576K
}
Event: 5.141 GC heap after
{Heap after GC invocations=7 (full 0):
 garbage-first heap   total 73728K, used 24419K [0x0000000084c00000, 0x0000000100000000)
  region size 1024K, 5 young (5120K), 5 survivors (5120K)
 Metaspace       used 35766K, committed 36160K, reserved 1114112K
  class space    used 4281K, committed 4480K, reserved 1048576K
}
Event: 5.152 GC heap before
{Heap before GC invocations=7 (full 0):
 garbage-first heap   total 73728K, used 24419K [0x0000000084c00000, 0x0000000100000000)
  region size 1024K, 6 young (6144K), 5 survivors (5120K)
 Metaspace       used 36089K, committed 36480K, reserved 1114112K
  class space    used 4317K, committed 4480K, reserved 1048576K
}
Event: 5.154 GC heap after
{Heap after GC invocations=8 (full 0):
 garbage-first heap   total 73728K, used 24421K [0x0000000084c00000, 0x0000000100000000)
  region size 1024K, 1 young (1024K), 1 survivors (1024K)
 Metaspace       used 36089K, committed 36480K, reserved 1114112K
  class space    used 4317K, committed 4480K, reserved 1048576K
}

