# JRE version: OpenJDK Runtime Environment (21.0.2+13) (build 21.0.2+13-Ubuntu-122.04.1)
# Java VM: OpenJDK 64-Bit Server VM (21.0.2+13-Ubuntu-122.04.1, mixed mode, sharing, tiered, compressed oops, compressed class ptrs, g1 gc, linux-amd64)
Heap:
 garbage-first heap   total 74752K, used 51336K [0x0000000084c00000, 0x0000000100000000)
  region size 1024K, 18 young (18432K), 1 survivors (1024K)
 Metaspace       used 40517K, committed 41024K, reserved 1114112K
  class space    used 4956K, committed 5184K, reserved 1048576K
GC Heap History (14 events):
Event: 1.202 GC heap before
{Heap before GC invocations=0 (full 0):
 garbage-first heap   total 129024K, used 23581K [0x0000000084c00000, 0x0000000100000000)
  region size 1024K, 23 young (23552K), 0 survivors (0K)
 Metaspace       used 5985K, committed 6144K, reserved 1114112K
  class space    used 690K, committed 768K, reserved 1048576K
}
Event: 1.205 GC heap after
{Heap after GC invocations=1 (full 0):
 garbage-first heap   total 129024K, used 4195K [0x0000000084c00000, 0x0000000100000000)
  region size 1024K, 3 young (3072K), 3 survivors (3072K)
 Metaspace       used 5985K, committed 6144K, reserved 1114112K
  class space    used 690K, committed 768K, reserved 1048576K
}
Event: 3.162 GC heap before
{Heap before GC invocations=1 (full 0):
 garbage-first heap   total 129024K, used 53347K [0x0000000084c00000, 0x0000000100000000)
  region size 1024K, 51 young (52224K), 3 survivors (3072K)
 Metaspace       used 15485K, committed 15744K, reserved 1114112K
  class space    used 1802K, committed 1920K, reserved 1048576K
}
Event: 3.168 GC heap after
{Heap after GC invocations=2 (full 0):
 garbage-first heap   total 129024K, used 8291K [0x0000000084c00000, 0x0000000100000000)
  region size 1024K, 7 young (7168K), 7 survivors (7168K)
 Metaspace       used 15485K, committed 15744K, reserved 1114112K
  class space    used 1802K, committed 1920K, reserved 1048576K
}
Event: 3.709 GC heap before
{Heap before GC invocations=2 (full 0):
 garbage-first heap   total 129024K, used 76899K [0x0000000084c00000, 0x0000000100000000)
  region size 1024K, 74 young (75776K), 7 survivors (7168K)
 Metaspace       used 17602K, committed 17920K, reserved 1114112K
  class space    used 1973K, committed 2112K, reserved 1048576K
}
Event: 3.716 GC heap after
{Heap after GC invocations=3 (full 0):
 garbage-first heap   total 129024K, used 13285K [0x0000000084c00000, 0x0000000100000000)
  region size 1024K, 9 young (9216K), 9 survivors (9216K)
 Metaspace       used 17602K, committed 17920K, reserved 1114112K
  class space    used 1973K, committed 2112K, reserved 1048576K
}
Event: 3.886 GC heap before
{Heap before GC invocations=3 (full 0):
 garbage-first heap   total 129024K, used 29669K [0x0000000084c00000, 0x0000000100000000)
  region size 1024K, 26 young (26624K), 9 survivors (9216K)
 Metaspace       used 21162K, committed 21504K, reserved 1114112K
  class space    used 2413K, committed 2560K, reserved 1048576K
}
Event: 3.892 GC heap after
{Heap after GC invocations=4 (full 0):
 garbage-first heap   total 129024K, used 15232K [0x0000000084c00000, 0x0000000100000000)
  region size 1024K, 7 young (7168K), 7 survivors (7168K)
 Metaspace       used 21162K, committed 21504K, reserved 1114112K
  class space    used 2413K, committed 2560K, reserved 1048576K
}
Event: 4.417 GC heap before
{Heap before GC invocations=5 (full 0):
 garbage-first heap   total 58368K, used 57216K [0x0000000084c00000, 0x0000000100000000)
  region size 1024K, 47 young (48128K), 7 survivors (7168K)
 Metaspace       used 28415K, committed 28800K, reserved 1114112K
  class space    used 3168K, committed 3328K, reserved 1048576K
}
Event: 4.431 GC heap after
{Heap after GC invocations=6 (full 0):
 garbage-first heap   total 74752K, used 24770K [0x0000000084c00000, 0x0000000100000000)
  region size 1024K, 10 young (10240K), 10 survivors (10240K)
 Metaspace       used 28415K, committed 28800K, reserved 1114112K
  class space    used 3168K, committed 3328K, reserved 1048576K
}
Event: 4.999 GC heap before
{Heap before GC invocations=6 (full 0):
 garbage-first heap   total 74752K, used 56514K [0x0000000084c00000, 0x0000000100000000)
  region size 1024K, 42 young (43008K), 10 survivors (10240K)
 Metaspace       used 35608K, committed 36032K, reserved 1114112K
  class space    used 4250K, committed 4416K, reserved 1048576K
}
Event: 5.004 GC heap after
{Heap after GC invocations=7 (full 0):
 garbage-first heap   total 74752K, used 24224K [0x0000000084c00000, 0x0000000100000000)
  region size 1024K, 4 young (4096K), 4 survivors (4096K)
 Metaspace       used 35608K, committed 36032K, reserved 1114112K
  class space    used 4250K, committed 4416K, reserved 1048576K
}
Event: 5.009 GC heap before
{Heap before GC invocations=7 (full 0):
 garbage-first heap   total 74752K, used 24224K [0x0000000084c00000, 0x0000000100000000)
  region size 1024K, 5 young (5120K), 4 survivors (4096K)
 Metaspace       used 35721K, committed 36096K, reserved 1114112K
  class space    used 4263K, committed 4416K, reserved 1048576K
}
Event: 5.011 GC heap after
{Heap after GC invocations=8 (full 0):
 garbage-first heap   total 74752K, used 24712K [0x0000000084c00000, 0x0000000100000000)
  region size 1024K, 1 young (1024K), 1 survivors (1024K)
 Metaspace       used 35721K, committed 36096K, reserved 1114112K
  class space    used 4263K, committed 4416K, reserved 1048576K
}

