# JRE version: OpenJDK Runtime Environment (21.0.2+13) (build 21.0.2+13-Ubuntu-122.04.1)
# Java VM: OpenJDK 64-Bit Server VM (21.0.2+13-Ubuntu-122.04.1, mixed mode, sharing, tiered, compressed oops, compressed class ptrs, g1 gc, linux-amd64)
Heap:
 garbage-first heap   total 74752K, used 47765K [0x0000000084c00000, 0x0000000100000000)
  region size 1024K, 16 young (16384K), 1 survivors (1024K)
 Metaspace       used 40541K, committed 41024K, reserved 1114112K
  class space    used 4955K, committed 5184K, reserved 1048576K
GC Heap History (14 events):
Event: 1.287 GC heap before
{Heap before GC invocations=0 (full 0):
 garbage-first heap   total 129024K, used 23581K [0x0000000084c00000, 0x0000000100000000)
  region size 1024K, 23 young (23552K), 0 survivors (0K)
 Metaspace       used 5983K, committed 6144K, reserved 1114112K
  class space    used 690K, committed 768K, reserved 1048576K
}
Event: 1.290 GC heap after
{Heap after GC invocations=1 (full 0):
 garbage-first heap   total 129024K, used 4229K [0x0000000084c00000, 0x0000000100000000)
  region size 1024K, 3 young (3072K), 3 survivors (3072K)
 Metaspace       used 5983K, committed 6144K, reserved 1114112K
  class space    used 690K, committed 768K, reserved 1048576K
}
Event: 3.352 GC heap before
{Heap before GC invocations=1 (full 0):
 garbage-first heap   total 129024K, used 53381K [0x0000000084c00000, 0x0000000100000000)
  region size 1024K, 51 young (52224K), 3 survivors (3072K)
 Metaspace       used 15563K, committed 15808K, reserved 1114112K
  class space    used 1816K, committed 1920K, reserved 1048576K
}
Event: 3.358 GC heap after
{Heap after GC invocations=2 (full 0):
 garbage-first heap   total 129024K, used 8325K [0x0000000084c00000, 0x0000000100000000)
  region size 1024K, 7 young (7168K), 7 survivors (7168K)
 Metaspace       used 15563K, committed 15808K, reserved 1114112K
  class space    used 1816K, committed 1920K, reserved 1048576K
}
Event: 3.856 GC heap before
{Heap before GC invocations=2 (full 0):
 garbage-first heap   total 129024K, used 76933K [0x0000000084c00000, 0x0000000100000000)
  region size 1024K, 74 young (75776K), 7 survivors (7168K)
 Metaspace       used 17616K, committed 17920K, reserved 1114112K
  class space    used 1973K, committed 2112K, reserved 1048576K
}
Event: 3.864 GC heap after
{Heap after GC invocations=3 (full 0):
 garbage-first heap   total 129024K, used 13230K [0x0000000084c00000, 0x0000000100000000)
  region size 1024K, 9 young (9216K), 9 survivors (9216K)
 Metaspace       used 17616K, committed 17920K, reserved 1114112K
  class space    used 1973K, committed 2112K, reserved 1048576K
}
Event: 4.007 GC heap before
{Heap before GC invocations=3 (full 0):
 garbage-first heap   total 129024K, used 29614K [0x0000000084c00000, 0x0000000100000000)
  region size 1024K, 26 young (26624K), 9 survivors (9216K)
 Metaspace       used 21194K, committed 21504K, reserved 1114112K
  class space    used 2423K, committed 2560K, reserved 1048576K
}
Event: 4.012 GC heap after
{Heap after GC invocations=4 (full 0):
 garbage-first heap   total 129024K, used 14733K [0x0000000084c00000, 0x0000000100000000)
  region size 1024K, 7 young (7168K), 7 survivors (7168K)
 Metaspace       used 21194K, committed 21504K, reserved 1114112K
  class space    used 2423K, committed 2560K, reserved 1048576K
}
Event: 4.501 GC heap before
{Heap before GC invocations=5 (full 0):
 garbage-first heap   total 58368K, used 56717K [0x0000000084c00000, 0x0000000100000000)
  region size 1024K, 47 young (48128K), 7 survivors (7168K)
 Metaspace       used 28429K, committed 28800K, reserved 1114112K
  class space    used 3168K, committed 3328K, reserved 1048576K
}
Event: 4.513 GC heap after
{Heap after GC invocations=6 (full 0):
 garbage-first heap   total 74752K, used 24786K [0x0000000084c00000, 0x0000000100000000)
  region size 1024K, 10 young (10240K), 10 survivors (10240K)
 Metaspace       used 28429K, committed 28800K, reserved 1114112K
  class space    used 3168K, committed 3328K, reserved 1048576K
}
Event: 5.062 GC heap before
{Heap before GC invocations=6 (full 0):
 garbage-first heap   total 74752K, used 55506K [0x0000000084c00000, 0x0000000100000000)
  region size 1024K, 42 young (43008K), 10 survivors (10240K)
 Metaspace       used 35845K, committed 36288K, reserved 1114112K
  class space    used 4277K, committed 4480K, reserved 1048576K
}
Event: 5.066 GC heap after
{Heap after GC invocations=7 (full 0):
 garbage-first heap   total 74752K, used 24169K [0x0000000084c00000, 0x0000000100000000)
  region size 1024K, 5 young (5120K), 5 survivors (5120K)
 Metaspace       used 35845K, committed 36288K, reserved 1114112K
  class space    used 4277K, committed 4480K, reserved 1048576K
}
Event: 5.076 GC heap before
{Heap before GC invocations=7 (full 0):
 garbage-first heap   total 74752K, used 25193K [0x0000000084c00000, 0x0000000100000000)
  region size 1024K, 7 young (7168K), 5 survivors (5120K)
 Metaspace       used 36218K, committed 36608K, reserved 1114112K
  class space    used 4317K, committed 4480K, reserved 1048576K
}
Event: 5.078 GC heap after
{Heap after GC invocations=8 (full 0):
 garbage-first heap   total 74752K, used 24213K [0x0000000084c00000, 0x0000000100000000)
  region size 1024K, 1 young (1024K), 1 survivors (1024K)
 Metaspace       used 36218K, committed 36608K, reserved 1114112K
  class space    used 4317K, committed 4480K, reserved 1048576K
}

