# JRE version: OpenJDK Runtime Environment (21.0.2+13) (build 21.0.2+13-Ubuntu-122.04.1)
# Java VM: OpenJDK 64-Bit Server VM (21.0.2+13-Ubuntu-122.04.1, mixed mode, sharing, tiered, compressed oops, compressed class ptrs, g1 gc, linux-amd64)
Heap:
 garbage-first heap   total 77824K, used 49462K [0x0000000084c00000, 0x0000000100000000)
  region size 1024K, 17 young (17408K), 1 survivors (1024K)
 Metaspace       used 40392K, committed 40832K, reserved 1114112K
  class space    used 4853K, committed 5056K, reserved 1048576K
GC Heap History (14 events):
Event: 1.149 GC heap before
{Heap before GC invocations=0 (full 0):
 garbage-first heap   total 129024K, used 23581K [0x0000000084c00000, 0x0000000100000000)
  region size 1024K, 23 young (23552K), 0 survivors (0K)
 Metaspace       used 5986K, committed 6144K, reserved 1114112K
  class space    used 690K, committed 768K, reserved 1048576K
}
Event: 1.151 GC heap after
{Heap after GC invocations=1 (full 0):
 garbage-first heap   total 129024K, used 4176K [0x0000000084c00000, 0x0000000100000000)
  region size 1024K, 3 young (3072K), 3 survivors (3072K)
 Metaspace       used 5986K, committed 6144K, reserved 1114112K
  class space    used 690K, committed 768K, reserved 1048576K
}
Event: 3.384 GC heap before
{Heap before GC invocations=1 (full 0):
 garbage-first heap   total 129024K, used 53328K [0x0000000084c00000, 0x0000000100000000)
  region size 1024K, 51 young (52224K), 3 survivors (3072K)
 Metaspace       used 15556K, committed 15808K, reserved 1114112K
  class space    used 1816K, committed 1920K, reserved 1048576K
}
Event: 3.390 GC heap after
{Heap after GC invocations=2 (full 0):
 garbage-first heap   total 129024K, used 8388K [0x0000000084c00000, 0x0000000100000000)
  region size 1024K, 7 young (7168K), 7 survivors (7168K)
 Metaspace       used 15556K, committed 15808K, reserved 1114112K
  class space    used 1816K, committed 1920K, reserved 1048576K
}
Event: 3.919 GC heap before
{Heap before GC invocations=2 (full 0):
 garbage-first heap   total 129024K, used 76996K [0x0000000084c00000, 0x0000000100000000)
  region size 1024K, 74 young (75776K), 7 survivors (7168K)
 Metaspace       used 17620K, committed 17920K, reserved 1114112K
  class space    used 1973K, committed 2112K, reserved 1048576K
}
Event: 3.927 GC heap after
{Heap after GC invocations=3 (full 0):
 garbage-first heap   total 129024K, used 13598K [0x0000000084c00000, 0x0000000100000000)
  region size 1024K, 9 young (9216K), 9 survivors (9216K)
 Metaspace       used 17620K, committed 17920K, reserved 1114112K
  class space    used 1973K, committed 2112K, reserved 1048576K
}
Event: 4.065 GC heap before
{Heap before GC invocations=3 (full 0):
 garbage-first heap   total 129024K, used 27934K [0x0000000084c00000, 0x0000000100000000)
  region size 1024K, 25 young (25600K), 9 survivors (9216K)
 Metaspace       used 21216K, committed 21504K, reserved 1114112K
  class space    used 2428K, committed 2560K, reserved 1048576K
}
Event: 4.070 GC heap after
{Heap after GC invocations=4 (full 0):
 garbage-first heap   total 129024K, used 15275K [0x0000000084c00000, 0x0000000100000000)
  region size 1024K, 7 young (7168K), 7 survivors (7168K)
 Metaspace       used 21216K, committed 21504K, reserved 1114112K
  class space    used 2428K, committed 2560K, reserved 1048576K
}
Event: 4.580 GC heap before
{Heap before GC invocations=5 (full 0):
 garbage-first heap   total 61440K, used 59307K [0x0000000084c00000, 0x0000000100000000)
  region size 1024K, 49 young (50176K), 7 survivors (7168K)
 Metaspace       used 28627K, committed 28992K, reserved 1114112K
  class space    used 3185K, committed 3328K, reserved 1048576K
}
Event: 4.591 GC heap after
{Heap after GC invocations=6 (full 0):
 garbage-first heap   total 77824K, used 25319K [0x0000000084c00000, 0x0000000100000000)
  region size 1024K, 10 young (10240K), 10 survivors (10240K)
 Metaspace       used 28627K, committed 28992K, reserved 1114112K
  class space    used 3185K, committed 3328K, reserved 1048576K
}
Event: 5.097 GC heap before
{Heap before GC invocations=6 (full 0):
 garbage-first heap   total 77824K, used 56039K [0x0000000084c00000, 0x0000000100000000)
  region size 1024K, 42 young (43008K), 10 survivors (10240K)
 Metaspace       used 35880K, committed 36288K, reserved 1114112K
  class space    used 4261K, committed 4416K, reserved 1048576K
}
Event: 5.101 GC heap after
{Heap after GC invocations=7 (full 0):
 garbage-first heap   total 77824K, used 24548K [0x0000000084c00000, 0x0000000100000000)
  region size 1024K, 4 young (4096K), 4 survivors (4096K)
 Metaspace       used 35880K, committed 36288K, reserved 1114112K
  class space    used 4261K, committed 4416K, reserved 1048576K
}
Event: 5.115 GC heap before
{Heap before GC invocations=7 (full 0):
 garbage-first heap   total 77824K, used 25572K [0x0000000084c00000, 0x0000000100000000)
  region size 1024K, 6 young (6144K), 4 survivors (4096K)
 Metaspace       used 36247K, committed 36608K, reserved 1114112K
  class space    used 4322K, committed 4480K, reserved 1048576K
}
Event: 5.116 GC heap after
{Heap after GC invocations=8 (full 0):
 garbage-first heap   total 77824K, used 24886K [0x0000000084c00000, 0x0000000100000000)
  region size 1024K, 1 young (1024K), 1 survivors (1024K)
 Metaspace       used 36247K, committed 36608K, reserved 1114112K
  class space    used 4322K, committed 4480K, reserved 1048576K
}

