# JRE version: OpenJDK Runtime Environment (21.0.2+13) (build 21.0.2+13-Ubuntu-122.04.1)
# Java VM: OpenJDK 64-Bit Server VM (21.0.2+13-Ubuntu-122.04.1, mixed mode, sharing, tiered, compressed oops, compressed class ptrs, g1 gc, linux-amd64)
Heap:
 garbage-first heap   total 76800K, used 50200K [0x0000000084c00000, 0x0000000100000000)
  region size 1024K, 17 young (17408K), 1 survivors (1024K)
 Metaspace       used 40494K, committed 40896K, reserved 1114112K
  class space    used 4961K, committed 5120K, reserved 1048576K
GC Heap History (14 events):
Event: 1.080 GC heap before
{Heap before GC invocations=0 (full 0):
 garbage-first heap   total 129024K, used 23581K [0x0000000084c00000, 0x0000000100000000)
  region size 1024K, 23 young (23552K), 0 survivors (0K)
 Metaspace       used 5986K, committed 6144K, reserved 1114112K
  class space    used 690K, committed 768K, reserved 1048576K
}
Event: 1.083 GC heap after
{Heap after GC invocations=1 (full 0):
 garbage-first heap   total 129024K, used 4323K [0x0000000084c00000, 0x0000000100000000)
  region size 1024K, 3 young (3072K), 3 survivors (3072K)
 Metaspace       used 5986K, committed 6144K, reserved 1114112K
  class space    used 690K, committed 768K, reserved 1048576K
}
Event: 3.133 GC heap before
{Heap before GC invocations=1 (full 0):
 garbage-first heap   total 129024K, used 53475K [0x0000000084c00000, 0x0000000100000000)
  region size 1024K, 51 young (52224K), 3 survivors (3072K)
 Metaspace       used 15574K, committed 15808K, reserved 1114112K
  class space    used 1818K, committed 1920K, reserved 1048576K
}
Event: 3.139 GC heap after
{Heap after GC invocations=2 (full 0):
 garbage-first heap   total 129024K, used 8455K [0x0000000084c00000, 0x0000000100000000)
  region size 1024K, 7 young (7168K), 7 survivors (7168K)
 Metaspace       used 15574K, committed 15808K, reserved 1114112K
  class space    used 1818K, committed 1920K, reserved 1048576K
}
Event: 3.648 GC heap before
{Heap before GC invocations=2 (full 0):
 garbage-first heap   total 129024K, used 77063K [0x0000000084c00000, 0x0000000100000000)
  region size 1024K, 74 young (75776K), 7 survivors (7168K)
 Metaspace       used 17617K, committed 17920K, reserved 1114112K
  class space    used 1973K, committed 2112K, reserved 1048576K
}
Event: 3.656 GC heap after
{Heap after GC invocations=3 (full 0):
 garbage-first heap   total 129024K, used 13436K [0x0000000084c00000, 0x0000000100000000)
  region size 1024K, 9 young (9216K), 9 survivors (9216K)
 Metaspace       used 17617K, committed 17920K, reserved 1114112K
  class space    used 1973K, committed 2112K, reserved 1048576K
}
Event: 3.793 GC heap before
{Heap before GC invocations=3 (full 0):
 garbage-first heap   total 129024K, used 27772K [0x0000000084c00000, 0x0000000100000000)
  region size 1024K, 24 young (24576K), 9 survivors (9216K)
 Metaspace       used 21187K, committed 21504K, reserved 1114112K
  class space    used 2428K, committed 2560K, reserved 1048576K
}
Event: 3.798 GC heap after
{Heap after GC invocations=4 (full 0):
 garbage-first heap   total 129024K, used 15072K [0x0000000084c00000, 0x0000000100000000)
  region size 1024K, 7 young (7168K), 7 survivors (7168K)
 Metaspace       used 21187K, committed 21504K, reserved 1114112K
  class space    used 2428K, committed 2560K, reserved 1048576K
}
Event: 4.293 GC heap before
{Heap before GC invocations=5 (full 0):
 garbage-first heap   total 61440K, used 59104K [0x0000000084c00000, 0x0000000100000000)
  region size 1024K, 49 young (50176K), 7 survivors (7168K)
 Metaspace       used 28615K, committed 28928K, reserved 1114112K
  class space    used 3188K, committed 3328K, reserved 1048576K
}
Event: 4.304 GC heap after
{Heap after GC invocations=6 (full 0):
 garbage-first heap   total 76800K, used 24800K [0x0000000084c00000, 0x0000000100000000)
  region size 1024K, 10 young (10240K), 10 survivors (10240K)
 Metaspace       used 28615K, committed 28928K, reserved 1114112K
  class space    used 3188K, committed 3328K, reserved 1048576K
}
Event: 4.770 GC heap before
{Heap before GC invocations=6 (full 0):
 garbage-first heap   total 76800K, used 53472K [0x0000000084c00000, 0x0000000100000000)
  region size 1024K, 40 young (40960K), 10 survivors (10240K)
 Metaspace       used 35763K, committed 36160K, reserved 1114112K
  class space    used 4281K, committed 4480K, reserved 1048576K
}
Event: 4.774 GC heap after
{Heap after GC invocations=7 (full 0):
 garbage-first heap   total 76800K, used 24258K [0x0000000084c00000, 0x0000000100000000)
  region size 1024K, 5 young (5120K), 5 survivors (5120K)
 Metaspace       used 35763K, committed 36160K, reserved 1114112K
  class space    used 4281K, committed 4480K, reserved 1048576K
}
Event: 4.783 GC heap before
{Heap before GC invocations=7 (full 0):
 garbage-first heap   total 76800K, used 24258K [0x0000000084c00000, 0x0000000100000000)
  region size 1024K, 6 young (6144K), 5 survivors (5120K)
 Metaspace       used 36091K, committed 36480K, reserved 1114112K
  class space    used 4318K, committed 4480K, reserved 1048576K
}
Event: 4.785 GC heap after
{Heap after GC invocations=8 (full 0):
 garbage-first heap   total 76800K, used 24600K [0x0000000084c00000, 0x0000000100000000)
  region size 1024K, 1 young (1024K), 1 survivors (1024K)
 Metaspace       used 36091K, committed 36480K, reserved 1114112K
  class space    used 4318K, committed 4480K, reserved 1048576K
}

