# JRE version: OpenJDK Runtime Environment (21.0.2+13) (build 21.0.2+13-Ubuntu-122.04.1)
# Java VM: OpenJDK 64-Bit Server VM (21.0.2+13-Ubuntu-122.04.1, mixed mode, sharing, tiered, compressed oops, compressed class ptrs, g1 gc, linux-amd64)
Heap:
 garbage-first heap   total 89088K, used 51610K [0x0000000084c00000, 0x0000000100000000)
  region size 1024K, 20 young (20480K), 1 survivors (1024K)
 Metaspace       used 40924K, committed 41408K, reserved 1114112K
  class space    used 4966K, committed 5184K, reserved 1048576K
GC Heap History (14 events):
Event: 1.232 GC heap before
{Heap before GC invocations=0 (full 0):
 garbage-first heap   total 129024K, used 23581K [0x0000000084c00000, 0x0000000100000000)
  region size 1024K, 23 young (23552K), 0 survivors (0K)
 Metaspace       used 5987K, committed 6144K, reserved 1114112K
  class space    used 690K, committed 768K, reserved 1048576K
}
Event: 1.235 GC heap after
{Heap after GC invocations=1 (full 0):
 garbage-first heap   total 129024K, used 4299K [0x0000000084c00000, 0x0000000100000000)
  region size 1024K, 3 young (3072K), 3 survivors (3072K)
 Metaspace       used 5987K, committed 6144K, reserved 1114112K
  class space    used 690K, committed 768K, reserved 1048576K
}
Event: 3.207 GC heap before
{Heap before GC invocations=1 (full 0):
 garbage-first heap   total 129024K, used 53451K [0x0000000084c00000, 0x0000000100000000)
  region size 1024K, 51 young (52224K), 3 survivors (3072K)
 Metaspace       used 15516K, committed 15808K, reserved 1114112K
  class space    used 1806K, committed 1920K, reserved 1048576K
}
Event: 3.214 GC heap after
{Heap after GC invocations=2 (full 0):
 garbage-first heap   total 129024K, used 8395K [0x0000000084c00000, 0x0000000100000000)
  region size 1024K, 7 young (7168K), 7 survivors (7168K)
 Metaspace       used 15516K, committed 15808K, reserved 1114112K
  class space    used 1806K, committed 1920K, reserved 1048576K
}
Event: 3.792 GC heap before
{Heap before GC invocations=2 (full 0):
 garbage-first heap   total 129024K, used 77003K [0x0000000084c00000, 0x0000000100000000)
  region size 1024K, 74 young (75776K), 7 survivors (7168K)
 Metaspace       used 17618K, committed 17920K, reserved 1114112K
  class space    used 1973K, committed 2112K, reserved 1048576K
}
Event: 3.801 GC heap after
{Heap after GC invocations=3 (full 0):
 garbage-first heap   total 129024K, used 13307K [0x0000000084c00000, 0x0000000100000000)
  region size 1024K, 9 young (9216K), 9 survivors (9216K)
 Metaspace       used 17618K, committed 17920K, reserved 1114112K
  class space    used 1973K, committed 2112K, reserved 1048576K
}
Event: 3.963 GC heap before
{Heap before GC invocations=3 (full 0):
 garbage-first heap   total 129024K, used 29691K [0x0000000084c00000, 0x0000000100000000)
  region size 1024K, 26 young (26624K), 9 survivors (9216K)
 Metaspace       used 21184K, committed 21504K, reserved 1114112K
  class space    used 2423K, committed 2560K, reserved 1048576K
}
Event: 3.968 GC heap after
{Heap after GC invocations=4 (full 0):
 garbage-first heap   total 129024K, used 14749K [0x0000000084c00000, 0x0000000100000000)
  region size 1024K, 7 young (7168K), 7 survivors (7168K)
 Metaspace       used 21184K, committed 21504K, reserved 1114112K
  class space    used 2423K, committed 2560K, reserved 1048576K
}
Event: 4.538 GC heap before
{Heap before GC invocations=5 (full 0):
 garbage-first heap   total 58368K, used 56733K [0x0000000084c00000, 0x0000000100000000)
  region size 1024K, 47 young (48128K), 7 survivors (7168K)
 Metaspace       used 28470K, committed 28800K, reserved 1114112K
  class space    used 3170K, committed 3328K, reserved 1048576K
}
Event: 4.553 GC heap after
{Heap after GC invocations=6 (full 0):
 garbage-first heap   total 74752K, used 24735K [0x0000000084c00000, 0x0000000100000000)
  region size 1024K, 10 young (10240K), 10 survivors (10240K)
 Metaspace       used 28470K, committed 28800K, reserved 1114112K
  class space    used 3170K, committed 3328K, reserved 1048576K
}
Event: 5.172 GC heap before
{Heap before GC invocations=6 (full 0):
 garbage-first heap   total 74752K, used 55455K [0x0000000084c00000, 0x0000000100000000)
  region size 1024K, 42 young (43008K), 10 survivors (10240K)
 Metaspace       used 35843K, committed 36288K, reserved 1114112K
  class space    used 4282K, committed 4480K, reserved 1048576K
}
Event: 5.179 GC heap after
{Heap after GC invocations=7 (full 0):
 garbage-first heap   total 74752K, used 24220K [0x0000000084c00000, 0x0000000100000000)
  region size 1024K, 5 young (5120K), 5 survivors (5120K)
 Metaspace       used 35843K, committed 36288K, reserved 1114112K
  class space    used 4282K, committed 4480K, reserved 1048576K
}
Event: 5.198 GC heap before
{Heap before GC invocations=7 (full 0):
 garbage-first heap   total 74752K, used 25244K [0x0000000084c00000, 0x0000000100000000)
  region size 1024K, 7 young (7168K), 5 survivors (5120K)
 Metaspace       used 36222K, committed 36608K, reserved 1114112K
  class space    used 4322K, committed 4480K, reserved 1048576K
}
Event: 5.201 GC heap after
{Heap after GC invocations=8 (full 0):
 garbage-first heap   total 91136K, used 23962K [0x0000000084c00000, 0x0000000100000000)
  region size 1024K, 1 young (1024K), 1 survivors (1024K)
 Metaspace       used 36222K, committed 36608K, reserved 1114112K
  class space    used 4322K, committed 4480K, reserved 1048576K
}

