# JRE version: OpenJDK Runtime Environment (21.0.2+13) (build 21.0.2+13-Ubuntu-122.04.1)
# Java VM: OpenJDK 64-Bit Server VM (21.0.2+13-Ubuntu-122.04.1, mixed mode, sharing, tiered, compressed oops, compressed class ptrs, g1 gc, linux-amd64)
Heap:
 garbage-first heap   total 74752K, used 54385K [0x0000000084c00000, 0x0000000100000000)
  region size 1024K, 17 young (17408K), 1 survivors (1024K)
 Metaspace       used 40640K, committed 41152K, reserved 1114112K
  class space    used 4976K, committed 5184K, reserved 1048576K
GC Heap History (14 events):
Event: 1.240 GC heap before
{Heap before GC invocations=0 (full 0):
 garbage-first heap   total 129024K, used 23581K [0x0000000084c00000, 0x0000000100000000)
  region size 1024K, 23 young (23552K), 0 survivors (0K)
 Metaspace       used 5986K, committed 6144K, reserved 1114112K
  class space    used 690K, committed 768K, reserved 1048576K
}
Event: 1.243 GC heap after
{Heap after GC invocations=1 (full 0):
 garbage-first heap   total 129024K, used 4229K [0x0000000084c00000, 0x0000000100000000)
  region size 1024K, 3 young (3072K), 3 survivors (3072K)
 Metaspace       used 5986K, committed 6144K, reserved 1114112K
  class space    used 690K, committed 768K, reserved 1048576K
}
Event: 3.376 GC heap before
{Heap before GC invocations=1 (full 0):
 garbage-first heap   total 129024K, used 53381K [0x0000000084c00000, 0x0000000100000000)
  region size 1024K, 51 young (52224K), 3 survivors (3072K)
 Metaspace       used 15522K, committed 15808K, reserved 1114112K
  class space    used 1807K, committed 1920K, reserved 1048576K
}
Event: 3.382 GC heap after
{Heap after GC invocations=2 (full 0):
 garbage-first heap   total 129024K, used 8325K [0x0000000084c00000, 0x0000000100000000)
  region size 1024K, 7 young (7168K), 7 survivors (7168K)
 Metaspace       used 15522K, committed 15808K, reserved 1114112K
  class space    used 1807K, committed 1920K, reserved 1048576K
}
Event: 3.914 GC heap before
{Heap before GC invocations=2 (full 0):
 garbage-first heap   total 129024K, used 76933K [0x0000000084c00000, 0x0000000100000000)
  region size 1024K, 74 young (75776K), 7 survivors (7168K)
 Metaspace       used 17620K, committed 17920K, reserved 1114112K
  class space    used 1973K, committed 2112K, reserved 1048576K
}
Event: 3.921 GC heap after
{Heap after GC invocations=3 (full 0):
 garbage-first heap   total 129024K, used 13406K [0x0000000084c00000, 0x0000000100000000)
  region size 1024K, 9 young (9216K), 9 survivors (9216K)
 Metaspace       used 17620K, committed 17920K, reserved 1114112K
  class space    used 1973K, committed 2112K, reserved 1048576K
}
Event: 4.055 GC heap before
{Heap before GC invocations=3 (full 0):
 garbage-first heap   total 129024K, used 28766K [0x0000000084c00000, 0x0000000100000000)
  region size 1024K, 25 young (25600K), 9 survivors (9216K)
 Metaspace       used 21198K, committed 21504K, reserved 1114112K
  class space    used 2428K, committed 2560K, reserved 1048576K
}
Event: 4.060 GC heap after
{Heap after GC invocations=4 (full 0):
 garbage-first heap   total 129024K, used 14876K [0x0000000084c00000, 0x0000000100000000)
  region size 1024K, 7 young (7168K), 7 survivors (7168K)
 Metaspace       used 21198K, committed 21504K, reserved 1114112K
  class space    used 2428K, committed 2560K, reserved 1048576K
}
Event: 4.533 GC heap before
{Heap before GC invocations=5 (full 0):
 garbage-first heap   total 58368K, used 56860K [0x0000000084c00000, 0x0000000100000000)
  region size 1024K, 47 young (48128K), 7 survivors (7168K)
 Metaspace       used 28454K, committed 28800K, reserved 1114112K
  class space    used 3169K, committed 3328K, reserved 1048576K
}
Event: 4.545 GC heap after
{Heap after GC invocations=6 (full 0):
 garbage-first heap   total 74752K, used 24921K [0x0000000084c00000, 0x0000000100000000)
  region size 1024K, 10 young (10240K), 10 survivors (10240K)
 Metaspace       used 28454K, committed 28800K, reserved 1114112K
  class space    used 3169K, committed 3328K, reserved 1048576K
}
Event: 5.063 GC heap before
{Heap before GC invocations=6 (full 0):
 garbage-first heap   total 74752K, used 55641K [0x0000000084c00000, 0x0000000100000000)
  region size 1024K, 42 young (43008K), 10 survivors (10240K)
 Metaspace       used 35885K, committed 36288K, reserved 1114112K
  class space    used 4286K, committed 4480K, reserved 1048576K
}
Event: 5.068 GC heap after
{Heap after GC invocations=7 (full 0):
 garbage-first heap   total 74752K, used 29134K [0x0000000084c00000, 0x0000000100000000)
  region size 1024K, 5 young (5120K), 5 survivors (5120K)
 Metaspace       used 35885K, committed 36288K, reserved 1114112K
  class space    used 4286K, committed 4480K, reserved 1048576K
}
Event: 5.077 GC heap before
{Heap before GC invocations=7 (full 0):
 garbage-first heap   total 74752K, used 29134K [0x0000000084c00000, 0x0000000100000000)
  region size 1024K, 6 young (6144K), 5 survivors (5120K)
 Metaspace       used 36182K, committed 36608K, reserved 1114112K
  class space    used 4318K, committed 4480K, reserved 1048576K
}
Event: 5.079 GC heap after
{Heap after GC invocations=8 (full 0):
 garbage-first heap   total 74752K, used 29809K [0x0000000084c00000, 0x0000000100000000)
  region size 1024K, 1 young (1024K), 1 survivors (1024K)
 Metaspace       used 36182K, committed 36608K, reserved 1114112K
  class space    used 4318K, committed 4480K, reserved 1048576K
}

