# JRE version: OpenJDK Runtime Environment (21.0.2+13) (build 21.0.2+13-Ubuntu-122.04.1)
# Java VM: OpenJDK 64-Bit Server VM (21.0.2+13-Ubuntu-122.04.1, mixed mode, sharing, tiered, compressed oops, compressed class ptrs, g1 gc, linux-amd64)
Heap:
 garbage-first heap   total 74752K, used 49041K [0x0000000084c00000, 0x0000000100000000)
  region size 1024K, 17 young (17408K), 1 survivors (1024K)
 Metaspace       used 40484K, committed 41024K, reserved 1114112K
  class space    used 4956K, committed 5184K, reserved 1048576K
GC Heap History (14 events):
Event: 1.289 GC heap before
{Heap before GC invocations=0 (full 0):
 garbage-first heap   total 129024K, used 23581K [0x0000000084c00000, 0x0000000100000000)
  region size 1024K, 23 young (23552K), 0 survivors (0K)
 Metaspace       used 5986K, committed 6144K, reserved 1114112K
  class space    used 690K, committed 768K, reserved 1048576K
}
Event: 1.291 GC heap after
{Heap after GC invocations=1 (full 0):
 garbage-first heap   total 129024K, used 4323K [0x0000000084c00000, 0x0000000100000000)
  region size 1024K, 3 young (3072K), 3 survivors (3072K)
 Metaspace       used 5986K, committed 6144K, reserved 1114112K
  class space    used 690K, committed 768K, reserved 1048576K
}
Event: 3.279 GC heap before
{Heap before GC invocations=1 (full 0):
 garbage-first heap   total 129024K, used 53475K [0x0000000084c00000, 0x0000000100000000)
  region size 1024K, 51 young (52224K), 3 survivors (3072K)
 Metaspace       used 15551K, committed 15808K, reserved 1114112K
  class space    used 1816K, committed 1920K, reserved 1048576K
}
Event: 3.285 GC heap after
{Heap after GC invocations=2 (full 0):
 garbage-first heap   total 129024K, used 8419K [0x0000000084c00000, 0x0000000100000000)
  region size 1024K, 7 young (7168K), 7 survivors (7168K)
 Metaspace       used 15551K, committed 15808K, reserved 1114112K
  class space    used 1816K, committed 1920K, reserved 1048576K
}
Event: 3.857 GC heap before
{Heap before GC invocations=2 (full 0):
 garbage-first heap   total 129024K, used 77027K [0x0000000084c00000, 0x0000000100000000)
  region size 1024K, 74 young (75776K), 7 survivors (7168K)
 Metaspace       used 17607K, committed 17920K, reserved 1114112K
  class space    used 1973K, committed 2112K, reserved 1048576K
}
Event: 3.865 GC heap after
{Heap after GC invocations=3 (full 0):
 garbage-first heap   total 129024K, used 13236K [0x0000000084c00000, 0x0000000100000000)
  region size 1024K, 9 young (9216K), 9 survivors (9216K)
 Metaspace       used 17607K, committed 17920K, reserved 1114112K
  class space    used 1973K, committed 2112K, reserved 1048576K
}
Event: 4.032 GC heap before
{Heap before GC invocations=3 (full 0):
 garbage-first heap   total 129024K, used 28596K [0x0000000084c00000, 0x0000000100000000)
  region size 1024K, 25 young (25600K), 9 survivors (9216K)
 Metaspace       used 21191K, committed 21504K, reserved 1114112K
  class space    used 2428K, committed 2560K, reserved 1048576K
}
Event: 4.038 GC heap after
{Heap after GC invocations=4 (full 0):
 garbage-first heap   total 129024K, used 15389K [0x0000000084c00000, 0x0000000100000000)
  region size 1024K, 7 young (7168K), 7 survivors (7168K)
 Metaspace       used 21191K, committed 21504K, reserved 1114112K
  class space    used 2428K, committed 2560K, reserved 1048576K
}
Event: 4.581 GC heap before
{Heap before GC invocations=5 (full 0):
 garbage-first heap   total 58368K, used 57373K [0x0000000084c00000, 0x0000000100000000)
  region size 1024K, 47 young (48128K), 7 survivors (7168K)
 Metaspace       used 28397K, committed 28736K, reserved 1114112K
  class space    used 3168K, committed 3328K, reserved 1048576K
}
Event: 4.594 GC heap after
{Heap after GC invocations=6 (full 0):
 garbage-first heap   total 74752K, used 24928K [0x0000000084c00000, 0x0000000100000000)
  region size 1024K, 10 young (10240K), 10 survivors (10240K)
 Metaspace       used 28397K, committed 28736K, reserved 1114112K
  class space    used 3168K, committed 3328K, reserved 1048576K
}
Event: 5.157 GC heap before
{Heap before GC invocations=6 (full 0):
 garbage-first heap   total 74752K, used 55648K [0x0000000084c00000, 0x0000000100000000)
  region size 1024K, 42 young (43008K), 10 survivors (10240K)
 Metaspace       used 35754K, committed 36160K, reserved 1114112K
  class space    used 4270K, committed 4416K, reserved 1048576K
}
Event: 5.161 GC heap after
{Heap after GC invocations=7 (full 0):
 garbage-first heap   total 74752K, used 24233K [0x0000000084c00000, 0x0000000100000000)
  region size 1024K, 5 young (5120K), 5 survivors (5120K)
 Metaspace       used 35754K, committed 36160K, reserved 1114112K
  class space    used 4270K, committed 4416K, reserved 1048576K
}
Event: 5.170 GC heap before
{Heap before GC invocations=7 (full 0):
 garbage-first heap   total 74752K, used 24233K [0x0000000084c00000, 0x0000000100000000)
  region size 1024K, 6 young (6144K), 5 survivors (5120K)
 Metaspace       used 36045K, committed 36480K, reserved 1114112K
  class space    used 4305K, committed 4480K, reserved 1048576K
}
Event: 5.172 GC heap after
{Heap after GC invocations=8 (full 0):
 garbage-first heap   total 74752K, used 24465K [0x0000000084c00000, 0x0000000100000000)
  region size 1024K, 1 young (1024K), 1 survivors (1024K)
 Metaspace       used 36045K, committed 36480K, reserved 1114112K
  class space    used 4305K, committed 4480K, reserved 1048576K
}

