# JRE version: OpenJDK Runtime Environment (21.0.2+13) (build 21.0.2+13-Ubuntu-122.04.1)
# Java VM: OpenJDK 64-Bit Server VM (21.0.2+13-Ubuntu-122.04.1, mixed mode, sharing, tiered, compressed oops, compressed class ptrs, g1 gc, linux-amd64)
Heap:
 garbage-first heap   total 73728K, used 50736K [0x0000000084c00000, 0x0000000100000000)
  region size 1024K, 18 young (18432K), 1 survivors (1024K)
 Metaspace       used 40649K, committed 41152K, reserved 1114112K
  class space    used 4957K, committed 5184K, reserved 1048576K
GC Heap History (14 events):
Event: 1.292 GC heap before
{Heap before GC invocations=0 (full 0):
 garbage-first heap   total 129024K, used 23581K [0x0000000084c00000, 0x0000000100000000)
  region size 1024K, 23 young (23552K), 0 survivors (0K)
 Metaspace       used 5986K, committed 6144K, reserved 1114112K
  class space    used 690K, committed 768K, reserved 1048576K
}
Event: 1.295 GC heap after
{Heap after GC invocations=1 (full 0):
 garbage-first heap   total 129024K, used 4264K [0x0000000084c00000, 0x0000000100000000)
  region size 1024K, 3 young (3072K), 3 survivors (3072K)
 Metaspace       used 5986K, committed 6144K, reserved 1114112K
  class space    used 690K, committed 768K, reserved 1048576K
}
Event: 3.285 GC heap before
{Heap before GC invocations=1 (full 0):
 garbage-first heap   total 129024K, used 53416K [0x0000000084c00000, 0x0000000100000000)
  region size 1024K, 51 young (52224K), 3 survivors (3072K)
 Metaspace       used 15561K, committed 15808K, reserved 1114112K
  class space    used 1816K, committed 1920K, reserved 1048576K
}
Event: 3.290 GC heap after
{Heap after GC invocations=2 (full 0):
 garbage-first heap   total 129024K, used 8360K [0x0000000084c00000, 0x0000000100000000)
  region size 1024K, 7 young (7168K), 7 survivors (7168K)
 Metaspace       used 15561K, committed 15808K, reserved 1114112K
  class space    used 1816K, committed 1920K, reserved 1048576K
}
Event: 3.808 GC heap before
{Heap before GC invocations=2 (full 0):
 garbage-first heap   total 129024K, used 76968K [0x0000000084c00000, 0x0000000100000000)
  region size 1024K, 74 young (75776K), 7 survivors (7168K)
 Metaspace       used 17624K, committed 17920K, reserved 1114112K
  class space    used 1973K, committed 2112K, reserved 1048576K
}
Event: 3.816 GC heap after
{Heap after GC invocations=3 (full 0):
 garbage-first heap   total 129024K, used 13188K [0x0000000084c00000, 0x0000000100000000)
  region size 1024K, 9 young (9216K), 9 survivors (9216K)
 Metaspace       used 17624K, committed 17920K, reserved 1114112K
  class space    used 1973K, committed 2112K, reserved 1048576K
}
Event: 3.956 GC heap before
{Heap before GC invocations=3 (full 0):
 garbage-first heap   total 129024K, used 28548K [0x0000000084c00000, 0x0000000100000000)
  region size 1024K, 25 young (25600K), 9 survivors (9216K)
 Metaspace       used 21199K, committed 21504K, reserved 1114112K
  class space    used 2428K, committed 2560K, reserved 1048576K
}
Event: 3.961 GC heap after
{Heap after GC invocations=4 (full 0):
 garbage-first heap   total 129024K, used 14821K [0x0000000084c00000, 0x0000000100000000)
  region size 1024K, 7 young (7168K), 7 survivors (7168K)
 Metaspace       used 21199K, committed 21504K, reserved 1114112K
  class space    used 2428K, committed 2560K, reserved 1048576K
}
Event: 4.470 GC heap before
{Heap before GC invocations=5 (full 0):
 garbage-first heap   total 58368K, used 56805K [0x0000000084c00000, 0x0000000100000000)
  region size 1024K, 47 young (48128K), 7 survivors (7168K)
 Metaspace       used 28407K, committed 28800K, reserved 1114112K
  class space    used 3168K, committed 3328K, reserved 1048576K
}
Event: 4.481 GC heap after
{Heap after GC invocations=6 (full 0):
 garbage-first heap   total 73728K, used 24485K [0x0000000084c00000, 0x0000000100000000)
  region size 1024K, 10 young (10240K), 10 survivors (10240K)
 Metaspace       used 28407K, committed 28800K, reserved 1114112K
  class space    used 3168K, committed 3328K, reserved 1048576K
}
Event: 5.025 GC heap before
{Heap before GC invocations=6 (full 0):
 garbage-first heap   total 73728K, used 56229K [0x0000000084c00000, 0x0000000100000000)
  region size 1024K, 42 young (43008K), 10 survivors (10240K)
 Metaspace       used 35785K, committed 36224K, reserved 1114112K
  class space    used 4276K, committed 4480K, reserved 1048576K
}
Event: 5.030 GC heap after
{Heap after GC invocations=7 (full 0):
 garbage-first heap   total 73728K, used 23941K [0x0000000084c00000, 0x0000000100000000)
  region size 1024K, 5 young (5120K), 5 survivors (5120K)
 Metaspace       used 35785K, committed 36224K, reserved 1114112K
  class space    used 4276K, committed 4480K, reserved 1048576K
}
Event: 5.033 GC heap before
{Heap before GC invocations=7 (full 0):
 garbage-first heap   total 73728K, used 23941K [0x0000000084c00000, 0x0000000100000000)
  region size 1024K, 6 young (6144K), 5 survivors (5120K)
 Metaspace       used 35904K, committed 36288K, reserved 1114112K
  class space    used 4286K, committed 4480K, reserved 1048576K
}
Event: 5.035 GC heap after
{Heap after GC invocations=8 (full 0):
 garbage-first heap   total 73728K, used 24112K [0x0000000084c00000, 0x0000000100000000)
  region size 1024K, 1 young (1024K), 1 survivors (1024K)
 Metaspace       used 35904K, committed 36288K, reserved 1114112K
  class space    used 4286K, committed 4480K, reserved 1048576K
}

