# JRE version: OpenJDK Runtime Environment (21.0.2+13) (build 21.0.2+13-Ubuntu-122.04.1)
# Java VM: OpenJDK 64-Bit Server VM (21.0.2+13-Ubuntu-122.04.1, mixed mode, sharing, tiered, compressed oops, compressed class ptrs, g1 gc, linux-amd64)
Heap:
 garbage-first heap   total 73728K, used 50510K [0x0000000084c00000, 0x0000000100000000)
  region size 1024K, 18 young (18432K), 1 survivors (1024K)
 Metaspace       used 40509K, committed 40960K, reserved 1114112K
  class space    used 4870K, committed 5056K, reserved 1048576K
GC Heap History (14 events):
Event: 1.263 GC heap before
{Heap before GC invocations=0 (full 0):
 garbage-first heap   total 129024K, used 23581K [0x0000000084c00000, 0x0000000100000000)
  region size 1024K, 23 young (23552K), 0 survivors (0K)
 Metaspace       used 5986K, committed 6144K, reserved 1114112K
  class space    used 690K, committed 768K, reserved 1048576K
}
Event: 1.266 GC heap after
{Heap after GC invocations=1 (full 0):
 garbage-first heap   total 129024K, used 4195K [0x0000000084c00000, 0x0000000100000000)
  region size 1024K, 3 young (3072K), 3 survivors (3072K)
 Metaspace       used 5986K, committed 6144K, reserved 1114112K
  class space    used 690K, committed 768K, reserved 1048576K
}
Event: 3.566 GC heap before
{Heap before GC invocations=1 (full 0):
 garbage-first heap   total 129024K, used 53347K [0x0000000084c00000, 0x0000000100000000)
  region size 1024K, 51 young (52224K), 3 survivors (3072K)
 Metaspace       used 15506K, committed 15808K, reserved 1114112K
  class space    used 1806K, committed 1920K, reserved 1048576K
}
Event: 3.572 GC heap after
{Heap after GC invocations=2 (full 0):
 garbage-first heap   total 129024K, used 8291K [0x0000000084c00000, 0x0000000100000000)
  region size 1024K, 7 young (7168K), 7 survivors (7168K)
 Metaspace       used 15506K, committed 15808K, reserved 1114112K
  class space    used 1806K, committed 1920K, reserved 1048576K
}
Event: 4.094 GC heap before
{Heap before GC invocations=2 (full 0):
 garbage-first heap   total 129024K, used 76899K [0x0000000084c00000, 0x0000000100000000)
  region size 1024K, 74 young (75776K), 7 survivors (7168K)
 Metaspace       used 17612K, committed 17920K, reserved 1114112K
  class space    used 1973K, committed 2112K, reserved 1048576K
}
Event: 4.101 GC heap after
{Heap after GC invocations=3 (full 0):
 garbage-first heap   total 129024K, used 13253K [0x0000000084c00000, 0x0000000100000000)
  region size 1024K, 9 young (9216K), 9 survivors (9216K)
 Metaspace       used 17612K, committed 17920K, reserved 1114112K
  class space    used 1973K, committed 2112K, reserved 1048576K
}
Event: 4.237 GC heap before
{Heap before GC invocations=3 (full 0):
 garbage-first heap   total 129024K, used 28613K [0x0000000084c00000, 0x0000000100000000)
  region size 1024K, 25 young (25600K), 9 survivors (9216K)
 Metaspace       used 21198K, committed 21504K, reserved 1114112K
  class space    used 2426K, committed 2560K, reserved 1048576K
}
Event: 4.242 GC heap after
{Heap after GC invocations=4 (full 0):
 garbage-first heap   total 129024K, used 14656K [0x0000000084c00000, 0x0000000100000000)
  region size 1024K, 7 young (7168K), 7 survivors (7168K)
 Metaspace       used 21198K, committed 21504K, reserved 1114112K
  class space    used 2426K, committed 2560K, reserved 1048576K
}
Event: 4.613 GC heap before
{Heap before GC invocations=5 (full 0):
 garbage-first heap   total 58368K, used 56640K [0x0000000084c00000, 0x0000000100000000)
  region size 1024K, 47 young (48128K), 7 survivors (7168K)
 Metaspace       used 28037K, committed 28416K, reserved 1114112K
  class space    used 3147K, committed 3328K, reserved 1048576K
}
Event: 4.623 GC heap after
{Heap after GC invocations=6 (full 0):
 garbage-first heap   total 73728K, used 24384K [0x0000000084c00000, 0x0000000100000000)
  region size 1024K, 10 young (10240K), 10 survivors (10240K)
 Metaspace       used 28037K, committed 28416K, reserved 1114112K
  class space    used 3147K, committed 3328K, reserved 1048576K
}
Event: 5.144 GC heap before
{Heap before GC invocations=6 (full 0):
 garbage-first heap   total 73728K, used 56128K [0x0000000084c00000, 0x0000000100000000)
  region size 1024K, 42 young (43008K), 10 survivors (10240K)
 Metaspace       used 34931K, committed 35392K, reserved 1114112K
  class space    used 4120K, committed 4288K, reserved 1048576K
}
Event: 5.148 GC heap after
{Heap after GC invocations=7 (full 0):
 garbage-first heap   total 73728K, used 23416K [0x0000000084c00000, 0x0000000100000000)
  region size 1024K, 4 young (4096K), 4 survivors (4096K)
 Metaspace       used 34931K, committed 35392K, reserved 1114112K
  class space    used 4120K, committed 4288K, reserved 1048576K
}
Event: 5.195 GC heap before
{Heap before GC invocations=7 (full 0):
 garbage-first heap   total 73728K, used 25464K [0x0000000084c00000, 0x0000000100000000)
  region size 1024K, 7 young (7168K), 4 survivors (4096K)
 Metaspace       used 36018K, committed 36416K, reserved 1114112K
  class space    used 4286K, committed 4480K, reserved 1048576K
}
Event: 5.198 GC heap after
{Heap after GC invocations=8 (full 0):
 garbage-first heap   total 73728K, used 23886K [0x0000000084c00000, 0x0000000100000000)
  region size 1024K, 1 young (1024K), 1 survivors (1024K)
 Metaspace       used 36018K, committed 36416K, reserved 1114112K
  class space    used 4286K, committed 4480K, reserved 1048576K
}

