# JRE version: OpenJDK Runtime Environment (21.0.2+13) (build 21.0.2+13-Ubuntu-122.04.1)
# Java VM: OpenJDK 64-Bit Server VM (21.0.2+13-Ubuntu-122.04.1, mixed mode, sharing, tiered, compressed oops, compressed class ptrs, g1 gc, linux-amd64)
Heap:
 garbage-first heap   total 73728K, used 51971K [0x0000000084c00000, 0x0000000100000000)
  region size 1024K, 15 young (15360K), 1 survivors (1024K)
 Metaspace       used 39961K, committed 40448K, reserved 1114112K
  class space    used 4914K, committed 5120K, reserved 1048576K
GC Heap History (14 events):
Event: 1.378 GC heap before
{Heap before GC invocations=0 (full 0):
 garbage-first heap   total 129024K, used 23581K [0x0000000084c00000, 0x0000000100000000)
  region size 1024K, 23 young (23552K), 0 survivors (0K)
 Metaspace       used 5987K, committed 6144K, reserved 1114112K
  class space    used 690K, committed 768K, reserved 1048576K
}
Event: 1.381 GC heap after
{Heap after GC invocations=1 (full 0):
 garbage-first heap   total 129024K, used 4264K [0x0000000084c00000, 0x0000000100000000)
  region size 1024K, 3 young (3072K), 3 survivors (3072K)
 Metaspace       used 5987K, committed 6144K, reserved 1114112K
  class space    used 690K, committed 768K, reserved 1048576K
}
Event: 3.663 GC heap before
{Heap before GC invocations=1 (full 0):
 garbage-first heap   total 129024K, used 53416K [0x0000000084c00000, 0x0000000100000000)
  region size 1024K, 51 young (52224K), 3 survivors (3072K)
 Metaspace       used 15568K, committed 15808K, reserved 1114112K
  class space    used 1818K, committed 1920K, reserved 1048576K
}
Event: 3.671 GC heap after
{Heap after GC invocations=2 (full 0):
 garbage-first heap   total 129024K, used 8023K [0x0000000084c00000, 0x0000000100000000)
  region size 1024K, 7 young (7168K), 7 survivors (7168K)
 Metaspace       used 15568K, committed 15808K, reserved 1114112K
  class space    used 1818K, committed 1920K, reserved 1048576K
}
Event: 4.167 GC heap before
{Heap before GC invocations=2 (full 0):
 garbage-first heap   total 129024K, used 76631K [0x0000000084c00000, 0x0000000100000000)
  region size 1024K, 74 young (75776K), 7 survivors (7168K)
 Metaspace       used 17606K, committed 17920K, reserved 1114112K
  class space    used 1973K, committed 2112K, reserved 1048576K
}
Event: 4.175 GC heap after
{Heap after GC invocations=3 (full 0):
 garbage-first heap   total 129024K, used 13143K [0x0000000084c00000, 0x0000000100000000)
  region size 1024K, 9 young (9216K), 9 survivors (9216K)
 Metaspace       used 17606K, committed 17920K, reserved 1114112K
  class space    used 1973K, committed 2112K, reserved 1048576K
}
Event: 4.301 GC heap before
{Heap before GC invocations=3 (full 0):
 garbage-first heap   total 129024K, used 29527K [0x0000000084c00000, 0x0000000100000000)
  region size 1024K, 26 young (26624K), 9 survivors (9216K)
 Metaspace       used 21185K, committed 21504K, reserved 1114112K
  class space    used 2427K, committed 2560K, reserved 1048576K
}
Event: 4.307 GC heap after
{Heap after GC invocations=4 (full 0):
 garbage-first heap   total 129024K, used 14877K [0x0000000084c00000, 0x0000000100000000)
  region size 1024K, 7 young (7168K), 7 survivors (7168K)
 Metaspace       used 21185K, committed 21504K, reserved 1114112K
  class space    used 2427K, committed 2560K, reserved 1048576K
}
Event: 4.707 GC heap before
{Heap before GC invocations=5 (full 0):
 garbage-first heap   total 58368K, used 56861K [0x0000000084c00000, 0x0000000100000000)
  region size 1024K, 47 young (48128K), 7 survivors (7168K)
 Metaspace       used 28423K, committed 28800K, reserved 1114112K
  class space    used 3173K, committed 3328K, reserved 1048576K
}
Event: 4.718 GC heap after
{Heap after GC invocations=6 (full 0):
 garbage-first heap   total 73728K, used 24605K [0x0000000084c00000, 0x0000000100000000)
  region size 1024K, 10 young (10240K), 10 survivors (10240K)
 Metaspace       used 28423K, committed 28800K, reserved 1114112K
  class space    used 3173K, committed 3328K, reserved 1048576K
}
Event: 5.219 GC heap before
{Heap before GC invocations=6 (full 0):
 garbage-first heap   total 73728K, used 55325K [0x0000000084c00000, 0x0000000100000000)
  region size 1024K, 42 young (43008K), 10 survivors (10240K)
 Metaspace       used 35774K, committed 36160K, reserved 1114112K
  class space    used 4279K, committed 4480K, reserved 1048576K
}
Event: 5.224 GC heap after
{Heap after GC invocations=7 (full 0):
 garbage-first heap   total 73728K, used 28830K [0x0000000084c00000, 0x0000000100000000)
  region size 1024K, 5 young (5120K), 5 survivors (5120K)
 Metaspace       used 35774K, committed 36160K, reserved 1114112K
  class space    used 4279K, committed 4480K, reserved 1048576K
}
Event: 5.234 GC heap before
{Heap before GC invocations=7 (full 0):
 garbage-first heap   total 73728K, used 28830K [0x0000000084c00000, 0x0000000100000000)
  region size 1024K, 6 young (6144K), 5 survivors (5120K)
 Metaspace       used 36073K, committed 36480K, reserved 1114112K
  class space    used 4314K, committed 4480K, reserved 1048576K
}
Event: 5.236 GC heap after
{Heap after GC invocations=8 (full 0):
 garbage-first heap   total 73728K, used 29443K [0x0000000084c00000, 0x0000000100000000)
  region size 1024K, 1 young (1024K), 1 survivors (1024K)
 Metaspace       used 36073K, committed 36480K, reserved 1114112K
  class space    used 4314K, committed 4480K, reserved 1048576K
}

