# JRE version: OpenJDK Runtime Environment (21.0.2+13) (build 21.0.2+13-Ubuntu-122.04.1)
# Java VM: OpenJDK 64-Bit Server VM (21.0.2+13-Ubuntu-122.04.1, mixed mode, sharing, tiered, compressed oops, compressed class ptrs, g1 gc, linux-amd64)
Heap:
 garbage-first heap   total 73728K, used 51595K [0x0000000084c00000, 0x0000000100000000)
  region size 1024K, 19 young (19456K), 1 survivors (1024K)
 Metaspace       used 40814K, committed 41344K, reserved 1114112K
  class space    used 4907K, committed 5120K, reserved 1048576K
GC Heap History (14 events):
Event: 1.079 GC heap before
{Heap before GC invocations=0 (full 0):
 garbage-first heap   total 129024K, used 23581K [0x0000000084c00000, 0x0000000100000000)
  region size 1024K, 23 young (23552K), 0 survivors (0K)
 Metaspace       used 5987K, committed 6144K, reserved 1114112K
  class space    used 690K, committed 768K, reserved 1048576K
}
Event: 1.081 GC heap after
{Heap after GC invocations=1 (full 0):
 garbage-first heap   total 129024K, used 4280K [0x0000000084c00000, 0x0000000100000000)
  region size 1024K, 3 young (3072K), 3 survivors (3072K)
 Metaspace       used 5987K, committed 6144K, reserved 1114112K
  class space    used 690K, committed 768K, reserved 1048576K
}
Event: 3.299 GC heap before
{Heap before GC invocations=1 (full 0):
 garbage-first heap   total 129024K, used 53432K [0x0000000084c00000, 0x0000000100000000)
  region size 1024K, 51 young (52224K), 3 survivors (3072K)
 Metaspace       used 15465K, committed 15744K, reserved 1114112K
  class space    used 1801K, committed 1920K, reserved 1048576K
}
Event: 3.304 GC heap after
{Heap after GC invocations=2 (full 0):
 garbage-first heap   total 129024K, used 8376K [0x0000000084c00000, 0x0000000100000000)
  region size 1024K, 7 young (7168K), 7 survivors (7168K)
 Metaspace       used 15465K, committed 15744K, reserved 1114112K
  class space    used 1801K, committed 1920K, reserved 1048576K
}
Event: 3.847 GC heap before
{Heap before GC invocations=2 (full 0):
 garbage-first heap   total 129024K, used 76984K [0x0000000084c00000, 0x0000000100000000)
  region size 1024K, 74 young (75776K), 7 survivors (7168K)
 Metaspace       used 17604K, committed 17856K, reserved 1114112K
  class space    used 1973K, committed 2112K, reserved 1048576K
}
Event: 3.854 GC heap after
{Heap after GC invocations=3 (full 0):
 garbage-first heap   total 129024K, used 13341K [0x0000000084c00000, 0x0000000100000000)
  region size 1024K, 9 young (9216K), 9 survivors (9216K)
 Metaspace       used 17604K, committed 17856K, reserved 1114112K
  class space    used 1973K, committed 2112K, reserved 1048576K
}
Event: 4.000 GC heap before
{Heap before GC invocations=3 (full 0):
 garbage-first heap   total 129024K, used 29725K [0x0000000084c00000, 0x0000000100000000)
  region size 1024K, 26 young (26624K), 9 survivors (9216K)
 Metaspace       used 21204K, committed 21504K, reserved 1114112K
  class space    used 2426K, committed 2560K, reserved 1048576K
}
Event: 4.004 GC heap after
{Heap after GC invocations=4 (full 0):
 garbage-first heap   total 129024K, used 14813K [0x0000000084c00000, 0x0000000100000000)
  region size 1024K, 7 young (7168K), 7 survivors (7168K)
 Metaspace       used 21204K, committed 21504K, reserved 1114112K
  class space    used 2426K, committed 2560K, reserved 1048576K
}
Event: 4.407 GC heap before
{Heap before GC invocations=5 (full 0):
 garbage-first heap   total 58368K, used 56797K [0x0000000084c00000, 0x0000000100000000)
  region size 1024K, 47 young (48128K), 7 survivors (7168K)
 Metaspace       used 28144K, committed 28480K, reserved 1114112K
  class space    used 3148K, committed 3328K, reserved 1048576K
}
Event: 4.417 GC heap after
{Heap after GC invocations=6 (full 0):
 garbage-first heap   total 73728K, used 24541K [0x0000000084c00000, 0x0000000100000000)
  region size 1024K, 10 young (10240K), 10 survivors (10240K)
 Metaspace       used 28144K, committed 28480K, reserved 1114112K
  class space    used 3148K, committed 3328K, reserved 1048576K
}
Event: 4.930 GC heap before
{Heap before GC invocations=6 (full 0):
 garbage-first heap   total 73728K, used 56285K [0x0000000084c00000, 0x0000000100000000)
  region size 1024K, 42 young (43008K), 10 survivors (10240K)
 Metaspace       used 34998K, committed 35456K, reserved 1114112K
  class space    used 4133K, committed 4352K, reserved 1048576K
}
Event: 4.934 GC heap after
{Heap after GC invocations=7 (full 0):
 garbage-first heap   total 73728K, used 23909K [0x0000000084c00000, 0x0000000100000000)
  region size 1024K, 5 young (5120K), 5 survivors (5120K)
 Metaspace       used 34998K, committed 35456K, reserved 1114112K
  class space    used 4133K, committed 4352K, reserved 1048576K
}
Event: 4.974 GC heap before
{Heap before GC invocations=7 (full 0):
 garbage-first heap   total 73728K, used 25957K [0x0000000084c00000, 0x0000000100000000)
  region size 1024K, 8 young (8192K), 5 survivors (5120K)
 Metaspace       used 35868K, committed 36288K, reserved 1114112K
  class space    used 4261K, committed 4480K, reserved 1048576K
}
Event: 4.976 GC heap after
{Heap after GC invocations=8 (full 0):
 garbage-first heap   total 73728K, used 23947K [0x0000000084c00000, 0x0000000100000000)
  region size 1024K, 1 young (1024K), 1 survivors (1024K)
 Metaspace       used 35868K, committed 36288K, reserved 1114112K
  class space    used 4261K, committed 4480K, reserved 1048576K
}

