# JRE version: OpenJDK Runtime Environment (21.0.2+13) (build 21.0.2+13-Ubuntu-122.04.1)
# Java VM: OpenJDK 64-Bit Server VM (21.0.2+13-Ubuntu-122.04.1, mixed mode, sharing, tiered, compressed oops, compressed class ptrs, g1 gc, linux-amd64)
Heap:
 garbage-first heap   total 73728K, used 50425K [0x0000000084c00000, 0x0000000100000000)
  region size 1024K, 18 young (18432K), 1 survivors (1024K)
 Metaspace       used 40717K, committed 41216K, reserved 1114112K
  class space    used 4965K, committed 5184K, reserved 1048576K
GC Heap History (14 events):
Event: 1.334 GC heap before
{Heap before GC invocations=0 (full 0):
 garbage-first heap   total 129024K, used 23581K [0x0000000084c00000, 0x0000000100000000)
  region size 1024K, 23 young (23552K), 0 survivors (0K)
 Metaspace       used 6082K, committed 6208K, reserved 1114112K
  class space    used 700K, committed 768K, reserved 1048576K
}
Event: 1.338 GC heap after
{Heap after GC invocations=1 (full 0):
 garbage-first heap   total 129024K, used 4449K [0x0000000084c00000, 0x0000000100000000)
  region size 1024K, 3 young (3072K), 3 survivors (3072K)
 Metaspace       used 6082K, committed 6208K, reserved 1114112K
  class space    used 700K, committed 768K, reserved 1048576K
}
Event: 3.354 GC heap before
{Heap before GC invocations=1 (full 0):
 garbage-first heap   total 129024K, used 52577K [0x0000000084c00000, 0x0000000100000000)
  region size 1024K, 51 young (52224K), 3 survivors (3072K)
 Metaspace       used 15528K, committed 15808K, reserved 1114112K
  class space    used 1809K, committed 1920K, reserved 1048576K
}
Event: 3.360 GC heap after
{Heap after GC invocations=2 (full 0):
 garbage-first heap   total 129024K, used 8192K [0x0000000084c00000, 0x0000000100000000)
  region size 1024K, 7 young (7168K), 7 survivors (7168K)
 Metaspace       used 15528K, committed 15808K, reserved 1114112K
  class space    used 1809K, committed 1920K, reserved 1048576K
}
Event: 3.880 GC heap before
{Heap before GC invocations=2 (full 0):
 garbage-first heap   total 129024K, used 76800K [0x0000000084c00000, 0x0000000100000000)
  region size 1024K, 74 young (75776K), 7 survivors (7168K)
 Metaspace       used 17606K, committed 17920K, reserved 1114112K
  class space    used 1973K, committed 2112K, reserved 1048576K
}
Event: 3.889 GC heap after
{Heap after GC invocations=3 (full 0):
 garbage-first heap   total 129024K, used 13122K [0x0000000084c00000, 0x0000000100000000)
  region size 1024K, 9 young (9216K), 9 survivors (9216K)
 Metaspace       used 17606K, committed 17920K, reserved 1114112K
  class space    used 1973K, committed 2112K, reserved 1048576K
}
Event: 4.046 GC heap before
{Heap before GC invocations=3 (full 0):
 garbage-first heap   total 129024K, used 29506K [0x0000000084c00000, 0x0000000100000000)
  region size 1024K, 26 young (26624K), 9 survivors (9216K)
 Metaspace       used 21187K, committed 21504K, reserved 1114112K
  class space    used 2427K, committed 2560K, reserved 1048576K
}
Event: 4.053 GC heap after
{Heap after GC invocations=4 (full 0):
 garbage-first heap   total 129024K, used 14770K [0x0000000084c00000, 0x0000000100000000)
  region size 1024K, 7 young (7168K), 7 survivors (7168K)
 Metaspace       used 21187K, committed 21504K, reserved 1114112K
  class space    used 2427K, committed 2560K, reserved 1048576K
}
Event: 4.549 GC heap before
{Heap before GC invocations=5 (full 0):
 garbage-first heap   total 58368K, used 56754K [0x0000000084c00000, 0x0000000100000000)
  region size 1024K, 47 young (48128K), 7 survivors (7168K)
 Metaspace       used 28460K, committed 28800K, reserved 1114112K
  class space    used 3169K, committed 3328K, reserved 1048576K
}
Event: 4.563 GC heap after
{Heap after GC invocations=6 (full 0):
 garbage-first heap   total 73728K, used 24306K [0x0000000084c00000, 0x0000000100000000)
  region size 1024K, 10 young (10240K), 10 survivors (10240K)
 Metaspace       used 28460K, committed 28800K, reserved 1114112K
  class space    used 3169K, committed 3328K, reserved 1048576K
}
Event: 5.132 GC heap before
{Heap before GC invocations=6 (full 0):
 garbage-first heap   total 73728K, used 54002K [0x0000000084c00000, 0x0000000100000000)
  region size 1024K, 41 young (41984K), 10 survivors (10240K)
 Metaspace       used 35761K, committed 36160K, reserved 1114112K
  class space    used 4276K, committed 4480K, reserved 1048576K
}
Event: 5.136 GC heap after
{Heap after GC invocations=7 (full 0):
 garbage-first heap   total 73728K, used 23705K [0x0000000084c00000, 0x0000000100000000)
  region size 1024K, 5 young (5120K), 5 survivors (5120K)
 Metaspace       used 35761K, committed 36160K, reserved 1114112K
  class space    used 4276K, committed 4480K, reserved 1048576K
}
Event: 5.149 GC heap before
{Heap before GC invocations=7 (full 0):
 garbage-first heap   total 73728K, used 24729K [0x0000000084c00000, 0x0000000100000000)
  region size 1024K, 7 young (7168K), 5 survivors (5120K)
 Metaspace       used 36076K, committed 36480K, reserved 1114112K
  class space    used 4314K, committed 4480K, reserved 1048576K
}
Event: 5.151 GC heap after
{Heap after GC invocations=8 (full 0):
 garbage-first heap   total 73728K, used 23801K [0x0000000084c00000, 0x0000000100000000)
  region size 1024K, 1 young (1024K), 1 survivors (1024K)
 Metaspace       used 36076K, committed 36480K, reserved 1114112K
  class space    used 4314K, committed 4480K, reserved 1048576K
}

