# JRE version: OpenJDK Runtime Environment (21.0.2+13) (build 21.0.2+13-Ubuntu-122.04.1)
# Java VM: OpenJDK 64-Bit Server VM (21.0.2+13-Ubuntu-122.04.1, mixed mode, sharing, tiered, compressed oops, compressed class ptrs, g1 gc, linux-amd64)
Heap:
 garbage-first heap   total 74752K, used 50984K [0x0000000084c00000, 0x0000000100000000)
  region size 1024K, 18 young (18432K), 1 survivors (1024K)
 Metaspace       used 40506K, committed 41024K, reserved 1114112K
  class space    used 4956K, committed 5184K, reserved 1048576K
GC Heap History (14 events):
Event: 1.249 GC heap before
{Heap before GC invocations=0 (full 0):
 garbage-first heap   total 129024K, used 23581K [0x0000000084c00000, 0x0000000100000000)
  region size 1024K, 23 young (23552K), 0 survivors (0K)
 Metaspace       used 5987K, committed 6144K, reserved 1114112K
  class space    used 690K, committed 768K, reserved 1048576K
}
Event: 1.252 GC heap after
{Heap after GC invocations=1 (full 0):
 garbage-first heap   total 129024K, used 4229K [0x0000000084c00000, 0x0000000100000000)
  region size 1024K, 3 young (3072K), 3 survivors (3072K)
 Metaspace       used 5987K, committed 6144K, reserved 1114112K
  class space    used 690K, committed 768K, reserved 1048576K
}
Event: 3.373 GC heap before
{Heap before GC invocations=1 (full 0):
 garbage-first heap   total 129024K, used 52357K [0x0000000084c00000, 0x0000000100000000)
  region size 1024K, 51 young (52224K), 3 survivors (3072K)
 Metaspace       used 15456K, committed 15744K, reserved 1114112K
  class space    used 1800K, committed 1920K, reserved 1048576K
}
Event: 3.378 GC heap after
{Heap after GC invocations=2 (full 0):
 garbage-first heap   total 129024K, used 8325K [0x0000000084c00000, 0x0000000100000000)
  region size 1024K, 7 young (7168K), 7 survivors (7168K)
 Metaspace       used 15456K, committed 15744K, reserved 1114112K
  class space    used 1800K, committed 1920K, reserved 1048576K
}
Event: 3.881 GC heap before
{Heap before GC invocations=2 (full 0):
 garbage-first heap   total 129024K, used 76933K [0x0000000084c00000, 0x0000000100000000)
  region size 1024K, 74 young (75776K), 7 survivors (7168K)
 Metaspace       used 17600K, committed 17856K, reserved 1114112K
  class space    used 1973K, committed 2112K, reserved 1048576K
}
Event: 3.888 GC heap after
{Heap after GC invocations=3 (full 0):
 garbage-first heap   total 129024K, used 13152K [0x0000000084c00000, 0x0000000100000000)
  region size 1024K, 9 young (9216K), 9 survivors (9216K)
 Metaspace       used 17600K, committed 17856K, reserved 1114112K
  class space    used 1973K, committed 2112K, reserved 1048576K
}
Event: 4.029 GC heap before
{Heap before GC invocations=3 (full 0):
 garbage-first heap   total 129024K, used 31584K [0x0000000084c00000, 0x0000000100000000)
  region size 1024K, 28 young (28672K), 9 survivors (9216K)
 Metaspace       used 21261K, committed 21504K, reserved 1114112K
  class space    used 2428K, committed 2560K, reserved 1048576K
}
Event: 4.033 GC heap after
{Heap after GC invocations=4 (full 0):
 garbage-first heap   total 129024K, used 15103K [0x0000000084c00000, 0x0000000100000000)
  region size 1024K, 7 young (7168K), 7 survivors (7168K)
 Metaspace       used 21261K, committed 21504K, reserved 1114112K
  class space    used 2428K, committed 2560K, reserved 1048576K
}
Event: 4.489 GC heap before
{Heap before GC invocations=5 (full 0):
 garbage-first heap   total 58368K, used 57087K [0x0000000084c00000, 0x0000000100000000)
  region size 1024K, 47 young (48128K), 7 survivors (7168K)
 Metaspace       used 28391K, committed 28736K, reserved 1114112K
  class space    used 3167K, committed 3328K, reserved 1048576K
}
Event: 4.499 GC heap after
{Heap after GC invocations=6 (full 0):
 garbage-first heap   total 74752K, used 24633K [0x0000000084c00000, 0x0000000100000000)
  region size 1024K, 10 young (10240K), 10 survivors (10240K)
 Metaspace       used 28391K, committed 28736K, reserved 1114112K
  class space    used 3167K, committed 3328K, reserved 1048576K
}
Event: 5.028 GC heap before
{Heap before GC invocations=6 (full 0):
 garbage-first heap   total 74752K, used 56377K [0x0000000084c00000, 0x0000000100000000)
  region size 1024K, 42 young (43008K), 10 survivors (10240K)
 Metaspace       used 35750K, committed 36096K, reserved 1114112K
  class space    used 4270K, committed 4416K, reserved 1048576K
}
Event: 5.032 GC heap after
{Heap after GC invocations=7 (full 0):
 garbage-first heap   total 74752K, used 23938K [0x0000000084c00000, 0x0000000100000000)
  region size 1024K, 4 young (4096K), 4 survivors (4096K)
 Metaspace       used 35750K, committed 36096K, reserved 1114112K
  class space    used 4270K, committed 4416K, reserved 1048576K
}
Event: 5.036 GC heap before
{Heap before GC invocations=7 (full 0):
 garbage-first heap   total 74752K, used 23938K [0x0000000084c00000, 0x0000000100000000)
  region size 1024K, 5 young (5120K), 4 survivors (4096K)
 Metaspace       used 35899K, committed 36288K, reserved 1114112K
  class space    used 4286K, committed 4480K, reserved 1048576K
}
Event: 5.037 GC heap after
{Heap after GC invocations=8 (full 0):
 garbage-first heap   total 74752K, used 24360K [0x0000000084c00000, 0x0000000100000000)
  region size 1024K, 1 young (1024K), 1 survivors (1024K)
 Metaspace       used 35899K, committed 36288K, reserved 1114112K
  class space    used 4286K, committed 4480K, reserved 1048576K
}

