# JRE version: OpenJDK Runtime Environment (21.0.2+13) (build 21.0.2+13-Ubuntu-122.04.1)
# Java VM: OpenJDK 64-Bit Server VM (21.0.2+13-Ubuntu-122.04.1, mixed mode, sharing, tiered, compressed oops, compressed class ptrs, g1 gc, linux-amd64)
Heap:
 garbage-first heap   total 74752K, used 51918K [0x0000000084c00000, 0x0000000100000000)
  region size 1024K, 20 young (20480K), 1 survivors (1024K)
 Metaspace       used 40752K, committed 41216K, reserved 1114112K
  class space    used 4909K, committed 5120K, reserved 1048576K
GC Heap History (14 events):
Event: 1.342 GC heap before
{Heap before GC invocations=0 (full 0):
 garbage-first heap   total 129024K, used 23581K [0x0000000084c00000, 0x0000000100000000)
  region size 1024K, 23 young (23552K), 0 survivors (0K)
 Metaspace       used 5984K, committed 6144K, reserved 1114112K
  class space    used 690K, committed 768K, reserved 1048576K
}
Event: 1.345 GC heap after
{Heap after GC invocations=1 (full 0):
 garbage-first heap   total 129024K, used 4272K [0x0000000084c00000, 0x0000000100000000)
  region size 1024K, 3 young (3072K), 3 survivors (3072K)
 Metaspace       used 5984K, committed 6144K, reserved 1114112K
  class space    used 690K, committed 768K, reserved 1048576K
}
Event: 3.731 GC heap before
{Heap before GC invocations=1 (full 0):
 garbage-first heap   total 129024K, used 53424K [0x0000000084c00000, 0x0000000100000000)
  region size 1024K, 51 young (52224K), 3 survivors (3072K)
 Metaspace       used 15553K, committed 15808K, reserved 1114112K
  class space    used 1816K, committed 1920K, reserved 1048576K
}
Event: 3.737 GC heap after
{Heap after GC invocations=2 (full 0):
 garbage-first heap   total 129024K, used 8368K [0x0000000084c00000, 0x0000000100000000)
  region size 1024K, 7 young (7168K), 7 survivors (7168K)
 Metaspace       used 15553K, committed 15808K, reserved 1114112K
  class space    used 1816K, committed 1920K, reserved 1048576K
}
Event: 4.283 GC heap before
{Heap before GC invocations=2 (full 0):
 garbage-first heap   total 129024K, used 76976K [0x0000000084c00000, 0x0000000100000000)
  region size 1024K, 74 young (75776K), 7 survivors (7168K)
 Metaspace       used 17604K, committed 17920K, reserved 1114112K
  class space    used 1973K, committed 2112K, reserved 1048576K
}
Event: 4.292 GC heap after
{Heap after GC invocations=3 (full 0):
 garbage-first heap   total 129024K, used 13340K [0x0000000084c00000, 0x0000000100000000)
  region size 1024K, 9 young (9216K), 9 survivors (9216K)
 Metaspace       used 17604K, committed 17920K, reserved 1114112K
  class space    used 1973K, committed 2112K, reserved 1048576K
}
Event: 4.434 GC heap before
{Heap before GC invocations=3 (full 0):
 garbage-first heap   total 129024K, used 28700K [0x0000000084c00000, 0x0000000100000000)
  region size 1024K, 25 young (25600K), 9 survivors (9216K)
 Metaspace       used 21195K, committed 21504K, reserved 1114112K
  class space    used 2428K, committed 2560K, reserved 1048576K
}
Event: 4.439 GC heap after
{Heap after GC invocations=4 (full 0):
 garbage-first heap   total 129024K, used 14678K [0x0000000084c00000, 0x0000000100000000)
  region size 1024K, 7 young (7168K), 7 survivors (7168K)
 Metaspace       used 21195K, committed 21504K, reserved 1114112K
  class space    used 2428K, committed 2560K, reserved 1048576K
}
Event: 4.847 GC heap before
{Heap before GC invocations=5 (full 0):
 garbage-first heap   total 58368K, used 56662K [0x0000000084c00000, 0x0000000100000000)
  region size 1024K, 47 young (48128K), 7 survivors (7168K)
 Metaspace       used 28154K, committed 28544K, reserved 1114112K
  class space    used 3148K, committed 3328K, reserved 1048576K
}
Event: 4.858 GC heap after
{Heap after GC invocations=6 (full 0):
 garbage-first heap   total 74752K, used 24729K [0x0000000084c00000, 0x0000000100000000)
  region size 1024K, 10 young (10240K), 10 survivors (10240K)
 Metaspace       used 28154K, committed 28544K, reserved 1114112K
  class space    used 3148K, committed 3328K, reserved 1048576K
}
Event: 5.400 GC heap before
{Heap before GC invocations=6 (full 0):
 garbage-first heap   total 74752K, used 56473K [0x0000000084c00000, 0x0000000100000000)
  region size 1024K, 42 young (43008K), 10 survivors (10240K)
 Metaspace       used 35252K, committed 35712K, reserved 1114112K
  class space    used 4175K, committed 4352K, reserved 1048576K
}
Event: 5.404 GC heap after
{Heap after GC invocations=7 (full 0):
 garbage-first heap   total 74752K, used 23938K [0x0000000084c00000, 0x0000000100000000)
  region size 1024K, 4 young (4096K), 4 survivors (4096K)
 Metaspace       used 35252K, committed 35712K, reserved 1114112K
  class space    used 4175K, committed 4352K, reserved 1048576K
}
Event: 5.436 GC heap before
{Heap before GC invocations=7 (full 0):
 garbage-first heap   total 74752K, used 24962K [0x0000000084c00000, 0x0000000100000000)
  region size 1024K, 6 young (6144K), 4 survivors (4096K)
 Metaspace       used 35856K, committed 36288K, reserved 1114112K
  class space    used 4261K, committed 4480K, reserved 1048576K
}
Event: 5.438 GC heap after
{Heap after GC invocations=8 (full 0):
 garbage-first heap   total 74752K, used 24270K [0x0000000084c00000, 0x0000000100000000)
  region size 1024K, 1 young (1024K), 1 survivors (1024K)
 Metaspace       used 35856K, committed 36288K, reserved 1114112K
  class space    used 4261K, committed 4480K, reserved 1048576K
}

