# JRE version: OpenJDK Runtime Environment (21.0.2+13) (build 21.0.2+13-Ubuntu-122.04.1)
# Java VM: OpenJDK 64-Bit Server VM (21.0.2+13-Ubuntu-122.04.1, mixed mode, sharing, tiered, compressed oops, compressed class ptrs, g1 gc, linux-amd64)
Heap:
 garbage-first heap   total 77824K, used 50719K [0x0000000084c00000, 0x0000000100000000)
  region size 1024K, 17 young (17408K), 1 survivors (1024K)
 Metaspace       used 40574K, committed 41088K, reserved 1114112K
  class space    used 4970K, committed 5184K, reserved 1048576K
GC Heap History (14 events):
Event: 1.129 GC heap before
{Heap before GC invocations=0 (full 0):
 garbage-first heap   total 129024K, used 23581K [0x0000000084c00000, 0x0000000100000000)
  region size 1024K, 23 young (23552K), 0 survivors (0K)
 Metaspace       used 5987K, committed 6144K, reserved 1114112K
  class space    used 690K, committed 768K, reserved 1048576K
}
Event: 1.131 GC heap after
{Heap after GC invocations=1 (full 0):
 garbage-first heap   total 129024K, used 4299K [0x0000000084c00000, 0x0000000100000000)
  region size 1024K, 3 young (3072K), 3 survivors (3072K)
 Metaspace       used 5987K, committed 6144K, reserved 1114112K
  class space    used 690K, committed 768K, reserved 1048576K
}
Event: 3.254 GC heap before
{Heap before GC invocations=1 (full 0):
 garbage-first heap   total 129024K, used 53451K [0x0000000084c00000, 0x0000000100000000)
  region size 1024K, 51 young (52224K), 3 survivors (3072K)
 Metaspace       used 15510K, committed 15744K, reserved 1114112K
  class space    used 1806K, committed 1920K, reserved 1048576K
}
Event: 3.259 GC heap after
{Heap after GC invocations=2 (full 0):
 garbage-first heap   total 129024K, used 8232K [0x0000000084c00000, 0x0000000100000000)
  region size 1024K, 7 young (7168K), 7 survivors (7168K)
 Metaspace       used 15510K, committed 15744K, reserved 1114112K
  class space    used 1806K, committed 1920K, reserved 1048576K
}
Event: 3.788 GC heap before
{Heap before GC invocations=2 (full 0):
 garbage-first heap   total 129024K, used 76840K [0x0000000084c00000, 0x0000000100000000)
  region size 1024K, 74 young (75776K), 7 survivors (7168K)
 Metaspace       used 17605K, committed 17920K, reserved 1114112K
  class space    used 1973K, committed 2112K, reserved 1048576K
}
Event: 3.796 GC heap after
{Heap after GC invocations=3 (full 0):
 garbage-first heap   total 129024K, used 13470K [0x0000000084c00000, 0x0000000100000000)
  region size 1024K, 9 young (9216K), 9 survivors (9216K)
 Metaspace       used 17605K, committed 17920K, reserved 1114112K
  class space    used 1973K, committed 2112K, reserved 1048576K
}
Event: 3.942 GC heap before
{Heap before GC invocations=3 (full 0):
 garbage-first heap   total 129024K, used 29854K [0x0000000084c00000, 0x0000000100000000)
  region size 1024K, 26 young (26624K), 9 survivors (9216K)
 Metaspace       used 21242K, committed 21504K, reserved 1114112K
  class space    used 2428K, committed 2560K, reserved 1048576K
}
Event: 3.947 GC heap after
{Heap after GC invocations=4 (full 0):
 garbage-first heap   total 129024K, used 14857K [0x0000000084c00000, 0x0000000100000000)
  region size 1024K, 7 young (7168K), 7 survivors (7168K)
 Metaspace       used 21242K, committed 21504K, reserved 1114112K
  class space    used 2428K, committed 2560K, reserved 1048576K
}
Event: 4.449 GC heap before
{Heap before GC invocations=5 (full 0):
 garbage-first heap   total 61440K, used 58889K [0x0000000084c00000, 0x0000000100000000)
  region size 1024K, 49 young (50176K), 7 survivors (7168K)
 Metaspace       used 28584K, committed 28928K, reserved 1114112K
  class space    used 3182K, committed 3328K, reserved 1048576K
}
Event: 4.459 GC heap after
{Heap after GC invocations=6 (full 0):
 garbage-first heap   total 77824K, used 25092K [0x0000000084c00000, 0x0000000100000000)
  region size 1024K, 10 young (10240K), 10 survivors (10240K)
 Metaspace       used 28584K, committed 28928K, reserved 1114112K
  class space    used 3182K, committed 3328K, reserved 1048576K
}
Event: 4.958 GC heap before
{Heap before GC invocations=6 (full 0):
 garbage-first heap   total 77824K, used 53764K [0x0000000084c00000, 0x0000000100000000)
  region size 1024K, 40 young (40960K), 10 survivors (10240K)
 Metaspace       used 35747K, committed 36160K, reserved 1114112K
  class space    used 4277K, committed 4480K, reserved 1048576K
}
Event: 4.963 GC heap after
{Heap after GC invocations=7 (full 0):
 garbage-first heap   total 77824K, used 24994K [0x0000000084c00000, 0x0000000100000000)
  region size 1024K, 5 young (5120K), 5 survivors (5120K)
 Metaspace       used 35747K, committed 36160K, reserved 1114112K
  class space    used 4277K, committed 4480K, reserved 1048576K
}
Event: 4.973 GC heap before
{Heap before GC invocations=7 (full 0):
 garbage-first heap   total 77824K, used 24994K [0x0000000084c00000, 0x0000000100000000)
  region size 1024K, 6 young (6144K), 5 survivors (5120K)
 Metaspace       used 36073K, committed 36480K, reserved 1114112K
  class space    used 4314K, committed 4480K, reserved 1048576K
}
Event: 4.975 GC heap after
{Heap after GC invocations=8 (full 0):
 garbage-first heap   total 77824K, used 25119K [0x0000000084c00000, 0x0000000100000000)
  region size 1024K, 1 young (1024K), 1 survivors (1024K)
 Metaspace       used 36073K, committed 36480K, reserved 1114112K
  class space    used 4314K, committed 4480K, reserved 1048576K
}

