# JRE version: OpenJDK Runtime Environment (21.0.2+13) (build 21.0.2+13-Ubuntu-122.04.1)
# Java VM: OpenJDK 64-Bit Server VM (21.0.2+13-Ubuntu-122.04.1, mixed mode, sharing, tiered, compressed oops, compressed class ptrs, g1 gc, linux-amd64)
Heap:
 garbage-first heap   total 91136K, used 55609K [0x0000000084c00000, 0x0000000100000000)
  region size 1024K, 23 young (23552K), 5 survivors (5120K)
 Metaspace       used 48277K, committed 48832K, reserved 1114112K
  class space    used 5719K, committed 5952K, reserved 1048576K
GC Heap History (16 events):
Event: 1.319 GC heap before
{Heap before GC invocations=0 (full 0):
 garbage-first heap   total 129024K, used 23581K [0x0000000084c00000, 0x0000000100000000)
  region size 1024K, 23 young (23552K), 0 survivors (0K)
 Metaspace       used 5987K, committed 6144K, reserved 1114112K
  class space    used 690K, committed 768K, reserved 1048576K
}
Event: 1.321 GC heap after
{Heap after GC invocations=1 (full 0):
 garbage-first heap   total 129024K, used 4272K [0x0000000084c00000, 0x0000000100000000)
  region size 1024K, 3 young (3072K), 3 survivors (3072K)
 Metaspace       used 5987K, committed 6144K, reserved 1114112K
  class space    used 690K, committed 768K, reserved 1048576K
}
Event: 3.640 GC heap before
{Heap before GC invocations=1 (full 0):
 garbage-first heap   total 129024K, used 53424K [0x0000000084c00000, 0x0000000100000000)
  region size 1024K, 51 young (52224K), 3 survivors (3072K)
 Metaspace       used 15520K, committed 15808K, reserved 1114112K
  class space    used 1807K, committed 1920K, reserved 1048576K
}
Event: 3.646 GC heap after
{Heap after GC invocations=2 (full 0):
 garbage-first heap   total 129024K, used 8368K [0x0000000084c00000, 0x0000000100000000)
  region size 1024K, 7 young (7168K), 7 survivors (7168K)
 Metaspace       used 15520K, committed 15808K, reserved 1114112K
  class space    used 1807K, committed 1920K, reserved 1048576K
}
Event: 4.176 GC heap before
{Heap before GC invocations=2 (full 0):
 garbage-first heap   total 129024K, used 76976K [0x0000000084c00000, 0x0000000100000000)
  region size 1024K, 74 young (75776K), 7 survivors (7168K)
 Metaspace       used 17612K, committed 17920K, reserved 1114112K
  class space    used 1973K, committed 2112K, reserved 1048576K
}
Event: 4.185 GC heap after
{Heap after GC invocations=3 (full 0):
 garbage-first heap   total 129024K, used 13192K [0x0000000084c00000, 0x0000000100000000)
  region size 1024K, 9 young (9216K), 9 survivors (9216K)
 Metaspace       used 17612K, committed 17920K, reserved 1114112K
  class space    used 1973K, committed 2112K, reserved 1048576K
}
Event: 4.323 GC heap before
{Heap before GC invocations=3 (full 0):
 garbage-first heap   total 129024K, used 28552K [0x0000000084c00000, 0x0000000100000000)
  region size 1024K, 25 young (25600K), 9 survivors (9216K)
 Metaspace       used 21191K, committed 21504K, reserved 1114112K
  class space    used 2426K, committed 2560K, reserved 1048576K
}
Event: 4.328 GC heap after
{Heap after GC invocations=4 (full 0):
 garbage-first heap   total 129024K, used 14877K [0x0000000084c00000, 0x0000000100000000)
  region size 1024K, 7 young (7168K), 7 survivors (7168K)
 Metaspace       used 21191K, committed 21504K, reserved 1114112K
  class space    used 2426K, committed 2560K, reserved 1048576K
}
Event: 4.746 GC heap before
{Heap before GC invocations=5 (full 0):
 garbage-first heap   total 58368K, used 56861K [0x0000000084c00000, 0x0000000100000000)
  region size 1024K, 47 young (48128K), 7 survivors (7168K)
 Metaspace       used 28258K, committed 28608K, reserved 1114112K
  class space    used 3168K, committed 3328K, reserved 1048576K
}
Event: 4.756 GC heap after
{Heap after GC invocations=6 (full 0):
 garbage-first heap   total 73728K, used 24605K [0x0000000084c00000, 0x0000000100000000)
  region size 1024K, 10 young (10240K), 10 survivors (10240K)
 Metaspace       used 28258K, committed 28608K, reserved 1114112K
  class space    used 3168K, committed 3328K, reserved 1048576K
}
Event: 5.447 GC heap before
{Heap before GC invocations=6 (full 0):
 garbage-first heap   total 73728K, used 47133K [0x0000000084c00000, 0x0000000100000000)
  region size 1024K, 33 young (33792K), 10 survivors (10240K)
 Metaspace       used 35917K, committed 36288K, reserved 1114112K
  class space    used 4032K, committed 4224K, reserved 1048576K
}
Event: 5.454 GC heap after
{Heap after GC invocations=7 (full 0):
 garbage-first heap   total 73728K, used 23552K [0x0000000084c00000, 0x0000000100000000)
  region size 1024K, 4 young (4096K), 4 survivors (4096K)
 Metaspace       used 35917K, committed 36288K, reserved 1114112K
  class space    used 4032K, committed 4224K, reserved 1048576K
}
Event: 5.468 GC heap before
{Heap before GC invocations=7 (full 0):
 garbage-first heap   total 73728K, used 23552K [0x0000000084c00000, 0x0000000100000000)
  region size 1024K, 5 young (5120K), 4 survivors (4096K)
 Metaspace       used 36238K, committed 36608K, reserved 1114112K
  class space    used 4076K, committed 4288K, reserved 1048576K
}
Event: 5.471 GC heap after
{Heap after GC invocations=8 (full 0):
 garbage-first heap   total 73728K, used 24353K [0x0000000084c00000, 0x0000000100000000)
  region size 1024K, 1 young (1024K), 1 survivors (1024K)
 Metaspace       used 36238K, committed 36608K, reserved 1114112K
  class space    used 4076K, committed 4288K, reserved 1048576K
}
Event: 6.537 GC heap before
{Heap before GC invocations=9 (full 0):
 garbage-first heap   total 73728K, used 60193K [0x0000000084c00000, 0x0000000100000000)
  region size 1024K, 37 young (37888K), 1 survivors (1024K)
 Metaspace       used 43989K, committed 44480K, reserved 1114112K
  class space    used 5218K, committed 5440K, reserved 1048576K
}
Event: 6.540 GC heap after
{Heap after GC invocations=10 (full 0):
 garbage-first heap   total 91136K, used 27961K [0x0000000084c00000, 0x0000000100000000)
  region size 1024K, 5 young (5120K), 5 survivors (5120K)
 Metaspace       used 43989K, committed 44480K, reserved 1114112K
  class space    used 5218K, committed 5440K, reserved 1048576K
}

