# JRE version: OpenJDK Runtime Environment (21.0.2+13) (build 21.0.2+13-Ubuntu-122.04.1)
# Java VM: OpenJDK 64-Bit Server VM (21.0.2+13-Ubuntu-122.04.1, mixed mode, sharing, tiered, compressed oops, compressed class ptrs, g1 gc, linux-amd64)
Heap:
 garbage-first heap   total 252928K, used 248341K [0x0000000084c00000, 0x0000000100000000)
  region size 1024K, 17 young (17408K), 3 survivors (3072K)
 Metaspace       used 43089K, committed 43584K, reserved 1114112K
  class space    used 5334K, committed 5568K, reserved 1048576K
GC Heap History (16 events):
Event: 1.167 GC heap before
{Heap before GC invocations=0 (full 0):
 garbage-first heap   total 129024K, used 23581K [0x0000000084c00000, 0x0000000100000000)
  region size 1024K, 23 young (23552K), 0 survivors (0K)
 Metaspace       used 5986K, committed 6144K, reserved 1114112K
  class space    used 690K, committed 768K, reserved 1048576K
}
Event: 1.170 GC heap after
{Heap after GC invocations=1 (full 0):
 garbage-first heap   total 129024K, used 4229K [0x0000000084c00000, 0x0000000100000000)
  region size 1024K, 3 young (3072K), 3 survivors (3072K)
 Metaspace       used 5986K, committed 6144K, reserved 1114112K
  class space    used 690K, committed 768K, reserved 1048576K
}
Event: 3.390 GC heap before
{Heap before GC invocations=1 (full 0):
 garbage-first heap   total 129024K, used 53381K [0x0000000084c00000, 0x0000000100000000)
  region size 1024K, 51 young (52224K), 3 survivors (3072K)
 Metaspace       used 15518K, committed 15808K, reserved 1114112K
  class space    used 1806K, committed 1920K, reserved 1048576K
}
Event: 3.396 GC heap after
{Heap after GC invocations=2 (full 0):
 garbage-first heap   total 129024K, used 8325K [0x0000000084c00000, 0x0000000100000000)
  region size 1024K, 7 young (7168K), 7 survivors (7168K)
 Metaspace       used 15518K, committed 15808K, reserved 1114112K
  class space    used 1806K, committed 1920K, reserved 1048576K
}
Event: 3.898 GC heap before
{Heap before GC invocations=2 (full 0):
 garbage-first heap   total 129024K, used 76933K [0x0000000084c00000, 0x0000000100000000)
  region size 1024K, 74 young (75776K), 7 survivors (7168K)
 Metaspace       used 17746K, committed 18048K, reserved 1114112K
  class space    used 1986K, committed 2112K, reserved 1048576K
}
Event: 3.905 GC heap after
{Heap after GC invocations=3 (full 0):
 garbage-first heap   total 129024K, used 13285K [0x0000000084c00000, 0x0000000100000000)
  region size 1024K, 9 young (9216K), 9 survivors (9216K)
 Metaspace       used 17746K, committed 18048K, reserved 1114112K
  class space    used 1986K, committed 2112K, reserved 1048576K
}
Event: 4.032 GC heap before
{Heap before GC invocations=3 (full 0):
 garbage-first heap   total 129024K, used 29669K [0x0000000084c00000, 0x0000000100000000)
  region size 1024K, 26 young (26624K), 9 survivors (9216K)
 Metaspace       used 21227K, committed 21504K, reserved 1114112K
  class space    used 2413K, committed 2560K, reserved 1048576K
}
Event: 4.037 GC heap after
{Heap after GC invocations=4 (full 0):
 garbage-first heap   total 129024K, used 15568K [0x0000000084c00000, 0x0000000100000000)
  region size 1024K, 7 young (7168K), 7 survivors (7168K)
 Metaspace       used 21227K, committed 21504K, reserved 1114112K
  class space    used 2413K, committed 2560K, reserved 1048576K
}
Event: 4.503 GC heap before
{Heap before GC invocations=5 (full 0):
 garbage-first heap   total 61440K, used 59600K [0x0000000084c00000, 0x0000000100000000)
  region size 1024K, 49 young (50176K), 7 survivors (7168K)
 Metaspace       used 28742K, committed 29120K, reserved 1114112K
  class space    used 3219K, committed 3392K, reserved 1048576K
}
Event: 4.514 GC heap after
{Heap after GC invocations=6 (full 0):
 garbage-first heap   total 77824K, used 25097K [0x0000000084c00000, 0x0000000100000000)
  region size 1024K, 10 young (10240K), 10 survivors (10240K)
 Metaspace       used 28742K, committed 29120K, reserved 1114112K
  class space    used 3219K, committed 3392K, reserved 1048576K
}
Event: 5.080 GC heap before
{Heap before GC invocations=6 (full 0):
 garbage-first heap   total 77824K, used 58889K [0x0000000084c00000, 0x0000000100000000)
  region size 1024K, 44 young (45056K), 10 survivors (10240K)
 Metaspace       used 34627K, committed 35008K, reserved 1114112K
  class space    used 3985K, committed 4160K, reserved 1048576K
}
Event: 5.085 GC heap after
{Heap after GC invocations=7 (full 0):
 garbage-first heap   total 77824K, used 29575K [0x0000000084c00000, 0x0000000100000000)
  region size 1024K, 5 young (5120K), 5 survivors (5120K)
 Metaspace       used 34627K, committed 35008K, reserved 1114112K
  class space    used 3985K, committed 4160K, reserved 1048576K
}
Event: 5.162 GC heap before
{Heap before GC invocations=7 (full 0):
 garbage-first heap   total 77824K, used 39815K [0x0000000084c00000, 0x0000000100000000)
  region size 1024K, 8 young (8192K), 5 survivors (5120K)
 Metaspace       used 35687K, committed 36160K, reserved 1114112K
  class space    used 4232K, committed 4480K, reserved 1048576K
}
Event: 5.164 GC heap after
{Heap after GC invocations=8 (full 0):
 garbage-first heap   total 77824K, used 38696K [0x0000000084c00000, 0x0000000100000000)
  region size 1024K, 1 young (1024K), 1 survivors (1024K)
 Metaspace       used 35687K, committed 36160K, reserved 1114112K
  class space    used 4232K, committed 4480K, reserved 1048576K
}
Event: 8.288 GC heap before
{Heap before GC invocations=9 (full 0):
 garbage-first heap   total 159744K, used 157480K [0x0000000084c00000, 0x0000000100000000)
  region size 1024K, 20 young (20480K), 1 survivors (1024K)
 Metaspace       used 41807K, committed 42304K, reserved 1114112K
  class space    used 5258K, committed 5504K, reserved 1048576K
}
Event: 8.291 GC heap after
{Heap after GC invocations=10 (full 0):
 garbage-first heap   total 197632K, used 140821K [0x0000000084c00000, 0x0000000100000000)
  region size 1024K, 3 young (3072K), 3 survivors (3072K)
 Metaspace       used 41807K, committed 42304K, reserved 1114112K
  class space    used 5258K, committed 5504K, reserved 1048576K
}

