# JRE version: OpenJDK Runtime Environment (21.0.2+13) (build 21.0.2+13-Ubuntu-122.04.1)
# Java VM: OpenJDK 64-Bit Server VM (21.0.2+13-Ubuntu-122.04.1, mixed mode, sharing, tiered, compressed oops, compressed class ptrs, g1 gc, linux-amd64)
Heap:
 garbage-first heap   total 291840K, used 243698K [0x0000000084c00000, 0x0000000100000000)
  region size 1024K, 9 young (9216K), 5 survivors (5120K)
 Metaspace       used 43563K, committed 44032K, reserved 1114112K
  class space    used 5336K, committed 5568K, reserved 1048576K
GC Heap History (18 events):
Event: 1.229 GC heap before
{Heap before GC invocations=0 (full 0):
 garbage-first heap   total 129024K, used 23581K [0x0000000084c00000, 0x0000000100000000)
  region size 1024K, 23 young (23552K), 0 survivors (0K)
 Metaspace       used 5987K, committed 6144K, reserved 1114112K
  class space    used 690K, committed 768K, reserved 1048576K
}
Event: 1.232 GC heap after
{Heap after GC invocations=1 (full 0):
 garbage-first heap   total 129024K, used 4207K [0x0000000084c00000, 0x0000000100000000)
  region size 1024K, 3 young (3072K), 3 survivors (3072K)
 Metaspace       used 5987K, committed 6144K, reserved 1114112K
  class space    used 690K, committed 768K, reserved 1048576K
}
Event: 3.552 GC heap before
{Heap before GC invocations=1 (full 0):
 garbage-first heap   total 129024K, used 52335K [0x0000000084c00000, 0x0000000100000000)
  region size 1024K, 51 young (52224K), 3 survivors (3072K)
 Metaspace       used 15474K, committed 15744K, reserved 1114112K
  class space    used 1801K, committed 1920K, reserved 1048576K
}
Event: 3.559 GC heap after
{Heap after GC invocations=2 (full 0):
 garbage-first heap   total 129024K, used 8323K [0x0000000084c00000, 0x0000000100000000)
  region size 1024K, 7 young (7168K), 7 survivors (7168K)
 Metaspace       used 15474K, committed 15744K, reserved 1114112K
  class space    used 1801K, committed 1920K, reserved 1048576K
}
Event: 4.094 GC heap before
{Heap before GC invocations=2 (full 0):
 garbage-first heap   total 129024K, used 76931K [0x0000000084c00000, 0x0000000100000000)
  region size 1024K, 74 young (75776K), 7 survivors (7168K)
 Metaspace       used 17735K, committed 18048K, reserved 1114112K
  class space    used 1986K, committed 2112K, reserved 1048576K
}
Event: 4.102 GC heap after
{Heap after GC invocations=3 (full 0):
 garbage-first heap   total 129024K, used 13184K [0x0000000084c00000, 0x0000000100000000)
  region size 1024K, 9 young (9216K), 9 survivors (9216K)
 Metaspace       used 17735K, committed 18048K, reserved 1114112K
  class space    used 1986K, committed 2112K, reserved 1048576K
}
Event: 4.238 GC heap before
{Heap before GC invocations=3 (full 0):
 garbage-first heap   total 129024K, used 29568K [0x0000000084c00000, 0x0000000100000000)
  region size 1024K, 26 young (26624K), 9 survivors (9216K)
 Metaspace       used 21217K, committed 21504K, reserved 1114112K
  class space    used 2413K, committed 2560K, reserved 1048576K
}
Event: 4.243 GC heap after
{Heap after GC invocations=4 (full 0):
 garbage-first heap   total 129024K, used 14877K [0x0000000084c00000, 0x0000000100000000)
  region size 1024K, 7 young (7168K), 7 survivors (7168K)
 Metaspace       used 21217K, committed 21504K, reserved 1114112K
  class space    used 2413K, committed 2560K, reserved 1048576K
}
Event: 4.665 GC heap before
{Heap before GC invocations=5 (full 0):
 garbage-first heap   total 58368K, used 56861K [0x0000000084c00000, 0x0000000100000000)
  region size 1024K, 47 young (48128K), 7 survivors (7168K)
 Metaspace       used 27965K, committed 28352K, reserved 1114112K
  class space    used 3132K, committed 3328K, reserved 1048576K
}
Event: 4.682 GC heap after
{Heap after GC invocations=6 (full 0):
 garbage-first heap   total 74752K, used 24927K [0x0000000084c00000, 0x0000000100000000)
  region size 1024K, 10 young (10240K), 10 survivors (10240K)
 Metaspace       used 27965K, committed 28352K, reserved 1114112K
  class space    used 3132K, committed 3328K, reserved 1048576K
}
Event: 5.305 GC heap before
{Heap before GC invocations=6 (full 0):
 garbage-first heap   total 74752K, used 56671K [0x0000000084c00000, 0x0000000100000000)
  region size 1024K, 42 young (43008K), 10 survivors (10240K)
 Metaspace       used 33743K, committed 34176K, reserved 1114112K
  class space    used 3876K, committed 4032K, reserved 1048576K
}
Event: 5.311 GC heap after
{Heap after GC invocations=7 (full 0):
 garbage-first heap   total 74752K, used 28723K [0x0000000084c00000, 0x0000000100000000)
  region size 1024K, 4 young (4096K), 4 survivors (4096K)
 Metaspace       used 33743K, committed 34176K, reserved 1114112K
  class space    used 3876K, committed 4032K, reserved 1048576K
}
Event: 5.447 GC heap before
{Heap before GC invocations=7 (full 0):
 garbage-first heap   total 74752K, used 44083K [0x0000000084c00000, 0x0000000100000000)
  region size 1024K, 12 young (12288K), 4 survivors (4096K)
 Metaspace       used 35845K, committed 36288K, reserved 1114112K
  class space    used 4257K, committed 4480K, reserved 1048576K
}
Event: 5.449 GC heap after
{Heap after GC invocations=8 (full 0):
 garbage-first heap   total 74752K, used 38766K [0x0000000084c00000, 0x0000000100000000)
  region size 1024K, 2 young (2048K), 2 survivors (2048K)
 Metaspace       used 35845K, committed 36288K, reserved 1114112K
  class space    used 4257K, committed 4480K, reserved 1048576K
}
Event: 9.932 GC heap before
{Heap before GC invocations=9 (full 0):
 garbage-first heap   total 138240K, used 137070K [0x0000000084c00000, 0x0000000100000000)
  region size 1024K, 19 young (19456K), 2 survivors (2048K)
 Metaspace       used 41342K, committed 41856K, reserved 1114112K
  class space    used 5133K, committed 5376K, reserved 1048576K
}
Event: 9.936 GC heap after
{Heap after GC invocations=10 (full 0):
 garbage-first heap   total 171008K, used 122610K [0x0000000084c00000, 0x0000000100000000)
  region size 1024K, 4 young (4096K), 4 survivors (4096K)
 Metaspace       used 41342K, committed 41856K, reserved 1114112K
  class space    used 5133K, committed 5376K, reserved 1048576K
}
Event: 85.619 GC heap before
{Heap before GC invocations=10 (full 0):
 garbage-first heap   total 283648K, used 282354K [0x0000000084c00000, 0x0000000100000000)
  region size 1024K, 23 young (23552K), 4 survivors (4096K)
 Metaspace       used 43416K, committed 43968K, reserved 1114112K
  class space    used 5335K, committed 5568K, reserved 1048576K
}
Event: 85.624 GC heap after
{Heap after GC invocations=11 (full 0):
 garbage-first heap   total 291840K, used 240626K [0x0000000084c00000, 0x0000000100000000)
  region size 1024K, 5 young (5120K), 5 survivors (5120K)
 Metaspace       used 43416K, committed 43968K, reserved 1114112K
  class space    used 5335K, committed 5568K, reserved 1048576K
}

