# JRE version: OpenJDK Runtime Environment (21.0.2+13) (build 21.0.2+13-Ubuntu-122.04.1)
# Java VM: OpenJDK 64-Bit Server VM (21.0.2+13-Ubuntu-122.04.1, mixed mode, sharing, tiered, compressed oops, compressed class ptrs, g1 gc, linux-amd64)
Heap:
 garbage-first heap   total 248832K, used 232362K [0x0000000084c00000, 0x0000000100000000)
  region size 1024K, 19 young (19456K), 4 survivors (4096K)
 Metaspace       used 43499K, committed 44032K, reserved 1114112K
  class space    used 5343K, committed 5632K, reserved 1048576K
GC Heap History (16 events):
Event: 1.047 GC heap before
{Heap before GC invocations=0 (full 0):
 garbage-first heap   total 129024K, used 23581K [0x0000000084c00000, 0x0000000100000000)
  region size 1024K, 23 young (23552K), 0 survivors (0K)
 Metaspace       used 5986K, committed 6144K, reserved 1114112K
  class space    used 690K, committed 768K, reserved 1048576K
}
Event: 1.050 GC heap after
{Heap after GC invocations=1 (full 0):
 garbage-first heap   total 129024K, used 4229K [0x0000000084c00000, 0x0000000100000000)
  region size 1024K, 3 young (3072K), 3 survivors (3072K)
 Metaspace       used 5986K, committed 6144K, reserved 1114112K
  class space    used 690K, committed 768K, reserved 1048576K
}
Event: 3.111 GC heap before
{Heap before GC invocations=1 (full 0):
 garbage-first heap   total 129024K, used 53381K [0x0000000084c00000, 0x0000000100000000)
  region size 1024K, 51 young (52224K), 3 survivors (3072K)
 Metaspace       used 15559K, committed 15808K, reserved 1114112K
  class space    used 1816K, committed 1920K, reserved 1048576K
}
Event: 3.118 GC heap after
{Heap after GC invocations=2 (full 0):
 garbage-first heap   total 129024K, used 8011K [0x0000000084c00000, 0x0000000100000000)
  region size 1024K, 7 young (7168K), 7 survivors (7168K)
 Metaspace       used 15559K, committed 15808K, reserved 1114112K
  class space    used 1816K, committed 1920K, reserved 1048576K
}
Event: 3.685 GC heap before
{Heap before GC invocations=2 (full 0):
 garbage-first heap   total 129024K, used 76619K [0x0000000084c00000, 0x0000000100000000)
  region size 1024K, 74 young (75776K), 7 survivors (7168K)
 Metaspace       used 17744K, committed 18048K, reserved 1114112K
  class space    used 1986K, committed 2112K, reserved 1048576K
}
Event: 3.694 GC heap after
{Heap after GC invocations=3 (full 0):
 garbage-first heap   total 129024K, used 13316K [0x0000000084c00000, 0x0000000100000000)
  region size 1024K, 9 young (9216K), 9 survivors (9216K)
 Metaspace       used 17744K, committed 18048K, reserved 1114112K
  class space    used 1986K, committed 2112K, reserved 1048576K
}
Event: 3.836 GC heap before
{Heap before GC invocations=3 (full 0):
 garbage-first heap   total 129024K, used 29700K [0x0000000084c00000, 0x0000000100000000)
  region size 1024K, 26 young (26624K), 9 survivors (9216K)
 Metaspace       used 21228K, committed 21504K, reserved 1114112K
  class space    used 2413K, committed 2560K, reserved 1048576K
}
Event: 3.841 GC heap after
{Heap after GC invocations=4 (full 0):
 garbage-first heap   total 129024K, used 14794K [0x0000000084c00000, 0x0000000100000000)
  region size 1024K, 7 young (7168K), 7 survivors (7168K)
 Metaspace       used 21228K, committed 21504K, reserved 1114112K
  class space    used 2413K, committed 2560K, reserved 1048576K
}
Event: 4.253 GC heap before
{Heap before GC invocations=5 (full 0):
 garbage-first heap   total 58368K, used 56778K [0x0000000084c00000, 0x0000000100000000)
  region size 1024K, 47 young (48128K), 7 survivors (7168K)
 Metaspace       used 27540K, committed 27904K, reserved 1114112K
  class space    used 3086K, committed 3264K, reserved 1048576K
}
Event: 4.267 GC heap after
{Heap after GC invocations=6 (full 0):
 garbage-first heap   total 73728K, used 24522K [0x0000000084c00000, 0x0000000100000000)
  region size 1024K, 10 young (10240K), 10 survivors (10240K)
 Metaspace       used 27540K, committed 27904K, reserved 1114112K
  class space    used 3086K, committed 3264K, reserved 1048576K
}
Event: 4.909 GC heap before
{Heap before GC invocations=6 (full 0):
 garbage-first heap   total 73728K, used 57290K [0x0000000084c00000, 0x0000000100000000)
  region size 1024K, 42 young (43008K), 10 survivors (10240K)
 Metaspace       used 33373K, committed 33856K, reserved 1114112K
  class space    used 3820K, committed 4032K, reserved 1048576K
}
Event: 4.914 GC heap after
{Heap after GC invocations=7 (full 0):
 garbage-first heap   total 73728K, used 28091K [0x0000000084c00000, 0x0000000100000000)
  region size 1024K, 4 young (4096K), 4 survivors (4096K)
 Metaspace       used 33373K, committed 33856K, reserved 1114112K
  class space    used 3820K, committed 4032K, reserved 1048576K
}
Event: 5.053 GC heap before
{Heap before GC invocations=7 (full 0):
 garbage-first heap   total 73728K, used 44475K [0x0000000084c00000, 0x0000000100000000)
  region size 1024K, 13 young (13312K), 4 survivors (4096K)
 Metaspace       used 35862K, committed 36288K, reserved 1114112K
  class space    used 4264K, committed 4480K, reserved 1048576K
}
Event: 5.056 GC heap after
{Heap after GC invocations=8 (full 0):
 garbage-first heap   total 73728K, used 38175K [0x0000000084c00000, 0x0000000100000000)
  region size 1024K, 3 young (3072K), 3 survivors (3072K)
 Metaspace       used 35862K, committed 36288K, reserved 1114112K
  class space    used 4264K, committed 4480K, reserved 1048576K
}
Event: 20.374 GC heap before
{Heap before GC invocations=9 (full 0):
 garbage-first heap   total 190464K, used 187679K [0x0000000084c00000, 0x0000000100000000)
  region size 1024K, 26 young (26624K), 3 survivors (3072K)
 Metaspace       used 42436K, committed 43008K, reserved 1114112K
  class space    used 5293K, committed 5568K, reserved 1048576K
}
Event: 20.378 GC heap after
{Heap after GC invocations=10 (full 0):
 garbage-first heap   total 240640K, used 150442K [0x0000000084c00000, 0x0000000100000000)
  region size 1024K, 4 young (4096K), 4 survivors (4096K)
 Metaspace       used 42436K, committed 43008K, reserved 1114112K
  class space    used 5293K, committed 5568K, reserved 1048576K
}

