# JRE version: OpenJDK Runtime Environment (21.0.2+13) (build 21.0.2+13-Ubuntu-122.04.1)
# Java VM: OpenJDK 64-Bit Server VM (21.0.2+13-Ubuntu-122.04.1, mixed mode, sharing, tiered, compressed oops, compressed class ptrs, g1 gc, linux-amd64)
Heap:
 garbage-first heap   total 266240K, used 255546K [0x0000000084c00000, 0x0000000100000000)
  region size 1024K, 25 young (25600K), 3 survivors (3072K)
 Metaspace       used 43613K, committed 44160K, reserved 1114112K
  class space    used 5338K, committed 5568K, reserved 1048576K
GC Heap History (16 events):
Event: 1.143 GC heap before
{Heap before GC invocations=0 (full 0):
 garbage-first heap   total 129024K, used 23581K [0x0000000084c00000, 0x0000000100000000)
  region size 1024K, 23 young (23552K), 0 survivors (0K)
 Metaspace       used 5984K, committed 6144K, reserved 1114112K
  class space    used 690K, committed 768K, reserved 1048576K
}
Event: 1.146 GC heap after
{Heap after GC invocations=1 (full 0):
 garbage-first heap   total 129024K, used 4233K [0x0000000084c00000, 0x0000000100000000)
  region size 1024K, 3 young (3072K), 3 survivors (3072K)
 Metaspace       used 5984K, committed 6144K, reserved 1114112K
  class space    used 690K, committed 768K, reserved 1048576K
}
Event: 3.451 GC heap before
{Heap before GC invocations=1 (full 0):
 garbage-first heap   total 129024K, used 53385K [0x0000000084c00000, 0x0000000100000000)
  region size 1024K, 51 young (52224K), 3 survivors (3072K)
 Metaspace       used 15512K, committed 15808K, reserved 1114112K
  class space    used 1806K, committed 1920K, reserved 1048576K
}
Event: 3.457 GC heap after
{Heap after GC invocations=2 (full 0):
 garbage-first heap   total 129024K, used 8319K [0x0000000084c00000, 0x0000000100000000)
  region size 1024K, 7 young (7168K), 7 survivors (7168K)
 Metaspace       used 15512K, committed 15808K, reserved 1114112K
  class space    used 1806K, committed 1920K, reserved 1048576K
}
Event: 3.995 GC heap before
{Heap before GC invocations=2 (full 0):
 garbage-first heap   total 129024K, used 76927K [0x0000000084c00000, 0x0000000100000000)
  region size 1024K, 74 young (75776K), 7 survivors (7168K)
 Metaspace       used 17756K, committed 18048K, reserved 1114112K
  class space    used 1986K, committed 2112K, reserved 1048576K
}
Event: 4.004 GC heap after
{Heap after GC invocations=3 (full 0):
 garbage-first heap   total 129024K, used 13470K [0x0000000084c00000, 0x0000000100000000)
  region size 1024K, 9 young (9216K), 9 survivors (9216K)
 Metaspace       used 17756K, committed 18048K, reserved 1114112K
  class space    used 1986K, committed 2112K, reserved 1048576K
}
Event: 4.144 GC heap before
{Heap before GC invocations=3 (full 0):
 garbage-first heap   total 129024K, used 30878K [0x0000000084c00000, 0x0000000100000000)
  region size 1024K, 27 young (27648K), 9 survivors (9216K)
 Metaspace       used 21243K, committed 21504K, reserved 1114112K
  class space    used 2414K, committed 2560K, reserved 1048576K
}
Event: 4.149 GC heap after
{Heap after GC invocations=4 (full 0):
 garbage-first heap   total 129024K, used 15568K [0x0000000084c00000, 0x0000000100000000)
  region size 1024K, 7 young (7168K), 7 survivors (7168K)
 Metaspace       used 21243K, committed 21504K, reserved 1114112K
  class space    used 2414K, committed 2560K, reserved 1048576K
}
Event: 4.637 GC heap before
{Heap before GC invocations=5 (full 0):
 garbage-first heap   total 61440K, used 59600K [0x0000000084c00000, 0x0000000100000000)
  region size 1024K, 49 young (50176K), 7 survivors (7168K)
 Metaspace       used 28764K, committed 29120K, reserved 1114112K
  class space    used 3219K, committed 3392K, reserved 1048576K
}
Event: 4.647 GC heap after
{Heap after GC invocations=6 (full 0):
 garbage-first heap   total 77824K, used 25101K [0x0000000084c00000, 0x0000000100000000)
  region size 1024K, 10 young (10240K), 10 survivors (10240K)
 Metaspace       used 28764K, committed 29120K, reserved 1114112K
  class space    used 3219K, committed 3392K, reserved 1048576K
}
Event: 5.207 GC heap before
{Heap before GC invocations=6 (full 0):
 garbage-first heap   total 77824K, used 58893K [0x0000000084c00000, 0x0000000100000000)
  region size 1024K, 44 young (45056K), 10 survivors (10240K)
 Metaspace       used 34737K, committed 35136K, reserved 1114112K
  class space    used 4004K, committed 4160K, reserved 1048576K
}
Event: 5.213 GC heap after
{Heap after GC invocations=7 (full 0):
 garbage-first heap   total 78848K, used 30731K [0x0000000084c00000, 0x0000000100000000)
  region size 1024K, 6 young (6144K), 6 survivors (6144K)
 Metaspace       used 34737K, committed 35136K, reserved 1114112K
  class space    used 4004K, committed 4160K, reserved 1048576K
}
Event: 5.305 GC heap before
{Heap before GC invocations=7 (full 0):
 garbage-first heap   total 78848K, used 40971K [0x0000000084c00000, 0x0000000100000000)
  region size 1024K, 9 young (9216K), 6 survivors (6144K)
 Metaspace       used 35708K, committed 36160K, reserved 1114112K
  class space    used 4233K, committed 4480K, reserved 1048576K
}
Event: 5.308 GC heap after
{Heap after GC invocations=8 (full 0):
 garbage-first heap   total 78848K, used 38712K [0x0000000084c00000, 0x0000000100000000)
  region size 1024K, 1 young (1024K), 1 survivors (1024K)
 Metaspace       used 35708K, committed 36160K, reserved 1114112K
  class space    used 4233K, committed 4480K, reserved 1048576K
}
Event: 11.779 GC heap before
{Heap before GC invocations=9 (full 0):
 garbage-first heap   total 160768K, used 158520K [0x0000000084c00000, 0x0000000100000000)
  region size 1024K, 21 young (21504K), 1 survivors (1024K)
 Metaspace       used 41827K, committed 42304K, reserved 1114112K
  class space    used 5197K, committed 5440K, reserved 1048576K
}
Event: 11.781 GC heap after
{Heap after GC invocations=10 (full 0):
 garbage-first heap   total 200704K, used 140858K [0x0000000084c00000, 0x0000000100000000)
  region size 1024K, 3 young (3072K), 3 survivors (3072K)
 Metaspace       used 41827K, committed 42304K, reserved 1114112K
  class space    used 5197K, committed 5440K, reserved 1048576K
}

