# JRE version: OpenJDK Runtime Environment (21.0.2+13) (build 21.0.2+13-Ubuntu-122.04.1)
# Java VM: OpenJDK 64-Bit Server VM (21.0.2+13-Ubuntu-122.04.1, mixed mode, sharing, tiered, compressed oops, compressed class ptrs, g1 gc, linux-amd64)
Heap:
 garbage-first heap   total 244736K, used 234175K [0x0000000084c00000, 0x0000000100000000)
  region size 1024K, 20 young (20480K), 4 survivors (4096K)
 Metaspace       used 43531K, committed 44096K, reserved 1114112K
  class space    used 5343K, committed 5632K, reserved 1048576K
GC Heap History (16 events):
Event: 1.052 GC heap before
{Heap before GC invocations=0 (full 0):
 garbage-first heap   total 129024K, used 23581K [0x0000000084c00000, 0x0000000100000000)
  region size 1024K, 23 young (23552K), 0 survivors (0K)
 Metaspace       used 5985K, committed 6144K, reserved 1114112K
  class space    used 690K, committed 768K, reserved 1048576K
}
Event: 1.054 GC heap after
{Heap after GC invocations=1 (full 0):
 garbage-first heap   total 129024K, used 4195K [0x0000000084c00000, 0x0000000100000000)
  region size 1024K, 3 young (3072K), 3 survivors (3072K)
 Metaspace       used 5985K, committed 6144K, reserved 1114112K
  class space    used 690K, committed 768K, reserved 1048576K
}
Event: 3.507 GC heap before
{Heap before GC invocations=1 (full 0):
 garbage-first heap   total 129024K, used 53347K [0x0000000084c00000, 0x0000000100000000)
  region size 1024K, 51 young (52224K), 3 survivors (3072K)
 Metaspace       used 15504K, committed 15744K, reserved 1114112K
  class space    used 1802K, committed 1920K, reserved 1048576K
}
Event: 3.515 GC heap after
{Heap after GC invocations=2 (full 0):
 garbage-first heap   total 129024K, used 8291K [0x0000000084c00000, 0x0000000100000000)
  region size 1024K, 7 young (7168K), 7 survivors (7168K)
 Metaspace       used 15504K, committed 15744K, reserved 1114112K
  class space    used 1802K, committed 1920K, reserved 1048576K
}
Event: 4.054 GC heap before
{Heap before GC invocations=2 (full 0):
 garbage-first heap   total 129024K, used 76899K [0x0000000084c00000, 0x0000000100000000)
  region size 1024K, 74 young (75776K), 7 survivors (7168K)
 Metaspace       used 17751K, committed 18048K, reserved 1114112K
  class space    used 1986K, committed 2112K, reserved 1048576K
}
Event: 4.062 GC heap after
{Heap after GC invocations=3 (full 0):
 garbage-first heap   total 129024K, used 13671K [0x0000000084c00000, 0x0000000100000000)
  region size 1024K, 10 young (10240K), 10 survivors (10240K)
 Metaspace       used 17751K, committed 18048K, reserved 1114112K
  class space    used 1986K, committed 2112K, reserved 1048576K
}
Event: 4.201 GC heap before
{Heap before GC invocations=3 (full 0):
 garbage-first heap   total 129024K, used 30055K [0x0000000084c00000, 0x0000000100000000)
  region size 1024K, 28 young (28672K), 10 survivors (10240K)
 Metaspace       used 21206K, committed 21504K, reserved 1114112K
  class space    used 2414K, committed 2560K, reserved 1048576K
}
Event: 4.206 GC heap after
{Heap after GC invocations=4 (full 0):
 garbage-first heap   total 129024K, used 15389K [0x0000000084c00000, 0x0000000100000000)
  region size 1024K, 7 young (7168K), 7 survivors (7168K)
 Metaspace       used 21206K, committed 21504K, reserved 1114112K
  class space    used 2414K, committed 2560K, reserved 1048576K
}
Event: 4.615 GC heap before
{Heap before GC invocations=5 (full 0):
 garbage-first heap   total 58368K, used 57373K [0x0000000084c00000, 0x0000000100000000)
  region size 1024K, 47 young (48128K), 7 survivors (7168K)
 Metaspace       used 27960K, committed 28288K, reserved 1114112K
  class space    used 3129K, committed 3264K, reserved 1048576K
}
Event: 4.625 GC heap after
{Heap after GC invocations=6 (full 0):
 garbage-first heap   total 74752K, used 24923K [0x0000000084c00000, 0x0000000100000000)
  region size 1024K, 10 young (10240K), 10 survivors (10240K)
 Metaspace       used 27960K, committed 28288K, reserved 1114112K
  class space    used 3129K, committed 3264K, reserved 1048576K
}
Event: 5.281 GC heap before
{Heap before GC invocations=6 (full 0):
 garbage-first heap   total 74752K, used 56667K [0x0000000084c00000, 0x0000000100000000)
  region size 1024K, 42 young (43008K), 10 survivors (10240K)
 Metaspace       used 33401K, committed 33856K, reserved 1114112K
  class space    used 3821K, committed 4032K, reserved 1048576K
}
Event: 5.286 GC heap after
{Heap after GC invocations=7 (full 0):
 garbage-first heap   total 74752K, used 28903K [0x0000000084c00000, 0x0000000100000000)
  region size 1024K, 4 young (4096K), 4 survivors (4096K)
 Metaspace       used 33401K, committed 33856K, reserved 1114112K
  class space    used 3821K, committed 4032K, reserved 1048576K
}
Event: 5.417 GC heap before
{Heap before GC invocations=7 (full 0):
 garbage-first heap   total 74752K, used 44263K [0x0000000084c00000, 0x0000000100000000)
  region size 1024K, 12 young (12288K), 4 survivors (4096K)
 Metaspace       used 35699K, committed 36160K, reserved 1114112K
  class space    used 4235K, committed 4480K, reserved 1048576K
}
Event: 5.419 GC heap after
{Heap after GC invocations=8 (full 0):
 garbage-first heap   total 74752K, used 39059K [0x0000000084c00000, 0x0000000100000000)
  region size 1024K, 2 young (2048K), 2 survivors (2048K)
 Metaspace       used 35699K, committed 36160K, reserved 1114112K
  class space    used 4235K, committed 4480K, reserved 1048576K
}
Event: 22.985 GC heap before
{Heap before GC invocations=9 (full 0):
 garbage-first heap   total 191488K, used 189587K [0x0000000084c00000, 0x0000000100000000)
  region size 1024K, 26 young (26624K), 2 survivors (2048K)
 Metaspace       used 42520K, committed 43072K, reserved 1114112K
  class space    used 5293K, committed 5568K, reserved 1048576K
}
Event: 22.988 GC heap after
{Heap after GC invocations=10 (full 0):
 garbage-first heap   total 236544K, used 151231K [0x0000000084c00000, 0x0000000100000000)
  region size 1024K, 4 young (4096K), 4 survivors (4096K)
 Metaspace       used 42520K, committed 43072K, reserved 1114112K
  class space    used 5293K, committed 5568K, reserved 1048576K
}

