# JRE version: OpenJDK Runtime Environment (21.0.2+13) (build 21.0.2+13-Ubuntu-122.04.1)
# Java VM: OpenJDK 64-Bit Server VM (21.0.2+13-Ubuntu-122.04.1, mixed mode, sharing, tiered, compressed oops, compressed class ptrs, g1 gc, linux-amd64)
Heap:
 garbage-first heap   total 423936K, used 303498K [0x0000000084c00000, 0x0000000100000000)
  region size 1024K, 8 young (8192K), 2 survivors (2048K)
 Metaspace       used 44639K, committed 45312K, reserved 1114112K
  class space    used 5514K, committed 5824K, reserved 1048576K
GC Heap History (20 events):
Event: 1.162 GC heap before
{Heap before GC invocations=0 (full 0):
 garbage-first heap   total 129024K, used 23581K [0x0000000084c00000, 0x0000000100000000)
  region size 1024K, 23 young (23552K), 0 survivors (0K)
 Metaspace       used 5987K, committed 6144K, reserved 1114112K
  class space    used 690K, committed 768K, reserved 1048576K
}
Event: 1.165 GC heap after
{Heap after GC invocations=1 (full 0):
 garbage-first heap   total 129024K, used 4368K [0x0000000084c00000, 0x0000000100000000)
  region size 1024K, 3 young (3072K), 3 survivors (3072K)
 Metaspace       used 5987K, committed 6144K, reserved 1114112K
  class space    used 690K, committed 768K, reserved 1048576K
}
Event: 3.304 GC heap before
{Heap before GC invocations=1 (full 0):
 garbage-first heap   total 129024K, used 53520K [0x0000000084c00000, 0x0000000100000000)
  region size 1024K, 51 young (52224K), 3 survivors (3072K)
 Metaspace       used 15523K, committed 15808K, reserved 1114112K
  class space    used 1811K, committed 1920K, reserved 1048576K
}
Event: 3.311 GC heap after
{Heap after GC invocations=2 (full 0):
 garbage-first heap   total 129024K, used 8119K [0x0000000084c00000, 0x0000000100000000)
  region size 1024K, 7 young (7168K), 7 survivors (7168K)
 Metaspace       used 15523K, committed 15808K, reserved 1114112K
  class space    used 1811K, committed 1920K, reserved 1048576K
}
Event: 3.824 GC heap before
{Heap before GC invocations=2 (full 0):
 garbage-first heap   total 129024K, used 76727K [0x0000000084c00000, 0x0000000100000000)
  region size 1024K, 74 young (75776K), 7 survivors (7168K)
 Metaspace       used 17743K, committed 18048K, reserved 1114112K
  class space    used 1986K, committed 2112K, reserved 1048576K
}
Event: 3.832 GC heap after
{Heap after GC invocations=3 (full 0):
 garbage-first heap   total 129024K, used 13690K [0x0000000084c00000, 0x0000000100000000)
  region size 1024K, 10 young (10240K), 10 survivors (10240K)
 Metaspace       used 17743K, committed 18048K, reserved 1114112K
  class space    used 1986K, committed 2112K, reserved 1048576K
}
Event: 3.962 GC heap before
{Heap before GC invocations=3 (full 0):
 garbage-first heap   total 129024K, used 30074K [0x0000000084c00000, 0x0000000100000000)
  region size 1024K, 27 young (27648K), 10 survivors (10240K)
 Metaspace       used 21214K, committed 21504K, reserved 1114112K
  class space    used 2413K, committed 2560K, reserved 1048576K
}
Event: 3.968 GC heap after
{Heap after GC invocations=4 (full 0):
 garbage-first heap   total 129024K, used 15389K [0x0000000084c00000, 0x0000000100000000)
  region size 1024K, 7 young (7168K), 7 survivors (7168K)
 Metaspace       used 21214K, committed 21504K, reserved 1114112K
  class space    used 2413K, committed 2560K, reserved 1048576K
}
Event: 4.327 GC heap before
{Heap before GC invocations=5 (full 0):
 garbage-first heap   total 58368K, used 57373K [0x0000000084c00000, 0x0000000100000000)
  region size 1024K, 47 young (48128K), 7 survivors (7168K)
 Metaspace       used 27662K, committed 28032K, reserved 1114112K
  class space    used 3103K, committed 3264K, reserved 1048576K
}
Event: 4.338 GC heap after
{Heap after GC invocations=6 (full 0):
 garbage-first heap   total 74752K, used 25117K [0x0000000084c00000, 0x0000000100000000)
  region size 1024K, 10 young (10240K), 10 survivors (10240K)
 Metaspace       used 27662K, committed 28032K, reserved 1114112K
  class space    used 3103K, committed 3264K, reserved 1048576K
}
Event: 4.955 GC heap before
{Heap before GC invocations=6 (full 0):
 garbage-first heap   total 74752K, used 56861K [0x0000000084c00000, 0x0000000100000000)
  region size 1024K, 42 young (43008K), 10 survivors (10240K)
 Metaspace       used 31891K, committed 32320K, reserved 1114112K
  class space    used 3564K, committed 3776K, reserved 1048576K
}
Event: 4.961 GC heap after
{Heap after GC invocations=7 (full 0):
 garbage-first heap   total 74752K, used 28670K [0x0000000084c00000, 0x0000000100000000)
  region size 1024K, 4 young (4096K), 4 survivors (4096K)
 Metaspace       used 31891K, committed 32320K, reserved 1114112K
  class space    used 3564K, committed 3776K, reserved 1048576K
}
Event: 5.072 GC heap before
{Heap before GC invocations=7 (full 0):
 garbage-first heap   total 74752K, used 45054K [0x0000000084c00000, 0x0000000100000000)
  region size 1024K, 14 young (14336K), 4 survivors (4096K)
 Metaspace       used 35669K, committed 36160K, reserved 1114112K
  class space    used 4173K, committed 4416K, reserved 1048576K
}
Event: 5.075 GC heap after
{Heap after GC invocations=8 (full 0):
 garbage-first heap   total 74752K, used 38993K [0x0000000084c00000, 0x0000000100000000)
  region size 1024K, 3 young (3072K), 3 survivors (3072K)
 Metaspace       used 35669K, committed 36160K, reserved 1114112K
  class space    used 4173K, committed 4416K, reserved 1048576K
}
Event: 38.560 GC heap before
{Heap before GC invocations=9 (full 0):
 garbage-first heap   total 164864K, used 162897K [0x0000000084c00000, 0x0000000100000000)
  region size 1024K, 27 young (27648K), 3 survivors (3072K)
 Metaspace       used 42631K, committed 43200K, reserved 1114112K
  class space    used 5362K, committed 5632K, reserved 1048576K
}
Event: 38.565 GC heap after
{Heap after GC invocations=10 (full 0):
 garbage-first heap   total 224256K, used 133799K [0x0000000084c00000, 0x0000000100000000)
  region size 1024K, 4 young (4096K), 4 survivors (4096K)
 Metaspace       used 42631K, committed 43200K, reserved 1114112K
  class space    used 5362K, committed 5632K, reserved 1048576K
}
Event: 65.667 GC heap before
{Heap before GC invocations=10 (full 0):
 garbage-first heap   total 331776K, used 330407K [0x0000000084c00000, 0x0000000100000000)
  region size 1024K, 34 young (34816K), 4 survivors (4096K)
 Metaspace       used 44362K, committed 44992K, reserved 1114112K
  class space    used 5507K, committed 5824K, reserved 1048576K
}
Event: 65.673 GC heap after
{Heap after GC invocations=11 (full 0):
 garbage-first heap   total 342016K, used 257756K [0x0000000084c00000, 0x0000000100000000)
  region size 1024K, 9 young (9216K), 9 survivors (9216K)
 Metaspace       used 44362K, committed 44992K, reserved 1114112K
  class space    used 5507K, committed 5824K, reserved 1048576K
}
Event: 119.145 GC heap before
{Heap before GC invocations=11 (full 0):
 garbage-first heap   total 342016K, used 272092K [0x0000000084c00000, 0x0000000100000000)
  region size 1024K, 24 young (24576K), 9 survivors (9216K)
 Metaspace       used 44556K, committed 45184K, reserved 1114112K
  class space    used 5509K, committed 5824K, reserved 1048576K
}
Event: 119.150 GC heap after
{Heap after GC invocations=12 (full 0):
 garbage-first heap   total 342016K, used 241034K [0x0000000084c00000, 0x0000000100000000)
  region size 1024K, 2 young (2048K), 2 survivors (2048K)
 Metaspace       used 44556K, committed 45184K, reserved 1114112K
  class space    used 5509K, committed 5824K, reserved 1048576K
}

