# JRE version: OpenJDK Runtime Environment (21.0.2+13) (build 21.0.2+13-Ubuntu-122.04.1)
# Java VM: OpenJDK 64-Bit Server VM (21.0.2+13-Ubuntu-122.04.1, mixed mode, sharing, tiered, compressed oops, compressed class ptrs, g1 gc, linux-amd64)
Heap:
 garbage-first heap   total 261120K, used 241028K [0x0000000084c00000, 0x0000000100000000)
  region size 1024K, 9 young (9216K), 5 survivors (5120K)
 Metaspace       used 43539K, committed 44096K, reserved 1114112K
  class space    used 5352K, committed 5632K, reserved 1048576K
GC Heap History (18 events):
Event: 1.221 GC heap before
{Heap before GC invocations=0 (full 0):
 garbage-first heap   total 129024K, used 23581K [0x0000000084c00000, 0x0000000100000000)
  region size 1024K, 23 young (23552K), 0 survivors (0K)
 Metaspace       used 5987K, committed 6144K, reserved 1114112K
  class space    used 690K, committed 768K, reserved 1048576K
}
Event: 1.224 GC heap after
{Heap after GC invocations=1 (full 0):
 garbage-first heap   total 129024K, used 4264K [0x0000000084c00000, 0x0000000100000000)
  region size 1024K, 3 young (3072K), 3 survivors (3072K)
 Metaspace       used 5987K, committed 6144K, reserved 1114112K
  class space    used 690K, committed 768K, reserved 1048576K
}
Event: 3.418 GC heap before
{Heap before GC invocations=1 (full 0):
 garbage-first heap   total 129024K, used 53416K [0x0000000084c00000, 0x0000000100000000)
  region size 1024K, 51 young (52224K), 3 survivors (3072K)
 Metaspace       used 15516K, committed 15808K, reserved 1114112K
  class space    used 1806K, committed 1920K, reserved 1048576K
}
Event: 3.424 GC heap after
{Heap after GC invocations=2 (full 0):
 garbage-first heap   total 129024K, used 8411K [0x0000000084c00000, 0x0000000100000000)
  region size 1024K, 7 young (7168K), 7 survivors (7168K)
 Metaspace       used 15516K, committed 15808K, reserved 1114112K
  class space    used 1806K, committed 1920K, reserved 1048576K
}
Event: 3.943 GC heap before
{Heap before GC invocations=2 (full 0):
 garbage-first heap   total 129024K, used 77019K [0x0000000084c00000, 0x0000000100000000)
  region size 1024K, 74 young (75776K), 7 survivors (7168K)
 Metaspace       used 17750K, committed 18048K, reserved 1114112K
  class space    used 1986K, committed 2112K, reserved 1048576K
}
Event: 3.951 GC heap after
{Heap after GC invocations=3 (full 0):
 garbage-first heap   total 129024K, used 13401K [0x0000000084c00000, 0x0000000100000000)
  region size 1024K, 9 young (9216K), 9 survivors (9216K)
 Metaspace       used 17750K, committed 18048K, reserved 1114112K
  class space    used 1986K, committed 2112K, reserved 1048576K
}
Event: 4.085 GC heap before
{Heap before GC invocations=3 (full 0):
 garbage-first heap   total 129024K, used 29785K [0x0000000084c00000, 0x0000000100000000)
  region size 1024K, 26 young (26624K), 9 survivors (9216K)
 Metaspace       used 21239K, committed 21504K, reserved 1114112K
  class space    used 2414K, committed 2560K, reserved 1048576K
}
Event: 4.090 GC heap after
{Heap after GC invocations=4 (full 0):
 garbage-first heap   total 129024K, used 14803K [0x0000000084c00000, 0x0000000100000000)
  region size 1024K, 7 young (7168K), 7 survivors (7168K)
 Metaspace       used 21239K, committed 21504K, reserved 1114112K
  class space    used 2414K, committed 2560K, reserved 1048576K
}
Event: 4.485 GC heap before
{Heap before GC invocations=5 (full 0):
 garbage-first heap   total 58368K, used 56787K [0x0000000084c00000, 0x0000000100000000)
  region size 1024K, 47 young (48128K), 7 survivors (7168K)
 Metaspace       used 27968K, committed 28288K, reserved 1114112K
  class space    used 3129K, committed 3264K, reserved 1048576K
}
Event: 4.496 GC heap after
{Heap after GC invocations=6 (full 0):
 garbage-first heap   total 74752K, used 25043K [0x0000000084c00000, 0x0000000100000000)
  region size 1024K, 10 young (10240K), 10 survivors (10240K)
 Metaspace       used 27968K, committed 28288K, reserved 1114112K
  class space    used 3129K, committed 3264K, reserved 1048576K
}
Event: 5.089 GC heap before
{Heap before GC invocations=6 (full 0):
 garbage-first heap   total 74752K, used 57811K [0x0000000084c00000, 0x0000000100000000)
  region size 1024K, 42 young (43008K), 10 survivors (10240K)
 Metaspace       used 33398K, committed 33856K, reserved 1114112K
  class space    used 3820K, committed 4032K, reserved 1048576K
}
Event: 5.095 GC heap after
{Heap after GC invocations=7 (full 0):
 garbage-first heap   total 74752K, used 28674K [0x0000000084c00000, 0x0000000100000000)
  region size 1024K, 4 young (4096K), 4 survivors (4096K)
 Metaspace       used 33398K, committed 33856K, reserved 1114112K
  class space    used 3820K, committed 4032K, reserved 1048576K
}
Event: 5.218 GC heap before
{Heap before GC invocations=7 (full 0):
 garbage-first heap   total 74752K, used 44034K [0x0000000084c00000, 0x0000000100000000)
  region size 1024K, 12 young (12288K), 4 survivors (4096K)
 Metaspace       used 35709K, committed 36160K, reserved 1114112K
  class space    used 4235K, committed 4480K, reserved 1048576K
}
Event: 5.221 GC heap after
{Heap after GC invocations=8 (full 0):
 garbage-first heap   total 74752K, used 38461K [0x0000000084c00000, 0x0000000100000000)
  region size 1024K, 2 young (2048K), 2 survivors (2048K)
 Metaspace       used 35709K, committed 36160K, reserved 1114112K
  class space    used 4235K, committed 4480K, reserved 1048576K
}
Event: 8.482 GC heap before
{Heap before GC invocations=9 (full 0):
 garbage-first heap   total 111616K, used 110141K [0x0000000084c00000, 0x0000000100000000)
  region size 1024K, 19 young (19456K), 2 survivors (2048K)
 Metaspace       used 41288K, committed 41792K, reserved 1114112K
  class space    used 5140K, committed 5376K, reserved 1048576K
}
Event: 8.485 GC heap after
{Heap after GC invocations=10 (full 0):
 garbage-first heap   total 142336K, used 95516K [0x0000000084c00000, 0x0000000100000000)
  region size 1024K, 4 young (4096K), 4 survivors (4096K)
 Metaspace       used 41288K, committed 41792K, reserved 1114112K
  class space    used 5140K, committed 5376K, reserved 1048576K
}
Event: 18.421 GC heap before
{Heap before GC invocations=10 (full 0):
 garbage-first heap   total 252928K, used 251164K [0x0000000084c00000, 0x0000000100000000)
  region size 1024K, 21 young (21504K), 4 survivors (4096K)
 Metaspace       used 43383K, committed 43968K, reserved 1114112K
  class space    used 5340K, committed 5632K, reserved 1048576K
}
Event: 18.426 GC heap after
{Heap after GC invocations=11 (full 0):
 garbage-first heap   total 261120K, used 237956K [0x0000000084c00000, 0x0000000100000000)
  region size 1024K, 5 young (5120K), 5 survivors (5120K)
 Metaspace       used 43383K, committed 43968K, reserved 1114112K
  class space    used 5340K, committed 5632K, reserved 1048576K
}

