# JRE version: OpenJDK Runtime Environment (21.0.2+13) (build 21.0.2+13-Ubuntu-122.04.1)
# Java VM: OpenJDK 64-Bit Server VM (21.0.2+13-Ubuntu-122.04.1, mixed mode, sharing, tiered, compressed oops, compressed class ptrs, g1 gc, linux-amd64)
Heap:
 garbage-first heap   total 193536K, used 154430K [0x0000000084c00000, 0x0000000100000000)
  region size 1024K, 10 young (10240K), 5 survivors (5120K)
 Metaspace       used 42585K, committed 43072K, reserved 1114112K
  class space    used 5300K, committed 5568K, reserved 1048576K
GC Heap History (16 events):
Event: 1.168 GC heap before
{Heap before GC invocations=0 (full 0):
 garbage-first heap   total 129024K, used 23581K [0x0000000084c00000, 0x0000000100000000)
  region size 1024K, 23 young (23552K), 0 survivors (0K)
 Metaspace       used 5986K, committed 6144K, reserved 1114112K
  class space    used 690K, committed 768K, reserved 1048576K
}
Event: 1.171 GC heap after
{Heap after GC invocations=1 (full 0):
 garbage-first heap   total 129024K, used 4264K [0x0000000084c00000, 0x0000000100000000)
  region size 1024K, 3 young (3072K), 3 survivors (3072K)
 Metaspace       used 5986K, committed 6144K, reserved 1114112K
  class space    used 690K, committed 768K, reserved 1048576K
}
Event: 3.392 GC heap before
{Heap before GC invocations=1 (full 0):
 garbage-first heap   total 129024K, used 53416K [0x0000000084c00000, 0x0000000100000000)
  region size 1024K, 51 young (52224K), 3 survivors (3072K)
 Metaspace       used 15564K, committed 15808K, reserved 1114112K
  class space    used 1816K, committed 1920K, reserved 1048576K
}
Event: 3.398 GC heap after
{Heap after GC invocations=2 (full 0):
 garbage-first heap   total 129024K, used 8360K [0x0000000084c00000, 0x0000000100000000)
  region size 1024K, 7 young (7168K), 7 survivors (7168K)
 Metaspace       used 15564K, committed 15808K, reserved 1114112K
  class space    used 1816K, committed 1920K, reserved 1048576K
}
Event: 3.946 GC heap before
{Heap before GC invocations=2 (full 0):
 garbage-first heap   total 129024K, used 76968K [0x0000000084c00000, 0x0000000100000000)
  region size 1024K, 74 young (75776K), 7 survivors (7168K)
 Metaspace       used 17748K, committed 18048K, reserved 1114112K
  class space    used 1986K, committed 2112K, reserved 1048576K
}
Event: 3.953 GC heap after
{Heap after GC invocations=3 (full 0):
 garbage-first heap   total 129024K, used 13270K [0x0000000084c00000, 0x0000000100000000)
  region size 1024K, 9 young (9216K), 9 survivors (9216K)
 Metaspace       used 17748K, committed 18048K, reserved 1114112K
  class space    used 1986K, committed 2112K, reserved 1048576K
}
Event: 4.090 GC heap before
{Heap before GC invocations=3 (full 0):
 garbage-first heap   total 129024K, used 30678K [0x0000000084c00000, 0x0000000100000000)
  region size 1024K, 27 young (27648K), 9 survivors (9216K)
 Metaspace       used 21240K, committed 21504K, reserved 1114112K
  class space    used 2413K, committed 2560K, reserved 1048576K
}
Event: 4.095 GC heap after
{Heap after GC invocations=4 (full 0):
 garbage-first heap   total 129024K, used 14927K [0x0000000084c00000, 0x0000000100000000)
  region size 1024K, 7 young (7168K), 7 survivors (7168K)
 Metaspace       used 21240K, committed 21504K, reserved 1114112K
  class space    used 2413K, committed 2560K, reserved 1048576K
}
Event: 4.502 GC heap before
{Heap before GC invocations=5 (full 0):
 garbage-first heap   total 58368K, used 56911K [0x0000000084c00000, 0x0000000100000000)
  region size 1024K, 47 young (48128K), 7 survivors (7168K)
 Metaspace       used 27983K, committed 28288K, reserved 1114112K
  class space    used 3129K, committed 3264K, reserved 1048576K
}
Event: 4.513 GC heap after
{Heap after GC invocations=6 (full 0):
 garbage-first heap   total 74752K, used 24784K [0x0000000084c00000, 0x0000000100000000)
  region size 1024K, 10 young (10240K), 10 survivors (10240K)
 Metaspace       used 27983K, committed 28288K, reserved 1114112K
  class space    used 3129K, committed 3264K, reserved 1048576K
}
Event: 5.113 GC heap before
{Heap before GC invocations=6 (full 0):
 garbage-first heap   total 74752K, used 57552K [0x0000000084c00000, 0x0000000100000000)
  region size 1024K, 42 young (43008K), 10 survivors (10240K)
 Metaspace       used 33412K, committed 33856K, reserved 1114112K
  class space    used 3820K, committed 4032K, reserved 1048576K
}
Event: 5.119 GC heap after
{Heap after GC invocations=7 (full 0):
 garbage-first heap   total 74752K, used 28399K [0x0000000084c00000, 0x0000000100000000)
  region size 1024K, 4 young (4096K), 4 survivors (4096K)
 Metaspace       used 33412K, committed 33856K, reserved 1114112K
  class space    used 3820K, committed 4032K, reserved 1048576K
}
Event: 5.272 GC heap before
{Heap before GC invocations=7 (full 0):
 garbage-first heap   total 74752K, used 43759K [0x0000000084c00000, 0x0000000100000000)
  region size 1024K, 12 young (12288K), 4 survivors (4096K)
 Metaspace       used 35704K, committed 36160K, reserved 1114112K
  class space    used 4234K, committed 4480K, reserved 1048576K
}
Event: 5.275 GC heap after
{Heap after GC invocations=8 (full 0):
 garbage-first heap   total 90112K, used 38704K [0x0000000084c00000, 0x0000000100000000)
  region size 1024K, 2 young (2048K), 2 survivors (2048K)
 Metaspace       used 35704K, committed 36160K, reserved 1114112K
  class space    used 4234K, committed 4480K, reserved 1048576K
}
Event: 13.501 GC heap before
{Heap before GC invocations=9 (full 0):
 garbage-first heap   total 188416K, used 187184K [0x0000000084c00000, 0x0000000100000000)
  region size 1024K, 24 young (24576K), 2 survivors (2048K)
 Metaspace       used 42247K, committed 42816K, reserved 1114112K
  class space    used 5290K, committed 5568K, reserved 1048576K
}
Event: 13.505 GC heap after
{Heap after GC invocations=10 (full 0):
 garbage-first heap   total 193536K, used 150334K [0x0000000084c00000, 0x0000000100000000)
  region size 1024K, 5 young (5120K), 5 survivors (5120K)
 Metaspace       used 42247K, committed 42816K, reserved 1114112K
  class space    used 5290K, committed 5568K, reserved 1048576K
}

