# JRE version: OpenJDK Runtime Environment (21.0.2+13) (build 21.0.2+13-Ubuntu-122.04.1)
# Java VM: OpenJDK 64-Bit Server VM (21.0.2+13-Ubuntu-122.04.1, mixed mode, sharing, tiered, compressed oops, compressed class ptrs, g1 gc, linux-amd64)
Heap:
 garbage-first heap   total 203776K, used 197367K [0x0000000084c00000, 0x0000000100000000)
  region size 1024K, 20 young (20480K), 4 survivors (4096K)
 Metaspace       used 44069K, committed 44608K, reserved 1114112K
  class space    used 5499K, committed 5760K, reserved 1048576K
GC Heap History (20 events):
Event: 1.038 GC heap before
{Heap before GC invocations=0 (full 0):
 garbage-first heap   total 129024K, used 23581K [0x0000000084c00000, 0x0000000100000000)
  region size 1024K, 23 young (23552K), 0 survivors (0K)
 Metaspace       used 5986K, committed 6144K, reserved 1114112K
  class space    used 690K, committed 768K, reserved 1048576K
}
Event: 1.041 GC heap after
{Heap after GC invocations=1 (full 0):
 garbage-first heap   total 129024K, used 4245K [0x0000000084c00000, 0x0000000100000000)
  region size 1024K, 3 young (3072K), 3 survivors (3072K)
 Metaspace       used 5986K, committed 6144K, reserved 1114112K
  class space    used 690K, committed 768K, reserved 1048576K
}
Event: 3.203 GC heap before
{Heap before GC invocations=1 (full 0):
 garbage-first heap   total 129024K, used 53397K [0x0000000084c00000, 0x0000000100000000)
  region size 1024K, 51 young (52224K), 3 survivors (3072K)
 Metaspace       used 15513K, committed 15808K, reserved 1114112K
  class space    used 1806K, committed 1920K, reserved 1048576K
}
Event: 3.210 GC heap after
{Heap after GC invocations=2 (full 0):
 garbage-first heap   total 129024K, used 8329K [0x0000000084c00000, 0x0000000100000000)
  region size 1024K, 7 young (7168K), 7 survivors (7168K)
 Metaspace       used 15513K, committed 15808K, reserved 1114112K
  class space    used 1806K, committed 1920K, reserved 1048576K
}
Event: 3.820 GC heap before
{Heap before GC invocations=2 (full 0):
 garbage-first heap   total 129024K, used 76937K [0x0000000084c00000, 0x0000000100000000)
  region size 1024K, 74 young (75776K), 7 survivors (7168K)
 Metaspace       used 17766K, committed 18048K, reserved 1114112K
  class space    used 1986K, committed 2112K, reserved 1048576K
}
Event: 3.828 GC heap after
{Heap after GC invocations=3 (full 0):
 garbage-first heap   total 129024K, used 13180K [0x0000000084c00000, 0x0000000100000000)
  region size 1024K, 9 young (9216K), 9 survivors (9216K)
 Metaspace       used 17766K, committed 18048K, reserved 1114112K
  class space    used 1986K, committed 2112K, reserved 1048576K
}
Event: 3.977 GC heap before
{Heap before GC invocations=3 (full 0):
 garbage-first heap   total 129024K, used 29564K [0x0000000084c00000, 0x0000000100000000)
  region size 1024K, 26 young (26624K), 9 survivors (9216K)
 Metaspace       used 21236K, committed 21504K, reserved 1114112K
  class space    used 2413K, committed 2560K, reserved 1048576K
}
Event: 3.983 GC heap after
{Heap after GC invocations=4 (full 0):
 garbage-first heap   total 129024K, used 14633K [0x0000000084c00000, 0x0000000100000000)
  region size 1024K, 7 young (7168K), 7 survivors (7168K)
 Metaspace       used 21236K, committed 21504K, reserved 1114112K
  class space    used 2413K, committed 2560K, reserved 1048576K
}
Event: 4.387 GC heap before
{Heap before GC invocations=5 (full 0):
 garbage-first heap   total 58368K, used 56617K [0x0000000084c00000, 0x0000000100000000)
  region size 1024K, 47 young (48128K), 7 survivors (7168K)
 Metaspace       used 27643K, committed 27968K, reserved 1114112K
  class space    used 3098K, committed 3264K, reserved 1048576K
}
Event: 4.398 GC heap after
{Heap after GC invocations=6 (full 0):
 garbage-first heap   total 74752K, used 24681K [0x0000000084c00000, 0x0000000100000000)
  region size 1024K, 10 young (10240K), 10 survivors (10240K)
 Metaspace       used 27643K, committed 27968K, reserved 1114112K
  class space    used 3098K, committed 3264K, reserved 1048576K
}
Event: 5.032 GC heap before
{Heap before GC invocations=6 (full 0):
 garbage-first heap   total 74752K, used 56425K [0x0000000084c00000, 0x0000000100000000)
  region size 1024K, 42 young (43008K), 10 survivors (10240K)
 Metaspace       used 32265K, committed 32704K, reserved 1114112K
  class space    used 3627K, committed 3840K, reserved 1048576K
}
Event: 5.037 GC heap after
{Heap after GC invocations=7 (full 0):
 garbage-first heap   total 74752K, used 22490K [0x0000000084c00000, 0x0000000100000000)
  region size 1024K, 3 young (3072K), 3 survivors (3072K)
 Metaspace       used 32265K, committed 32704K, reserved 1114112K
  class space    used 3627K, committed 3840K, reserved 1048576K
}
Event: 5.146 GC heap before
{Heap before GC invocations=7 (full 0):
 garbage-first heap   total 74752K, used 38874K [0x0000000084c00000, 0x0000000100000000)
  region size 1024K, 13 young (13312K), 3 survivors (3072K)
 Metaspace       used 35677K, committed 36160K, reserved 1114112K
  class space    used 4171K, committed 4416K, reserved 1048576K
}
Event: 5.149 GC heap after
{Heap after GC invocations=8 (full 0):
 garbage-first heap   total 74752K, used 31548K [0x0000000084c00000, 0x0000000100000000)
  region size 1024K, 4 young (4096K), 4 survivors (4096K)
 Metaspace       used 35677K, committed 36160K, reserved 1114112K
  class space    used 4171K, committed 4416K, reserved 1048576K
}
Event: 5.499 GC heap before
{Heap before GC invocations=9 (full 0):
 garbage-first heap   total 84992K, used 82748K [0x0000000084c00000, 0x0000000100000000)
  region size 1024K, 19 young (19456K), 4 survivors (4096K)
 Metaspace       used 40646K, committed 41152K, reserved 1114112K
  class space    used 5194K, committed 5440K, reserved 1048576K
}
Event: 5.502 GC heap after
{Heap after GC invocations=10 (full 0):
 garbage-first heap   total 118784K, used 69806K [0x0000000084c00000, 0x0000000100000000)
  region size 1024K, 4 young (4096K), 4 survivors (4096K)
 Metaspace       used 40646K, committed 41152K, reserved 1114112K
  class space    used 5194K, committed 5440K, reserved 1048576K
}
Event: 17.011 GC heap before
{Heap before GC invocations=10 (full 0):
 garbage-first heap   total 173056K, used 170158K [0x0000000084c00000, 0x0000000100000000)
  region size 1024K, 15 young (15360K), 4 survivors (4096K)
 Metaspace       used 43003K, committed 43520K, reserved 1114112K
  class space    used 5441K, committed 5696K, reserved 1048576K
}
Event: 17.016 GC heap after
{Heap after GC invocations=11 (full 0):
 garbage-first heap   total 180224K, used 127402K [0x0000000084c00000, 0x0000000100000000)
  region size 1024K, 5 young (5120K), 5 survivors (5120K)
 Metaspace       used 43003K, committed 43520K, reserved 1114112K
  class space    used 5441K, committed 5696K, reserved 1048576K
}
Event: 17.022 GC heap before
{Heap before GC invocations=11 (full 0):
 garbage-first heap   total 180224K, used 127402K [0x0000000084c00000, 0x0000000100000000)
  region size 1024K, 6 young (6144K), 5 survivors (5120K)
 Metaspace       used 43091K, committed 43584K, reserved 1114112K
  class space    used 5455K, committed 5696K, reserved 1048576K
}
Event: 17.024 GC heap after
{Heap after GC invocations=12 (full 0):
 garbage-first heap   total 180224K, used 109303K [0x0000000084c00000, 0x0000000100000000)
  region size 1024K, 4 young (4096K), 4 survivors (4096K)
 Metaspace       used 43091K, committed 43584K, reserved 1114112K
  class space    used 5455K, committed 5696K, reserved 1048576K
}

