# JRE version: OpenJDK Runtime Environment (21.0.2+13) (build 21.0.2+13-Ubuntu-122.04.1)
# Java VM: OpenJDK 64-Bit Server VM (21.0.2+13-Ubuntu-122.04.1, mixed mode, sharing, tiered, compressed oops, compressed class ptrs, g1 gc, linux-amd64)
Heap:
 garbage-first heap   total 260096K, used 214229K [0x0000000084c00000, 0x0000000100000000)
  region size 1024K, 11 young (11264K), 7 survivors (7168K)
 Metaspace       used 43281K, committed 43840K, reserved 1114112K
  class space    used 5325K, committed 5568K, reserved 1048576K
GC Heap History (18 events):
Event: 1.150 GC heap before
{Heap before GC invocations=0 (full 0):
 garbage-first heap   total 129024K, used 24605K [0x0000000084c00000, 0x0000000100000000)
  region size 1024K, 23 young (23552K), 0 survivors (0K)
 Metaspace       used 5983K, committed 6144K, reserved 1114112K
  class space    used 689K, committed 768K, reserved 1048576K
}
Event: 1.154 GC heap after
{Heap after GC invocations=1 (full 0):
 garbage-first heap   total 129024K, used 4349K [0x0000000084c00000, 0x0000000100000000)
  region size 1024K, 3 young (3072K), 3 survivors (3072K)
 Metaspace       used 5983K, committed 6144K, reserved 1114112K
  class space    used 689K, committed 768K, reserved 1048576K
}
Event: 3.409 GC heap before
{Heap before GC invocations=1 (full 0):
 garbage-first heap   total 129024K, used 52477K [0x0000000084c00000, 0x0000000100000000)
  region size 1024K, 50 young (51200K), 3 survivors (3072K)
 Metaspace       used 15414K, committed 15680K, reserved 1114112K
  class space    used 1799K, committed 1920K, reserved 1048576K
}
Event: 3.416 GC heap after
{Heap after GC invocations=2 (full 0):
 garbage-first heap   total 129024K, used 8073K [0x0000000084c00000, 0x0000000100000000)
  region size 1024K, 7 young (7168K), 7 survivors (7168K)
 Metaspace       used 15414K, committed 15680K, reserved 1114112K
  class space    used 1799K, committed 1920K, reserved 1048576K
}
Event: 3.989 GC heap before
{Heap before GC invocations=2 (full 0):
 garbage-first heap   total 129024K, used 76681K [0x0000000084c00000, 0x0000000100000000)
  region size 1024K, 74 young (75776K), 7 survivors (7168K)
 Metaspace       used 17727K, committed 18048K, reserved 1114112K
  class space    used 1986K, committed 2112K, reserved 1048576K
}
Event: 3.996 GC heap after
{Heap after GC invocations=3 (full 0):
 garbage-first heap   total 129024K, used 13754K [0x0000000084c00000, 0x0000000100000000)
  region size 1024K, 10 young (10240K), 10 survivors (10240K)
 Metaspace       used 17727K, committed 18048K, reserved 1114112K
  class space    used 1986K, committed 2112K, reserved 1048576K
}
Event: 4.140 GC heap before
{Heap before GC invocations=3 (full 0):
 garbage-first heap   total 129024K, used 32186K [0x0000000084c00000, 0x0000000100000000)
  region size 1024K, 29 young (29696K), 10 survivors (10240K)
 Metaspace       used 21249K, committed 21504K, reserved 1114112K
  class space    used 2413K, committed 2560K, reserved 1048576K
}
Event: 4.146 GC heap after
{Heap after GC invocations=4 (full 0):
 garbage-first heap   total 129024K, used 15361K [0x0000000084c00000, 0x0000000100000000)
  region size 1024K, 7 young (7168K), 7 survivors (7168K)
 Metaspace       used 21249K, committed 21504K, reserved 1114112K
  class space    used 2413K, committed 2560K, reserved 1048576K
}
Event: 4.531 GC heap before
{Heap before GC invocations=5 (full 0):
 garbage-first heap   total 58368K, used 57345K [0x0000000084c00000, 0x0000000100000000)
  region size 1024K, 47 young (48128K), 7 survivors (7168K)
 Metaspace       used 28014K, committed 28352K, reserved 1114112K
  class space    used 3137K, committed 3328K, reserved 1048576K
}
Event: 4.541 GC heap after
{Heap after GC invocations=6 (full 0):
 garbage-first heap   total 74752K, used 24884K [0x0000000084c00000, 0x0000000100000000)
  region size 1024K, 10 young (10240K), 10 survivors (10240K)
 Metaspace       used 28014K, committed 28352K, reserved 1114112K
  class space    used 3137K, committed 3328K, reserved 1048576K
}
Event: 5.172 GC heap before
{Heap before GC invocations=6 (full 0):
 garbage-first heap   total 74752K, used 57652K [0x0000000084c00000, 0x0000000100000000)
  region size 1024K, 42 young (43008K), 10 survivors (10240K)
 Metaspace       used 33771K, committed 34176K, reserved 1114112K
  class space    used 3877K, committed 4032K, reserved 1048576K
}
Event: 5.178 GC heap after
{Heap after GC invocations=7 (full 0):
 garbage-first heap   total 74752K, used 28529K [0x0000000084c00000, 0x0000000100000000)
  region size 1024K, 4 young (4096K), 4 survivors (4096K)
 Metaspace       used 33771K, committed 34176K, reserved 1114112K
  class space    used 3877K, committed 4032K, reserved 1048576K
}
Event: 5.296 GC heap before
{Heap before GC invocations=7 (full 0):
 garbage-first heap   total 74752K, used 43889K [0x0000000084c00000, 0x0000000100000000)
  region size 1024K, 12 young (12288K), 4 survivors (4096K)
 Metaspace       used 35707K, committed 36160K, reserved 1114112K
  class space    used 4232K, committed 4480K, reserved 1048576K
}
Event: 5.298 GC heap after
{Heap after GC invocations=8 (full 0):
 garbage-first heap   total 74752K, used 37934K [0x0000000084c00000, 0x0000000100000000)
  region size 1024K, 2 young (2048K), 2 survivors (2048K)
 Metaspace       used 35707K, committed 36160K, reserved 1114112K
  class space    used 4232K, committed 4480K, reserved 1048576K
}
Event: 8.375 GC heap before
{Heap before GC invocations=9 (full 0):
 garbage-first heap   total 146432K, used 144430K [0x0000000084c00000, 0x0000000100000000)
  region size 1024K, 19 young (19456K), 2 survivors (2048K)
 Metaspace       used 41295K, committed 41856K, reserved 1114112K
  class space    used 5148K, committed 5440K, reserved 1048576K
}
Event: 8.379 GC heap after
{Heap after GC invocations=10 (full 0):
 garbage-first heap   total 194560K, used 130147K [0x0000000084c00000, 0x0000000100000000)
  region size 1024K, 4 young (4096K), 4 survivors (4096K)
 Metaspace       used 41295K, committed 41856K, reserved 1114112K
  class space    used 5148K, committed 5440K, reserved 1048576K
}
Event: 15.277 GC heap before
{Heap before GC invocations=10 (full 0):
 garbage-first heap   total 251904K, used 249955K [0x0000000084c00000, 0x0000000100000000)
  region size 1024K, 20 young (20480K), 4 survivors (4096K)
 Metaspace       used 43268K, committed 43776K, reserved 1114112K
  class space    used 5324K, committed 5568K, reserved 1048576K
}
Event: 15.283 GC heap after
{Heap after GC invocations=11 (full 0):
 garbage-first heap   total 260096K, used 211157K [0x0000000084c00000, 0x0000000100000000)
  region size 1024K, 7 young (7168K), 7 survivors (7168K)
 Metaspace       used 43268K, committed 43776K, reserved 1114112K
  class space    used 5324K, committed 5568K, reserved 1048576K
}

