# JRE version: OpenJDK Runtime Environment (21.0.2+13) (build 21.0.2+13-Ubuntu-122.04.1)
# Java VM: OpenJDK 64-Bit Server VM (21.0.2+13-Ubuntu-122.04.1, mixed mode, sharing, tiered, compressed oops, compressed class ptrs, g1 gc, linux-amd64)
Heap:
 garbage-first heap   total 106496K, used 91559K [0x0000000084c00000, 0x0000000100000000)
  region size 1024K, 19 young (19456K), 2 survivors (2048K)
 Metaspace       used 40924K, committed 41408K, reserved 1114112K
  class space    used 5223K, committed 5440K, reserved 1048576K
GC Heap History (14 events):
Event: 1.175 GC heap before
{Heap before GC invocations=0 (full 0):
 garbage-first heap   total 129024K, used 23581K [0x0000000084c00000, 0x0000000100000000)
  region size 1024K, 23 young (23552K), 0 survivors (0K)
 Metaspace       used 5982K, committed 6144K, reserved 1114112K
  class space    used 690K, committed 768K, reserved 1048576K
}
Event: 1.178 GC heap after
{Heap after GC invocations=1 (full 0):
 garbage-first heap   total 129024K, used 4331K [0x0000000084c00000, 0x0000000100000000)
  region size 1024K, 3 young (3072K), 3 survivors (3072K)
 Metaspace       used 5982K, committed 6144K, reserved 1114112K
  class space    used 690K, committed 768K, reserved 1048576K
}
Event: 3.364 GC heap before
{Heap before GC invocations=1 (full 0):
 garbage-first heap   total 129024K, used 53483K [0x0000000084c00000, 0x0000000100000000)
  region size 1024K, 51 young (52224K), 3 survivors (3072K)
 Metaspace       used 15537K, committed 15808K, reserved 1114112K
  class space    used 1816K, committed 1920K, reserved 1048576K
}
Event: 3.370 GC heap after
{Heap after GC invocations=2 (full 0):
 garbage-first heap   total 129024K, used 8473K [0x0000000084c00000, 0x0000000100000000)
  region size 1024K, 7 young (7168K), 7 survivors (7168K)
 Metaspace       used 15537K, committed 15808K, reserved 1114112K
  class space    used 1816K, committed 1920K, reserved 1048576K
}
Event: 3.833 GC heap before
{Heap before GC invocations=2 (full 0):
 garbage-first heap   total 129024K, used 77081K [0x0000000084c00000, 0x0000000100000000)
  region size 1024K, 74 young (75776K), 7 survivors (7168K)
 Metaspace       used 17686K, committed 17984K, reserved 1114112K
  class space    used 1986K, committed 2112K, reserved 1048576K
}
Event: 3.841 GC heap after
{Heap after GC invocations=3 (full 0):
 garbage-first heap   total 129024K, used 13351K [0x0000000084c00000, 0x0000000100000000)
  region size 1024K, 9 young (9216K), 9 survivors (9216K)
 Metaspace       used 17686K, committed 17984K, reserved 1114112K
  class space    used 1986K, committed 2112K, reserved 1048576K
}
Event: 3.958 GC heap before
{Heap before GC invocations=3 (full 0):
 garbage-first heap   total 129024K, used 29735K [0x0000000084c00000, 0x0000000100000000)
  region size 1024K, 26 young (26624K), 9 survivors (9216K)
 Metaspace       used 21232K, committed 21504K, reserved 1114112K
  class space    used 2426K, committed 2560K, reserved 1048576K
}
Event: 3.973 GC heap after
{Heap after GC invocations=4 (full 0):
 garbage-first heap   total 129024K, used 15778K [0x0000000084c00000, 0x0000000100000000)
  region size 1024K, 7 young (7168K), 7 survivors (7168K)
 Metaspace       used 21232K, committed 21504K, reserved 1114112K
  class space    used 2426K, committed 2560K, reserved 1048576K
}
Event: 4.293 GC heap before
{Heap before GC invocations=5 (full 0):
 garbage-first heap   total 61440K, used 59810K [0x0000000084c00000, 0x0000000100000000)
  region size 1024K, 49 young (50176K), 7 survivors (7168K)
 Metaspace       used 28471K, committed 28800K, reserved 1114112K
  class space    used 3215K, committed 3392K, reserved 1048576K
}
Event: 4.304 GC heap after
{Heap after GC invocations=6 (full 0):
 garbage-first heap   total 77824K, used 25309K [0x0000000084c00000, 0x0000000100000000)
  region size 1024K, 10 young (10240K), 10 survivors (10240K)
 Metaspace       used 28471K, committed 28800K, reserved 1114112K
  class space    used 3215K, committed 3392K, reserved 1048576K
}
Event: 4.827 GC heap before
{Heap before GC invocations=6 (full 0):
 garbage-first heap   total 77824K, used 60125K [0x0000000084c00000, 0x0000000100000000)
  region size 1024K, 44 young (45056K), 10 survivors (10240K)
 Metaspace       used 34495K, committed 35008K, reserved 1114112K
  class space    used 3967K, committed 4224K, reserved 1048576K
}
Event: 4.833 GC heap after
{Heap after GC invocations=7 (full 0):
 garbage-first heap   total 77824K, used 30126K [0x0000000084c00000, 0x0000000100000000)
  region size 1024K, 5 young (5120K), 5 survivors (5120K)
 Metaspace       used 34495K, committed 35008K, reserved 1114112K
  class space    used 3967K, committed 4224K, reserved 1048576K
}
Event: 4.929 GC heap before
{Heap before GC invocations=7 (full 0):
 garbage-first heap   total 77824K, used 41390K [0x0000000084c00000, 0x0000000100000000)
  region size 1024K, 9 young (9216K), 5 survivors (5120K)
 Metaspace       used 35703K, committed 36160K, reserved 1114112K
  class space    used 4213K, committed 4416K, reserved 1048576K
}
Event: 4.932 GC heap after
{Heap after GC invocations=8 (full 0):
 garbage-first heap   total 106496K, used 39335K [0x0000000084c00000, 0x0000000100000000)
  region size 1024K, 2 young (2048K), 2 survivors (2048K)
 Metaspace       used 35703K, committed 36160K, reserved 1114112K
  class space    used 4213K, committed 4416K, reserved 1048576K
}

