# JRE version: OpenJDK Runtime Environment (21.0.2+13) (build 21.0.2+13-Ubuntu-122.04.1)
# Java VM: OpenJDK 64-Bit Server VM (21.0.2+13-Ubuntu-122.04.1, mixed mode, sharing, tiered, compressed oops, compressed class ptrs, g1 gc, linux-amd64)
Heap:
 garbage-first heap   total 320512K, used 314463K [0x0000000084c00000, 0x0000000100000000)
  region size 1024K, 29 young (29696K), 4 survivors (4096K)
 Metaspace       used 44102K, committed 44608K, reserved 1114112K
  class space    used 5497K, committed 5760K, reserved 1048576K
GC Heap History (16 events):
Event: 1.150 GC heap before
{Heap before GC invocations=0 (full 0):
 garbage-first heap   total 129024K, used 23581K [0x0000000084c00000, 0x0000000100000000)
  region size 1024K, 23 young (23552K), 0 survivors (0K)
 Metaspace       used 5984K, committed 6144K, reserved 1114112K
  class space    used 690K, committed 768K, reserved 1048576K
}
Event: 1.153 GC heap after
{Heap after GC invocations=1 (full 0):
 garbage-first heap   total 129024K, used 4237K [0x0000000084c00000, 0x0000000100000000)
  region size 1024K, 3 young (3072K), 3 survivors (3072K)
 Metaspace       used 5984K, committed 6144K, reserved 1114112K
  class space    used 690K, committed 768K, reserved 1048576K
}
Event: 3.328 GC heap before
{Heap before GC invocations=1 (full 0):
 garbage-first heap   total 129024K, used 53389K [0x0000000084c00000, 0x0000000100000000)
  region size 1024K, 51 young (52224K), 3 survivors (3072K)
 Metaspace       used 15464K, committed 15744K, reserved 1114112K
  class space    used 1801K, committed 1920K, reserved 1048576K
}
Event: 3.334 GC heap after
{Heap after GC invocations=2 (full 0):
 garbage-first heap   total 129024K, used 8230K [0x0000000084c00000, 0x0000000100000000)
  region size 1024K, 7 young (7168K), 7 survivors (7168K)
 Metaspace       used 15464K, committed 15744K, reserved 1114112K
  class space    used 1801K, committed 1920K, reserved 1048576K
}
Event: 3.861 GC heap before
{Heap before GC invocations=2 (full 0):
 garbage-first heap   total 129024K, used 76838K [0x0000000084c00000, 0x0000000100000000)
  region size 1024K, 74 young (75776K), 7 survivors (7168K)
 Metaspace       used 17734K, committed 18048K, reserved 1114112K
  class space    used 1986K, committed 2112K, reserved 1048576K
}
Event: 3.869 GC heap after
{Heap after GC invocations=3 (full 0):
 garbage-first heap   total 129024K, used 13309K [0x0000000084c00000, 0x0000000100000000)
  region size 1024K, 9 young (9216K), 9 survivors (9216K)
 Metaspace       used 17734K, committed 18048K, reserved 1114112K
  class space    used 1986K, committed 2112K, reserved 1048576K
}
Event: 4.005 GC heap before
{Heap before GC invocations=3 (full 0):
 garbage-first heap   total 129024K, used 30717K [0x0000000084c00000, 0x0000000100000000)
  region size 1024K, 27 young (27648K), 9 survivors (9216K)
 Metaspace       used 21240K, committed 21504K, reserved 1114112K
  class space    used 2414K, committed 2560K, reserved 1048576K
}
Event: 4.010 GC heap after
{Heap after GC invocations=4 (full 0):
 garbage-first heap   total 129024K, used 15389K [0x0000000084c00000, 0x0000000100000000)
  region size 1024K, 7 young (7168K), 7 survivors (7168K)
 Metaspace       used 21240K, committed 21504K, reserved 1114112K
  class space    used 2414K, committed 2560K, reserved 1048576K
}
Event: 4.386 GC heap before
{Heap before GC invocations=5 (full 0):
 garbage-first heap   total 58368K, used 57373K [0x0000000084c00000, 0x0000000100000000)
  region size 1024K, 47 young (48128K), 7 survivors (7168K)
 Metaspace       used 27653K, committed 27968K, reserved 1114112K
  class space    used 3103K, committed 3264K, reserved 1048576K
}
Event: 4.398 GC heap after
{Heap after GC invocations=6 (full 0):
 garbage-first heap   total 74752K, used 24922K [0x0000000084c00000, 0x0000000100000000)
  region size 1024K, 10 young (10240K), 10 survivors (10240K)
 Metaspace       used 27653K, committed 27968K, reserved 1114112K
  class space    used 3103K, committed 3264K, reserved 1048576K
}
Event: 5.045 GC heap before
{Heap before GC invocations=6 (full 0):
 garbage-first heap   total 74752K, used 56666K [0x0000000084c00000, 0x0000000100000000)
  region size 1024K, 42 young (43008K), 10 survivors (10240K)
 Metaspace       used 32441K, committed 32896K, reserved 1114112K
  class space    used 3673K, committed 3904K, reserved 1048576K
}
Event: 5.051 GC heap after
{Heap after GC invocations=7 (full 0):
 garbage-first heap   total 74752K, used 28484K [0x0000000084c00000, 0x0000000100000000)
  region size 1024K, 4 young (4096K), 4 survivors (4096K)
 Metaspace       used 32441K, committed 32896K, reserved 1114112K
  class space    used 3673K, committed 3904K, reserved 1048576K
}
Event: 5.182 GC heap before
{Heap before GC invocations=7 (full 0):
 garbage-first heap   total 74752K, used 45892K [0x0000000084c00000, 0x0000000100000000)
  region size 1024K, 14 young (14336K), 4 survivors (4096K)
 Metaspace       used 35705K, committed 36160K, reserved 1114112K
  class space    used 4187K, committed 4416K, reserved 1048576K
}
Event: 5.185 GC heap after
{Heap after GC invocations=8 (full 0):
 garbage-first heap   total 74752K, used 38848K [0x0000000084c00000, 0x0000000100000000)
  region size 1024K, 3 young (3072K), 3 survivors (3072K)
 Metaspace       used 35705K, committed 36160K, reserved 1114112K
  class space    used 4187K, committed 4416K, reserved 1048576K
}
Event: 12.443 GC heap before
{Heap before GC invocations=9 (full 0):
 garbage-first heap   total 222208K, used 220096K [0x0000000084c00000, 0x0000000100000000)
  region size 1024K, 27 young (27648K), 3 survivors (3072K)
 Metaspace       used 42792K, committed 43328K, reserved 1114112K
  class space    used 5469K, committed 5760K, reserved 1048576K
}
Event: 12.446 GC heap after
{Heap after GC invocations=10 (full 0):
 garbage-first heap   total 275456K, used 184415K [0x0000000084c00000, 0x0000000100000000)
  region size 1024K, 4 young (4096K), 4 survivors (4096K)
 Metaspace       used 42792K, committed 43328K, reserved 1114112K
  class space    used 5469K, committed 5760K, reserved 1048576K
}

