# JRE version: OpenJDK Runtime Environment (21.0.2+13) (build 21.0.2+13-Ubuntu-122.04.1)
# Java VM: OpenJDK 64-Bit Server VM (21.0.2+13-Ubuntu-122.04.1, mixed mode, sharing, tiered, compressed oops, compressed class ptrs, g1 gc, linux-amd64)
Heap:
 garbage-first heap   total 305152K, used 292517K [0x0000000084c00000, 0x0000000100000000)
  region size 1024K, 28 young (28672K), 4 survivors (4096K)
 Metaspace       used 44129K, committed 44672K, reserved 1114112K
  class space    used 5505K, committed 5760K, reserved 1048576K
GC Heap History (16 events):
Event: 1.067 GC heap before
{Heap before GC invocations=0 (full 0):
 garbage-first heap   total 129024K, used 23581K [0x0000000084c00000, 0x0000000100000000)
  region size 1024K, 23 young (23552K), 0 survivors (0K)
 Metaspace       used 5986K, committed 6144K, reserved 1114112K
  class space    used 690K, committed 768K, reserved 1048576K
}
Event: 1.069 GC heap after
{Heap after GC invocations=1 (full 0):
 garbage-first heap   total 129024K, used 4264K [0x0000000084c00000, 0x0000000100000000)
  region size 1024K, 3 young (3072K), 3 survivors (3072K)
 Metaspace       used 5986K, committed 6144K, reserved 1114112K
  class space    used 690K, committed 768K, reserved 1048576K
}
Event: 3.391 GC heap before
{Heap before GC invocations=1 (full 0):
 garbage-first heap   total 129024K, used 53416K [0x0000000084c00000, 0x0000000100000000)
  region size 1024K, 51 young (52224K), 3 survivors (3072K)
 Metaspace       used 15548K, committed 15808K, reserved 1114112K
  class space    used 1816K, committed 1920K, reserved 1048576K
}
Event: 3.398 GC heap after
{Heap after GC invocations=2 (full 0):
 garbage-first heap   total 129024K, used 8360K [0x0000000084c00000, 0x0000000100000000)
  region size 1024K, 7 young (7168K), 7 survivors (7168K)
 Metaspace       used 15548K, committed 15808K, reserved 1114112K
  class space    used 1816K, committed 1920K, reserved 1048576K
}
Event: 3.915 GC heap before
{Heap before GC invocations=2 (full 0):
 garbage-first heap   total 129024K, used 76968K [0x0000000084c00000, 0x0000000100000000)
  region size 1024K, 74 young (75776K), 7 survivors (7168K)
 Metaspace       used 17743K, committed 18048K, reserved 1114112K
  class space    used 1986K, committed 2112K, reserved 1048576K
}
Event: 3.922 GC heap after
{Heap after GC invocations=3 (full 0):
 garbage-first heap   total 129024K, used 13365K [0x0000000084c00000, 0x0000000100000000)
  region size 1024K, 9 young (9216K), 9 survivors (9216K)
 Metaspace       used 17743K, committed 18048K, reserved 1114112K
  class space    used 1986K, committed 2112K, reserved 1048576K
}
Event: 4.056 GC heap before
{Heap before GC invocations=3 (full 0):
 garbage-first heap   total 129024K, used 29749K [0x0000000084c00000, 0x0000000100000000)
  region size 1024K, 26 young (26624K), 9 survivors (9216K)
 Metaspace       used 21241K, committed 21504K, reserved 1114112K
  class space    used 2413K, committed 2560K, reserved 1048576K
}
Event: 4.061 GC heap after
{Heap after GC invocations=4 (full 0):
 garbage-first heap   total 129024K, used 14877K [0x0000000084c00000, 0x0000000100000000)
  region size 1024K, 7 young (7168K), 7 survivors (7168K)
 Metaspace       used 21241K, committed 21504K, reserved 1114112K
  class space    used 2413K, committed 2560K, reserved 1048576K
}
Event: 4.418 GC heap before
{Heap before GC invocations=5 (full 0):
 garbage-first heap   total 58368K, used 56861K [0x0000000084c00000, 0x0000000100000000)
  region size 1024K, 47 young (48128K), 7 survivors (7168K)
 Metaspace       used 27658K, committed 28032K, reserved 1114112K
  class space    used 3103K, committed 3264K, reserved 1048576K
}
Event: 4.429 GC heap after
{Heap after GC invocations=6 (full 0):
 garbage-first heap   total 74752K, used 24921K [0x0000000084c00000, 0x0000000100000000)
  region size 1024K, 10 young (10240K), 10 survivors (10240K)
 Metaspace       used 27658K, committed 28032K, reserved 1114112K
  class space    used 3103K, committed 3264K, reserved 1048576K
}
Event: 5.048 GC heap before
{Heap before GC invocations=6 (full 0):
 garbage-first heap   total 74752K, used 56665K [0x0000000084c00000, 0x0000000100000000)
  region size 1024K, 42 young (43008K), 10 survivors (10240K)
 Metaspace       used 31887K, committed 32320K, reserved 1114112K
  class space    used 3564K, committed 3776K, reserved 1048576K
}
Event: 5.053 GC heap after
{Heap after GC invocations=7 (full 0):
 garbage-first heap   total 74752K, used 28323K [0x0000000084c00000, 0x0000000100000000)
  region size 1024K, 4 young (4096K), 4 survivors (4096K)
 Metaspace       used 31887K, committed 32320K, reserved 1114112K
  class space    used 3564K, committed 3776K, reserved 1048576K
}
Event: 5.164 GC heap before
{Heap before GC invocations=7 (full 0):
 garbage-first heap   total 74752K, used 45731K [0x0000000084c00000, 0x0000000100000000)
  region size 1024K, 14 young (14336K), 4 survivors (4096K)
 Metaspace       used 35665K, committed 36160K, reserved 1114112K
  class space    used 4173K, committed 4416K, reserved 1048576K
}
Event: 5.167 GC heap after
{Heap after GC invocations=8 (full 0):
 garbage-first heap   total 74752K, used 38602K [0x0000000084c00000, 0x0000000100000000)
  region size 1024K, 2 young (2048K), 2 survivors (2048K)
 Metaspace       used 35665K, committed 36160K, reserved 1114112K
  class space    used 4173K, committed 4416K, reserved 1048576K
}
Event: 9.776 GC heap before
{Heap before GC invocations=9 (full 0):
 garbage-first heap   total 232448K, used 231114K [0x0000000084c00000, 0x0000000100000000)
  region size 1024K, 27 young (27648K), 2 survivors (2048K)
 Metaspace       used 42790K, committed 43328K, reserved 1114112K
  class space    used 5474K, committed 5760K, reserved 1048576K
}
Event: 9.780 GC heap after
{Heap after GC invocations=10 (full 0):
 garbage-first heap   total 286720K, used 175781K [0x0000000084c00000, 0x0000000100000000)
  region size 1024K, 4 young (4096K), 4 survivors (4096K)
 Metaspace       used 42790K, committed 43328K, reserved 1114112K
  class space    used 5474K, committed 5760K, reserved 1048576K
}

