# JRE version: OpenJDK Runtime Environment (21.0.2+13) (build 21.0.2+13-Ubuntu-122.04.1)
# Java VM: OpenJDK 64-Bit Server VM (21.0.2+13-Ubuntu-122.04.1, mixed mode, sharing, tiered, compressed oops, compressed class ptrs, g1 gc, linux-amd64)
Heap:
 garbage-first heap   total 421888K, used 269888K [0x0000000084c00000, 0x0000000100000000)
  region size 1024K, 4 young (4096K), 2 survivors (2048K)
 Metaspace       used 44562K, committed 45248K, reserved 1114112K
  class space    used 5515K, committed 5824K, reserved 1048576K
GC Heap History (20 events):
Event: 1.163 GC heap before
{Heap before GC invocations=0 (full 0):
 garbage-first heap   total 129024K, used 23581K [0x0000000084c00000, 0x0000000100000000)
  region size 1024K, 23 young (23552K), 0 survivors (0K)
 Metaspace       used 5987K, committed 6144K, reserved 1114112K
  class space    used 690K, committed 768K, reserved 1048576K
}
Event: 1.166 GC heap after
{Heap after GC invocations=1 (full 0):
 garbage-first heap   total 129024K, used 4347K [0x0000000084c00000, 0x0000000100000000)
  region size 1024K, 3 young (3072K), 3 survivors (3072K)
 Metaspace       used 5987K, committed 6144K, reserved 1114112K
  class space    used 690K, committed 768K, reserved 1048576K
}
Event: 3.479 GC heap before
{Heap before GC invocations=1 (full 0):
 garbage-first heap   total 129024K, used 53499K [0x0000000084c00000, 0x0000000100000000)
  region size 1024K, 51 young (52224K), 3 survivors (3072K)
 Metaspace       used 15471K, committed 15744K, reserved 1114112K
  class space    used 1801K, committed 1920K, reserved 1048576K
}
Event: 3.485 GC heap after
{Heap after GC invocations=2 (full 0):
 garbage-first heap   total 129024K, used 8471K [0x0000000084c00000, 0x0000000100000000)
  region size 1024K, 7 young (7168K), 7 survivors (7168K)
 Metaspace       used 15471K, committed 15744K, reserved 1114112K
  class space    used 1801K, committed 1920K, reserved 1048576K
}
Event: 4.023 GC heap before
{Heap before GC invocations=2 (full 0):
 garbage-first heap   total 129024K, used 77079K [0x0000000084c00000, 0x0000000100000000)
  region size 1024K, 74 young (75776K), 7 survivors (7168K)
 Metaspace       used 17762K, committed 18048K, reserved 1114112K
  class space    used 1986K, committed 2112K, reserved 1048576K
}
Event: 4.031 GC heap after
{Heap after GC invocations=3 (full 0):
 garbage-first heap   total 129024K, used 13460K [0x0000000084c00000, 0x0000000100000000)
  region size 1024K, 9 young (9216K), 9 survivors (9216K)
 Metaspace       used 17762K, committed 18048K, reserved 1114112K
  class space    used 1986K, committed 2112K, reserved 1048576K
}
Event: 4.165 GC heap before
{Heap before GC invocations=3 (full 0):
 garbage-first heap   total 129024K, used 30868K [0x0000000084c00000, 0x0000000100000000)
  region size 1024K, 27 young (27648K), 9 survivors (9216K)
 Metaspace       used 21220K, committed 21504K, reserved 1114112K
  class space    used 2413K, committed 2560K, reserved 1048576K
}
Event: 4.170 GC heap after
{Heap after GC invocations=4 (full 0):
 garbage-first heap   total 129024K, used 15264K [0x0000000084c00000, 0x0000000100000000)
  region size 1024K, 7 young (7168K), 7 survivors (7168K)
 Metaspace       used 21220K, committed 21504K, reserved 1114112K
  class space    used 2413K, committed 2560K, reserved 1048576K
}
Event: 4.536 GC heap before
{Heap before GC invocations=5 (full 0):
 garbage-first heap   total 58368K, used 57248K [0x0000000084c00000, 0x0000000100000000)
  region size 1024K, 47 young (48128K), 7 survivors (7168K)
 Metaspace       used 27667K, committed 28032K, reserved 1114112K
  class space    used 3103K, committed 3264K, reserved 1048576K
}
Event: 4.547 GC heap after
{Heap after GC invocations=6 (full 0):
 garbage-first heap   total 73728K, used 24480K [0x0000000084c00000, 0x0000000100000000)
  region size 1024K, 10 young (10240K), 10 survivors (10240K)
 Metaspace       used 27667K, committed 28032K, reserved 1114112K
  class space    used 3103K, committed 3264K, reserved 1048576K
}
Event: 5.205 GC heap before
{Heap before GC invocations=6 (full 0):
 garbage-first heap   total 73728K, used 56224K [0x0000000084c00000, 0x0000000100000000)
  region size 1024K, 42 young (43008K), 10 survivors (10240K)
 Metaspace       used 32460K, committed 32960K, reserved 1114112K
  class space    used 3673K, committed 3904K, reserved 1048576K
}
Event: 5.211 GC heap after
{Heap after GC invocations=7 (full 0):
 garbage-first heap   total 73728K, used 27923K [0x0000000084c00000, 0x0000000100000000)
  region size 1024K, 4 young (4096K), 4 survivors (4096K)
 Metaspace       used 32460K, committed 32960K, reserved 1114112K
  class space    used 3673K, committed 3904K, reserved 1048576K
}
Event: 5.345 GC heap before
{Heap before GC invocations=7 (full 0):
 garbage-first heap   total 73728K, used 44307K [0x0000000084c00000, 0x0000000100000000)
  region size 1024K, 14 young (14336K), 4 survivors (4096K)
 Metaspace       used 35938K, committed 36416K, reserved 1114112K
  class space    used 4257K, committed 4480K, reserved 1048576K
}
Event: 5.348 GC heap after
{Heap after GC invocations=8 (full 0):
 garbage-first heap   total 73728K, used 38140K [0x0000000084c00000, 0x0000000100000000)
  region size 1024K, 3 young (3072K), 3 survivors (3072K)
 Metaspace       used 35938K, committed 36416K, reserved 1114112K
  class space    used 4257K, committed 4480K, reserved 1048576K
}
Event: 11.340 GC heap before
{Heap before GC invocations=9 (full 0):
 garbage-first heap   total 212992K, used 210172K [0x0000000084c00000, 0x0000000100000000)
  region size 1024K, 26 young (26624K), 3 survivors (3072K)
 Metaspace       used 42752K, committed 43328K, reserved 1114112K
  class space    used 5467K, committed 5760K, reserved 1048576K
}
Event: 11.344 GC heap after
{Heap after GC invocations=10 (full 0):
 garbage-first heap   total 262144K, used 156267K [0x0000000084c00000, 0x0000000100000000)
  region size 1024K, 4 young (4096K), 4 survivors (4096K)
 Metaspace       used 42752K, committed 43328K, reserved 1114112K
  class space    used 5467K, committed 5760K, reserved 1048576K
}
Event: 50.064 GC heap before
{Heap before GC invocations=10 (full 0):
 garbage-first heap   total 299008K, used 298603K [0x0000000084c00000, 0x0000000100000000)
  region size 1024K, 33 young (33792K), 4 survivors (4096K)
 Metaspace       used 44372K, committed 44992K, reserved 1114112K
  class space    used 5510K, committed 5824K, reserved 1048576K
}
Event: 50.071 GC heap after
{Heap after GC invocations=11 (full 0):
 garbage-first heap   total 309248K, used 238847K [0x0000000084c00000, 0x0000000100000000)
  region size 1024K, 9 young (9216K), 9 survivors (9216K)
 Metaspace       used 44372K, committed 44992K, reserved 1114112K
  class space    used 5510K, committed 5824K, reserved 1048576K
}
Event: 87.561 GC heap before
{Heap before GC invocations=11 (full 0):
 garbage-first heap   total 309248K, used 247039K [0x0000000084c00000, 0x0000000100000000)
  region size 1024K, 18 young (18432K), 9 survivors (9216K)
 Metaspace       used 44551K, committed 45120K, reserved 1114112K
  class space    used 5512K, committed 5824K, reserved 1048576K
}
Event: 87.567 GC heap after
{Heap after GC invocations=12 (full 0):
 garbage-first heap   total 309248K, used 240192K [0x0000000084c00000, 0x0000000100000000)
  region size 1024K, 2 young (2048K), 2 survivors (2048K)
 Metaspace       used 44551K, committed 45120K, reserved 1114112K
  class space    used 5512K, committed 5824K, reserved 1048576K
}

