# JRE version: OpenJDK Runtime Environment (21.0.2+13) (build 21.0.2+13-Ubuntu-122.04.1)
# Java VM: OpenJDK 64-Bit Server VM (21.0.2+13-Ubuntu-122.04.1, mixed mode, sharing, tiered, compressed oops, compressed class ptrs, g1 gc, linux-amd64)
Heap:
 garbage-first heap   total 310272K, used 275745K [0x0000000084c00000, 0x0000000100000000)
  region size 1024K, 45 young (46080K), 9 survivors (9216K)
 Metaspace       used 44423K, committed 44928K, reserved 1114112K
  class space    used 5493K, committed 5760K, reserved 1048576K
GC Heap History (18 events):
Event: 1.139 GC heap before
{Heap before GC invocations=0 (full 0):
 garbage-first heap   total 129024K, used 23581K [0x0000000084c00000, 0x0000000100000000)
  region size 1024K, 23 young (23552K), 0 survivors (0K)
 Metaspace       used 5986K, committed 6144K, reserved 1114112K
  class space    used 690K, committed 768K, reserved 1048576K
}
Event: 1.142 GC heap after
{Heap after GC invocations=1 (full 0):
 garbage-first heap   total 129024K, used 4237K [0x0000000084c00000, 0x0000000100000000)
  region size 1024K, 3 young (3072K), 3 survivors (3072K)
 Metaspace       used 5986K, committed 6144K, reserved 1114112K
  class space    used 690K, committed 768K, reserved 1048576K
}
Event: 3.418 GC heap before
{Heap before GC invocations=1 (full 0):
 garbage-first heap   total 129024K, used 53389K [0x0000000084c00000, 0x0000000100000000)
  region size 1024K, 51 young (52224K), 3 survivors (3072K)
 Metaspace       used 15512K, committed 15808K, reserved 1114112K
  class space    used 1806K, committed 1920K, reserved 1048576K
}
Event: 3.425 GC heap after
{Heap after GC invocations=2 (full 0):
 garbage-first heap   total 129024K, used 8037K [0x0000000084c00000, 0x0000000100000000)
  region size 1024K, 7 young (7168K), 7 survivors (7168K)
 Metaspace       used 15512K, committed 15808K, reserved 1114112K
  class space    used 1806K, committed 1920K, reserved 1048576K
}
Event: 3.931 GC heap before
{Heap before GC invocations=2 (full 0):
 garbage-first heap   total 129024K, used 76645K [0x0000000084c00000, 0x0000000100000000)
  region size 1024K, 74 young (75776K), 7 survivors (7168K)
 Metaspace       used 17749K, committed 18048K, reserved 1114112K
  class space    used 1986K, committed 2112K, reserved 1048576K
}
Event: 3.937 GC heap after
{Heap after GC invocations=3 (full 0):
 garbage-first heap   total 129024K, used 13373K [0x0000000084c00000, 0x0000000100000000)
  region size 1024K, 9 young (9216K), 9 survivors (9216K)
 Metaspace       used 17749K, committed 18048K, reserved 1114112K
  class space    used 1986K, committed 2112K, reserved 1048576K
}
Event: 4.072 GC heap before
{Heap before GC invocations=3 (full 0):
 garbage-first heap   total 129024K, used 29757K [0x0000000084c00000, 0x0000000100000000)
  region size 1024K, 26 young (26624K), 9 survivors (9216K)
 Metaspace       used 21231K, committed 21504K, reserved 1114112K
  class space    used 2413K, committed 2560K, reserved 1048576K
}
Event: 4.077 GC heap after
{Heap after GC invocations=4 (full 0):
 garbage-first heap   total 129024K, used 15389K [0x0000000084c00000, 0x0000000100000000)
  region size 1024K, 7 young (7168K), 7 survivors (7168K)
 Metaspace       used 21231K, committed 21504K, reserved 1114112K
  class space    used 2413K, committed 2560K, reserved 1048576K
}
Event: 4.434 GC heap before
{Heap before GC invocations=5 (full 0):
 garbage-first heap   total 58368K, used 57373K [0x0000000084c00000, 0x0000000100000000)
  region size 1024K, 47 young (48128K), 7 survivors (7168K)
 Metaspace       used 27717K, committed 28032K, reserved 1114112K
  class space    used 3109K, committed 3264K, reserved 1048576K
}
Event: 4.445 GC heap after
{Heap after GC invocations=6 (full 0):
 garbage-first heap   total 73728K, used 24605K [0x0000000084c00000, 0x0000000100000000)
  region size 1024K, 10 young (10240K), 10 survivors (10240K)
 Metaspace       used 27717K, committed 28032K, reserved 1114112K
  class space    used 3109K, committed 3264K, reserved 1048576K
}
Event: 5.064 GC heap before
{Heap before GC invocations=6 (full 0):
 garbage-first heap   total 73728K, used 56349K [0x0000000084c00000, 0x0000000100000000)
  region size 1024K, 42 young (43008K), 10 survivors (10240K)
 Metaspace       used 33286K, committed 33792K, reserved 1114112K
  class space    used 3782K, committed 4032K, reserved 1048576K
}
Event: 5.069 GC heap after
{Heap after GC invocations=7 (full 0):
 garbage-first heap   total 73728K, used 28576K [0x0000000084c00000, 0x0000000100000000)
  region size 1024K, 4 young (4096K), 4 survivors (4096K)
 Metaspace       used 33286K, committed 33792K, reserved 1114112K
  class space    used 3782K, committed 4032K, reserved 1048576K
}
Event: 5.190 GC heap before
{Heap before GC invocations=7 (full 0):
 garbage-first heap   total 73728K, used 44960K [0x0000000084c00000, 0x0000000100000000)
  region size 1024K, 13 young (13312K), 4 survivors (4096K)
 Metaspace       used 35796K, committed 36288K, reserved 1114112K
  class space    used 4213K, committed 4416K, reserved 1048576K
}
Event: 5.194 GC heap after
{Heap after GC invocations=8 (full 0):
 garbage-first heap   total 73728K, used 38476K [0x0000000084c00000, 0x0000000100000000)
  region size 1024K, 2 young (2048K), 2 survivors (2048K)
 Metaspace       used 35796K, committed 36288K, reserved 1114112K
  class space    used 4213K, committed 4416K, reserved 1048576K
}
Event: 10.409 GC heap before
{Heap before GC invocations=9 (full 0):
 garbage-first heap   total 221184K, used 219724K [0x0000000084c00000, 0x0000000100000000)
  region size 1024K, 26 young (26624K), 2 survivors (2048K)
 Metaspace       used 42757K, committed 43328K, reserved 1114112K
  class space    used 5468K, committed 5760K, reserved 1048576K
}
Event: 10.412 GC heap after
{Heap after GC invocations=10 (full 0):
 garbage-first heap   total 273408K, used 165461K [0x0000000084c00000, 0x0000000100000000)
  region size 1024K, 4 young (4096K), 4 survivors (4096K)
 Metaspace       used 42757K, committed 43328K, reserved 1114112K
  class space    used 5468K, committed 5760K, reserved 1048576K
}
Event: 67.995 GC heap before
{Heap before GC invocations=10 (full 0):
 garbage-first heap   total 300032K, used 298581K [0x0000000084c00000, 0x0000000100000000)
  region size 1024K, 33 young (33792K), 4 survivors (4096K)
 Metaspace       used 44151K, committed 44672K, reserved 1114112K
  class space    used 5491K, committed 5760K, reserved 1048576K
}
Event: 68.002 GC heap after
{Heap after GC invocations=11 (full 0):
 garbage-first heap   total 310272K, used 239905K [0x0000000084c00000, 0x0000000100000000)
  region size 1024K, 9 young (9216K), 9 survivors (9216K)
 Metaspace       used 44151K, committed 44672K, reserved 1114112K
  class space    used 5491K, committed 5760K, reserved 1048576K
}

