# JRE version: OpenJDK Runtime Environment (21.0.2+13) (build 21.0.2+13-Ubuntu-122.04.1)
# Java VM: OpenJDK 64-Bit Server VM (21.0.2+13-Ubuntu-122.04.1, mixed mode, sharing, tiered, compressed oops, compressed class ptrs, g1 gc, linux-amd64)
Heap:
 garbage-first heap   total 125952K, used 77167K [0x0000000084c00000, 0x0000000100000000)
  region size 1024K, 5 young (5120K), 4 survivors (4096K)
 Metaspace       used 40656K, committed 41088K, reserved 1114112K
  class space    used 5060K, committed 5248K, reserved 1048576K
GC Heap History (16 events):
Event: 2.719 GC heap before
{Heap before GC invocations=0 (full 0):
 garbage-first heap   total 129024K, used 23581K [0x0000000084c00000, 0x0000000100000000)
  region size 1024K, 23 young (23552K), 0 survivors (0K)
 Metaspace       used 5984K, committed 6144K, reserved 1114112K
  class space    used 690K, committed 768K, reserved 1048576K
}
Event: 2.722 GC heap after
{Heap after GC invocations=1 (full 0):
 garbage-first heap   total 129024K, used 4264K [0x0000000084c00000, 0x0000000100000000)
  region size 1024K, 3 young (3072K), 3 survivors (3072K)
 Metaspace       used 5984K, committed 6144K, reserved 1114112K
  class space    used 690K, committed 768K, reserved 1048576K
}
Event: 4.986 GC heap before
{Heap before GC invocations=1 (full 0):
 garbage-first heap   total 129024K, used 53416K [0x0000000084c00000, 0x0000000100000000)
  region size 1024K, 51 young (52224K), 3 survivors (3072K)
 Metaspace       used 15485K, committed 15744K, reserved 1114112K
  class space    used 1802K, committed 1920K, reserved 1048576K
}
Event: 4.992 GC heap after
{Heap after GC invocations=2 (full 0):
 garbage-first heap   total 129024K, used 8360K [0x0000000084c00000, 0x0000000100000000)
  region size 1024K, 7 young (7168K), 7 survivors (7168K)
 Metaspace       used 15485K, committed 15744K, reserved 1114112K
  class space    used 1802K, committed 1920K, reserved 1048576K
}
Event: 5.627 GC heap before
{Heap before GC invocations=2 (full 0):
 garbage-first heap   total 129024K, used 76968K [0x0000000084c00000, 0x0000000100000000)
  region size 1024K, 74 young (75776K), 7 survivors (7168K)
 Metaspace       used 17740K, committed 18048K, reserved 1114112K
  class space    used 1986K, committed 2112K, reserved 1048576K
}
Event: 5.635 GC heap after
{Heap after GC invocations=3 (full 0):
 garbage-first heap   total 129024K, used 13853K [0x0000000084c00000, 0x0000000100000000)
  region size 1024K, 10 young (10240K), 10 survivors (10240K)
 Metaspace       used 17740K, committed 18048K, reserved 1114112K
  class space    used 1986K, committed 2112K, reserved 1048576K
}
Event: 5.820 GC heap before
{Heap before GC invocations=3 (full 0):
 garbage-first heap   total 129024K, used 30237K [0x0000000084c00000, 0x0000000100000000)
  region size 1024K, 27 young (27648K), 10 survivors (10240K)
 Metaspace       used 21223K, committed 21504K, reserved 1114112K
  class space    used 2414K, committed 2560K, reserved 1048576K
}
Event: 5.825 GC heap after
{Heap after GC invocations=4 (full 0):
 garbage-first heap   total 129024K, used 14877K [0x0000000084c00000, 0x0000000100000000)
  region size 1024K, 7 young (7168K), 7 survivors (7168K)
 Metaspace       used 21223K, committed 21504K, reserved 1114112K
  class space    used 2414K, committed 2560K, reserved 1048576K
}
Event: 6.231 GC heap before
{Heap before GC invocations=5 (full 0):
 garbage-first heap   total 58368K, used 56861K [0x0000000084c00000, 0x0000000100000000)
  region size 1024K, 47 young (48128K), 7 survivors (7168K)
 Metaspace       used 27956K, committed 28288K, reserved 1114112K
  class space    used 3126K, committed 3264K, reserved 1048576K
}
Event: 6.241 GC heap after
{Heap after GC invocations=6 (full 0):
 garbage-first heap   total 74752K, used 24923K [0x0000000084c00000, 0x0000000100000000)
  region size 1024K, 10 young (10240K), 10 survivors (10240K)
 Metaspace       used 27956K, committed 28288K, reserved 1114112K
  class space    used 3126K, committed 3264K, reserved 1048576K
}
Event: 7.267 GC heap before
{Heap before GC invocations=6 (full 0):
 garbage-first heap   total 74752K, used 56667K [0x0000000084c00000, 0x0000000100000000)
  region size 1024K, 42 young (43008K), 10 survivors (10240K)
 Metaspace       used 33339K, committed 33792K, reserved 1114112K
  class space    used 3818K, committed 4032K, reserved 1048576K
}
Event: 7.272 GC heap after
{Heap after GC invocations=7 (full 0):
 garbage-first heap   total 74752K, used 28540K [0x0000000084c00000, 0x0000000100000000)
  region size 1024K, 4 young (4096K), 4 survivors (4096K)
 Metaspace       used 33339K, committed 33792K, reserved 1114112K
  class space    used 3818K, committed 4032K, reserved 1048576K
}
Event: 7.429 GC heap before
{Heap before GC invocations=7 (full 0):
 garbage-first heap   total 74752K, used 44924K [0x0000000084c00000, 0x0000000100000000)
  region size 1024K, 13 young (13312K), 4 survivors (4096K)
 Metaspace       used 35727K, committed 36096K, reserved 1114112K
  class space    used 4249K, committed 4416K, reserved 1048576K
}
Event: 7.431 GC heap after
{Heap after GC invocations=8 (full 0):
 garbage-first heap   total 74752K, used 38721K [0x0000000084c00000, 0x0000000100000000)
  region size 1024K, 3 young (3072K), 3 survivors (3072K)
 Metaspace       used 35727K, committed 36096K, reserved 1114112K
  class space    used 4249K, committed 4416K, reserved 1048576K
}
Event: 24.666 GC heap before
{Heap before GC invocations=9 (full 0):
 garbage-first heap   total 93184K, used 90945K [0x0000000084c00000, 0x0000000100000000)
  region size 1024K, 19 young (19456K), 3 survivors (3072K)
 Metaspace       used 40650K, committed 41088K, reserved 1114112K
  class space    used 5058K, committed 5248K, reserved 1048576K
}
Event: 24.668 GC heap after
{Heap after GC invocations=10 (full 0):
 garbage-first heap   total 125952K, used 77167K [0x0000000084c00000, 0x0000000100000000)
  region size 1024K, 4 young (4096K), 4 survivors (4096K)
 Metaspace       used 40650K, committed 41088K, reserved 1114112K
  class space    used 5058K, committed 5248K, reserved 1048576K
}

