# JRE version: OpenJDK Runtime Environment (21.0.2+13) (build 21.0.2+13-Ubuntu-122.04.1)
# Java VM: OpenJDK 64-Bit Server VM (21.0.2+13-Ubuntu-122.04.1, mixed mode, sharing, tiered, compressed oops, compressed class ptrs, g1 gc, linux-amd64)
Heap:
 garbage-first heap   total 317440K, used 260362K [0x0000000084c00000, 0x0000000100000000)
  region size 1024K, 16 young (16384K), 3 survivors (3072K)
 Metaspace       used 44484K, committed 45056K, reserved 1114112K
  class space    used 5509K, committed 5824K, reserved 1048576K
GC Heap History (20 events):
Event: 3.234 GC heap before
{Heap before GC invocations=1 (full 0):
 garbage-first heap   total 129024K, used 53467K [0x0000000084c00000, 0x0000000100000000)
  region size 1024K, 51 young (52224K), 3 survivors (3072K)
 Metaspace       used 15514K, committed 15808K, reserved 1114112K
  class space    used 1806K, committed 1920K, reserved 1048576K
}
Event: 3.241 GC heap after
{Heap after GC invocations=2 (full 0):
 garbage-first heap   total 129024K, used 8411K [0x0000000084c00000, 0x0000000100000000)
  region size 1024K, 7 young (7168K), 7 survivors (7168K)
 Metaspace       used 15514K, committed 15808K, reserved 1114112K
  class space    used 1806K, committed 1920K, reserved 1048576K
}
Event: 3.810 GC heap before
{Heap before GC invocations=2 (full 0):
 garbage-first heap   total 129024K, used 77019K [0x0000000084c00000, 0x0000000100000000)
  region size 1024K, 74 young (75776K), 7 survivors (7168K)
 Metaspace       used 17756K, committed 18048K, reserved 1114112K
  class space    used 1986K, committed 2112K, reserved 1048576K
}
Event: 3.818 GC heap after
{Heap after GC invocations=3 (full 0):
 garbage-first heap   total 129024K, used 13459K [0x0000000084c00000, 0x0000000100000000)
  region size 1024K, 9 young (9216K), 9 survivors (9216K)
 Metaspace       used 17756K, committed 18048K, reserved 1114112K
  class space    used 1986K, committed 2112K, reserved 1048576K
}
Event: 3.953 GC heap before
{Heap before GC invocations=3 (full 0):
 garbage-first heap   total 129024K, used 29843K [0x0000000084c00000, 0x0000000100000000)
  region size 1024K, 26 young (26624K), 9 survivors (9216K)
 Metaspace       used 21242K, committed 21504K, reserved 1114112K
  class space    used 2413K, committed 2560K, reserved 1048576K
}
Event: 3.958 GC heap after
{Heap after GC invocations=4 (full 0):
 garbage-first heap   total 129024K, used 15592K [0x0000000084c00000, 0x0000000100000000)
  region size 1024K, 7 young (7168K), 7 survivors (7168K)
 Metaspace       used 21242K, committed 21504K, reserved 1114112K
  class space    used 2413K, committed 2560K, reserved 1048576K
}
Event: 4.384 GC heap before
{Heap before GC invocations=5 (full 0):
 garbage-first heap   total 61440K, used 59624K [0x0000000084c00000, 0x0000000100000000)
  region size 1024K, 49 young (50176K), 7 survivors (7168K)
 Metaspace       used 28322K, committed 28672K, reserved 1114112K
  class space    used 3156K, committed 3328K, reserved 1048576K
}
Event: 4.396 GC heap after
{Heap after GC invocations=6 (full 0):
 garbage-first heap   total 77824K, used 25128K [0x0000000084c00000, 0x0000000100000000)
  region size 1024K, 10 young (10240K), 10 survivors (10240K)
 Metaspace       used 28322K, committed 28672K, reserved 1114112K
  class space    used 3156K, committed 3328K, reserved 1048576K
}
Event: 5.008 GC heap before
{Heap before GC invocations=6 (full 0):
 garbage-first heap   total 77824K, used 58920K [0x0000000084c00000, 0x0000000100000000)
  region size 1024K, 44 young (45056K), 10 survivors (10240K)
 Metaspace       used 34492K, committed 35008K, reserved 1114112K
  class space    used 3956K, committed 4224K, reserved 1048576K
}
Event: 5.014 GC heap after
{Heap after GC invocations=7 (full 0):
 garbage-first heap   total 77824K, used 29078K [0x0000000084c00000, 0x0000000100000000)
  region size 1024K, 4 young (4096K), 4 survivors (4096K)
 Metaspace       used 34492K, committed 35008K, reserved 1114112K
  class space    used 3956K, committed 4224K, reserved 1048576K
}
Event: 5.104 GC heap before
{Heap before GC invocations=7 (full 0):
 garbage-first heap   total 77824K, used 42390K [0x0000000084c00000, 0x0000000100000000)
  region size 1024K, 10 young (10240K), 4 survivors (4096K)
 Metaspace       used 35704K, committed 36160K, reserved 1114112K
  class space    used 4186K, committed 4416K, reserved 1048576K
}
Event: 5.107 GC heap after
{Heap after GC invocations=8 (full 0):
 garbage-first heap   total 106496K, used 38854K [0x0000000084c00000, 0x0000000100000000)
  region size 1024K, 2 young (2048K), 2 survivors (2048K)
 Metaspace       used 35704K, committed 36160K, reserved 1114112K
  class space    used 4186K, committed 4416K, reserved 1048576K
}
Event: 8.999 GC heap before
{Heap before GC invocations=9 (full 0):
 garbage-first heap   total 161792K, used 159686K [0x0000000084c00000, 0x0000000100000000)
  region size 1024K, 23 young (23552K), 2 survivors (2048K)
 Metaspace       used 42231K, committed 42752K, reserved 1114112K
  class space    used 5396K, committed 5632K, reserved 1048576K
}
Event: 9.003 GC heap after
{Heap after GC invocations=10 (full 0):
 garbage-first heap   total 165888K, used 114731K [0x0000000084c00000, 0x0000000100000000)
  region size 1024K, 4 young (4096K), 4 survivors (4096K)
 Metaspace       used 42231K, committed 42752K, reserved 1114112K
  class space    used 5396K, committed 5632K, reserved 1048576K
}
Event: 21.977 GC heap before
{Heap before GC invocations=10 (full 0):
 garbage-first heap   total 221184K, used 220203K [0x0000000084c00000, 0x0000000100000000)
  region size 1024K, 15 young (15360K), 4 survivors (4096K)
 Metaspace       used 43559K, committed 44096K, reserved 1114112K
  class space    used 5483K, committed 5760K, reserved 1048576K
}
Event: 21.981 GC heap after
{Heap after GC invocations=11 (full 0):
 garbage-first heap   total 229376K, used 177338K [0x0000000084c00000, 0x0000000100000000)
  region size 1024K, 5 young (5120K), 5 survivors (5120K)
 Metaspace       used 43559K, committed 44096K, reserved 1114112K
  class space    used 5483K, committed 5760K, reserved 1048576K
}
Event: 30.538 GC heap before
{Heap before GC invocations=11 (full 0):
 garbage-first heap   total 229376K, used 182458K [0x0000000084c00000, 0x0000000100000000)
  region size 1024K, 11 young (11264K), 5 survivors (5120K)
 Metaspace       used 43984K, committed 44544K, reserved 1114112K
  class space    used 5498K, committed 5760K, reserved 1048576K
}
Event: 30.541 GC heap after
{Heap after GC invocations=12 (full 0):
 garbage-first heap   total 229376K, used 178283K [0x0000000084c00000, 0x0000000100000000)
  region size 1024K, 1 young (1024K), 1 survivors (1024K)
 Metaspace       used 43984K, committed 44544K, reserved 1114112K
  class space    used 5498K, committed 5760K, reserved 1048576K
}
Event: 102.545 GC heap before
{Heap before GC invocations=13 (full 0):
 garbage-first heap   total 317440K, used 281707K [0x0000000084c00000, 0x0000000100000000)
  region size 1024K, 36 young (36864K), 1 survivors (1024K)
 Metaspace       used 44426K, committed 45056K, reserved 1114112K
  class space    used 5508K, committed 5824K, reserved 1048576K
}
Event: 102.548 GC heap after
{Heap after GC invocations=14 (full 0):
 garbage-first heap   total 317440K, used 248074K [0x0000000084c00000, 0x0000000100000000)
  region size 1024K, 3 young (3072K), 3 survivors (3072K)
 Metaspace       used 44426K, committed 45056K, reserved 1114112K
  class space    used 5508K, committed 5824K, reserved 1048576K
}

