# JRE version: OpenJDK Runtime Environment (21.0.2+13) (build 21.0.2+13-Ubuntu-122.04.1)
# Java VM: OpenJDK 64-Bit Server VM (21.0.2+13-Ubuntu-122.04.1, mixed mode, sharing, tiered, compressed oops, compressed class ptrs, g1 gc, linux-amd64)
Heap:
 garbage-first heap   total 300032K, used 253759K [0x0000000084c00000, 0x0000000100000000)
  region size 1024K, 27 young (27648K), 5 survivors (5120K)
 Metaspace       used 44514K, committed 45120K, reserved 1114112K
  class space    used 5506K, committed 5824K, reserved 1048576K
GC Heap History (20 events):
Event: 3.369 GC heap before
{Heap before GC invocations=1 (full 0):
 garbage-first heap   total 129024K, used 53416K [0x0000000084c00000, 0x0000000100000000)
  region size 1024K, 51 young (52224K), 3 survivors (3072K)
 Metaspace       used 15515K, committed 15808K, reserved 1114112K
  class space    used 1806K, committed 1920K, reserved 1048576K
}
Event: 3.375 GC heap after
{Heap after GC invocations=2 (full 0):
 garbage-first heap   total 129024K, used 8360K [0x0000000084c00000, 0x0000000100000000)
  region size 1024K, 7 young (7168K), 7 survivors (7168K)
 Metaspace       used 15515K, committed 15808K, reserved 1114112K
  class space    used 1806K, committed 1920K, reserved 1048576K
}
Event: 3.943 GC heap before
{Heap before GC invocations=2 (full 0):
 garbage-first heap   total 129024K, used 76968K [0x0000000084c00000, 0x0000000100000000)
  region size 1024K, 74 young (75776K), 7 survivors (7168K)
 Metaspace       used 17753K, committed 18048K, reserved 1114112K
  class space    used 1986K, committed 2112K, reserved 1048576K
}
Event: 3.951 GC heap after
{Heap after GC invocations=3 (full 0):
 garbage-first heap   total 129024K, used 13316K [0x0000000084c00000, 0x0000000100000000)
  region size 1024K, 9 young (9216K), 9 survivors (9216K)
 Metaspace       used 17753K, committed 18048K, reserved 1114112K
  class space    used 1986K, committed 2112K, reserved 1048576K
}
Event: 4.085 GC heap before
{Heap before GC invocations=3 (full 0):
 garbage-first heap   total 129024K, used 29700K [0x0000000084c00000, 0x0000000100000000)
  region size 1024K, 26 young (26624K), 9 survivors (9216K)
 Metaspace       used 21206K, committed 21504K, reserved 1114112K
  class space    used 2414K, committed 2560K, reserved 1048576K
}
Event: 4.091 GC heap after
{Heap after GC invocations=4 (full 0):
 garbage-first heap   total 129024K, used 14875K [0x0000000084c00000, 0x0000000100000000)
  region size 1024K, 7 young (7168K), 7 survivors (7168K)
 Metaspace       used 21206K, committed 21504K, reserved 1114112K
  class space    used 2414K, committed 2560K, reserved 1048576K
}
Event: 4.456 GC heap before
{Heap before GC invocations=5 (full 0):
 garbage-first heap   total 58368K, used 56859K [0x0000000084c00000, 0x0000000100000000)
  region size 1024K, 47 young (48128K), 7 survivors (7168K)
 Metaspace       used 27649K, committed 28032K, reserved 1114112K
  class space    used 3103K, committed 3264K, reserved 1048576K
}
Event: 4.466 GC heap after
{Heap after GC invocations=6 (full 0):
 garbage-first heap   total 74752K, used 24924K [0x0000000084c00000, 0x0000000100000000)
  region size 1024K, 10 young (10240K), 10 survivors (10240K)
 Metaspace       used 27649K, committed 28032K, reserved 1114112K
  class space    used 3103K, committed 3264K, reserved 1048576K
}
Event: 5.097 GC heap before
{Heap before GC invocations=6 (full 0):
 garbage-first heap   total 74752K, used 56668K [0x0000000084c00000, 0x0000000100000000)
  region size 1024K, 42 young (43008K), 10 survivors (10240K)
 Metaspace       used 32440K, committed 32896K, reserved 1114112K
  class space    used 3673K, committed 3904K, reserved 1048576K
}
Event: 5.102 GC heap after
{Heap after GC invocations=7 (full 0):
 garbage-first heap   total 74752K, used 23223K [0x0000000084c00000, 0x0000000100000000)
  region size 1024K, 3 young (3072K), 3 survivors (3072K)
 Metaspace       used 32440K, committed 32896K, reserved 1114112K
  class space    used 3673K, committed 3904K, reserved 1048576K
}
Event: 5.233 GC heap before
{Heap before GC invocations=7 (full 0):
 garbage-first heap   total 74752K, used 39607K [0x0000000084c00000, 0x0000000100000000)
  region size 1024K, 13 young (13312K), 3 survivors (3072K)
 Metaspace       used 35704K, committed 36160K, reserved 1114112K
  class space    used 4186K, committed 4416K, reserved 1048576K
}
Event: 5.235 GC heap after
{Heap after GC invocations=8 (full 0):
 garbage-first heap   total 74752K, used 32265K [0x0000000084c00000, 0x0000000100000000)
  region size 1024K, 4 young (4096K), 4 survivors (4096K)
 Metaspace       used 35704K, committed 36160K, reserved 1114112K
  class space    used 4186K, committed 4416K, reserved 1048576K
}
Event: 5.554 GC heap before
{Heap before GC invocations=9 (full 0):
 garbage-first heap   total 84992K, used 83465K [0x0000000084c00000, 0x0000000100000000)
  region size 1024K, 19 young (19456K), 4 survivors (4096K)
 Metaspace       used 40752K, committed 41216K, reserved 1114112K
  class space    used 5211K, committed 5440K, reserved 1048576K
}
Event: 5.557 GC heap after
{Heap after GC invocations=10 (full 0):
 garbage-first heap   total 135168K, used 70529K [0x0000000084c00000, 0x0000000100000000)
  region size 1024K, 4 young (4096K), 4 survivors (4096K)
 Metaspace       used 40752K, committed 41216K, reserved 1114112K
  class space    used 5211K, committed 5440K, reserved 1048576K
}
Event: 10.331 GC heap before
{Heap before GC invocations=10 (full 0):
 garbage-first heap   total 202752K, used 200577K [0x0000000084c00000, 0x0000000100000000)
  region size 1024K, 14 young (14336K), 4 survivors (4096K)
 Metaspace       used 42732K, committed 43264K, reserved 1114112K
  class space    used 5466K, committed 5760K, reserved 1048576K
}
Event: 10.335 GC heap after
{Heap after GC invocations=11 (full 0):
 garbage-first heap   total 209920K, used 158832K [0x0000000084c00000, 0x0000000100000000)
  region size 1024K, 6 young (6144K), 6 survivors (6144K)
 Metaspace       used 42732K, committed 43264K, reserved 1114112K
  class space    used 5466K, committed 5760K, reserved 1048576K
}
Event: 10.341 GC heap before
{Heap before GC invocations=11 (full 0):
 garbage-first heap   total 209920K, used 159856K [0x0000000084c00000, 0x0000000100000000)
  region size 1024K, 8 young (8192K), 6 survivors (6144K)
 Metaspace       used 42833K, committed 43392K, reserved 1114112K
  class space    used 5469K, committed 5760K, reserved 1048576K
}
Event: 10.344 GC heap after
{Heap after GC invocations=12 (full 0):
 garbage-first heap   total 209920K, used 158819K [0x0000000084c00000, 0x0000000100000000)
  region size 1024K, 3 young (3072K), 3 survivors (3072K)
 Metaspace       used 42833K, committed 43392K, reserved 1114112K
  class space    used 5469K, committed 5760K, reserved 1048576K
}
Event: 66.432 GC heap before
{Heap before GC invocations=13 (full 0):
 garbage-first heap   total 293888K, used 291939K [0x0000000084c00000, 0x0000000100000000)
  region size 1024K, 32 young (32768K), 3 survivors (3072K)
 Metaspace       used 44288K, committed 44864K, reserved 1114112K
  class space    used 5504K, committed 5824K, reserved 1048576K
}
Event: 66.435 GC heap after
{Heap after GC invocations=14 (full 0):
 garbage-first heap   total 300032K, used 232255K [0x0000000084c00000, 0x0000000100000000)
  region size 1024K, 5 young (5120K), 5 survivors (5120K)
 Metaspace       used 44288K, committed 44864K, reserved 1114112K
  class space    used 5504K, committed 5824K, reserved 1048576K
}

