# JRE version: OpenJDK Runtime Environment (21.0.2+13) (build 21.0.2+13-Ubuntu-122.04.1)
# Java VM: OpenJDK 64-Bit Server VM (21.0.2+13-Ubuntu-122.04.1, mixed mode, sharing, tiered, compressed oops, compressed class ptrs, g1 gc, linux-amd64)
Heap:
 garbage-first heap   total 307200K, used 304243K [0x0000000084c00000, 0x0000000100000000)
  region size 1024K, 39 young (39936K), 4 survivors (4096K)
 Metaspace       used 44262K, committed 44800K, reserved 1114112K
  class space    used 5494K, committed 5760K, reserved 1048576K
GC Heap History (16 events):
Event: 1.067 GC heap before
{Heap before GC invocations=0 (full 0):
 garbage-first heap   total 129024K, used 23581K [0x0000000084c00000, 0x0000000100000000)
  region size 1024K, 23 young (23552K), 0 survivors (0K)
 Metaspace       used 5987K, committed 6144K, reserved 1114112K
  class space    used 690K, committed 768K, reserved 1048576K
}
Event: 1.071 GC heap after
{Heap after GC invocations=1 (full 0):
 garbage-first heap   total 129024K, used 4176K [0x0000000084c00000, 0x0000000100000000)
  region size 1024K, 3 young (3072K), 3 survivors (3072K)
 Metaspace       used 5987K, committed 6144K, reserved 1114112K
  class space    used 690K, committed 768K, reserved 1048576K
}
Event: 3.472 GC heap before
{Heap before GC invocations=1 (full 0):
 garbage-first heap   total 129024K, used 53328K [0x0000000084c00000, 0x0000000100000000)
  region size 1024K, 51 young (52224K), 3 survivors (3072K)
 Metaspace       used 15513K, committed 15808K, reserved 1114112K
  class space    used 1806K, committed 1920K, reserved 1048576K
}
Event: 3.478 GC heap after
{Heap after GC invocations=2 (full 0):
 garbage-first heap   total 129024K, used 8272K [0x0000000084c00000, 0x0000000100000000)
  region size 1024K, 7 young (7168K), 7 survivors (7168K)
 Metaspace       used 15513K, committed 15808K, reserved 1114112K
  class space    used 1806K, committed 1920K, reserved 1048576K
}
Event: 4.019 GC heap before
{Heap before GC invocations=2 (full 0):
 garbage-first heap   total 129024K, used 76880K [0x0000000084c00000, 0x0000000100000000)
  region size 1024K, 74 young (75776K), 7 survivors (7168K)
 Metaspace       used 17751K, committed 18048K, reserved 1114112K
  class space    used 1986K, committed 2112K, reserved 1048576K
}
Event: 4.027 GC heap after
{Heap after GC invocations=3 (full 0):
 garbage-first heap   total 129024K, used 13562K [0x0000000084c00000, 0x0000000100000000)
  region size 1024K, 10 young (10240K), 10 survivors (10240K)
 Metaspace       used 17751K, committed 18048K, reserved 1114112K
  class space    used 1986K, committed 2112K, reserved 1048576K
}
Event: 4.169 GC heap before
{Heap before GC invocations=3 (full 0):
 garbage-first heap   total 129024K, used 29946K [0x0000000084c00000, 0x0000000100000000)
  region size 1024K, 27 young (27648K), 10 survivors (10240K)
 Metaspace       used 21233K, committed 21504K, reserved 1114112K
  class space    used 2413K, committed 2560K, reserved 1048576K
}
Event: 4.175 GC heap after
{Heap after GC invocations=4 (full 0):
 garbage-first heap   total 129024K, used 14928K [0x0000000084c00000, 0x0000000100000000)
  region size 1024K, 7 young (7168K), 7 survivors (7168K)
 Metaspace       used 21233K, committed 21504K, reserved 1114112K
  class space    used 2413K, committed 2560K, reserved 1048576K
}
Event: 4.553 GC heap before
{Heap before GC invocations=5 (full 0):
 garbage-first heap   total 58368K, used 56912K [0x0000000084c00000, 0x0000000100000000)
  region size 1024K, 47 young (48128K), 7 survivors (7168K)
 Metaspace       used 27703K, committed 28032K, reserved 1114112K
  class space    used 3109K, committed 3264K, reserved 1048576K
}
Event: 4.564 GC heap after
{Heap after GC invocations=6 (full 0):
 garbage-first heap   total 74752K, used 24722K [0x0000000084c00000, 0x0000000100000000)
  region size 1024K, 10 young (10240K), 10 survivors (10240K)
 Metaspace       used 27703K, committed 28032K, reserved 1114112K
  class space    used 3109K, committed 3264K, reserved 1048576K
}
Event: 5.215 GC heap before
{Heap before GC invocations=6 (full 0):
 garbage-first heap   total 74752K, used 56466K [0x0000000084c00000, 0x0000000100000000)
  region size 1024K, 42 young (43008K), 10 survivors (10240K)
 Metaspace       used 33264K, committed 33728K, reserved 1114112K
  class space    used 3781K, committed 4032K, reserved 1048576K
}
Event: 5.221 GC heap after
{Heap after GC invocations=7 (full 0):
 garbage-first heap   total 74752K, used 28813K [0x0000000084c00000, 0x0000000100000000)
  region size 1024K, 5 young (5120K), 5 survivors (5120K)
 Metaspace       used 33264K, committed 33728K, reserved 1114112K
  class space    used 3781K, committed 4032K, reserved 1048576K
}
Event: 5.345 GC heap before
{Heap before GC invocations=7 (full 0):
 garbage-first heap   total 74752K, used 44173K [0x0000000084c00000, 0x0000000100000000)
  region size 1024K, 14 young (14336K), 5 survivors (5120K)
 Metaspace       used 35695K, committed 36160K, reserved 1114112K
  class space    used 4186K, committed 4416K, reserved 1048576K
}
Event: 5.348 GC heap after
{Heap after GC invocations=8 (full 0):
 garbage-first heap   total 74752K, used 38261K [0x0000000084c00000, 0x0000000100000000)
  region size 1024K, 2 young (2048K), 2 survivors (2048K)
 Metaspace       used 35695K, committed 36160K, reserved 1114112K
  class space    used 4186K, committed 4416K, reserved 1048576K
}
Event: 28.421 GC heap before
{Heap before GC invocations=9 (full 0):
 garbage-first heap   total 203776K, used 202101K [0x0000000084c00000, 0x0000000100000000)
  region size 1024K, 27 young (27648K), 2 survivors (2048K)
 Metaspace       used 42922K, committed 43456K, reserved 1114112K
  class space    used 5454K, committed 5696K, reserved 1048576K
}
Event: 28.425 GC heap after
{Heap after GC invocations=10 (full 0):
 garbage-first heap   total 251904K, used 146547K [0x0000000084c00000, 0x0000000100000000)
  region size 1024K, 4 young (4096K), 4 survivors (4096K)
 Metaspace       used 42922K, committed 43456K, reserved 1114112K
  class space    used 5454K, committed 5696K, reserved 1048576K
}

