# JRE version: OpenJDK Runtime Environment (21.0.2+13) (build 21.0.2+13-Ubuntu-122.04.1)
# Java VM: OpenJDK 64-Bit Server VM (21.0.2+13-Ubuntu-122.04.1, mixed mode, sharing, tiered, compressed oops, compressed class ptrs, g1 gc, linux-amd64)
Heap:
 garbage-first heap   total 310272K, used 256871K [0x0000000084c00000, 0x0000000100000000)
  region size 1024K, 27 young (27648K), 10 survivors (10240K)
 Metaspace       used 44591K, committed 45184K, reserved 1114112K
  class space    used 5511K, committed 5824K, reserved 1048576K
GC Heap History (18 events):
Event: 1.005 GC heap before
{Heap before GC invocations=0 (full 0):
 garbage-first heap   total 129024K, used 23581K [0x0000000084c00000, 0x0000000100000000)
  region size 1024K, 23 young (23552K), 0 survivors (0K)
 Metaspace       used 5986K, committed 6144K, reserved 1114112K
  class space    used 690K, committed 768K, reserved 1048576K
}
Event: 1.008 GC heap after
{Heap after GC invocations=1 (full 0):
 garbage-first heap   total 129024K, used 4264K [0x0000000084c00000, 0x0000000100000000)
  region size 1024K, 3 young (3072K), 3 survivors (3072K)
 Metaspace       used 5986K, committed 6144K, reserved 1114112K
  class space    used 690K, committed 768K, reserved 1048576K
}
Event: 3.287 GC heap before
{Heap before GC invocations=1 (full 0):
 garbage-first heap   total 129024K, used 52392K [0x0000000084c00000, 0x0000000100000000)
  region size 1024K, 51 young (52224K), 3 survivors (3072K)
 Metaspace       used 15508K, committed 15744K, reserved 1114112K
  class space    used 1806K, committed 1920K, reserved 1048576K
}
Event: 3.294 GC heap after
{Heap after GC invocations=2 (full 0):
 garbage-first heap   total 129024K, used 8360K [0x0000000084c00000, 0x0000000100000000)
  region size 1024K, 7 young (7168K), 7 survivors (7168K)
 Metaspace       used 15508K, committed 15744K, reserved 1114112K
  class space    used 1806K, committed 1920K, reserved 1048576K
}
Event: 3.839 GC heap before
{Heap before GC invocations=2 (full 0):
 garbage-first heap   total 129024K, used 76968K [0x0000000084c00000, 0x0000000100000000)
  region size 1024K, 74 young (75776K), 7 survivors (7168K)
 Metaspace       used 17741K, committed 18048K, reserved 1114112K
  class space    used 1986K, committed 2112K, reserved 1048576K
}
Event: 3.848 GC heap after
{Heap after GC invocations=3 (full 0):
 garbage-first heap   total 129024K, used 13696K [0x0000000084c00000, 0x0000000100000000)
  region size 1024K, 10 young (10240K), 10 survivors (10240K)
 Metaspace       used 17741K, committed 18048K, reserved 1114112K
  class space    used 1986K, committed 2112K, reserved 1048576K
}
Event: 3.986 GC heap before
{Heap before GC invocations=3 (full 0):
 garbage-first heap   total 129024K, used 30080K [0x0000000084c00000, 0x0000000100000000)
  region size 1024K, 27 young (27648K), 10 survivors (10240K)
 Metaspace       used 21210K, committed 21504K, reserved 1114112K
  class space    used 2414K, committed 2560K, reserved 1048576K
}
Event: 3.991 GC heap after
{Heap after GC invocations=4 (full 0):
 garbage-first heap   total 129024K, used 14557K [0x0000000084c00000, 0x0000000100000000)
  region size 1024K, 7 young (7168K), 7 survivors (7168K)
 Metaspace       used 21210K, committed 21504K, reserved 1114112K
  class space    used 2414K, committed 2560K, reserved 1048576K
}
Event: 4.336 GC heap before
{Heap before GC invocations=5 (full 0):
 garbage-first heap   total 58368K, used 56541K [0x0000000084c00000, 0x0000000100000000)
  region size 1024K, 47 young (48128K), 7 survivors (7168K)
 Metaspace       used 27551K, committed 27904K, reserved 1114112K
  class space    used 3083K, committed 3264K, reserved 1048576K
}
Event: 4.346 GC heap after
{Heap after GC invocations=6 (full 0):
 garbage-first heap   total 74752K, used 24929K [0x0000000084c00000, 0x0000000100000000)
  region size 1024K, 10 young (10240K), 10 survivors (10240K)
 Metaspace       used 27551K, committed 27904K, reserved 1114112K
  class space    used 3083K, committed 3264K, reserved 1048576K
}
Event: 5.006 GC heap before
{Heap before GC invocations=6 (full 0):
 garbage-first heap   total 74752K, used 56673K [0x0000000084c00000, 0x0000000100000000)
  region size 1024K, 42 young (43008K), 10 survivors (10240K)
 Metaspace       used 31884K, committed 32320K, reserved 1114112K
  class space    used 3564K, committed 3776K, reserved 1048576K
}
Event: 5.011 GC heap after
{Heap after GC invocations=7 (full 0):
 garbage-first heap   total 74752K, used 28766K [0x0000000084c00000, 0x0000000100000000)
  region size 1024K, 4 young (4096K), 4 survivors (4096K)
 Metaspace       used 31884K, committed 32320K, reserved 1114112K
  class space    used 3564K, committed 3776K, reserved 1048576K
}
Event: 5.126 GC heap before
{Heap before GC invocations=7 (full 0):
 garbage-first heap   total 74752K, used 46174K [0x0000000084c00000, 0x0000000100000000)
  region size 1024K, 15 young (15360K), 4 survivors (4096K)
 Metaspace       used 35689K, committed 36160K, reserved 1114112K
  class space    used 4180K, committed 4416K, reserved 1048576K
}
Event: 5.130 GC heap after
{Heap after GC invocations=8 (full 0):
 garbage-first heap   total 74752K, used 39055K [0x0000000084c00000, 0x0000000100000000)
  region size 1024K, 2 young (2048K), 2 survivors (2048K)
 Metaspace       used 35689K, committed 36160K, reserved 1114112K
  class space    used 4180K, committed 4416K, reserved 1048576K
}
Event: 12.121 GC heap before
{Heap before GC invocations=9 (full 0):
 garbage-first heap   total 191488K, used 189583K [0x0000000084c00000, 0x0000000100000000)
  region size 1024K, 26 young (26624K), 2 survivors (2048K)
 Metaspace       used 42632K, committed 43136K, reserved 1114112K
  class space    used 5433K, committed 5696K, reserved 1048576K
}
Event: 12.124 GC heap after
{Heap after GC invocations=10 (full 0):
 garbage-first heap   total 262144K, used 134778K [0x0000000084c00000, 0x0000000100000000)
  region size 1024K, 4 young (4096K), 4 survivors (4096K)
 Metaspace       used 42632K, committed 43136K, reserved 1114112K
  class space    used 5433K, committed 5696K, reserved 1048576K
}
Event: 37.564 GC heap before
{Heap before GC invocations=10 (full 0):
 garbage-first heap   total 299008K, used 298618K [0x0000000084c00000, 0x0000000100000000)
  region size 1024K, 32 young (32768K), 4 survivors (4096K)
 Metaspace       used 44298K, committed 44864K, reserved 1114112K
  class space    used 5510K, committed 5824K, reserved 1048576K
}
Event: 37.571 GC heap after
{Heap after GC invocations=11 (full 0):
 garbage-first heap   total 310272K, used 240487K [0x0000000084c00000, 0x0000000100000000)
  region size 1024K, 10 young (10240K), 10 survivors (10240K)
 Metaspace       used 44298K, committed 44864K, reserved 1114112K
  class space    used 5510K, committed 5824K, reserved 1048576K
}

