# JRE version: OpenJDK Runtime Environment (21.0.2+13) (build 21.0.2+13-Ubuntu-122.04.1)
# Java VM: OpenJDK 64-Bit Server VM (21.0.2+13-Ubuntu-122.04.1, mixed mode, sharing, tiered, compressed oops, compressed class ptrs, g1 gc, linux-amd64)
Heap:
 garbage-first heap   total 398336K, used 275254K [0x0000000084c00000, 0x0000000100000000)
  region size 1024K, 13 young (13312K), 1 survivors (1024K)
 Metaspace       used 43468K, committed 44032K, reserved 1114112K
  class space    used 5325K, committed 5568K, reserved 1048576K
GC Heap History (20 events):
Event: 1.241 GC heap before
{Heap before GC invocations=0 (full 0):
 garbage-first heap   total 129024K, used 23581K [0x0000000084c00000, 0x0000000100000000)
  region size 1024K, 23 young (23552K), 0 survivors (0K)
 Metaspace       used 5987K, committed 6144K, reserved 1114112K
  class space    used 690K, committed 768K, reserved 1048576K
}
Event: 1.244 GC heap after
{Heap after GC invocations=1 (full 0):
 garbage-first heap   total 129024K, used 4195K [0x0000000084c00000, 0x0000000100000000)
  region size 1024K, 3 young (3072K), 3 survivors (3072K)
 Metaspace       used 5987K, committed 6144K, reserved 1114112K
  class space    used 690K, committed 768K, reserved 1048576K
}
Event: 3.446 GC heap before
{Heap before GC invocations=1 (full 0):
 garbage-first heap   total 129024K, used 52323K [0x0000000084c00000, 0x0000000100000000)
  region size 1024K, 50 young (51200K), 3 survivors (3072K)
 Metaspace       used 15446K, committed 15744K, reserved 1114112K
  class space    used 1800K, committed 1920K, reserved 1048576K
}
Event: 3.451 GC heap after
{Heap after GC invocations=2 (full 0):
 garbage-first heap   total 129024K, used 8291K [0x0000000084c00000, 0x0000000100000000)
  region size 1024K, 7 young (7168K), 7 survivors (7168K)
 Metaspace       used 15446K, committed 15744K, reserved 1114112K
  class space    used 1800K, committed 1920K, reserved 1048576K
}
Event: 3.962 GC heap before
{Heap before GC invocations=2 (full 0):
 garbage-first heap   total 129024K, used 76899K [0x0000000084c00000, 0x0000000100000000)
  region size 1024K, 74 young (75776K), 7 survivors (7168K)
 Metaspace       used 17734K, committed 18048K, reserved 1114112K
  class space    used 1986K, committed 2112K, reserved 1048576K
}
Event: 3.969 GC heap after
{Heap after GC invocations=3 (full 0):
 garbage-first heap   total 129024K, used 13142K [0x0000000084c00000, 0x0000000100000000)
  region size 1024K, 9 young (9216K), 9 survivors (9216K)
 Metaspace       used 17734K, committed 18048K, reserved 1114112K
  class space    used 1986K, committed 2112K, reserved 1048576K
}
Event: 4.098 GC heap before
{Heap before GC invocations=3 (full 0):
 garbage-first heap   total 129024K, used 29526K [0x0000000084c00000, 0x0000000100000000)
  region size 1024K, 26 young (26624K), 9 survivors (9216K)
 Metaspace       used 21211K, committed 21504K, reserved 1114112K
  class space    used 2414K, committed 2560K, reserved 1048576K
}
Event: 4.103 GC heap after
{Heap after GC invocations=4 (full 0):
 garbage-first heap   total 129024K, used 15346K [0x0000000084c00000, 0x0000000100000000)
  region size 1024K, 7 young (7168K), 7 survivors (7168K)
 Metaspace       used 21211K, committed 21504K, reserved 1114112K
  class space    used 2414K, committed 2560K, reserved 1048576K
}
Event: 4.482 GC heap before
{Heap before GC invocations=5 (full 0):
 garbage-first heap   total 58368K, used 57330K [0x0000000084c00000, 0x0000000100000000)
  region size 1024K, 47 young (48128K), 7 survivors (7168K)
 Metaspace       used 27729K, committed 28096K, reserved 1114112K
  class space    used 3120K, committed 3264K, reserved 1048576K
}
Event: 4.494 GC heap after
{Heap after GC invocations=6 (full 0):
 garbage-first heap   total 74752K, used 25202K [0x0000000084c00000, 0x0000000100000000)
  region size 1024K, 10 young (10240K), 10 survivors (10240K)
 Metaspace       used 27729K, committed 28096K, reserved 1114112K
  class space    used 3120K, committed 3264K, reserved 1048576K
}
Event: 5.128 GC heap before
{Heap before GC invocations=6 (full 0):
 garbage-first heap   total 74752K, used 56946K [0x0000000084c00000, 0x0000000100000000)
  region size 1024K, 42 young (43008K), 10 survivors (10240K)
 Metaspace       used 33407K, committed 33856K, reserved 1114112K
  class space    used 3821K, committed 4032K, reserved 1048576K
}
Event: 5.135 GC heap after
{Heap after GC invocations=7 (full 0):
 garbage-first heap   total 74752K, used 28639K [0x0000000084c00000, 0x0000000100000000)
  region size 1024K, 4 young (4096K), 4 survivors (4096K)
 Metaspace       used 33407K, committed 33856K, reserved 1114112K
  class space    used 3821K, committed 4032K, reserved 1048576K
}
Event: 5.256 GC heap before
{Heap before GC invocations=7 (full 0):
 garbage-first heap   total 74752K, used 43999K [0x0000000084c00000, 0x0000000100000000)
  region size 1024K, 12 young (12288K), 4 survivors (4096K)
 Metaspace       used 35683K, committed 36160K, reserved 1114112K
  class space    used 4232K, committed 4480K, reserved 1048576K
}
Event: 5.259 GC heap after
{Heap after GC invocations=8 (full 0):
 garbage-first heap   total 74752K, used 38722K [0x0000000084c00000, 0x0000000100000000)
  region size 1024K, 2 young (2048K), 2 survivors (2048K)
 Metaspace       used 35683K, committed 36160K, reserved 1114112K
  class space    used 4232K, committed 4480K, reserved 1048576K
}
Event: 7.642 GC heap before
{Heap before GC invocations=9 (full 0):
 garbage-first heap   total 138240K, used 137026K [0x0000000084c00000, 0x0000000100000000)
  region size 1024K, 19 young (19456K), 2 survivors (2048K)
 Metaspace       used 41062K, committed 41600K, reserved 1114112K
  class space    used 5124K, committed 5376K, reserved 1048576K
}
Event: 7.646 GC heap after
{Heap after GC invocations=10 (full 0):
 garbage-first heap   total 193536K, used 122687K [0x0000000084c00000, 0x0000000100000000)
  region size 1024K, 4 young (4096K), 4 survivors (4096K)
 Metaspace       used 41062K, committed 41600K, reserved 1114112K
  class space    used 5124K, committed 5376K, reserved 1048576K
}
Event: 23.370 GC heap before
{Heap before GC invocations=10 (full 0):
 garbage-first heap   total 295936K, used 294719K [0x0000000084c00000, 0x0000000100000000)
  region size 1024K, 25 young (25600K), 4 survivors (4096K)
 Metaspace       used 43266K, committed 43776K, reserved 1114112K
  class space    used 5323K, committed 5568K, reserved 1048576K
}
Event: 23.375 GC heap after
{Heap after GC invocations=11 (full 0):
 garbage-first heap   total 304128K, used 250600K [0x0000000084c00000, 0x0000000100000000)
  region size 1024K, 7 young (7168K), 7 survivors (7168K)
 Metaspace       used 43266K, committed 43776K, reserved 1114112K
  class space    used 5323K, committed 5568K, reserved 1048576K
}
Event: 23.377 GC heap before
{Heap before GC invocations=11 (full 0):
 garbage-first heap   total 304128K, used 250600K [0x0000000084c00000, 0x0000000100000000)
  region size 1024K, 8 young (8192K), 7 survivors (7168K)
 Metaspace       used 43266K, committed 43776K, reserved 1114112K
  class space    used 5323K, committed 5568K, reserved 1048576K
}
Event: 23.381 GC heap after
{Heap after GC invocations=12 (full 0):
 garbage-first heap   total 304128K, used 251702K [0x0000000084c00000, 0x0000000100000000)
  region size 1024K, 1 young (1024K), 1 survivors (1024K)
 Metaspace       used 43266K, committed 43776K, reserved 1114112K
  class space    used 5323K, committed 5568K, reserved 1048576K
}

