# JRE version: OpenJDK Runtime Environment (21.0.2+13) (build 21.0.2+13-Ubuntu-122.04.1)
# Java VM: OpenJDK 64-Bit Server VM (21.0.2+13-Ubuntu-122.04.1, mixed mode, sharing, tiered, compressed oops, compressed class ptrs, g1 gc, linux-amd64)
Heap:
 garbage-first heap   total 116736K, used 74929K [0x0000000084c00000, 0x0000000100000000)
  region size 1024K, 9 young (9216K), 3 survivors (3072K)
 Metaspace       used 41018K, committed 41536K, reserved 1114112K
  class space    used 5081K, committed 5312K, reserved 1048576K
GC Heap History (16 events):
Event: 1.066 GC heap before
{Heap before GC invocations=0 (full 0):
 garbage-first heap   total 129024K, used 23581K [0x0000000084c00000, 0x0000000100000000)
  region size 1024K, 23 young (23552K), 0 survivors (0K)
 Metaspace       used 5985K, committed 6144K, reserved 1114112K
  class space    used 690K, committed 768K, reserved 1048576K
}
Event: 1.069 GC heap after
{Heap after GC invocations=1 (full 0):
 garbage-first heap   total 129024K, used 4349K [0x0000000084c00000, 0x0000000100000000)
  region size 1024K, 3 young (3072K), 3 survivors (3072K)
 Metaspace       used 5985K, committed 6144K, reserved 1114112K
  class space    used 690K, committed 768K, reserved 1048576K
}
Event: 3.327 GC heap before
{Heap before GC invocations=1 (full 0):
 garbage-first heap   total 129024K, used 53501K [0x0000000084c00000, 0x0000000100000000)
  region size 1024K, 51 young (52224K), 3 survivors (3072K)
 Metaspace       used 15485K, committed 15744K, reserved 1114112K
  class space    used 1802K, committed 1920K, reserved 1048576K
}
Event: 3.333 GC heap after
{Heap after GC invocations=2 (full 0):
 garbage-first heap   total 129024K, used 8435K [0x0000000084c00000, 0x0000000100000000)
  region size 1024K, 7 young (7168K), 7 survivors (7168K)
 Metaspace       used 15485K, committed 15744K, reserved 1114112K
  class space    used 1802K, committed 1920K, reserved 1048576K
}
Event: 3.882 GC heap before
{Heap before GC invocations=2 (full 0):
 garbage-first heap   total 129024K, used 77043K [0x0000000084c00000, 0x0000000100000000)
  region size 1024K, 74 young (75776K), 7 survivors (7168K)
 Metaspace       used 17754K, committed 18048K, reserved 1114112K
  class space    used 1986K, committed 2112K, reserved 1048576K
}
Event: 3.891 GC heap after
{Heap after GC invocations=3 (full 0):
 garbage-first heap   total 129024K, used 13625K [0x0000000084c00000, 0x0000000100000000)
  region size 1024K, 10 young (10240K), 10 survivors (10240K)
 Metaspace       used 17754K, committed 18048K, reserved 1114112K
  class space    used 1986K, committed 2112K, reserved 1048576K
}
Event: 4.034 GC heap before
{Heap before GC invocations=3 (full 0):
 garbage-first heap   total 129024K, used 30009K [0x0000000084c00000, 0x0000000100000000)
  region size 1024K, 27 young (27648K), 10 survivors (10240K)
 Metaspace       used 21217K, committed 21504K, reserved 1114112K
  class space    used 2413K, committed 2560K, reserved 1048576K
}
Event: 4.039 GC heap after
{Heap after GC invocations=4 (full 0):
 garbage-first heap   total 129024K, used 14787K [0x0000000084c00000, 0x0000000100000000)
  region size 1024K, 7 young (7168K), 7 survivors (7168K)
 Metaspace       used 21217K, committed 21504K, reserved 1114112K
  class space    used 2413K, committed 2560K, reserved 1048576K
}
Event: 4.422 GC heap before
{Heap before GC invocations=5 (full 0):
 garbage-first heap   total 58368K, used 56771K [0x0000000084c00000, 0x0000000100000000)
  region size 1024K, 47 young (48128K), 7 survivors (7168K)
 Metaspace       used 27553K, committed 27904K, reserved 1114112K
  class space    used 3086K, committed 3264K, reserved 1048576K
}
Event: 4.433 GC heap after
{Heap after GC invocations=6 (full 0):
 garbage-first heap   total 74752K, used 24831K [0x0000000084c00000, 0x0000000100000000)
  region size 1024K, 10 young (10240K), 10 survivors (10240K)
 Metaspace       used 27553K, committed 27904K, reserved 1114112K
  class space    used 3086K, committed 3264K, reserved 1048576K
}
Event: 5.057 GC heap before
{Heap before GC invocations=6 (full 0):
 garbage-first heap   total 74752K, used 57599K [0x0000000084c00000, 0x0000000100000000)
  region size 1024K, 42 young (43008K), 10 survivors (10240K)
 Metaspace       used 33219K, committed 33728K, reserved 1114112K
  class space    used 3804K, committed 4032K, reserved 1048576K
}
Event: 5.061 GC heap after
{Heap after GC invocations=7 (full 0):
 garbage-first heap   total 74752K, used 22635K [0x0000000084c00000, 0x0000000100000000)
  region size 1024K, 3 young (3072K), 3 survivors (3072K)
 Metaspace       used 33219K, committed 33728K, reserved 1114112K
  class space    used 3804K, committed 4032K, reserved 1048576K
}
Event: 5.197 GC heap before
{Heap before GC invocations=7 (full 0):
 garbage-first heap   total 74752K, used 39019K [0x0000000084c00000, 0x0000000100000000)
  region size 1024K, 12 young (12288K), 3 survivors (3072K)
 Metaspace       used 35714K, committed 36160K, reserved 1114112K
  class space    used 4245K, committed 4416K, reserved 1048576K
}
Event: 5.199 GC heap after
{Heap after GC invocations=8 (full 0):
 garbage-first heap   total 74752K, used 31950K [0x0000000084c00000, 0x0000000100000000)
  region size 1024K, 4 young (4096K), 4 survivors (4096K)
 Metaspace       used 35714K, committed 36160K, reserved 1114112K
  class space    used 4245K, committed 4416K, reserved 1048576K
}
Event: 5.485 GC heap before
{Heap before GC invocations=9 (full 0):
 garbage-first heap   total 82944K, used 81102K [0x0000000084c00000, 0x0000000100000000)
  region size 1024K, 17 young (17408K), 4 survivors (4096K)
 Metaspace       used 39922K, committed 40384K, reserved 1114112K
  class space    used 5023K, committed 5248K, reserved 1048576K
}
Event: 5.488 GC heap after
{Heap after GC invocations=10 (full 0):
 garbage-first heap   total 116736K, used 69809K [0x0000000084c00000, 0x0000000100000000)
  region size 1024K, 3 young (3072K), 3 survivors (3072K)
 Metaspace       used 39922K, committed 40384K, reserved 1114112K
  class space    used 5023K, committed 5248K, reserved 1048576K
}

