# JRE version: OpenJDK Runtime Environment (21.0.2+13) (build 21.0.2+13-Ubuntu-122.04.1)
# Java VM: OpenJDK 64-Bit Server VM (21.0.2+13-Ubuntu-122.04.1, mixed mode, sharing, tiered, compressed oops, compressed class ptrs, g1 gc, linux-amd64)
Heap:
 garbage-first heap   total 285696K, used 213419K [0x0000000084c00000, 0x0000000100000000)
  region size 1024K, 14 young (14336K), 1 survivors (1024K)
 Metaspace       used 44017K, committed 44544K, reserved 1114112K
  class space    used 5501K, committed 5760K, reserved 1048576K
GC Heap History (20 events):
Event: 2.965 GC heap before
{Heap before GC invocations=0 (full 0):
 garbage-first heap   total 129024K, used 23581K [0x0000000084c00000, 0x0000000100000000)
  region size 1024K, 23 young (23552K), 0 survivors (0K)
 Metaspace       used 5987K, committed 6144K, reserved 1114112K
  class space    used 690K, committed 768K, reserved 1048576K
}
Event: 2.969 GC heap after
{Heap after GC invocations=1 (full 0):
 garbage-first heap   total 129024K, used 4245K [0x0000000084c00000, 0x0000000100000000)
  region size 1024K, 3 young (3072K), 3 survivors (3072K)
 Metaspace       used 5987K, committed 6144K, reserved 1114112K
  class space    used 690K, committed 768K, reserved 1048576K
}
Event: 5.045 GC heap before
{Heap before GC invocations=1 (full 0):
 garbage-first heap   total 129024K, used 53397K [0x0000000084c00000, 0x0000000100000000)
  region size 1024K, 51 young (52224K), 3 survivors (3072K)
 Metaspace       used 15491K, committed 15744K, reserved 1114112K
  class space    used 1802K, committed 1920K, reserved 1048576K
}
Event: 5.052 GC heap after
{Heap after GC invocations=2 (full 0):
 garbage-first heap   total 129024K, used 8341K [0x0000000084c00000, 0x0000000100000000)
  region size 1024K, 7 young (7168K), 7 survivors (7168K)
 Metaspace       used 15491K, committed 15744K, reserved 1114112K
  class space    used 1802K, committed 1920K, reserved 1048576K
}
Event: 5.680 GC heap before
{Heap before GC invocations=2 (full 0):
 garbage-first heap   total 129024K, used 76949K [0x0000000084c00000, 0x0000000100000000)
  region size 1024K, 74 young (75776K), 7 survivors (7168K)
 Metaspace       used 17741K, committed 18048K, reserved 1114112K
  class space    used 1986K, committed 2112K, reserved 1048576K
}
Event: 5.689 GC heap after
{Heap after GC invocations=3 (full 0):
 garbage-first heap   total 129024K, used 13361K [0x0000000084c00000, 0x0000000100000000)
  region size 1024K, 9 young (9216K), 9 survivors (9216K)
 Metaspace       used 17741K, committed 18048K, reserved 1114112K
  class space    used 1986K, committed 2112K, reserved 1048576K
}
Event: 5.851 GC heap before
{Heap before GC invocations=3 (full 0):
 garbage-first heap   total 129024K, used 30769K [0x0000000084c00000, 0x0000000100000000)
  region size 1024K, 27 young (27648K), 9 survivors (9216K)
 Metaspace       used 21243K, committed 21504K, reserved 1114112K
  class space    used 2414K, committed 2560K, reserved 1048576K
}
Event: 5.857 GC heap after
{Heap after GC invocations=4 (full 0):
 garbage-first heap   total 129024K, used 15389K [0x0000000084c00000, 0x0000000100000000)
  region size 1024K, 7 young (7168K), 7 survivors (7168K)
 Metaspace       used 21243K, committed 21504K, reserved 1114112K
  class space    used 2414K, committed 2560K, reserved 1048576K
}
Event: 6.317 GC heap before
{Heap before GC invocations=5 (full 0):
 garbage-first heap   total 58368K, used 57373K [0x0000000084c00000, 0x0000000100000000)
  region size 1024K, 47 young (48128K), 7 survivors (7168K)
 Metaspace       used 27646K, committed 27968K, reserved 1114112K
  class space    used 3103K, committed 3264K, reserved 1048576K
}
Event: 6.332 GC heap after
{Heap after GC invocations=6 (full 0):
 garbage-first heap   total 74752K, used 24924K [0x0000000084c00000, 0x0000000100000000)
  region size 1024K, 10 young (10240K), 10 survivors (10240K)
 Metaspace       used 27646K, committed 27968K, reserved 1114112K
  class space    used 3103K, committed 3264K, reserved 1048576K
}
Event: 7.073 GC heap before
{Heap before GC invocations=6 (full 0):
 garbage-first heap   total 74752K, used 56668K [0x0000000084c00000, 0x0000000100000000)
  region size 1024K, 42 young (43008K), 10 survivors (10240K)
 Metaspace       used 31895K, committed 32320K, reserved 1114112K
  class space    used 3564K, committed 3776K, reserved 1048576K
}
Event: 7.078 GC heap after
{Heap after GC invocations=7 (full 0):
 garbage-first heap   total 74752K, used 22754K [0x0000000084c00000, 0x0000000100000000)
  region size 1024K, 3 young (3072K), 3 survivors (3072K)
 Metaspace       used 31895K, committed 32320K, reserved 1114112K
  class space    used 3564K, committed 3776K, reserved 1048576K
}
Event: 7.198 GC heap before
{Heap before GC invocations=7 (full 0):
 garbage-first heap   total 74752K, used 40162K [0x0000000084c00000, 0x0000000100000000)
  region size 1024K, 13 young (13312K), 3 survivors (3072K)
 Metaspace       used 35613K, committed 36096K, reserved 1114112K
  class space    used 4165K, committed 4416K, reserved 1048576K
}
Event: 7.201 GC heap after
{Heap after GC invocations=8 (full 0):
 garbage-first heap   total 74752K, used 31872K [0x0000000084c00000, 0x0000000100000000)
  region size 1024K, 4 young (4096K), 4 survivors (4096K)
 Metaspace       used 35613K, committed 36096K, reserved 1114112K
  class space    used 4165K, committed 4416K, reserved 1048576K
}
Event: 7.581 GC heap before
{Heap before GC invocations=9 (full 0):
 garbage-first heap   total 84992K, used 83072K [0x0000000084c00000, 0x0000000100000000)
  region size 1024K, 19 young (19456K), 4 survivors (4096K)
 Metaspace       used 40604K, committed 41088K, reserved 1114112K
  class space    used 5191K, committed 5440K, reserved 1048576K
}
Event: 7.584 GC heap after
{Heap after GC invocations=10 (full 0):
 garbage-first heap   total 122880K, used 69882K [0x0000000084c00000, 0x0000000100000000)
  region size 1024K, 3 young (3072K), 3 survivors (3072K)
 Metaspace       used 40604K, committed 41088K, reserved 1114112K
  class space    used 5191K, committed 5440K, reserved 1048576K
}
Event: 31.691 GC heap before
{Heap before GC invocations=10 (full 0):
 garbage-first heap   total 204800K, used 203002K [0x0000000084c00000, 0x0000000100000000)
  region size 1024K, 16 young (16384K), 3 survivors (3072K)
 Metaspace       used 43143K, committed 43712K, reserved 1114112K
  class space    used 5476K, committed 5760K, reserved 1048576K
}
Event: 31.696 GC heap after
{Heap after GC invocations=11 (full 0):
 garbage-first heap   total 210944K, used 158674K [0x0000000084c00000, 0x0000000100000000)
  region size 1024K, 6 young (6144K), 6 survivors (6144K)
 Metaspace       used 43143K, committed 43712K, reserved 1114112K
  class space    used 5476K, committed 5760K, reserved 1048576K
}
Event: 31.702 GC heap before
{Heap before GC invocations=11 (full 0):
 garbage-first heap   total 210944K, used 158674K [0x0000000084c00000, 0x0000000100000000)
  region size 1024K, 7 young (7168K), 6 survivors (6144K)
 Metaspace       used 43197K, committed 43712K, reserved 1114112K
  class space    used 5479K, committed 5760K, reserved 1048576K
}
Event: 31.705 GC heap after
{Heap after GC invocations=12 (full 0):
 garbage-first heap   total 210944K, used 159147K [0x0000000084c00000, 0x0000000100000000)
  region size 1024K, 1 young (1024K), 1 survivors (1024K)
 Metaspace       used 43197K, committed 43712K, reserved 1114112K
  class space    used 5479K, committed 5760K, reserved 1048576K
}

