# JRE version: OpenJDK Runtime Environment (21.0.2+13) (build 21.0.2+13-Ubuntu-122.04.1)
# Java VM: OpenJDK 64-Bit Server VM (21.0.2+13-Ubuntu-122.04.1, mixed mode, sharing, tiered, compressed oops, compressed class ptrs, g1 gc, linux-amd64)
Heap:
 garbage-first heap   total 432128K, used 269382K [0x0000000084c00000, 0x0000000100000000)
  region size 1024K, 14 young (14336K), 1 survivors (1024K)
 Metaspace       used 44457K, committed 45056K, reserved 1114112K
  class space    used 5497K, committed 5760K, reserved 1048576K
GC Heap History (20 events):
Event: 3.449 GC heap before
{Heap before GC invocations=1 (full 0):
 garbage-first heap   total 129024K, used 53397K [0x0000000084c00000, 0x0000000100000000)
  region size 1024K, 51 young (52224K), 3 survivors (3072K)
 Metaspace       used 15506K, committed 15808K, reserved 1114112K
  class space    used 1806K, committed 1920K, reserved 1048576K
}
Event: 3.455 GC heap after
{Heap after GC invocations=2 (full 0):
 garbage-first heap   total 129024K, used 8341K [0x0000000084c00000, 0x0000000100000000)
  region size 1024K, 7 young (7168K), 7 survivors (7168K)
 Metaspace       used 15506K, committed 15808K, reserved 1114112K
  class space    used 1806K, committed 1920K, reserved 1048576K
}
Event: 3.969 GC heap before
{Heap before GC invocations=2 (full 0):
 garbage-first heap   total 129024K, used 76949K [0x0000000084c00000, 0x0000000100000000)
  region size 1024K, 74 young (75776K), 7 survivors (7168K)
 Metaspace       used 17745K, committed 18048K, reserved 1114112K
  class space    used 1986K, committed 2112K, reserved 1048576K
}
Event: 3.976 GC heap after
{Heap after GC invocations=3 (full 0):
 garbage-first heap   total 129024K, used 13438K [0x0000000084c00000, 0x0000000100000000)
  region size 1024K, 9 young (9216K), 9 survivors (9216K)
 Metaspace       used 17745K, committed 18048K, reserved 1114112K
  class space    used 1986K, committed 2112K, reserved 1048576K
}
Event: 4.106 GC heap before
{Heap before GC invocations=3 (full 0):
 garbage-first heap   total 129024K, used 30846K [0x0000000084c00000, 0x0000000100000000)
  region size 1024K, 27 young (27648K), 9 survivors (9216K)
 Metaspace       used 21223K, committed 21504K, reserved 1114112K
  class space    used 2413K, committed 2560K, reserved 1048576K
}
Event: 4.112 GC heap after
{Heap after GC invocations=4 (full 0):
 garbage-first heap   total 129024K, used 14877K [0x0000000084c00000, 0x0000000100000000)
  region size 1024K, 7 young (7168K), 7 survivors (7168K)
 Metaspace       used 21223K, committed 21504K, reserved 1114112K
  class space    used 2413K, committed 2560K, reserved 1048576K
}
Event: 4.499 GC heap before
{Heap before GC invocations=5 (full 0):
 garbage-first heap   total 58368K, used 56861K [0x0000000084c00000, 0x0000000100000000)
  region size 1024K, 47 young (48128K), 7 survivors (7168K)
 Metaspace       used 27655K, committed 27968K, reserved 1114112K
  class space    used 3104K, committed 3264K, reserved 1048576K
}
Event: 4.510 GC heap after
{Heap after GC invocations=6 (full 0):
 garbage-first heap   total 74752K, used 24928K [0x0000000084c00000, 0x0000000100000000)
  region size 1024K, 10 young (10240K), 10 survivors (10240K)
 Metaspace       used 27655K, committed 27968K, reserved 1114112K
  class space    used 3104K, committed 3264K, reserved 1048576K
}
Event: 5.164 GC heap before
{Heap before GC invocations=6 (full 0):
 garbage-first heap   total 74752K, used 56672K [0x0000000084c00000, 0x0000000100000000)
  region size 1024K, 42 young (43008K), 10 survivors (10240K)
 Metaspace       used 33251K, committed 33728K, reserved 1114112K
  class space    used 3779K, committed 4032K, reserved 1048576K
}
Event: 5.170 GC heap after
{Heap after GC invocations=7 (full 0):
 garbage-first heap   total 74752K, used 28552K [0x0000000084c00000, 0x0000000100000000)
  region size 1024K, 4 young (4096K), 4 survivors (4096K)
 Metaspace       used 33251K, committed 33728K, reserved 1114112K
  class space    used 3779K, committed 4032K, reserved 1048576K
}
Event: 5.303 GC heap before
{Heap before GC invocations=7 (full 0):
 garbage-first heap   total 74752K, used 43912K [0x0000000084c00000, 0x0000000100000000)
  region size 1024K, 13 young (13312K), 4 survivors (4096K)
 Metaspace       used 35689K, committed 36160K, reserved 1114112K
  class space    used 4186K, committed 4416K, reserved 1048576K
}
Event: 5.306 GC heap after
{Heap after GC invocations=8 (full 0):
 garbage-first heap   total 74752K, used 38623K [0x0000000084c00000, 0x0000000100000000)
  region size 1024K, 2 young (2048K), 2 survivors (2048K)
 Metaspace       used 35689K, committed 36160K, reserved 1114112K
  class space    used 4186K, committed 4416K, reserved 1048576K
}
Event: 20.881 GC heap before
{Heap before GC invocations=9 (full 0):
 garbage-first heap   total 191488K, used 190175K [0x0000000084c00000, 0x0000000100000000)
  region size 1024K, 27 young (27648K), 2 survivors (2048K)
 Metaspace       used 42809K, committed 43328K, reserved 1114112K
  class space    used 5439K, committed 5696K, reserved 1048576K
}
Event: 20.885 GC heap after
{Heap after GC invocations=10 (full 0):
 garbage-first heap   total 237568K, used 153263K [0x0000000084c00000, 0x0000000100000000)
  region size 1024K, 4 young (4096K), 4 survivors (4096K)
 Metaspace       used 42809K, committed 43328K, reserved 1114112K
  class space    used 5439K, committed 5696K, reserved 1048576K
}
Event: 31.989 GC heap before
{Heap before GC invocations=10 (full 0):
 garbage-first heap   total 311296K, used 310959K [0x0000000084c00000, 0x0000000100000000)
  region size 1024K, 26 young (26624K), 4 survivors (4096K)
 Metaspace       used 44082K, committed 44608K, reserved 1114112K
  class space    used 5495K, committed 5760K, reserved 1048576K
}
Event: 31.995 GC heap after
{Heap after GC invocations=11 (full 0):
 garbage-first heap   total 321536K, used 276430K [0x0000000084c00000, 0x0000000100000000)
  region size 1024K, 9 young (9216K), 9 survivors (9216K)
 Metaspace       used 44082K, committed 44608K, reserved 1114112K
  class space    used 5495K, committed 5760K, reserved 1048576K
}
Event: 75.205 GC heap before
{Heap before GC invocations=11 (full 0):
 garbage-first heap   total 321536K, used 293838K [0x0000000084c00000, 0x0000000100000000)
  region size 1024K, 26 young (26624K), 9 survivors (9216K)
 Metaspace       used 44273K, committed 44800K, reserved 1114112K
  class space    used 5495K, committed 5760K, reserved 1048576K
}
Event: 75.210 GC heap after
{Heap after GC invocations=12 (full 0):
 garbage-first heap   total 321536K, used 277164K [0x0000000084c00000, 0x0000000100000000)
  region size 1024K, 1 young (1024K), 1 survivors (1024K)
 Metaspace       used 44273K, committed 44800K, reserved 1114112K
  class space    used 5495K, committed 5760K, reserved 1048576K
}
Event: 152.079 GC heap before
{Heap before GC invocations=13 (full 0):
 garbage-first heap   total 432128K, used 278188K [0x0000000084c00000, 0x0000000100000000)
  region size 1024K, 21 young (21504K), 1 survivors (1024K)
 Metaspace       used 44396K, committed 44928K, reserved 1114112K
  class space    used 5496K, committed 5760K, reserved 1048576K
}
Event: 152.081 GC heap after
{Heap after GC invocations=14 (full 0):
 garbage-first heap   total 432128K, used 257094K [0x0000000084c00000, 0x0000000100000000)
  region size 1024K, 1 young (1024K), 1 survivors (1024K)
 Metaspace       used 44396K, committed 44928K, reserved 1114112K
  class space    used 5496K, committed 5760K, reserved 1048576K
}

