# JRE version: OpenJDK Runtime Environment (21.0.2+13) (build 21.0.2+13-Ubuntu-122.04.1)
# Java VM: OpenJDK 64-Bit Server VM (21.0.2+13-Ubuntu-122.04.1, mixed mode, sharing, tiered, compressed oops, compressed class ptrs, g1 gc, linux-amd64)
Heap:
 garbage-first heap   total 297984K, used 247808K [0x0000000084c00000, 0x0000000100000000)
  region size 1024K, 16 young (16384K), 4 survivors (4096K)
 Metaspace       used 43198K, committed 43712K, reserved 1114112K
  class space    used 5335K, committed 5632K, reserved 1048576K
GC Heap History (16 events):
Event: 0.988 GC heap before
{Heap before GC invocations=0 (full 0):
 garbage-first heap   total 129024K, used 23581K [0x0000000084c00000, 0x0000000100000000)
  region size 1024K, 23 young (23552K), 0 survivors (0K)
 Metaspace       used 5987K, committed 6144K, reserved 1114112K
  class space    used 690K, committed 768K, reserved 1048576K
}
Event: 0.991 GC heap after
{Heap after GC invocations=1 (full 0):
 garbage-first heap   total 129024K, used 4237K [0x0000000084c00000, 0x0000000100000000)
  region size 1024K, 3 young (3072K), 3 survivors (3072K)
 Metaspace       used 5987K, committed 6144K, reserved 1114112K
  class space    used 690K, committed 768K, reserved 1048576K
}
Event: 3.211 GC heap before
{Heap before GC invocations=1 (full 0):
 garbage-first heap   total 129024K, used 53389K [0x0000000084c00000, 0x0000000100000000)
  region size 1024K, 51 young (52224K), 3 survivors (3072K)
 Metaspace       used 15502K, committed 15808K, reserved 1114112K
  class space    used 1806K, committed 1920K, reserved 1048576K
}
Event: 3.217 GC heap after
{Heap after GC invocations=2 (full 0):
 garbage-first heap   total 129024K, used 8333K [0x0000000084c00000, 0x0000000100000000)
  region size 1024K, 7 young (7168K), 7 survivors (7168K)
 Metaspace       used 15502K, committed 15808K, reserved 1114112K
  class space    used 1806K, committed 1920K, reserved 1048576K
}
Event: 3.809 GC heap before
{Heap before GC invocations=2 (full 0):
 garbage-first heap   total 129024K, used 76941K [0x0000000084c00000, 0x0000000100000000)
  region size 1024K, 74 young (75776K), 7 survivors (7168K)
 Metaspace       used 17732K, committed 18048K, reserved 1114112K
  class space    used 1986K, committed 2112K, reserved 1048576K
}
Event: 3.816 GC heap after
{Heap after GC invocations=3 (full 0):
 garbage-first heap   total 129024K, used 13373K [0x0000000084c00000, 0x0000000100000000)
  region size 1024K, 9 young (9216K), 9 survivors (9216K)
 Metaspace       used 17732K, committed 18048K, reserved 1114112K
  class space    used 1986K, committed 2112K, reserved 1048576K
}
Event: 3.942 GC heap before
{Heap before GC invocations=3 (full 0):
 garbage-first heap   total 129024K, used 29757K [0x0000000084c00000, 0x0000000100000000)
  region size 1024K, 26 young (26624K), 9 survivors (9216K)
 Metaspace       used 21236K, committed 21504K, reserved 1114112K
  class space    used 2414K, committed 2560K, reserved 1048576K
}
Event: 3.947 GC heap after
{Heap after GC invocations=4 (full 0):
 garbage-first heap   total 129024K, used 14877K [0x0000000084c00000, 0x0000000100000000)
  region size 1024K, 7 young (7168K), 7 survivors (7168K)
 Metaspace       used 21236K, committed 21504K, reserved 1114112K
  class space    used 2414K, committed 2560K, reserved 1048576K
}
Event: 4.329 GC heap before
{Heap before GC invocations=5 (full 0):
 garbage-first heap   total 58368K, used 56861K [0x0000000084c00000, 0x0000000100000000)
  region size 1024K, 47 young (48128K), 7 survivors (7168K)
 Metaspace       used 27950K, committed 28288K, reserved 1114112K
  class space    used 3128K, committed 3264K, reserved 1048576K
}
Event: 4.341 GC heap after
{Heap after GC invocations=6 (full 0):
 garbage-first heap   total 73728K, used 24605K [0x0000000084c00000, 0x0000000100000000)
  region size 1024K, 10 young (10240K), 10 survivors (10240K)
 Metaspace       used 27950K, committed 28288K, reserved 1114112K
  class space    used 3128K, committed 3264K, reserved 1048576K
}
Event: 4.950 GC heap before
{Heap before GC invocations=6 (full 0):
 garbage-first heap   total 73728K, used 57373K [0x0000000084c00000, 0x0000000100000000)
  region size 1024K, 42 young (43008K), 10 survivors (10240K)
 Metaspace       used 33772K, committed 34240K, reserved 1114112K
  class space    used 3882K, committed 4096K, reserved 1048576K
}
Event: 4.956 GC heap after
{Heap after GC invocations=7 (full 0):
 garbage-first heap   total 73728K, used 28594K [0x0000000084c00000, 0x0000000100000000)
  region size 1024K, 5 young (5120K), 5 survivors (5120K)
 Metaspace       used 33772K, committed 34240K, reserved 1114112K
  class space    used 3882K, committed 4096K, reserved 1048576K
}
Event: 5.085 GC heap before
{Heap before GC invocations=7 (full 0):
 garbage-first heap   total 73728K, used 43954K [0x0000000084c00000, 0x0000000100000000)
  region size 1024K, 13 young (13312K), 5 survivors (5120K)
 Metaspace       used 35871K, committed 36288K, reserved 1114112K
  class space    used 4264K, committed 4480K, reserved 1048576K
}
Event: 5.087 GC heap after
{Heap after GC invocations=8 (full 0):
 garbage-first heap   total 73728K, used 37975K [0x0000000084c00000, 0x0000000100000000)
  region size 1024K, 2 young (2048K), 2 survivors (2048K)
 Metaspace       used 35871K, committed 36288K, reserved 1114112K
  class space    used 4264K, committed 4480K, reserved 1048576K
}
Event: 21.471 GC heap before
{Heap before GC invocations=9 (full 0):
 garbage-first heap   total 221184K, used 219223K [0x0000000084c00000, 0x0000000100000000)
  region size 1024K, 26 young (26624K), 2 survivors (2048K)
 Metaspace       used 42650K, committed 43136K, reserved 1114112K
  class space    used 5323K, committed 5568K, reserved 1048576K
}
Event: 21.475 GC heap after
{Heap after GC invocations=10 (full 0):
 garbage-first heap   total 297984K, used 199680K [0x0000000084c00000, 0x0000000100000000)
  region size 1024K, 4 young (4096K), 4 survivors (4096K)
 Metaspace       used 42650K, committed 43136K, reserved 1114112K
  class space    used 5323K, committed 5568K, reserved 1048576K
}

