# JRE version: OpenJDK Runtime Environment (21.0.2+13) (build 21.0.2+13-Ubuntu-122.04.1)
# Java VM: OpenJDK 64-Bit Server VM (21.0.2+13-Ubuntu-122.04.1, mixed mode, sharing, tiered, compressed oops, compressed class ptrs, g1 gc, linux-amd64)
Heap:
 garbage-first heap   total 146432K, used 144010K [0x0000000084c00000, 0x0000000100000000)
  region size 1024K, 27 young (27648K), 2 survivors (2048K)
 Metaspace       used 42361K, committed 42880K, reserved 1114112K
  class space    used 5305K, committed 5568K, reserved 1048576K
GC Heap History (14 events):
Event: 1.084 GC heap before
{Heap before GC invocations=0 (full 0):
 garbage-first heap   total 129024K, used 23581K [0x0000000084c00000, 0x0000000100000000)
  region size 1024K, 23 young (23552K), 0 survivors (0K)
 Metaspace       used 5983K, committed 6144K, reserved 1114112K
  class space    used 690K, committed 768K, reserved 1048576K
}
Event: 1.087 GC heap after
{Heap after GC invocations=1 (full 0):
 garbage-first heap   total 129024K, used 4172K [0x0000000084c00000, 0x0000000100000000)
  region size 1024K, 3 young (3072K), 3 survivors (3072K)
 Metaspace       used 5983K, committed 6144K, reserved 1114112K
  class space    used 690K, committed 768K, reserved 1048576K
}
Event: 3.378 GC heap before
{Heap before GC invocations=1 (full 0):
 garbage-first heap   total 129024K, used 53324K [0x0000000084c00000, 0x0000000100000000)
  region size 1024K, 51 young (52224K), 3 survivors (3072K)
 Metaspace       used 15562K, committed 15808K, reserved 1114112K
  class space    used 1816K, committed 1920K, reserved 1048576K
}
Event: 3.384 GC heap after
{Heap after GC invocations=2 (full 0):
 garbage-first heap   total 129024K, used 8268K [0x0000000084c00000, 0x0000000100000000)
  region size 1024K, 7 young (7168K), 7 survivors (7168K)
 Metaspace       used 15562K, committed 15808K, reserved 1114112K
  class space    used 1816K, committed 1920K, reserved 1048576K
}
Event: 3.981 GC heap before
{Heap before GC invocations=2 (full 0):
 garbage-first heap   total 129024K, used 76876K [0x0000000084c00000, 0x0000000100000000)
  region size 1024K, 74 young (75776K), 7 survivors (7168K)
 Metaspace       used 17751K, committed 18048K, reserved 1114112K
  class space    used 1986K, committed 2112K, reserved 1048576K
}
Event: 3.989 GC heap after
{Heap after GC invocations=3 (full 0):
 garbage-first heap   total 129024K, used 13335K [0x0000000084c00000, 0x0000000100000000)
  region size 1024K, 9 young (9216K), 9 survivors (9216K)
 Metaspace       used 17751K, committed 18048K, reserved 1114112K
  class space    used 1986K, committed 2112K, reserved 1048576K
}
Event: 4.133 GC heap before
{Heap before GC invocations=3 (full 0):
 garbage-first heap   total 129024K, used 29719K [0x0000000084c00000, 0x0000000100000000)
  region size 1024K, 26 young (26624K), 9 survivors (9216K)
 Metaspace       used 21212K, committed 21504K, reserved 1114112K
  class space    used 2413K, committed 2560K, reserved 1048576K
}
Event: 4.139 GC heap after
{Heap after GC invocations=4 (full 0):
 garbage-first heap   total 129024K, used 14842K [0x0000000084c00000, 0x0000000100000000)
  region size 1024K, 7 young (7168K), 7 survivors (7168K)
 Metaspace       used 21212K, committed 21504K, reserved 1114112K
  class space    used 2413K, committed 2560K, reserved 1048576K
}
Event: 4.549 GC heap before
{Heap before GC invocations=5 (full 0):
 garbage-first heap   total 58368K, used 56826K [0x0000000084c00000, 0x0000000100000000)
  region size 1024K, 47 young (48128K), 7 survivors (7168K)
 Metaspace       used 27759K, committed 28096K, reserved 1114112K
  class space    used 3118K, committed 3264K, reserved 1048576K
}
Event: 4.562 GC heap after
{Heap after GC invocations=6 (full 0):
 garbage-first heap   total 74752K, used 24891K [0x0000000084c00000, 0x0000000100000000)
  region size 1024K, 10 young (10240K), 10 survivors (10240K)
 Metaspace       used 27759K, committed 28096K, reserved 1114112K
  class space    used 3118K, committed 3264K, reserved 1048576K
}
Event: 5.237 GC heap before
{Heap before GC invocations=6 (full 0):
 garbage-first heap   total 74752K, used 56635K [0x0000000084c00000, 0x0000000100000000)
  region size 1024K, 42 young (43008K), 10 survivors (10240K)
 Metaspace       used 33246K, committed 33728K, reserved 1114112K
  class space    used 3779K, committed 4032K, reserved 1048576K
}
Event: 5.242 GC heap after
{Heap after GC invocations=7 (full 0):
 garbage-first heap   total 74752K, used 28636K [0x0000000084c00000, 0x0000000100000000)
  region size 1024K, 4 young (4096K), 4 survivors (4096K)
 Metaspace       used 33246K, committed 33728K, reserved 1114112K
  class space    used 3779K, committed 4032K, reserved 1048576K
}
Event: 5.348 GC heap before
{Heap before GC invocations=7 (full 0):
 garbage-first heap   total 74752K, used 42972K [0x0000000084c00000, 0x0000000100000000)
  region size 1024K, 12 young (12288K), 4 survivors (4096K)
 Metaspace       used 35664K, committed 36160K, reserved 1114112K
  class space    used 4183K, committed 4416K, reserved 1048576K
}
Event: 5.350 GC heap after
{Heap after GC invocations=8 (full 0):
 garbage-first heap   total 74752K, used 38538K [0x0000000084c00000, 0x0000000100000000)
  region size 1024K, 2 young (2048K), 2 survivors (2048K)
 Metaspace       used 35664K, committed 36160K, reserved 1114112K
  class space    used 4183K, committed 4416K, reserved 1048576K
}

