# JRE version: OpenJDK Runtime Environment (21.0.2+13) (build 21.0.2+13-Ubuntu-122.04.1)
# Java VM: OpenJDK 64-Bit Server VM (21.0.2+13-Ubuntu-122.04.1, mixed mode, sharing, tiered, compressed oops, compressed class ptrs, g1 gc, linux-amd64)
Heap:
 garbage-first heap   total 244736K, used 232593K [0x0000000084c00000, 0x0000000100000000)
  region size 1024K, 19 young (19456K), 4 survivors (4096K)
 Metaspace       used 43575K, committed 44160K, reserved 1114112K
  class space    used 5340K, committed 5632K, reserved 1048576K
GC Heap History (16 events):
Event: 1.139 GC heap before
{Heap before GC invocations=0 (full 0):
 garbage-first heap   total 129024K, used 23581K [0x0000000084c00000, 0x0000000100000000)
  region size 1024K, 23 young (23552K), 0 survivors (0K)
 Metaspace       used 5986K, committed 6144K, reserved 1114112K
  class space    used 690K, committed 768K, reserved 1048576K
}
Event: 1.142 GC heap after
{Heap after GC invocations=1 (full 0):
 garbage-first heap   total 129024K, used 4211K [0x0000000084c00000, 0x0000000100000000)
  region size 1024K, 3 young (3072K), 3 survivors (3072K)
 Metaspace       used 5986K, committed 6144K, reserved 1114112K
  class space    used 690K, committed 768K, reserved 1048576K
}
Event: 3.364 GC heap before
{Heap before GC invocations=1 (full 0):
 garbage-first heap   total 129024K, used 53363K [0x0000000084c00000, 0x0000000100000000)
  region size 1024K, 51 young (52224K), 3 survivors (3072K)
 Metaspace       used 15517K, committed 15808K, reserved 1114112K
  class space    used 1806K, committed 1920K, reserved 1048576K
}
Event: 3.370 GC heap after
{Heap after GC invocations=2 (full 0):
 garbage-first heap   total 129024K, used 8344K [0x0000000084c00000, 0x0000000100000000)
  region size 1024K, 7 young (7168K), 7 survivors (7168K)
 Metaspace       used 15517K, committed 15808K, reserved 1114112K
  class space    used 1806K, committed 1920K, reserved 1048576K
}
Event: 3.919 GC heap before
{Heap before GC invocations=2 (full 0):
 garbage-first heap   total 129024K, used 76952K [0x0000000084c00000, 0x0000000100000000)
  region size 1024K, 74 young (75776K), 7 survivors (7168K)
 Metaspace       used 17748K, committed 18048K, reserved 1114112K
  class space    used 1986K, committed 2112K, reserved 1048576K
}
Event: 3.927 GC heap after
{Heap after GC invocations=3 (full 0):
 garbage-first heap   total 129024K, used 13516K [0x0000000084c00000, 0x0000000100000000)
  region size 1024K, 9 young (9216K), 9 survivors (9216K)
 Metaspace       used 17748K, committed 18048K, reserved 1114112K
  class space    used 1986K, committed 2112K, reserved 1048576K
}
Event: 4.067 GC heap before
{Heap before GC invocations=3 (full 0):
 garbage-first heap   total 129024K, used 28876K [0x0000000084c00000, 0x0000000100000000)
  region size 1024K, 25 young (25600K), 9 survivors (9216K)
 Metaspace       used 21227K, committed 21504K, reserved 1114112K
  class space    used 2413K, committed 2560K, reserved 1048576K
}
Event: 4.072 GC heap after
{Heap after GC invocations=4 (full 0):
 garbage-first heap   total 129024K, used 14816K [0x0000000084c00000, 0x0000000100000000)
  region size 1024K, 7 young (7168K), 7 survivors (7168K)
 Metaspace       used 21227K, committed 21504K, reserved 1114112K
  class space    used 2413K, committed 2560K, reserved 1048576K
}
Event: 4.447 GC heap before
{Heap before GC invocations=5 (full 0):
 garbage-first heap   total 58368K, used 56800K [0x0000000084c00000, 0x0000000100000000)
  region size 1024K, 47 young (48128K), 7 survivors (7168K)
 Metaspace       used 27956K, committed 28288K, reserved 1114112K
  class space    used 3129K, committed 3264K, reserved 1048576K
}
Event: 4.457 GC heap after
{Heap after GC invocations=6 (full 0):
 garbage-first heap   total 73728K, used 24544K [0x0000000084c00000, 0x0000000100000000)
  region size 1024K, 10 young (10240K), 10 survivors (10240K)
 Metaspace       used 27956K, committed 28288K, reserved 1114112K
  class space    used 3129K, committed 3264K, reserved 1048576K
}
Event: 5.044 GC heap before
{Heap before GC invocations=6 (full 0):
 garbage-first heap   total 73728K, used 56288K [0x0000000084c00000, 0x0000000100000000)
  region size 1024K, 42 young (43008K), 10 survivors (10240K)
 Metaspace       used 33769K, committed 34240K, reserved 1114112K
  class space    used 3879K, committed 4096K, reserved 1048576K
}
Event: 5.050 GC heap after
{Heap after GC invocations=7 (full 0):
 garbage-first heap   total 73728K, used 28101K [0x0000000084c00000, 0x0000000100000000)
  region size 1024K, 4 young (4096K), 4 survivors (4096K)
 Metaspace       used 33769K, committed 34240K, reserved 1114112K
  class space    used 3879K, committed 4096K, reserved 1048576K
}
Event: 5.173 GC heap before
{Heap before GC invocations=7 (full 0):
 garbage-first heap   total 73728K, used 42437K [0x0000000084c00000, 0x0000000100000000)
  region size 1024K, 12 young (12288K), 4 survivors (4096K)
 Metaspace       used 35849K, committed 36288K, reserved 1114112K
  class space    used 4259K, committed 4480K, reserved 1048576K
}
Event: 5.175 GC heap after
{Heap after GC invocations=8 (full 0):
 garbage-first heap   total 73728K, used 38572K [0x0000000084c00000, 0x0000000100000000)
  region size 1024K, 2 young (2048K), 2 survivors (2048K)
 Metaspace       used 35849K, committed 36288K, reserved 1114112K
  class space    used 4259K, committed 4480K, reserved 1048576K
}
Event: 16.648 GC heap before
{Heap before GC invocations=9 (full 0):
 garbage-first heap   total 190464K, used 189100K [0x0000000084c00000, 0x0000000100000000)
  region size 1024K, 26 young (26624K), 2 survivors (2048K)
 Metaspace       used 42528K, committed 43072K, reserved 1114112K
  class space    used 5296K, committed 5568K, reserved 1048576K
}
Event: 16.652 GC heap after
{Heap after GC invocations=10 (full 0):
 garbage-first heap   total 236544K, used 150673K [0x0000000084c00000, 0x0000000100000000)
  region size 1024K, 4 young (4096K), 4 survivors (4096K)
 Metaspace       used 42528K, committed 43072K, reserved 1114112K
  class space    used 5296K, committed 5568K, reserved 1048576K
}

