# JRE version: OpenJDK Runtime Environment (21.0.2+13) (build 21.0.2+13-Ubuntu-122.04.1)
# Java VM: OpenJDK 64-Bit Server VM (21.0.2+13-Ubuntu-122.04.1, mixed mode, sharing, tiered, compressed oops, compressed class ptrs, g1 gc, linux-amd64)
Heap:
 garbage-first heap   total 305152K, used 293877K [0x0000000084c00000, 0x0000000100000000)
  region size 1024K, 28 young (28672K), 3 survivors (3072K)
 Metaspace       used 44291K, committed 44864K, reserved 1114112K
  class space    used 5507K, committed 5760K, reserved 1048576K
GC Heap History (20 events):
Event: 1.015 GC heap before
{Heap before GC invocations=0 (full 0):
 garbage-first heap   total 129024K, used 23581K [0x0000000084c00000, 0x0000000100000000)
  region size 1024K, 23 young (23552K), 0 survivors (0K)
 Metaspace       used 5983K, committed 6144K, reserved 1114112K
  class space    used 690K, committed 768K, reserved 1048576K
}
Event: 1.018 GC heap after
{Heap after GC invocations=1 (full 0):
 garbage-first heap   total 129024K, used 4368K [0x0000000084c00000, 0x0000000100000000)
  region size 1024K, 3 young (3072K), 3 survivors (3072K)
 Metaspace       used 5983K, committed 6144K, reserved 1114112K
  class space    used 690K, committed 768K, reserved 1048576K
}
Event: 3.419 GC heap before
{Heap before GC invocations=1 (full 0):
 garbage-first heap   total 129024K, used 53520K [0x0000000084c00000, 0x0000000100000000)
  region size 1024K, 51 young (52224K), 3 survivors (3072K)
 Metaspace       used 15552K, committed 15808K, reserved 1114112K
  class space    used 1816K, committed 1920K, reserved 1048576K
}
Event: 3.425 GC heap after
{Heap after GC invocations=2 (full 0):
 garbage-first heap   total 129024K, used 8100K [0x0000000084c00000, 0x0000000100000000)
  region size 1024K, 7 young (7168K), 7 survivors (7168K)
 Metaspace       used 15552K, committed 15808K, reserved 1114112K
  class space    used 1816K, committed 1920K, reserved 1048576K
}
Event: 3.953 GC heap before
{Heap before GC invocations=2 (full 0):
 garbage-first heap   total 129024K, used 76708K [0x0000000084c00000, 0x0000000100000000)
  region size 1024K, 74 young (75776K), 7 survivors (7168K)
 Metaspace       used 17748K, committed 18048K, reserved 1114112K
  class space    used 1986K, committed 2112K, reserved 1048576K
}
Event: 3.961 GC heap after
{Heap after GC invocations=3 (full 0):
 garbage-first heap   total 129024K, used 13669K [0x0000000084c00000, 0x0000000100000000)
  region size 1024K, 10 young (10240K), 10 survivors (10240K)
 Metaspace       used 17748K, committed 18048K, reserved 1114112K
  class space    used 1986K, committed 2112K, reserved 1048576K
}
Event: 4.103 GC heap before
{Heap before GC invocations=3 (full 0):
 garbage-first heap   total 129024K, used 30053K [0x0000000084c00000, 0x0000000100000000)
  region size 1024K, 27 young (27648K), 10 survivors (10240K)
 Metaspace       used 21222K, committed 21504K, reserved 1114112K
  class space    used 2413K, committed 2560K, reserved 1048576K
}
Event: 4.109 GC heap after
{Heap after GC invocations=4 (full 0):
 garbage-first heap   total 129024K, used 14721K [0x0000000084c00000, 0x0000000100000000)
  region size 1024K, 7 young (7168K), 7 survivors (7168K)
 Metaspace       used 21222K, committed 21504K, reserved 1114112K
  class space    used 2413K, committed 2560K, reserved 1048576K
}
Event: 4.486 GC heap before
{Heap before GC invocations=5 (full 0):
 garbage-first heap   total 58368K, used 56705K [0x0000000084c00000, 0x0000000100000000)
  region size 1024K, 47 young (48128K), 7 survivors (7168K)
 Metaspace       used 27633K, committed 27968K, reserved 1114112K
  class space    used 3103K, committed 3264K, reserved 1048576K
}
Event: 4.497 GC heap after
{Heap after GC invocations=6 (full 0):
 garbage-first heap   total 73728K, used 24449K [0x0000000084c00000, 0x0000000100000000)
  region size 1024K, 10 young (10240K), 10 survivors (10240K)
 Metaspace       used 27633K, committed 27968K, reserved 1114112K
  class space    used 3103K, committed 3264K, reserved 1048576K
}
Event: 5.110 GC heap before
{Heap before GC invocations=6 (full 0):
 garbage-first heap   total 73728K, used 56193K [0x0000000084c00000, 0x0000000100000000)
  region size 1024K, 42 young (43008K), 10 survivors (10240K)
 Metaspace       used 32439K, committed 32960K, reserved 1114112K
  class space    used 3673K, committed 3904K, reserved 1048576K
}
Event: 5.115 GC heap after
{Heap after GC invocations=7 (full 0):
 garbage-first heap   total 73728K, used 22471K [0x0000000084c00000, 0x0000000100000000)
  region size 1024K, 3 young (3072K), 3 survivors (3072K)
 Metaspace       used 32439K, committed 32960K, reserved 1114112K
  class space    used 3673K, committed 3904K, reserved 1048576K
}
Event: 5.223 GC heap before
{Heap before GC invocations=7 (full 0):
 garbage-first heap   total 73728K, used 37831K [0x0000000084c00000, 0x0000000100000000)
  region size 1024K, 12 young (12288K), 3 survivors (3072K)
 Metaspace       used 35664K, committed 36160K, reserved 1114112K
  class space    used 4180K, committed 4416K, reserved 1048576K
}
Event: 5.226 GC heap after
{Heap after GC invocations=8 (full 0):
 garbage-first heap   total 73728K, used 31613K [0x0000000084c00000, 0x0000000100000000)
  region size 1024K, 4 young (4096K), 4 survivors (4096K)
 Metaspace       used 35664K, committed 36160K, reserved 1114112K
  class space    used 4180K, committed 4416K, reserved 1048576K
}
Event: 44.464 GC heap before
{Heap before GC invocations=9 (full 0):
 garbage-first heap   total 92160K, used 89981K [0x0000000084c00000, 0x0000000100000000)
  region size 1024K, 26 young (26624K), 4 survivors (4096K)
 Metaspace       used 41846K, committed 42368K, reserved 1114112K
  class space    used 5262K, committed 5504K, reserved 1048576K
}
Event: 44.469 GC heap after
{Heap after GC invocations=10 (full 0):
 garbage-first heap   total 148480K, used 71149K [0x0000000084c00000, 0x0000000100000000)
  region size 1024K, 5 young (5120K), 5 survivors (5120K)
 Metaspace       used 41846K, committed 42368K, reserved 1114112K
  class space    used 5262K, committed 5504K, reserved 1048576K
}
Event: 60.737 GC heap before
{Heap before GC invocations=10 (full 0):
 garbage-first heap   total 203776K, used 201197K [0x0000000084c00000, 0x0000000100000000)
  region size 1024K, 15 young (15360K), 5 survivors (5120K)
 Metaspace       used 43391K, committed 43968K, reserved 1114112K
  class space    used 5488K, committed 5760K, reserved 1048576K
}
Event: 60.741 GC heap after
{Heap after GC invocations=11 (full 0):
 garbage-first heap   total 211968K, used 159890K [0x0000000084c00000, 0x0000000100000000)
  region size 1024K, 7 young (7168K), 7 survivors (7168K)
 Metaspace       used 43391K, committed 43968K, reserved 1114112K
  class space    used 5488K, committed 5760K, reserved 1048576K
}
Event: 60.746 GC heap before
{Heap before GC invocations=11 (full 0):
 garbage-first heap   total 211968K, used 159890K [0x0000000084c00000, 0x0000000100000000)
  region size 1024K, 8 young (8192K), 7 survivors (7168K)
 Metaspace       used 43441K, committed 44032K, reserved 1114112K
  class space    used 5491K, committed 5760K, reserved 1048576K
}
Event: 60.749 GC heap after
{Heap after GC invocations=12 (full 0):
 garbage-first heap   total 211968K, used 159733K [0x0000000084c00000, 0x0000000100000000)
  region size 1024K, 3 young (3072K), 3 survivors (3072K)
 Metaspace       used 43441K, committed 44032K, reserved 1114112K
  class space    used 5491K, committed 5760K, reserved 1048576K
}

