# JRE version: OpenJDK Runtime Environment (21.0.2+13) (build 21.0.2+13-Ubuntu-122.04.1)
# Java VM: OpenJDK 64-Bit Server VM (21.0.2+13-Ubuntu-122.04.1, mixed mode, sharing, tiered, compressed oops, compressed class ptrs, g1 gc, linux-amd64)
Heap:
 garbage-first heap   total 300032K, used 295843K [0x0000000084c00000, 0x0000000100000000)
  region size 1024K, 32 young (32768K), 4 survivors (4096K)
 Metaspace       used 44140K, committed 44672K, reserved 1114112K
  class space    used 5502K, committed 5760K, reserved 1048576K
GC Heap History (16 events):
Event: 1.160 GC heap before
{Heap before GC invocations=0 (full 0):
 garbage-first heap   total 129024K, used 23581K [0x0000000084c00000, 0x0000000100000000)
  region size 1024K, 23 young (23552K), 0 survivors (0K)
 Metaspace       used 5986K, committed 6144K, reserved 1114112K
  class space    used 690K, committed 768K, reserved 1048576K
}
Event: 1.163 GC heap after
{Heap after GC invocations=1 (full 0):
 garbage-first heap   total 129024K, used 4245K [0x0000000084c00000, 0x0000000100000000)
  region size 1024K, 3 young (3072K), 3 survivors (3072K)
 Metaspace       used 5986K, committed 6144K, reserved 1114112K
  class space    used 690K, committed 768K, reserved 1048576K
}
Event: 3.444 GC heap before
{Heap before GC invocations=1 (full 0):
 garbage-first heap   total 129024K, used 52373K [0x0000000084c00000, 0x0000000100000000)
  region size 1024K, 50 young (51200K), 3 survivors (3072K)
 Metaspace       used 15456K, committed 15744K, reserved 1114112K
  class space    used 1800K, committed 1920K, reserved 1048576K
}
Event: 3.449 GC heap after
{Heap after GC invocations=2 (full 0):
 garbage-first heap   total 129024K, used 8341K [0x0000000084c00000, 0x0000000100000000)
  region size 1024K, 7 young (7168K), 7 survivors (7168K)
 Metaspace       used 15456K, committed 15744K, reserved 1114112K
  class space    used 1800K, committed 1920K, reserved 1048576K
}
Event: 3.978 GC heap before
{Heap before GC invocations=2 (full 0):
 garbage-first heap   total 129024K, used 76949K [0x0000000084c00000, 0x0000000100000000)
  region size 1024K, 74 young (75776K), 7 survivors (7168K)
 Metaspace       used 17747K, committed 18048K, reserved 1114112K
  class space    used 1986K, committed 2112K, reserved 1048576K
}
Event: 3.985 GC heap after
{Heap after GC invocations=3 (full 0):
 garbage-first heap   total 129024K, used 13373K [0x0000000084c00000, 0x0000000100000000)
  region size 1024K, 9 young (9216K), 9 survivors (9216K)
 Metaspace       used 17747K, committed 18048K, reserved 1114112K
  class space    used 1986K, committed 2112K, reserved 1048576K
}
Event: 4.124 GC heap before
{Heap before GC invocations=3 (full 0):
 garbage-first heap   total 129024K, used 31805K [0x0000000084c00000, 0x0000000100000000)
  region size 1024K, 28 young (28672K), 9 survivors (9216K)
 Metaspace       used 21230K, committed 21504K, reserved 1114112K
  class space    used 2413K, committed 2560K, reserved 1048576K
}
Event: 4.129 GC heap after
{Heap after GC invocations=4 (full 0):
 garbage-first heap   total 129024K, used 15297K [0x0000000084c00000, 0x0000000100000000)
  region size 1024K, 7 young (7168K), 7 survivors (7168K)
 Metaspace       used 21230K, committed 21504K, reserved 1114112K
  class space    used 2413K, committed 2560K, reserved 1048576K
}
Event: 4.511 GC heap before
{Heap before GC invocations=5 (full 0):
 garbage-first heap   total 58368K, used 57281K [0x0000000084c00000, 0x0000000100000000)
  region size 1024K, 47 young (48128K), 7 survivors (7168K)
 Metaspace       used 27685K, committed 28032K, reserved 1114112K
  class space    used 3105K, committed 3264K, reserved 1048576K
}
Event: 4.523 GC heap after
{Heap after GC invocations=6 (full 0):
 garbage-first heap   total 74752K, used 24641K [0x0000000084c00000, 0x0000000100000000)
  region size 1024K, 10 young (10240K), 10 survivors (10240K)
 Metaspace       used 27685K, committed 28032K, reserved 1114112K
  class space    used 3105K, committed 3264K, reserved 1048576K
}
Event: 5.204 GC heap before
{Heap before GC invocations=6 (full 0):
 garbage-first heap   total 74752K, used 56385K [0x0000000084c00000, 0x0000000100000000)
  region size 1024K, 42 young (43008K), 10 survivors (10240K)
 Metaspace       used 33275K, committed 33792K, reserved 1114112K
  class space    used 3783K, committed 4032K, reserved 1048576K
}
Event: 5.209 GC heap after
{Heap after GC invocations=7 (full 0):
 garbage-first heap   total 74752K, used 28255K [0x0000000084c00000, 0x0000000100000000)
  region size 1024K, 4 young (4096K), 4 survivors (4096K)
 Metaspace       used 33275K, committed 33792K, reserved 1114112K
  class space    used 3783K, committed 4032K, reserved 1048576K
}
Event: 5.309 GC heap before
{Heap before GC invocations=7 (full 0):
 garbage-first heap   total 74752K, used 44639K [0x0000000084c00000, 0x0000000100000000)
  region size 1024K, 13 young (13312K), 4 survivors (4096K)
 Metaspace       used 35674K, committed 36160K, reserved 1114112K
  class space    used 4183K, committed 4416K, reserved 1048576K
}
Event: 5.312 GC heap after
{Heap after GC invocations=8 (full 0):
 garbage-first heap   total 74752K, used 38385K [0x0000000084c00000, 0x0000000100000000)
  region size 1024K, 2 young (2048K), 2 survivors (2048K)
 Metaspace       used 35674K, committed 36160K, reserved 1114112K
  class space    used 4183K, committed 4416K, reserved 1048576K
}
Event: 10.615 GC heap before
{Heap before GC invocations=9 (full 0):
 garbage-first heap   total 222208K, used 220657K [0x0000000084c00000, 0x0000000100000000)
  region size 1024K, 27 young (27648K), 2 survivors (2048K)
 Metaspace       used 42861K, committed 43392K, reserved 1114112K
  class space    used 5482K, committed 5760K, reserved 1048576K
}
Event: 10.618 GC heap after
{Heap after GC invocations=10 (full 0):
 garbage-first heap   total 273408K, used 164771K [0x0000000084c00000, 0x0000000100000000)
  region size 1024K, 4 young (4096K), 4 survivors (4096K)
 Metaspace       used 42861K, committed 43392K, reserved 1114112K
  class space    used 5482K, committed 5760K, reserved 1048576K
}

