# JRE version: OpenJDK Runtime Environment (21.0.2+13) (build 21.0.2+13-Ubuntu-122.04.1)
# Java VM: OpenJDK 64-Bit Server VM (21.0.2+13-Ubuntu-122.04.1, mixed mode, sharing, tiered, compressed oops, compressed class ptrs, g1 gc, linux-amd64)
Heap:
 garbage-first heap   total 401408K, used 264664K [0x0000000084c00000, 0x0000000100000000)
  region size 1024K, 20 young (20480K), 2 survivors (2048K)
 Metaspace       used 44288K, committed 44864K, reserved 1114112K
  class space    used 5498K, committed 5760K, reserved 1048576K
GC Heap History (20 events):
Event: 1.178 GC heap before
{Heap before GC invocations=0 (full 0):
 garbage-first heap   total 129024K, used 23581K [0x0000000084c00000, 0x0000000100000000)
  region size 1024K, 23 young (23552K), 0 survivors (0K)
 Metaspace       used 5984K, committed 6144K, reserved 1114112K
  class space    used 690K, committed 768K, reserved 1048576K
}
Event: 1.181 GC heap after
{Heap after GC invocations=1 (full 0):
 garbage-first heap   total 129024K, used 4319K [0x0000000084c00000, 0x0000000100000000)
  region size 1024K, 3 young (3072K), 3 survivors (3072K)
 Metaspace       used 5984K, committed 6144K, reserved 1114112K
  class space    used 690K, committed 768K, reserved 1048576K
}
Event: 3.447 GC heap before
{Heap before GC invocations=1 (full 0):
 garbage-first heap   total 129024K, used 53471K [0x0000000084c00000, 0x0000000100000000)
  region size 1024K, 51 young (52224K), 3 survivors (3072K)
 Metaspace       used 15487K, committed 15744K, reserved 1114112K
  class space    used 1802K, committed 1920K, reserved 1048576K
}
Event: 3.454 GC heap after
{Heap after GC invocations=2 (full 0):
 garbage-first heap   total 129024K, used 8415K [0x0000000084c00000, 0x0000000100000000)
  region size 1024K, 7 young (7168K), 7 survivors (7168K)
 Metaspace       used 15487K, committed 15744K, reserved 1114112K
  class space    used 1802K, committed 1920K, reserved 1048576K
}
Event: 4.008 GC heap before
{Heap before GC invocations=2 (full 0):
 garbage-first heap   total 129024K, used 77023K [0x0000000084c00000, 0x0000000100000000)
  region size 1024K, 74 young (75776K), 7 survivors (7168K)
 Metaspace       used 17738K, committed 18048K, reserved 1114112K
  class space    used 1986K, committed 2112K, reserved 1048576K
}
Event: 4.015 GC heap after
{Heap after GC invocations=3 (full 0):
 garbage-first heap   total 129024K, used 13406K [0x0000000084c00000, 0x0000000100000000)
  region size 1024K, 9 young (9216K), 9 survivors (9216K)
 Metaspace       used 17738K, committed 18048K, reserved 1114112K
  class space    used 1986K, committed 2112K, reserved 1048576K
}
Event: 4.149 GC heap before
{Heap before GC invocations=3 (full 0):
 garbage-first heap   total 129024K, used 30814K [0x0000000084c00000, 0x0000000100000000)
  region size 1024K, 27 young (27648K), 9 survivors (9216K)
 Metaspace       used 21241K, committed 21504K, reserved 1114112K
  class space    used 2413K, committed 2560K, reserved 1048576K
}
Event: 4.155 GC heap after
{Heap after GC invocations=4 (full 0):
 garbage-first heap   total 129024K, used 15389K [0x0000000084c00000, 0x0000000100000000)
  region size 1024K, 7 young (7168K), 7 survivors (7168K)
 Metaspace       used 21241K, committed 21504K, reserved 1114112K
  class space    used 2413K, committed 2560K, reserved 1048576K
}
Event: 4.542 GC heap before
{Heap before GC invocations=5 (full 0):
 garbage-first heap   total 58368K, used 57373K [0x0000000084c00000, 0x0000000100000000)
  region size 1024K, 47 young (48128K), 7 survivors (7168K)
 Metaspace       used 27773K, committed 28096K, reserved 1114112K
  class space    used 3120K, committed 3264K, reserved 1048576K
}
Event: 4.552 GC heap after
{Heap after GC invocations=6 (full 0):
 garbage-first heap   total 74752K, used 24916K [0x0000000084c00000, 0x0000000100000000)
  region size 1024K, 10 young (10240K), 10 survivors (10240K)
 Metaspace       used 27773K, committed 28096K, reserved 1114112K
  class space    used 3120K, committed 3264K, reserved 1048576K
}
Event: 5.173 GC heap before
{Heap before GC invocations=6 (full 0):
 garbage-first heap   total 74752K, used 56660K [0x0000000084c00000, 0x0000000100000000)
  region size 1024K, 42 young (43008K), 10 survivors (10240K)
 Metaspace       used 32770K, committed 33216K, reserved 1114112K
  class space    used 3713K, committed 3904K, reserved 1048576K
}
Event: 5.180 GC heap after
{Heap after GC invocations=7 (full 0):
 garbage-first heap   total 74752K, used 28162K [0x0000000084c00000, 0x0000000100000000)
  region size 1024K, 4 young (4096K), 4 survivors (4096K)
 Metaspace       used 32770K, committed 33216K, reserved 1114112K
  class space    used 3713K, committed 3904K, reserved 1048576K
}
Event: 5.309 GC heap before
{Heap before GC invocations=7 (full 0):
 garbage-first heap   total 74752K, used 43522K [0x0000000084c00000, 0x0000000100000000)
  region size 1024K, 13 young (13312K), 4 survivors (4096K)
 Metaspace       used 35703K, committed 36160K, reserved 1114112K
  class space    used 4187K, committed 4416K, reserved 1048576K
}
Event: 5.311 GC heap after
{Heap after GC invocations=8 (full 0):
 garbage-first heap   total 90112K, used 38181K [0x0000000084c00000, 0x0000000100000000)
  region size 1024K, 2 young (2048K), 2 survivors (2048K)
 Metaspace       used 35703K, committed 36160K, reserved 1114112K
  class space    used 4187K, committed 4416K, reserved 1048576K
}
Event: 7.567 GC heap before
{Heap before GC invocations=9 (full 0):
 garbage-first heap   total 188416K, used 186661K [0x0000000084c00000, 0x0000000100000000)
  region size 1024K, 24 young (24576K), 2 survivors (2048K)
 Metaspace       used 42380K, committed 42944K, reserved 1114112K
  class space    used 5429K, committed 5696K, reserved 1048576K
}
Event: 7.571 GC heap after
{Heap after GC invocations=10 (full 0):
 garbage-first heap   total 193536K, used 133512K [0x0000000084c00000, 0x0000000100000000)
  region size 1024K, 5 young (5120K), 5 survivors (5120K)
 Metaspace       used 42380K, committed 42944K, reserved 1114112K
  class space    used 5429K, committed 5696K, reserved 1048576K
}
Event: 18.087 GC heap before
{Heap before GC invocations=10 (full 0):
 garbage-first heap   total 259072K, used 258440K [0x0000000084c00000, 0x0000000100000000)
  region size 1024K, 21 young (21504K), 5 survivors (5120K)
 Metaspace       used 43756K, committed 44288K, reserved 1114112K
  class space    used 5490K, committed 5760K, reserved 1048576K
}
Event: 18.092 GC heap after
{Heap after GC invocations=11 (full 0):
 garbage-first heap   total 268288K, used 226987K [0x0000000084c00000, 0x0000000100000000)
  region size 1024K, 4 young (4096K), 4 survivors (4096K)
 Metaspace       used 43756K, committed 44288K, reserved 1114112K
  class space    used 5490K, committed 5760K, reserved 1048576K
}
Event: 18.152 GC heap before
{Heap before GC invocations=11 (full 0):
 garbage-first heap   total 268288K, used 230059K [0x0000000084c00000, 0x0000000100000000)
  region size 1024K, 8 young (8192K), 4 survivors (4096K)
 Metaspace       used 43865K, committed 44416K, reserved 1114112K
  class space    used 5490K, committed 5760K, reserved 1048576K
}
Event: 18.155 GC heap after
{Heap after GC invocations=12 (full 0):
 garbage-first heap   total 268288K, used 228824K [0x0000000084c00000, 0x0000000100000000)
  region size 1024K, 2 young (2048K), 2 survivors (2048K)
 Metaspace       used 43865K, committed 44416K, reserved 1114112K
  class space    used 5490K, committed 5760K, reserved 1048576K
}

