# JRE version: OpenJDK Runtime Environment (21.0.2+13) (build 21.0.2+13-Ubuntu-122.04.1)
# Java VM: OpenJDK 64-Bit Server VM (21.0.2+13-Ubuntu-122.04.1, mixed mode, sharing, tiered, compressed oops, compressed class ptrs, g1 gc, linux-amd64)
Heap:
 garbage-first heap   total 261120K, used 251464K [0x0000000084c00000, 0x0000000100000000)
  region size 1024K, 21 young (21504K), 3 survivors (3072K)
 Metaspace       used 43405K, committed 43968K, reserved 1114112K
  class space    used 5343K, committed 5632K, reserved 1048576K
GC Heap History (16 events):
Event: 1.248 GC heap before
{Heap before GC invocations=0 (full 0):
 garbage-first heap   total 129024K, used 23581K [0x0000000084c00000, 0x0000000100000000)
  region size 1024K, 23 young (23552K), 0 survivors (0K)
 Metaspace       used 5986K, committed 6144K, reserved 1114112K
  class space    used 690K, committed 768K, reserved 1048576K
}
Event: 1.251 GC heap after
{Heap after GC invocations=1 (full 0):
 garbage-first heap   total 129024K, used 4307K [0x0000000084c00000, 0x0000000100000000)
  region size 1024K, 3 young (3072K), 3 survivors (3072K)
 Metaspace       used 5986K, committed 6144K, reserved 1114112K
  class space    used 690K, committed 768K, reserved 1048576K
}
Event: 3.481 GC heap before
{Heap before GC invocations=1 (full 0):
 garbage-first heap   total 129024K, used 53459K [0x0000000084c00000, 0x0000000100000000)
  region size 1024K, 51 young (52224K), 3 survivors (3072K)
 Metaspace       used 15579K, committed 15808K, reserved 1114112K
  class space    used 1818K, committed 1920K, reserved 1048576K
}
Event: 3.486 GC heap after
{Heap after GC invocations=2 (full 0):
 garbage-first heap   total 129024K, used 8368K [0x0000000084c00000, 0x0000000100000000)
  region size 1024K, 7 young (7168K), 7 survivors (7168K)
 Metaspace       used 15579K, committed 15808K, reserved 1114112K
  class space    used 1818K, committed 1920K, reserved 1048576K
}
Event: 3.989 GC heap before
{Heap before GC invocations=2 (full 0):
 garbage-first heap   total 129024K, used 76976K [0x0000000084c00000, 0x0000000100000000)
  region size 1024K, 74 young (75776K), 7 survivors (7168K)
 Metaspace       used 17739K, committed 18048K, reserved 1114112K
  class space    used 1986K, committed 2112K, reserved 1048576K
}
Event: 3.997 GC heap after
{Heap after GC invocations=3 (full 0):
 garbage-first heap   total 129024K, used 13768K [0x0000000084c00000, 0x0000000100000000)
  region size 1024K, 10 young (10240K), 10 survivors (10240K)
 Metaspace       used 17739K, committed 18048K, reserved 1114112K
  class space    used 1986K, committed 2112K, reserved 1048576K
}
Event: 4.139 GC heap before
{Heap before GC invocations=3 (full 0):
 garbage-first heap   total 129024K, used 31176K [0x0000000084c00000, 0x0000000100000000)
  region size 1024K, 28 young (28672K), 10 survivors (10240K)
 Metaspace       used 21231K, committed 21504K, reserved 1114112K
  class space    used 2413K, committed 2560K, reserved 1048576K
}
Event: 4.144 GC heap after
{Heap after GC invocations=4 (full 0):
 garbage-first heap   total 129024K, used 14972K [0x0000000084c00000, 0x0000000100000000)
  region size 1024K, 7 young (7168K), 7 survivors (7168K)
 Metaspace       used 21231K, committed 21504K, reserved 1114112K
  class space    used 2413K, committed 2560K, reserved 1048576K
}
Event: 4.598 GC heap before
{Heap before GC invocations=5 (full 0):
 garbage-first heap   total 61440K, used 59004K [0x0000000084c00000, 0x0000000100000000)
  region size 1024K, 49 young (50176K), 7 survivors (7168K)
 Metaspace       used 28467K, committed 28864K, reserved 1114112K
  class space    used 3182K, committed 3392K, reserved 1048576K
}
Event: 4.610 GC heap after
{Heap after GC invocations=6 (full 0):
 garbage-first heap   total 77824K, used 25534K [0x0000000084c00000, 0x0000000100000000)
  region size 1024K, 10 young (10240K), 10 survivors (10240K)
 Metaspace       used 28467K, committed 28864K, reserved 1114112K
  class space    used 3182K, committed 3392K, reserved 1048576K
}
Event: 5.210 GC heap before
{Heap before GC invocations=6 (full 0):
 garbage-first heap   total 77824K, used 59326K [0x0000000084c00000, 0x0000000100000000)
  region size 1024K, 44 young (45056K), 10 survivors (10240K)
 Metaspace       used 34644K, committed 35072K, reserved 1114112K
  class space    used 3990K, committed 4160K, reserved 1048576K
}
Event: 5.216 GC heap after
{Heap after GC invocations=7 (full 0):
 garbage-first heap   total 77824K, used 30295K [0x0000000084c00000, 0x0000000100000000)
  region size 1024K, 5 young (5120K), 5 survivors (5120K)
 Metaspace       used 34644K, committed 35072K, reserved 1114112K
  class space    used 3990K, committed 4160K, reserved 1048576K
}
Event: 5.298 GC heap before
{Heap before GC invocations=7 (full 0):
 garbage-first heap   total 77824K, used 40535K [0x0000000084c00000, 0x0000000100000000)
  region size 1024K, 8 young (8192K), 5 survivors (5120K)
 Metaspace       used 35710K, committed 36160K, reserved 1114112K
  class space    used 4237K, committed 4480K, reserved 1048576K
}
Event: 5.301 GC heap after
{Heap after GC invocations=8 (full 0):
 garbage-first heap   total 77824K, used 38786K [0x0000000084c00000, 0x0000000100000000)
  region size 1024K, 1 young (1024K), 1 survivors (1024K)
 Metaspace       used 35710K, committed 36160K, reserved 1114112K
  class space    used 4237K, committed 4480K, reserved 1048576K
}
Event: 8.009 GC heap before
{Heap before GC invocations=9 (full 0):
 garbage-first heap   total 159744K, used 157570K [0x0000000084c00000, 0x0000000100000000)
  region size 1024K, 20 young (20480K), 1 survivors (1024K)
 Metaspace       used 41755K, committed 42240K, reserved 1114112K
  class space    used 5256K, committed 5504K, reserved 1048576K
}
Event: 8.012 GC heap after
{Heap after GC invocations=10 (full 0):
 garbage-first heap   total 195584K, used 140872K [0x0000000084c00000, 0x0000000100000000)
  region size 1024K, 3 young (3072K), 3 survivors (3072K)
 Metaspace       used 41755K, committed 42240K, reserved 1114112K
  class space    used 5256K, committed 5504K, reserved 1048576K
}

