# JRE version: OpenJDK Runtime Environment (21.0.2+13) (build 21.0.2+13-Ubuntu-122.04.1)
# Java VM: OpenJDK 64-Bit Server VM (21.0.2+13-Ubuntu-122.04.1, mixed mode, sharing, tiered, compressed oops, compressed class ptrs, g1 gc, linux-amd64)
Heap:
 garbage-first heap   total 418816K, used 335702K [0x0000000084c00000, 0x0000000100000000)
  region size 1024K, 6 young (6144K), 2 survivors (2048K)
 Metaspace       used 44589K, committed 45248K, reserved 1114112K
  class space    used 5514K, committed 5824K, reserved 1048576K
GC Heap History (20 events):
Event: 1.186 GC heap before
{Heap before GC invocations=0 (full 0):
 garbage-first heap   total 129024K, used 23581K [0x0000000084c00000, 0x0000000100000000)
  region size 1024K, 23 young (23552K), 0 survivors (0K)
 Metaspace       used 5986K, committed 6144K, reserved 1114112K
  class space    used 690K, committed 768K, reserved 1048576K
}
Event: 1.189 GC heap after
{Heap after GC invocations=1 (full 0):
 garbage-first heap   total 129024K, used 4319K [0x0000000084c00000, 0x0000000100000000)
  region size 1024K, 3 young (3072K), 3 survivors (3072K)
 Metaspace       used 5986K, committed 6144K, reserved 1114112K
  class space    used 690K, committed 768K, reserved 1048576K
}
Event: 3.443 GC heap before
{Heap before GC invocations=1 (full 0):
 garbage-first heap   total 129024K, used 53471K [0x0000000084c00000, 0x0000000100000000)
  region size 1024K, 51 young (52224K), 3 survivors (3072K)
 Metaspace       used 15484K, committed 15744K, reserved 1114112K
  class space    used 1802K, committed 1920K, reserved 1048576K
}
Event: 3.449 GC heap after
{Heap after GC invocations=2 (full 0):
 garbage-first heap   total 129024K, used 8394K [0x0000000084c00000, 0x0000000100000000)
  region size 1024K, 7 young (7168K), 7 survivors (7168K)
 Metaspace       used 15484K, committed 15744K, reserved 1114112K
  class space    used 1802K, committed 1920K, reserved 1048576K
}
Event: 3.985 GC heap before
{Heap before GC invocations=2 (full 0):
 garbage-first heap   total 129024K, used 77002K [0x0000000084c00000, 0x0000000100000000)
  region size 1024K, 74 young (75776K), 7 survivors (7168K)
 Metaspace       used 17739K, committed 18048K, reserved 1114112K
  class space    used 1986K, committed 2112K, reserved 1048576K
}
Event: 3.993 GC heap after
{Heap after GC invocations=3 (full 0):
 garbage-first heap   total 129024K, used 13341K [0x0000000084c00000, 0x0000000100000000)
  region size 1024K, 9 young (9216K), 9 survivors (9216K)
 Metaspace       used 17739K, committed 18048K, reserved 1114112K
  class space    used 1986K, committed 2112K, reserved 1048576K
}
Event: 4.121 GC heap before
{Heap before GC invocations=3 (full 0):
 garbage-first heap   total 129024K, used 29725K [0x0000000084c00000, 0x0000000100000000)
  region size 1024K, 26 young (26624K), 9 survivors (9216K)
 Metaspace       used 21237K, committed 21504K, reserved 1114112K
  class space    used 2413K, committed 2560K, reserved 1048576K
}
Event: 4.126 GC heap after
{Heap after GC invocations=4 (full 0):
 garbage-first heap   total 129024K, used 14757K [0x0000000084c00000, 0x0000000100000000)
  region size 1024K, 7 young (7168K), 7 survivors (7168K)
 Metaspace       used 21237K, committed 21504K, reserved 1114112K
  class space    used 2413K, committed 2560K, reserved 1048576K
}
Event: 4.494 GC heap before
{Heap before GC invocations=5 (full 0):
 garbage-first heap   total 58368K, used 56741K [0x0000000084c00000, 0x0000000100000000)
  region size 1024K, 47 young (48128K), 7 survivors (7168K)
 Metaspace       used 27678K, committed 28032K, reserved 1114112K
  class space    used 3105K, committed 3264K, reserved 1048576K
}
Event: 4.506 GC heap after
{Heap after GC invocations=6 (full 0):
 garbage-first heap   total 74752K, used 24801K [0x0000000084c00000, 0x0000000100000000)
  region size 1024K, 10 young (10240K), 10 survivors (10240K)
 Metaspace       used 27678K, committed 28032K, reserved 1114112K
  class space    used 3105K, committed 3264K, reserved 1048576K
}
Event: 5.138 GC heap before
{Heap before GC invocations=6 (full 0):
 garbage-first heap   total 74752K, used 56545K [0x0000000084c00000, 0x0000000100000000)
  region size 1024K, 42 young (43008K), 10 survivors (10240K)
 Metaspace       used 32154K, committed 32640K, reserved 1114112K
  class space    used 3610K, committed 3840K, reserved 1048576K
}
Event: 5.144 GC heap after
{Heap after GC invocations=7 (full 0):
 garbage-first heap   total 74752K, used 28824K [0x0000000084c00000, 0x0000000100000000)
  region size 1024K, 4 young (4096K), 4 survivors (4096K)
 Metaspace       used 32154K, committed 32640K, reserved 1114112K
  class space    used 3610K, committed 3840K, reserved 1048576K
}
Event: 5.250 GC heap before
{Heap before GC invocations=7 (full 0):
 garbage-first heap   total 74752K, used 45208K [0x0000000084c00000, 0x0000000100000000)
  region size 1024K, 14 young (14336K), 4 survivors (4096K)
 Metaspace       used 35687K, committed 36160K, reserved 1114112K
  class space    used 4183K, committed 4416K, reserved 1048576K
}
Event: 5.253 GC heap after
{Heap after GC invocations=8 (full 0):
 garbage-first heap   total 74752K, used 38791K [0x0000000084c00000, 0x0000000100000000)
  region size 1024K, 2 young (2048K), 2 survivors (2048K)
 Metaspace       used 35687K, committed 36160K, reserved 1114112K
  class space    used 4183K, committed 4416K, reserved 1048576K
}
Event: 8.905 GC heap before
{Heap before GC invocations=9 (full 0):
 garbage-first heap   total 201728K, used 200583K [0x0000000084c00000, 0x0000000100000000)
  region size 1024K, 25 young (25600K), 2 survivors (2048K)
 Metaspace       used 42594K, committed 43136K, reserved 1114112K
  class space    used 5451K, committed 5696K, reserved 1048576K
}
Event: 8.909 GC heap after
{Heap after GC invocations=10 (full 0):
 garbage-first heap   total 249856K, used 146674K [0x0000000084c00000, 0x0000000100000000)
  region size 1024K, 4 young (4096K), 4 survivors (4096K)
 Metaspace       used 42594K, committed 43136K, reserved 1114112K
  class space    used 5451K, committed 5696K, reserved 1048576K
}
Event: 50.768 GC heap before
{Heap before GC invocations=10 (full 0):
 garbage-first heap   total 305152K, used 304370K [0x0000000084c00000, 0x0000000100000000)
  region size 1024K, 38 young (38912K), 4 survivors (4096K)
 Metaspace       used 44306K, committed 44928K, reserved 1114112K
  class space    used 5507K, committed 5824K, reserved 1048576K
}
Event: 50.773 GC heap after
{Heap after GC invocations=11 (full 0):
 garbage-first heap   total 315392K, used 239542K [0x0000000084c00000, 0x0000000100000000)
  region size 1024K, 9 young (9216K), 9 survivors (9216K)
 Metaspace       used 44306K, committed 44928K, reserved 1114112K
  class space    used 5507K, committed 5824K, reserved 1048576K
}
Event: 156.967 GC heap before
{Heap before GC invocations=11 (full 0):
 garbage-first heap   total 315392K, used 255926K [0x0000000084c00000, 0x0000000100000000)
  region size 1024K, 26 young (26624K), 9 survivors (9216K)
 Metaspace       used 44540K, committed 45120K, reserved 1114112K
  class space    used 5509K, committed 5824K, reserved 1048576K
}
Event: 156.972 GC heap after
{Heap after GC invocations=12 (full 0):
 garbage-first heap   total 315392K, used 240470K [0x0000000084c00000, 0x0000000100000000)
  region size 1024K, 2 young (2048K), 2 survivors (2048K)
 Metaspace       used 44540K, committed 45120K, reserved 1114112K
  class space    used 5509K, committed 5824K, reserved 1048576K
}

