# JRE version: OpenJDK Runtime Environment (21.0.2+13) (build 21.0.2+13-Ubuntu-122.04.1)
# Java VM: OpenJDK 64-Bit Server VM (21.0.2+13-Ubuntu-122.04.1, mixed mode, sharing, tiered, compressed oops, compressed class ptrs, g1 gc, linux-amd64)
Heap:
 garbage-first heap   total 434176K, used 283491K [0x0000000084c00000, 0x0000000100000000)
  region size 1024K, 21 young (21504K), 3 survivors (3072K)
 Metaspace       used 44348K, committed 44928K, reserved 1114112K
  class space    used 5507K, committed 5824K, reserved 1048576K
GC Heap History (20 events):
Event: 1.141 GC heap before
{Heap before GC invocations=0 (full 0):
 garbage-first heap   total 129024K, used 23581K [0x0000000084c00000, 0x0000000100000000)
  region size 1024K, 23 young (23552K), 0 survivors (0K)
 Metaspace       used 5987K, committed 6144K, reserved 1114112K
  class space    used 690K, committed 768K, reserved 1048576K
}
Event: 1.144 GC heap after
{Heap after GC invocations=1 (full 0):
 garbage-first heap   total 129024K, used 4369K [0x0000000084c00000, 0x0000000100000000)
  region size 1024K, 3 young (3072K), 3 survivors (3072K)
 Metaspace       used 5987K, committed 6144K, reserved 1114112K
  class space    used 690K, committed 768K, reserved 1048576K
}
Event: 3.437 GC heap before
{Heap before GC invocations=1 (full 0):
 garbage-first heap   total 129024K, used 53521K [0x0000000084c00000, 0x0000000100000000)
  region size 1024K, 51 young (52224K), 3 survivors (3072K)
 Metaspace       used 15555K, committed 15808K, reserved 1114112K
  class space    used 1816K, committed 1920K, reserved 1048576K
}
Event: 3.443 GC heap after
{Heap after GC invocations=2 (full 0):
 garbage-first heap   total 129024K, used 8450K [0x0000000084c00000, 0x0000000100000000)
  region size 1024K, 7 young (7168K), 7 survivors (7168K)
 Metaspace       used 15555K, committed 15808K, reserved 1114112K
  class space    used 1816K, committed 1920K, reserved 1048576K
}
Event: 3.957 GC heap before
{Heap before GC invocations=2 (full 0):
 garbage-first heap   total 129024K, used 77058K [0x0000000084c00000, 0x0000000100000000)
  region size 1024K, 74 young (75776K), 7 survivors (7168K)
 Metaspace       used 17747K, committed 18048K, reserved 1114112K
  class space    used 1986K, committed 2112K, reserved 1048576K
}
Event: 3.964 GC heap after
{Heap after GC invocations=3 (full 0):
 garbage-first heap   total 129024K, used 13404K [0x0000000084c00000, 0x0000000100000000)
  region size 1024K, 9 young (9216K), 9 survivors (9216K)
 Metaspace       used 17747K, committed 18048K, reserved 1114112K
  class space    used 1986K, committed 2112K, reserved 1048576K
}
Event: 4.094 GC heap before
{Heap before GC invocations=3 (full 0):
 garbage-first heap   total 129024K, used 30812K [0x0000000084c00000, 0x0000000100000000)
  region size 1024K, 27 young (27648K), 9 survivors (9216K)
 Metaspace       used 21229K, committed 21504K, reserved 1114112K
  class space    used 2413K, committed 2560K, reserved 1048576K
}
Event: 4.100 GC heap after
{Heap after GC invocations=4 (full 0):
 garbage-first heap   total 129024K, used 15159K [0x0000000084c00000, 0x0000000100000000)
  region size 1024K, 7 young (7168K), 7 survivors (7168K)
 Metaspace       used 21229K, committed 21504K, reserved 1114112K
  class space    used 2413K, committed 2560K, reserved 1048576K
}
Event: 4.559 GC heap before
{Heap before GC invocations=5 (full 0):
 garbage-first heap   total 61440K, used 59191K [0x0000000084c00000, 0x0000000100000000)
  region size 1024K, 49 young (50176K), 7 survivors (7168K)
 Metaspace       used 28382K, committed 28736K, reserved 1114112K
  class space    used 3171K, committed 3328K, reserved 1048576K
}
Event: 4.570 GC heap after
{Heap after GC invocations=6 (full 0):
 garbage-first heap   total 77824K, used 25207K [0x0000000084c00000, 0x0000000100000000)
  region size 1024K, 10 young (10240K), 10 survivors (10240K)
 Metaspace       used 28382K, committed 28736K, reserved 1114112K
  class space    used 3171K, committed 3328K, reserved 1048576K
}
Event: 5.176 GC heap before
{Heap before GC invocations=6 (full 0):
 garbage-first heap   total 77824K, used 58999K [0x0000000084c00000, 0x0000000100000000)
  region size 1024K, 44 young (45056K), 10 survivors (10240K)
 Metaspace       used 34481K, committed 35008K, reserved 1114112K
  class space    used 3956K, committed 4224K, reserved 1048576K
}
Event: 5.182 GC heap after
{Heap after GC invocations=7 (full 0):
 garbage-first heap   total 77824K, used 29099K [0x0000000084c00000, 0x0000000100000000)
  region size 1024K, 4 young (4096K), 4 survivors (4096K)
 Metaspace       used 34481K, committed 35008K, reserved 1114112K
  class space    used 3956K, committed 4224K, reserved 1048576K
}
Event: 5.269 GC heap before
{Heap before GC invocations=7 (full 0):
 garbage-first heap   total 77824K, used 42411K [0x0000000084c00000, 0x0000000100000000)
  region size 1024K, 10 young (10240K), 4 survivors (4096K)
 Metaspace       used 35693K, committed 36160K, reserved 1114112K
  class space    used 4186K, committed 4416K, reserved 1048576K
}
Event: 5.271 GC heap after
{Heap after GC invocations=8 (full 0):
 garbage-first heap   total 77824K, used 38886K [0x0000000084c00000, 0x0000000100000000)
  region size 1024K, 2 young (2048K), 2 survivors (2048K)
 Metaspace       used 35693K, committed 36160K, reserved 1114112K
  class space    used 4186K, committed 4416K, reserved 1048576K
}
Event: 7.290 GC heap before
{Heap before GC invocations=9 (full 0):
 garbage-first heap   total 159744K, used 157670K [0x0000000084c00000, 0x0000000100000000)
  region size 1024K, 21 young (21504K), 2 survivors (2048K)
 Metaspace       used 41813K, committed 42304K, reserved 1114112K
  class space    used 5332K, committed 5568K, reserved 1048576K
}
Event: 7.293 GC heap after
{Heap after GC invocations=10 (full 0):
 garbage-first heap   total 204800K, used 133143K [0x0000000084c00000, 0x0000000100000000)
  region size 1024K, 4 young (4096K), 4 survivors (4096K)
 Metaspace       used 41813K, committed 42304K, reserved 1114112K
  class space    used 5332K, committed 5568K, reserved 1048576K
}
Event: 41.461 GC heap before
{Heap before GC invocations=10 (full 0):
 garbage-first heap   total 288768K, used 286743K [0x0000000084c00000, 0x0000000100000000)
  region size 1024K, 23 young (23552K), 4 survivors (4096K)
 Metaspace       used 44027K, committed 44544K, reserved 1114112K
  class space    used 5501K, committed 5760K, reserved 1048576K
}
Event: 41.466 GC heap after
{Heap after GC invocations=11 (full 0):
 garbage-first heap   total 296960K, used 237074K [0x0000000084c00000, 0x0000000100000000)
  region size 1024K, 7 young (7168K), 7 survivors (7168K)
 Metaspace       used 44027K, committed 44544K, reserved 1114112K
  class space    used 5501K, committed 5760K, reserved 1048576K
}
Event: 41.532 GC heap before
{Heap before GC invocations=11 (full 0):
 garbage-first heap   total 296960K, used 240146K [0x0000000084c00000, 0x0000000100000000)
  region size 1024K, 11 young (11264K), 7 survivors (7168K)
 Metaspace       used 44078K, committed 44608K, reserved 1114112K
  class space    used 5501K, committed 5760K, reserved 1048576K
}
Event: 41.537 GC heap after
{Heap after GC invocations=12 (full 0):
 garbage-first heap   total 296960K, used 239459K [0x0000000084c00000, 0x0000000100000000)
  region size 1024K, 3 young (3072K), 3 survivors (3072K)
 Metaspace       used 44078K, committed 44608K, reserved 1114112K
  class space    used 5501K, committed 5760K, reserved 1048576K
}

