# JRE version: OpenJDK Runtime Environment (21.0.2+13) (build 21.0.2+13-Ubuntu-122.04.1)
# Java VM: OpenJDK 64-Bit Server VM (21.0.2+13-Ubuntu-122.04.1, mixed mode, sharing, tiered, compressed oops, compressed class ptrs, g1 gc, linux-amd64)
Heap:
 garbage-first heap   total 263168K, used 242954K [0x0000000084c00000, 0x0000000100000000)
  region size 1024K, 29 young (29696K), 4 survivors (4096K)
 Metaspace       used 43735K, committed 44352K, reserved 1114112K
  class space    used 5336K, committed 5632K, reserved 1048576K
GC Heap History (16 events):
Event: 1.157 GC heap before
{Heap before GC invocations=0 (full 0):
 garbage-first heap   total 129024K, used 23581K [0x0000000084c00000, 0x0000000100000000)
  region size 1024K, 23 young (23552K), 0 survivors (0K)
 Metaspace       used 5983K, committed 6144K, reserved 1114112K
  class space    used 690K, committed 768K, reserved 1048576K
}
Event: 1.160 GC heap after
{Heap after GC invocations=1 (full 0):
 garbage-first heap   total 129024K, used 4264K [0x0000000084c00000, 0x0000000100000000)
  region size 1024K, 3 young (3072K), 3 survivors (3072K)
 Metaspace       used 5983K, committed 6144K, reserved 1114112K
  class space    used 690K, committed 768K, reserved 1048576K
}
Event: 3.348 GC heap before
{Heap before GC invocations=1 (full 0):
 garbage-first heap   total 129024K, used 53416K [0x0000000084c00000, 0x0000000100000000)
  region size 1024K, 51 young (52224K), 3 survivors (3072K)
 Metaspace       used 15516K, committed 15808K, reserved 1114112K
  class space    used 1806K, committed 1920K, reserved 1048576K
}
Event: 3.354 GC heap after
{Heap after GC invocations=2 (full 0):
 garbage-first heap   total 129024K, used 8360K [0x0000000084c00000, 0x0000000100000000)
  region size 1024K, 7 young (7168K), 7 survivors (7168K)
 Metaspace       used 15516K, committed 15808K, reserved 1114112K
  class space    used 1806K, committed 1920K, reserved 1048576K
}
Event: 3.882 GC heap before
{Heap before GC invocations=2 (full 0):
 garbage-first heap   total 129024K, used 76968K [0x0000000084c00000, 0x0000000100000000)
  region size 1024K, 74 young (75776K), 7 survivors (7168K)
 Metaspace       used 17746K, committed 18048K, reserved 1114112K
  class space    used 1986K, committed 2112K, reserved 1048576K
}
Event: 3.890 GC heap after
{Heap after GC invocations=3 (full 0):
 garbage-first heap   total 129024K, used 13373K [0x0000000084c00000, 0x0000000100000000)
  region size 1024K, 9 young (9216K), 9 survivors (9216K)
 Metaspace       used 17746K, committed 18048K, reserved 1114112K
  class space    used 1986K, committed 2112K, reserved 1048576K
}
Event: 4.029 GC heap before
{Heap before GC invocations=3 (full 0):
 garbage-first heap   total 129024K, used 28733K [0x0000000084c00000, 0x0000000100000000)
  region size 1024K, 25 young (25600K), 9 survivors (9216K)
 Metaspace       used 21229K, committed 21504K, reserved 1114112K
  class space    used 2414K, committed 2560K, reserved 1048576K
}
Event: 4.033 GC heap after
{Heap after GC invocations=4 (full 0):
 garbage-first heap   total 129024K, used 14780K [0x0000000084c00000, 0x0000000100000000)
  region size 1024K, 7 young (7168K), 7 survivors (7168K)
 Metaspace       used 21229K, committed 21504K, reserved 1114112K
  class space    used 2414K, committed 2560K, reserved 1048576K
}
Event: 4.482 GC heap before
{Heap before GC invocations=5 (full 0):
 garbage-first heap   total 58368K, used 56764K [0x0000000084c00000, 0x0000000100000000)
  region size 1024K, 47 young (48128K), 7 survivors (7168K)
 Metaspace       used 27926K, committed 28288K, reserved 1114112K
  class space    used 3122K, committed 3264K, reserved 1048576K
}
Event: 4.493 GC heap after
{Heap after GC invocations=6 (full 0):
 garbage-first heap   total 73728K, used 24508K [0x0000000084c00000, 0x0000000100000000)
  region size 1024K, 10 young (10240K), 10 survivors (10240K)
 Metaspace       used 27926K, committed 28288K, reserved 1114112K
  class space    used 3122K, committed 3264K, reserved 1048576K
}
Event: 5.128 GC heap before
{Heap before GC invocations=6 (full 0):
 garbage-first heap   total 73728K, used 56252K [0x0000000084c00000, 0x0000000100000000)
  region size 1024K, 42 young (43008K), 10 survivors (10240K)
 Metaspace       used 33527K, committed 33984K, reserved 1114112K
  class space    used 3832K, committed 4032K, reserved 1048576K
}
Event: 5.134 GC heap after
{Heap after GC invocations=7 (full 0):
 garbage-first heap   total 73728K, used 28300K [0x0000000084c00000, 0x0000000100000000)
  region size 1024K, 4 young (4096K), 4 survivors (4096K)
 Metaspace       used 33527K, committed 33984K, reserved 1114112K
  class space    used 3832K, committed 4032K, reserved 1048576K
}
Event: 5.267 GC heap before
{Heap before GC invocations=7 (full 0):
 garbage-first heap   total 73728K, used 43660K [0x0000000084c00000, 0x0000000100000000)
  region size 1024K, 12 young (12288K), 4 survivors (4096K)
 Metaspace       used 35855K, committed 36288K, reserved 1114112K
  class space    used 4260K, committed 4480K, reserved 1048576K
}
Event: 5.269 GC heap after
{Heap after GC invocations=8 (full 0):
 garbage-first heap   total 73728K, used 38131K [0x0000000084c00000, 0x0000000100000000)
  region size 1024K, 2 young (2048K), 2 survivors (2048K)
 Metaspace       used 35855K, committed 36288K, reserved 1114112K
  class space    used 4260K, committed 4480K, reserved 1048576K
}
Event: 26.297 GC heap before
{Heap before GC invocations=9 (full 0):
 garbage-first heap   total 212992K, used 211187K [0x0000000084c00000, 0x0000000100000000)
  region size 1024K, 26 young (26624K), 2 survivors (2048K)
 Metaspace       used 42615K, committed 43136K, reserved 1114112K
  class space    used 5324K, committed 5568K, reserved 1048576K
}
Event: 26.301 GC heap after
{Heap after GC invocations=10 (full 0):
 garbage-first heap   total 263168K, used 173322K [0x0000000084c00000, 0x0000000100000000)
  region size 1024K, 4 young (4096K), 4 survivors (4096K)
 Metaspace       used 42615K, committed 43136K, reserved 1114112K
  class space    used 5324K, committed 5568K, reserved 1048576K
}

