# JRE version: OpenJDK Runtime Environment (21.0.2+13) (build 21.0.2+13-Ubuntu-122.04.1)
# Java VM: OpenJDK 64-Bit Server VM (21.0.2+13-Ubuntu-122.04.1, mixed mode, sharing, tiered, compressed oops, compressed class ptrs, g1 gc, linux-amd64)
Heap:
 garbage-first heap   total 272384K, used 236134K [0x0000000084c00000, 0x0000000100000000)
  region size 1024K, 24 young (24576K), 4 survivors (4096K)
 Metaspace       used 43764K, committed 44352K, reserved 1114112K
  class space    used 5352K, committed 5632K, reserved 1048576K
GC Heap History (16 events):
Event: 1.182 GC heap before
{Heap before GC invocations=0 (full 0):
 garbage-first heap   total 129024K, used 23581K [0x0000000084c00000, 0x0000000100000000)
  region size 1024K, 23 young (23552K), 0 survivors (0K)
 Metaspace       used 5987K, committed 6144K, reserved 1114112K
  class space    used 690K, committed 768K, reserved 1048576K
}
Event: 1.185 GC heap after
{Heap after GC invocations=1 (full 0):
 garbage-first heap   total 129024K, used 4288K [0x0000000084c00000, 0x0000000100000000)
  region size 1024K, 3 young (3072K), 3 survivors (3072K)
 Metaspace       used 5987K, committed 6144K, reserved 1114112K
  class space    used 690K, committed 768K, reserved 1048576K
}
Event: 3.481 GC heap before
{Heap before GC invocations=1 (full 0):
 garbage-first heap   total 129024K, used 53440K [0x0000000084c00000, 0x0000000100000000)
  region size 1024K, 51 young (52224K), 3 survivors (3072K)
 Metaspace       used 15559K, committed 15808K, reserved 1114112K
  class space    used 1816K, committed 1920K, reserved 1048576K
}
Event: 3.488 GC heap after
{Heap after GC invocations=2 (full 0):
 garbage-first heap   total 129024K, used 8376K [0x0000000084c00000, 0x0000000100000000)
  region size 1024K, 7 young (7168K), 7 survivors (7168K)
 Metaspace       used 15559K, committed 15808K, reserved 1114112K
  class space    used 1816K, committed 1920K, reserved 1048576K
}
Event: 4.022 GC heap before
{Heap before GC invocations=2 (full 0):
 garbage-first heap   total 129024K, used 76984K [0x0000000084c00000, 0x0000000100000000)
  region size 1024K, 74 young (75776K), 7 survivors (7168K)
 Metaspace       used 17753K, committed 18048K, reserved 1114112K
  class space    used 1986K, committed 2112K, reserved 1048576K
}
Event: 4.030 GC heap after
{Heap after GC invocations=3 (full 0):
 garbage-first heap   total 129024K, used 13743K [0x0000000084c00000, 0x0000000100000000)
  region size 1024K, 10 young (10240K), 10 survivors (10240K)
 Metaspace       used 17753K, committed 18048K, reserved 1114112K
  class space    used 1986K, committed 2112K, reserved 1048576K
}
Event: 4.167 GC heap before
{Heap before GC invocations=3 (full 0):
 garbage-first heap   total 129024K, used 31151K [0x0000000084c00000, 0x0000000100000000)
  region size 1024K, 28 young (28672K), 10 survivors (10240K)
 Metaspace       used 21228K, committed 21504K, reserved 1114112K
  class space    used 2413K, committed 2560K, reserved 1048576K
}
Event: 4.171 GC heap after
{Heap after GC invocations=4 (full 0):
 garbage-first heap   total 129024K, used 15250K [0x0000000084c00000, 0x0000000100000000)
  region size 1024K, 7 young (7168K), 7 survivors (7168K)
 Metaspace       used 21228K, committed 21504K, reserved 1114112K
  class space    used 2413K, committed 2560K, reserved 1048576K
}
Event: 4.551 GC heap before
{Heap before GC invocations=5 (full 0):
 garbage-first heap   total 58368K, used 57234K [0x0000000084c00000, 0x0000000100000000)
  region size 1024K, 47 young (48128K), 7 survivors (7168K)
 Metaspace       used 27560K, committed 27968K, reserved 1114112K
  class space    used 3086K, committed 3264K, reserved 1048576K
}
Event: 4.562 GC heap after
{Heap after GC invocations=6 (full 0):
 garbage-first heap   total 73728K, used 24466K [0x0000000084c00000, 0x0000000100000000)
  region size 1024K, 10 young (10240K), 10 survivors (10240K)
 Metaspace       used 27560K, committed 27968K, reserved 1114112K
  class space    used 3086K, committed 3264K, reserved 1048576K
}
Event: 5.185 GC heap before
{Heap before GC invocations=6 (full 0):
 garbage-first heap   total 73728K, used 57234K [0x0000000084c00000, 0x0000000100000000)
  region size 1024K, 42 young (43008K), 10 survivors (10240K)
 Metaspace       used 33388K, committed 33856K, reserved 1114112K
  class space    used 3822K, committed 4032K, reserved 1048576K
}
Event: 5.191 GC heap after
{Heap after GC invocations=7 (full 0):
 garbage-first heap   total 73728K, used 27610K [0x0000000084c00000, 0x0000000100000000)
  region size 1024K, 4 young (4096K), 4 survivors (4096K)
 Metaspace       used 33388K, committed 33856K, reserved 1114112K
  class space    used 3822K, committed 4032K, reserved 1048576K
}
Event: 5.315 GC heap before
{Heap before GC invocations=7 (full 0):
 garbage-first heap   total 73728K, used 42970K [0x0000000084c00000, 0x0000000100000000)
  region size 1024K, 12 young (12288K), 4 survivors (4096K)
 Metaspace       used 35707K, committed 36160K, reserved 1114112K
  class space    used 4237K, committed 4480K, reserved 1048576K
}
Event: 5.318 GC heap after
{Heap after GC invocations=8 (full 0):
 garbage-first heap   total 73728K, used 37847K [0x0000000084c00000, 0x0000000100000000)
  region size 1024K, 2 young (2048K), 2 survivors (2048K)
 Metaspace       used 35707K, committed 36160K, reserved 1114112K
  class space    used 4237K, committed 4480K, reserved 1048576K
}
Event: 11.371 GC heap before
{Heap before GC invocations=9 (full 0):
 garbage-first heap   total 221184K, used 219095K [0x0000000084c00000, 0x0000000100000000)
  region size 1024K, 26 young (26624K), 2 survivors (2048K)
 Metaspace       used 42521K, committed 43008K, reserved 1114112K
  class space    used 5335K, committed 5568K, reserved 1048576K
}
Event: 11.375 GC heap after
{Heap after GC invocations=10 (full 0):
 garbage-first heap   total 272384K, used 180838K [0x0000000084c00000, 0x0000000100000000)
  region size 1024K, 4 young (4096K), 4 survivors (4096K)
 Metaspace       used 42521K, committed 43008K, reserved 1114112K
  class space    used 5335K, committed 5568K, reserved 1048576K
}

