# JRE version: OpenJDK Runtime Environment (21.0.2+13) (build 21.0.2+13-Ubuntu-122.04.1)
# Java VM: OpenJDK 64-Bit Server VM (21.0.2+13-Ubuntu-122.04.1, mixed mode, sharing, tiered, compressed oops, compressed class ptrs, g1 gc, linux-amd64)
Heap:
 garbage-first heap   total 343040K, used 302552K [0x0000000084c00000, 0x0000000100000000)
  region size 1024K, 11 young (11264K), 8 survivors (8192K)
 Metaspace       used 44279K, committed 44864K, reserved 1114112K
  class space    used 5507K, committed 5760K, reserved 1048576K
GC Heap History (18 events):
Event: 1.147 GC heap before
{Heap before GC invocations=0 (full 0):
 garbage-first heap   total 129024K, used 23581K [0x0000000084c00000, 0x0000000100000000)
  region size 1024K, 23 young (23552K), 0 survivors (0K)
 Metaspace       used 5986K, committed 6144K, reserved 1114112K
  class space    used 690K, committed 768K, reserved 1048576K
}
Event: 1.149 GC heap after
{Heap after GC invocations=1 (full 0):
 garbage-first heap   total 129024K, used 4314K [0x0000000084c00000, 0x0000000100000000)
  region size 1024K, 3 young (3072K), 3 survivors (3072K)
 Metaspace       used 5986K, committed 6144K, reserved 1114112K
  class space    used 690K, committed 768K, reserved 1048576K
}
Event: 3.450 GC heap before
{Heap before GC invocations=1 (full 0):
 garbage-first heap   total 129024K, used 53466K [0x0000000084c00000, 0x0000000100000000)
  region size 1024K, 51 young (52224K), 3 survivors (3072K)
 Metaspace       used 15509K, committed 15744K, reserved 1114112K
  class space    used 1806K, committed 1920K, reserved 1048576K
}
Event: 3.456 GC heap after
{Heap after GC invocations=2 (full 0):
 garbage-first heap   total 129024K, used 8398K [0x0000000084c00000, 0x0000000100000000)
  region size 1024K, 7 young (7168K), 7 survivors (7168K)
 Metaspace       used 15509K, committed 15744K, reserved 1114112K
  class space    used 1806K, committed 1920K, reserved 1048576K
}
Event: 3.995 GC heap before
{Heap before GC invocations=2 (full 0):
 garbage-first heap   total 129024K, used 77006K [0x0000000084c00000, 0x0000000100000000)
  region size 1024K, 74 young (75776K), 7 survivors (7168K)
 Metaspace       used 17738K, committed 18048K, reserved 1114112K
  class space    used 1986K, committed 2112K, reserved 1048576K
}
Event: 4.003 GC heap after
{Heap after GC invocations=3 (full 0):
 garbage-first heap   total 129024K, used 13305K [0x0000000084c00000, 0x0000000100000000)
  region size 1024K, 9 young (9216K), 9 survivors (9216K)
 Metaspace       used 17738K, committed 18048K, reserved 1114112K
  class space    used 1986K, committed 2112K, reserved 1048576K
}
Event: 4.133 GC heap before
{Heap before GC invocations=3 (full 0):
 garbage-first heap   total 129024K, used 29689K [0x0000000084c00000, 0x0000000100000000)
  region size 1024K, 26 young (26624K), 9 survivors (9216K)
 Metaspace       used 21209K, committed 21504K, reserved 1114112K
  class space    used 2413K, committed 2560K, reserved 1048576K
}
Event: 4.139 GC heap after
{Heap after GC invocations=4 (full 0):
 garbage-first heap   total 129024K, used 14776K [0x0000000084c00000, 0x0000000100000000)
  region size 1024K, 7 young (7168K), 7 survivors (7168K)
 Metaspace       used 21209K, committed 21504K, reserved 1114112K
  class space    used 2413K, committed 2560K, reserved 1048576K
}
Event: 4.547 GC heap before
{Heap before GC invocations=5 (full 0):
 garbage-first heap   total 58368K, used 56760K [0x0000000084c00000, 0x0000000100000000)
  region size 1024K, 47 young (48128K), 7 survivors (7168K)
 Metaspace       used 27703K, committed 28032K, reserved 1114112K
  class space    used 3108K, committed 3264K, reserved 1048576K
}
Event: 4.558 GC heap after
{Heap after GC invocations=6 (full 0):
 garbage-first heap   total 74752K, used 24825K [0x0000000084c00000, 0x0000000100000000)
  region size 1024K, 10 young (10240K), 10 survivors (10240K)
 Metaspace       used 27703K, committed 28032K, reserved 1114112K
  class space    used 3108K, committed 3264K, reserved 1048576K
}
Event: 5.253 GC heap before
{Heap before GC invocations=6 (full 0):
 garbage-first heap   total 74752K, used 56569K [0x0000000084c00000, 0x0000000100000000)
  region size 1024K, 42 young (43008K), 10 survivors (10240K)
 Metaspace       used 33283K, committed 33792K, reserved 1114112K
  class space    used 3784K, committed 4032K, reserved 1048576K
}
Event: 5.260 GC heap after
{Heap after GC invocations=7 (full 0):
 garbage-first heap   total 74752K, used 28404K [0x0000000084c00000, 0x0000000100000000)
  region size 1024K, 4 young (4096K), 4 survivors (4096K)
 Metaspace       used 33283K, committed 33792K, reserved 1114112K
  class space    used 3784K, committed 4032K, reserved 1048576K
}
Event: 5.362 GC heap before
{Heap before GC invocations=7 (full 0):
 garbage-first heap   total 74752K, used 42740K [0x0000000084c00000, 0x0000000100000000)
  region size 1024K, 12 young (12288K), 4 survivors (4096K)
 Metaspace       used 35660K, committed 36160K, reserved 1114112K
  class space    used 4178K, committed 4416K, reserved 1048576K
}
Event: 5.365 GC heap after
{Heap after GC invocations=8 (full 0):
 garbage-first heap   total 74752K, used 38328K [0x0000000084c00000, 0x0000000100000000)
  region size 1024K, 2 young (2048K), 2 survivors (2048K)
 Metaspace       used 35660K, committed 36160K, reserved 1114112K
  class space    used 4178K, committed 4416K, reserved 1048576K
}
Event: 9.787 GC heap before
{Heap before GC invocations=9 (full 0):
 garbage-first heap   total 232448K, used 230840K [0x0000000084c00000, 0x0000000100000000)
  region size 1024K, 27 young (27648K), 2 survivors (2048K)
 Metaspace       used 42822K, committed 43392K, reserved 1114112K
  class space    used 5475K, committed 5760K, reserved 1048576K
}
Event: 9.791 GC heap after
{Heap after GC invocations=10 (full 0):
 garbage-first heap   total 286720K, used 210719K [0x0000000084c00000, 0x0000000100000000)
  region size 1024K, 4 young (4096K), 4 survivors (4096K)
 Metaspace       used 42822K, committed 43392K, reserved 1114112K
  class space    used 5475K, committed 5760K, reserved 1048576K
}
Event: 55.097 GC heap before
{Heap before GC invocations=10 (full 0):
 garbage-first heap   total 333824K, used 332575K [0x0000000084c00000, 0x0000000100000000)
  region size 1024K, 32 young (32768K), 4 survivors (4096K)
 Metaspace       used 44261K, committed 44800K, reserved 1114112K
  class space    used 5506K, committed 5760K, reserved 1048576K
}
Event: 55.104 GC heap after
{Heap after GC invocations=11 (full 0):
 garbage-first heap   total 343040K, used 300504K [0x0000000084c00000, 0x0000000100000000)
  region size 1024K, 8 young (8192K), 8 survivors (8192K)
 Metaspace       used 44261K, committed 44800K, reserved 1114112K
  class space    used 5506K, committed 5760K, reserved 1048576K
}

