# JRE version: OpenJDK Runtime Environment (21.0.2+13) (build 21.0.2+13-Ubuntu-122.04.1)
# Java VM: OpenJDK 64-Bit Server VM (21.0.2+13-Ubuntu-122.04.1, mixed mode, sharing, tiered, compressed oops, compressed class ptrs, g1 gc, linux-amd64)
Heap:
 garbage-first heap   total 434176K, used 270369K [0x0000000084c00000, 0x0000000100000000)
  region size 1024K, 6 young (6144K), 1 survivors (1024K)
 Metaspace       used 44385K, committed 44928K, reserved 1114112K
  class space    used 5496K, committed 5760K, reserved 1048576K
GC Heap History (20 events):
Event: 3.389 GC heap before
{Heap before GC invocations=1 (full 0):
 garbage-first heap   total 129024K, used 53381K [0x0000000084c00000, 0x0000000100000000)
  region size 1024K, 51 young (52224K), 3 survivors (3072K)
 Metaspace       used 15498K, committed 15744K, reserved 1114112K
  class space    used 1802K, committed 1920K, reserved 1048576K
}
Event: 3.395 GC heap after
{Heap after GC invocations=2 (full 0):
 garbage-first heap   total 129024K, used 8325K [0x0000000084c00000, 0x0000000100000000)
  region size 1024K, 7 young (7168K), 7 survivors (7168K)
 Metaspace       used 15498K, committed 15744K, reserved 1114112K
  class space    used 1802K, committed 1920K, reserved 1048576K
}
Event: 3.965 GC heap before
{Heap before GC invocations=2 (full 0):
 garbage-first heap   total 129024K, used 76933K [0x0000000084c00000, 0x0000000100000000)
  region size 1024K, 74 young (75776K), 7 survivors (7168K)
 Metaspace       used 17746K, committed 18048K, reserved 1114112K
  class space    used 1986K, committed 2112K, reserved 1048576K
}
Event: 3.973 GC heap after
{Heap after GC invocations=3 (full 0):
 garbage-first heap   total 129024K, used 13390K [0x0000000084c00000, 0x0000000100000000)
  region size 1024K, 9 young (9216K), 9 survivors (9216K)
 Metaspace       used 17746K, committed 18048K, reserved 1114112K
  class space    used 1986K, committed 2112K, reserved 1048576K
}
Event: 4.113 GC heap before
{Heap before GC invocations=3 (full 0):
 garbage-first heap   total 129024K, used 31822K [0x0000000084c00000, 0x0000000100000000)
  region size 1024K, 28 young (28672K), 9 survivors (9216K)
 Metaspace       used 21229K, committed 21504K, reserved 1114112K
  class space    used 2413K, committed 2560K, reserved 1048576K
}
Event: 4.119 GC heap after
{Heap after GC invocations=4 (full 0):
 garbage-first heap   total 129024K, used 15579K [0x0000000084c00000, 0x0000000100000000)
  region size 1024K, 7 young (7168K), 7 survivors (7168K)
 Metaspace       used 21229K, committed 21504K, reserved 1114112K
  class space    used 2413K, committed 2560K, reserved 1048576K
}
Event: 4.585 GC heap before
{Heap before GC invocations=5 (full 0):
 garbage-first heap   total 61440K, used 59611K [0x0000000084c00000, 0x0000000100000000)
  region size 1024K, 49 young (50176K), 7 survivors (7168K)
 Metaspace       used 28307K, committed 28672K, reserved 1114112K
  class space    used 3154K, committed 3328K, reserved 1048576K
}
Event: 4.595 GC heap after
{Heap after GC invocations=6 (full 0):
 garbage-first heap   total 77824K, used 25113K [0x0000000084c00000, 0x0000000100000000)
  region size 1024K, 10 young (10240K), 10 survivors (10240K)
 Metaspace       used 28307K, committed 28672K, reserved 1114112K
  class space    used 3154K, committed 3328K, reserved 1048576K
}
Event: 5.202 GC heap before
{Heap before GC invocations=6 (full 0):
 garbage-first heap   total 77824K, used 58905K [0x0000000084c00000, 0x0000000100000000)
  region size 1024K, 44 young (45056K), 10 survivors (10240K)
 Metaspace       used 34498K, committed 35008K, reserved 1114112K
  class space    used 3956K, committed 4224K, reserved 1048576K
}
Event: 5.208 GC heap after
{Heap after GC invocations=7 (full 0):
 garbage-first heap   total 77824K, used 29296K [0x0000000084c00000, 0x0000000100000000)
  region size 1024K, 4 young (4096K), 4 survivors (4096K)
 Metaspace       used 34498K, committed 35008K, reserved 1114112K
  class space    used 3956K, committed 4224K, reserved 1048576K
}
Event: 5.304 GC heap before
{Heap before GC invocations=7 (full 0):
 garbage-first heap   total 77824K, used 42608K [0x0000000084c00000, 0x0000000100000000)
  region size 1024K, 10 young (10240K), 4 survivors (4096K)
 Metaspace       used 35799K, committed 36288K, reserved 1114112K
  class space    used 4213K, committed 4416K, reserved 1048576K
}
Event: 5.307 GC heap after
{Heap after GC invocations=8 (full 0):
 garbage-first heap   total 77824K, used 39101K [0x0000000084c00000, 0x0000000100000000)
  region size 1024K, 2 young (2048K), 2 survivors (2048K)
 Metaspace       used 35799K, committed 36288K, reserved 1114112K
  class space    used 4213K, committed 4416K, reserved 1048576K
}
Event: 7.306 GC heap before
{Heap before GC invocations=9 (full 0):
 garbage-first heap   total 149504K, used 146621K [0x0000000084c00000, 0x0000000100000000)
  region size 1024K, 20 young (20480K), 2 survivors (2048K)
 Metaspace       used 41686K, committed 42240K, reserved 1114112K
  class space    used 5294K, committed 5568K, reserved 1048576K
}
Event: 7.309 GC heap after
{Heap after GC invocations=10 (full 0):
 garbage-first heap   total 191488K, used 122926K [0x0000000084c00000, 0x0000000100000000)
  region size 1024K, 4 young (4096K), 4 survivors (4096K)
 Metaspace       used 41686K, committed 42240K, reserved 1114112K
  class space    used 5294K, committed 5568K, reserved 1048576K
}
Event: 30.401 GC heap before
{Heap before GC invocations=10 (full 0):
 garbage-first heap   total 295936K, used 292910K [0x0000000084c00000, 0x0000000100000000)
  region size 1024K, 29 young (29696K), 4 survivors (4096K)
 Metaspace       used 44049K, committed 44608K, reserved 1114112K
  class space    used 5490K, committed 5760K, reserved 1048576K
}
Event: 30.407 GC heap after
{Heap after GC invocations=11 (full 0):
 garbage-first heap   total 305152K, used 257577K [0x0000000084c00000, 0x0000000100000000)
  region size 1024K, 7 young (7168K), 7 survivors (7168K)
 Metaspace       used 44049K, committed 44608K, reserved 1114112K
  class space    used 5490K, committed 5760K, reserved 1048576K
}
Event: 30.450 GC heap before
{Heap before GC invocations=11 (full 0):
 garbage-first heap   total 305152K, used 257577K [0x0000000084c00000, 0x0000000100000000)
  region size 1024K, 8 young (8192K), 7 survivors (7168K)
 Metaspace       used 44091K, committed 44608K, reserved 1114112K
  class space    used 5490K, committed 5760K, reserved 1048576K
}
Event: 30.455 GC heap after
{Heap after GC invocations=12 (full 0):
 garbage-first heap   total 305152K, used 258385K [0x0000000084c00000, 0x0000000100000000)
  region size 1024K, 1 young (1024K), 1 survivors (1024K)
 Metaspace       used 44091K, committed 44608K, reserved 1114112K
  class space    used 5490K, committed 5760K, reserved 1048576K
}
Event: 140.680 GC heap before
{Heap before GC invocations=13 (full 0):
 garbage-first heap   total 434176K, used 289105K [0x0000000084c00000, 0x0000000100000000)
  region size 1024K, 23 young (23552K), 1 survivors (1024K)
 Metaspace       used 44325K, committed 44864K, reserved 1114112K
  class space    used 5495K, committed 5760K, reserved 1048576K
}
Event: 140.681 GC heap after
{Heap after GC invocations=14 (full 0):
 garbage-first heap   total 434176K, used 266273K [0x0000000084c00000, 0x0000000100000000)
  region size 1024K, 1 young (1024K), 1 survivors (1024K)
 Metaspace       used 44325K, committed 44864K, reserved 1114112K
  class space    used 5495K, committed 5760K, reserved 1048576K
}

