# JRE version: OpenJDK Runtime Environment (21.0.2+13) (build 21.0.2+13-Ubuntu-122.04.1)
# Java VM: OpenJDK 64-Bit Server VM (21.0.2+13-Ubuntu-122.04.1, mixed mode, sharing, tiered, compressed oops, compressed class ptrs, g1 gc, linux-amd64)
Heap:
 garbage-first heap   total 432128K, used 275302K [0x0000000084c00000, 0x0000000100000000)
  region size 1024K, 12 young (12288K), 2 survivors (2048K)
 Metaspace       used 44229K, committed 44800K, reserved 1114112K
  class space    used 5507K, committed 5760K, reserved 1048576K
GC Heap History (20 events):
Event: 1.037 GC heap before
{Heap before GC invocations=0 (full 0):
 garbage-first heap   total 129024K, used 23581K [0x0000000084c00000, 0x0000000100000000)
  region size 1024K, 23 young (23552K), 0 survivors (0K)
 Metaspace       used 5987K, committed 6144K, reserved 1114112K
  class space    used 690K, committed 768K, reserved 1048576K
}
Event: 1.039 GC heap after
{Heap after GC invocations=1 (full 0):
 garbage-first heap   total 129024K, used 4264K [0x0000000084c00000, 0x0000000100000000)
  region size 1024K, 3 young (3072K), 3 survivors (3072K)
 Metaspace       used 5987K, committed 6144K, reserved 1114112K
  class space    used 690K, committed 768K, reserved 1048576K
}
Event: 3.384 GC heap before
{Heap before GC invocations=1 (full 0):
 garbage-first heap   total 129024K, used 53416K [0x0000000084c00000, 0x0000000100000000)
  region size 1024K, 51 young (52224K), 3 survivors (3072K)
 Metaspace       used 15583K, committed 15808K, reserved 1114112K
  class space    used 1818K, committed 1920K, reserved 1048576K
}
Event: 3.390 GC heap after
{Heap after GC invocations=2 (full 0):
 garbage-first heap   total 129024K, used 8360K [0x0000000084c00000, 0x0000000100000000)
  region size 1024K, 7 young (7168K), 7 survivors (7168K)
 Metaspace       used 15583K, committed 15808K, reserved 1114112K
  class space    used 1818K, committed 1920K, reserved 1048576K
}
Event: 3.891 GC heap before
{Heap before GC invocations=2 (full 0):
 garbage-first heap   total 129024K, used 76968K [0x0000000084c00000, 0x0000000100000000)
  region size 1024K, 74 young (75776K), 7 survivors (7168K)
 Metaspace       used 17749K, committed 18048K, reserved 1114112K
  class space    used 1986K, committed 2112K, reserved 1048576K
}
Event: 3.899 GC heap after
{Heap after GC invocations=3 (full 0):
 garbage-first heap   total 129024K, used 13357K [0x0000000084c00000, 0x0000000100000000)
  region size 1024K, 9 young (9216K), 9 survivors (9216K)
 Metaspace       used 17749K, committed 18048K, reserved 1114112K
  class space    used 1986K, committed 2112K, reserved 1048576K
}
Event: 4.037 GC heap before
{Heap before GC invocations=3 (full 0):
 garbage-first heap   total 129024K, used 29741K [0x0000000084c00000, 0x0000000100000000)
  region size 1024K, 26 young (26624K), 9 survivors (9216K)
 Metaspace       used 21223K, committed 21504K, reserved 1114112K
  class space    used 2413K, committed 2560K, reserved 1048576K
}
Event: 4.042 GC heap after
{Heap after GC invocations=4 (full 0):
 garbage-first heap   total 129024K, used 15060K [0x0000000084c00000, 0x0000000100000000)
  region size 1024K, 7 young (7168K), 7 survivors (7168K)
 Metaspace       used 21223K, committed 21504K, reserved 1114112K
  class space    used 2413K, committed 2560K, reserved 1048576K
}
Event: 4.472 GC heap before
{Heap before GC invocations=5 (full 0):
 garbage-first heap   total 61440K, used 59092K [0x0000000084c00000, 0x0000000100000000)
  region size 1024K, 49 young (50176K), 7 survivors (7168K)
 Metaspace       used 27956K, committed 28288K, reserved 1114112K
  class space    used 3129K, committed 3264K, reserved 1048576K
}
Event: 4.483 GC heap after
{Heap after GC invocations=6 (full 0):
 garbage-first heap   total 77824K, used 25300K [0x0000000084c00000, 0x0000000100000000)
  region size 1024K, 10 young (10240K), 10 survivors (10240K)
 Metaspace       used 27956K, committed 28288K, reserved 1114112K
  class space    used 3129K, committed 3264K, reserved 1048576K
}
Event: 5.102 GC heap before
{Heap before GC invocations=6 (full 0):
 garbage-first heap   total 77824K, used 59092K [0x0000000084c00000, 0x0000000100000000)
  region size 1024K, 44 young (45056K), 10 survivors (10240K)
 Metaspace       used 34314K, committed 34816K, reserved 1114112K
  class space    used 3946K, committed 4160K, reserved 1048576K
}
Event: 5.108 GC heap after
{Heap after GC invocations=7 (full 0):
 garbage-first heap   total 77824K, used 29244K [0x0000000084c00000, 0x0000000100000000)
  region size 1024K, 4 young (4096K), 4 survivors (4096K)
 Metaspace       used 34314K, committed 34816K, reserved 1114112K
  class space    used 3946K, committed 4160K, reserved 1048576K
}
Event: 5.184 GC heap before
{Heap before GC invocations=7 (full 0):
 garbage-first heap   total 77824K, used 42556K [0x0000000084c00000, 0x0000000100000000)
  region size 1024K, 10 young (10240K), 4 survivors (4096K)
 Metaspace       used 35677K, committed 36160K, reserved 1114112K
  class space    used 4173K, committed 4416K, reserved 1048576K
}
Event: 5.187 GC heap after
{Heap after GC invocations=8 (full 0):
 garbage-first heap   total 77824K, used 38663K [0x0000000084c00000, 0x0000000100000000)
  region size 1024K, 2 young (2048K), 2 survivors (2048K)
 Metaspace       used 35677K, committed 36160K, reserved 1114112K
  class space    used 4173K, committed 4416K, reserved 1048576K
}
Event: 7.445 GC heap before
{Heap before GC invocations=9 (full 0):
 garbage-first heap   total 159744K, used 157447K [0x0000000084c00000, 0x0000000100000000)
  region size 1024K, 21 young (21504K), 2 survivors (2048K)
 Metaspace       used 41863K, committed 42368K, reserved 1114112K
  class space    used 5331K, committed 5568K, reserved 1048576K
}
Event: 7.448 GC heap after
{Heap after GC invocations=10 (full 0):
 garbage-first heap   total 196608K, used 132865K [0x0000000084c00000, 0x0000000100000000)
  region size 1024K, 4 young (4096K), 4 survivors (4096K)
 Metaspace       used 41863K, committed 42368K, reserved 1114112K
  class space    used 5331K, committed 5568K, reserved 1048576K
}
Event: 25.320 GC heap before
{Heap before GC invocations=10 (full 0):
 garbage-first heap   total 290816K, used 288513K [0x0000000084c00000, 0x0000000100000000)
  region size 1024K, 25 young (25600K), 4 survivors (4096K)
 Metaspace       used 44127K, committed 44672K, reserved 1114112K
  class space    used 5505K, committed 5760K, reserved 1048576K
}
Event: 25.324 GC heap after
{Heap after GC invocations=11 (full 0):
 garbage-first heap   total 299008K, used 237084K [0x0000000084c00000, 0x0000000100000000)
  region size 1024K, 7 young (7168K), 7 survivors (7168K)
 Metaspace       used 44127K, committed 44672K, reserved 1114112K
  class space    used 5505K, committed 5760K, reserved 1048576K
}
Event: 25.376 GC heap before
{Heap before GC invocations=11 (full 0):
 garbage-first heap   total 299008K, used 239132K [0x0000000084c00000, 0x0000000100000000)
  region size 1024K, 10 young (10240K), 7 survivors (7168K)
 Metaspace       used 44189K, committed 44736K, reserved 1114112K
  class space    used 5505K, committed 5760K, reserved 1048576K
}
Event: 25.381 GC heap after
{Heap after GC invocations=12 (full 0):
 garbage-first heap   total 299008K, used 239462K [0x0000000084c00000, 0x0000000100000000)
  region size 1024K, 2 young (2048K), 2 survivors (2048K)
 Metaspace       used 44189K, committed 44736K, reserved 1114112K
  class space    used 5505K, committed 5760K, reserved 1048576K
}

