# JRE version: OpenJDK Runtime Environment (21.0.2+13) (build 21.0.2+13-Ubuntu-122.04.1)
# Java VM: OpenJDK 64-Bit Server VM (21.0.2+13-Ubuntu-122.04.1, mixed mode, sharing, tiered, compressed oops, compressed class ptrs, g1 gc, linux-amd64)
Heap:
 garbage-first heap   total 414720K, used 264240K [0x0000000084c00000, 0x0000000100000000)
  region size 1024K, 12 young (12288K), 2 survivors (2048K)
 Metaspace       used 44280K, committed 44928K, reserved 1114112K
  class space    used 5512K, committed 5824K, reserved 1048576K
GC Heap History (20 events):
Event: 1.042 GC heap before
{Heap before GC invocations=0 (full 0):
 garbage-first heap   total 129024K, used 23581K [0x0000000084c00000, 0x0000000100000000)
  region size 1024K, 23 young (23552K), 0 survivors (0K)
 Metaspace       used 5987K, committed 6144K, reserved 1114112K
  class space    used 690K, committed 768K, reserved 1048576K
}
Event: 1.045 GC heap after
{Heap after GC invocations=1 (full 0):
 garbage-first heap   total 129024K, used 4299K [0x0000000084c00000, 0x0000000100000000)
  region size 1024K, 3 young (3072K), 3 survivors (3072K)
 Metaspace       used 5987K, committed 6144K, reserved 1114112K
  class space    used 690K, committed 768K, reserved 1048576K
}
Event: 3.396 GC heap before
{Heap before GC invocations=1 (full 0):
 garbage-first heap   total 129024K, used 53451K [0x0000000084c00000, 0x0000000100000000)
  region size 1024K, 51 young (52224K), 3 survivors (3072K)
 Metaspace       used 15491K, committed 15744K, reserved 1114112K
  class space    used 1802K, committed 1920K, reserved 1048576K
}
Event: 3.402 GC heap after
{Heap after GC invocations=2 (full 0):
 garbage-first heap   total 129024K, used 8395K [0x0000000084c00000, 0x0000000100000000)
  region size 1024K, 7 young (7168K), 7 survivors (7168K)
 Metaspace       used 15491K, committed 15744K, reserved 1114112K
  class space    used 1802K, committed 1920K, reserved 1048576K
}
Event: 3.943 GC heap before
{Heap before GC invocations=2 (full 0):
 garbage-first heap   total 129024K, used 77003K [0x0000000084c00000, 0x0000000100000000)
  region size 1024K, 74 young (75776K), 7 survivors (7168K)
 Metaspace       used 17741K, committed 18048K, reserved 1114112K
  class space    used 1986K, committed 2112K, reserved 1048576K
}
Event: 3.953 GC heap after
{Heap after GC invocations=3 (full 0):
 garbage-first heap   total 129024K, used 13237K [0x0000000084c00000, 0x0000000100000000)
  region size 1024K, 9 young (9216K), 9 survivors (9216K)
 Metaspace       used 17741K, committed 18048K, reserved 1114112K
  class space    used 1986K, committed 2112K, reserved 1048576K
}
Event: 4.117 GC heap before
{Heap before GC invocations=3 (full 0):
 garbage-first heap   total 129024K, used 31669K [0x0000000084c00000, 0x0000000100000000)
  region size 1024K, 28 young (28672K), 9 survivors (9216K)
 Metaspace       used 21210K, committed 21504K, reserved 1114112K
  class space    used 2414K, committed 2560K, reserved 1048576K
}
Event: 4.124 GC heap after
{Heap after GC invocations=4 (full 0):
 garbage-first heap   total 129024K, used 14798K [0x0000000084c00000, 0x0000000100000000)
  region size 1024K, 7 young (7168K), 7 survivors (7168K)
 Metaspace       used 21210K, committed 21504K, reserved 1114112K
  class space    used 2414K, committed 2560K, reserved 1048576K
}
Event: 4.571 GC heap before
{Heap before GC invocations=5 (full 0):
 garbage-first heap   total 58368K, used 56782K [0x0000000084c00000, 0x0000000100000000)
  region size 1024K, 47 young (48128K), 7 survivors (7168K)
 Metaspace       used 27651K, committed 28032K, reserved 1114112K
  class space    used 3103K, committed 3264K, reserved 1048576K
}
Event: 4.583 GC heap after
{Heap after GC invocations=6 (full 0):
 garbage-first heap   total 74752K, used 24654K [0x0000000084c00000, 0x0000000100000000)
  region size 1024K, 10 young (10240K), 10 survivors (10240K)
 Metaspace       used 27651K, committed 28032K, reserved 1114112K
  class space    used 3103K, committed 3264K, reserved 1048576K
}
Event: 5.241 GC heap before
{Heap before GC invocations=6 (full 0):
 garbage-first heap   total 74752K, used 56398K [0x0000000084c00000, 0x0000000100000000)
  region size 1024K, 42 young (43008K), 10 survivors (10240K)
 Metaspace       used 32172K, committed 32640K, reserved 1114112K
  class space    used 3611K, committed 3840K, reserved 1048576K
}
Event: 5.246 GC heap after
{Heap after GC invocations=7 (full 0):
 garbage-first heap   total 74752K, used 28438K [0x0000000084c00000, 0x0000000100000000)
  region size 1024K, 4 young (4096K), 4 survivors (4096K)
 Metaspace       used 32172K, committed 32640K, reserved 1114112K
  class space    used 3611K, committed 3840K, reserved 1048576K
}
Event: 5.360 GC heap before
{Heap before GC invocations=7 (full 0):
 garbage-first heap   total 74752K, used 44822K [0x0000000084c00000, 0x0000000100000000)
  region size 1024K, 14 young (14336K), 4 survivors (4096K)
 Metaspace       used 35684K, committed 36160K, reserved 1114112K
  class space    used 4178K, committed 4416K, reserved 1048576K
}
Event: 5.363 GC heap after
{Heap after GC invocations=8 (full 0):
 garbage-first heap   total 74752K, used 38235K [0x0000000084c00000, 0x0000000100000000)
  region size 1024K, 2 young (2048K), 2 survivors (2048K)
 Metaspace       used 35684K, committed 36160K, reserved 1114112K
  class space    used 4178K, committed 4416K, reserved 1048576K
}
Event: 32.187 GC heap before
{Heap before GC invocations=9 (full 0):
 garbage-first heap   total 191488K, used 189787K [0x0000000084c00000, 0x0000000100000000)
  region size 1024K, 27 young (27648K), 2 survivors (2048K)
 Metaspace       used 42946K, committed 43456K, reserved 1114112K
  class space    used 5454K, committed 5696K, reserved 1048576K
}
Event: 32.190 GC heap after
{Heap after GC invocations=10 (full 0):
 garbage-first heap   total 236544K, used 150345K [0x0000000084c00000, 0x0000000100000000)
  region size 1024K, 4 young (4096K), 4 survivors (4096K)
 Metaspace       used 42946K, committed 43456K, reserved 1114112K
  class space    used 5454K, committed 5696K, reserved 1048576K
}
Event: 40.452 GC heap before
{Heap before GC invocations=10 (full 0):
 garbage-first heap   total 275456K, used 275273K [0x0000000084c00000, 0x0000000100000000)
  region size 1024K, 20 young (20480K), 4 survivors (4096K)
 Metaspace       used 44037K, committed 44544K, reserved 1114112K
  class space    used 5503K, committed 5760K, reserved 1048576K
}
Event: 40.457 GC heap after
{Heap after GC invocations=11 (full 0):
 garbage-first heap   total 284672K, used 243608K [0x0000000084c00000, 0x0000000100000000)
  region size 1024K, 8 young (8192K), 8 survivors (8192K)
 Metaspace       used 44037K, committed 44544K, reserved 1114112K
  class space    used 5503K, committed 5760K, reserved 1048576K
}
Event: 40.519 GC heap before
{Heap before GC invocations=11 (full 0):
 garbage-first heap   total 284672K, used 246680K [0x0000000084c00000, 0x0000000100000000)
  region size 1024K, 12 young (12288K), 8 survivors (8192K)
 Metaspace       used 44128K, committed 44672K, reserved 1114112K
  class space    used 5503K, committed 5760K, reserved 1048576K
}
Event: 40.524 GC heap after
{Heap after GC invocations=12 (full 0):
 garbage-first heap   total 284672K, used 245808K [0x0000000084c00000, 0x0000000100000000)
  region size 1024K, 2 young (2048K), 2 survivors (2048K)
 Metaspace       used 44128K, committed 44672K, reserved 1114112K
  class space    used 5503K, committed 5760K, reserved 1048576K
}

