# JRE version: OpenJDK Runtime Environment (21.0.2+13) (build 21.0.2+13-Ubuntu-122.04.1)
# Java VM: OpenJDK 64-Bit Server VM (21.0.2+13-Ubuntu-122.04.1, mixed mode, sharing, tiered, compressed oops, compressed class ptrs, g1 gc, linux-amd64)
Heap:
 garbage-first heap   total 304128K, used 293532K [0x0000000084c00000, 0x0000000100000000)
  region size 1024K, 28 young (28672K), 4 survivors (4096K)
 Metaspace       used 43998K, committed 44544K, reserved 1114112K
  class space    used 5490K, committed 5760K, reserved 1048576K
GC Heap History (16 events):
Event: 1.345 GC heap before
{Heap before GC invocations=0 (full 0):
 garbage-first heap   total 129024K, used 23581K [0x0000000084c00000, 0x0000000100000000)
  region size 1024K, 23 young (23552K), 0 survivors (0K)
 Metaspace       used 5987K, committed 6144K, reserved 1114112K
  class space    used 690K, committed 768K, reserved 1048576K
}
Event: 1.347 GC heap after
{Heap after GC invocations=1 (full 0):
 garbage-first heap   total 129024K, used 4229K [0x0000000084c00000, 0x0000000100000000)
  region size 1024K, 3 young (3072K), 3 survivors (3072K)
 Metaspace       used 5987K, committed 6144K, reserved 1114112K
  class space    used 690K, committed 768K, reserved 1048576K
}
Event: 3.703 GC heap before
{Heap before GC invocations=1 (full 0):
 garbage-first heap   total 129024K, used 53381K [0x0000000084c00000, 0x0000000100000000)
  region size 1024K, 51 young (52224K), 3 survivors (3072K)
 Metaspace       used 15509K, committed 15744K, reserved 1114112K
  class space    used 1806K, committed 1920K, reserved 1048576K
}
Event: 3.710 GC heap after
{Heap after GC invocations=2 (full 0):
 garbage-first heap   total 129024K, used 8325K [0x0000000084c00000, 0x0000000100000000)
  region size 1024K, 7 young (7168K), 7 survivors (7168K)
 Metaspace       used 15509K, committed 15744K, reserved 1114112K
  class space    used 1806K, committed 1920K, reserved 1048576K
}
Event: 4.264 GC heap before
{Heap before GC invocations=2 (full 0):
 garbage-first heap   total 129024K, used 76933K [0x0000000084c00000, 0x0000000100000000)
  region size 1024K, 74 young (75776K), 7 survivors (7168K)
 Metaspace       used 17746K, committed 18048K, reserved 1114112K
  class space    used 1986K, committed 2112K, reserved 1048576K
}
Event: 4.272 GC heap after
{Heap after GC invocations=3 (full 0):
 garbage-first heap   total 129024K, used 13023K [0x0000000084c00000, 0x0000000100000000)
  region size 1024K, 9 young (9216K), 9 survivors (9216K)
 Metaspace       used 17746K, committed 18048K, reserved 1114112K
  class space    used 1986K, committed 2112K, reserved 1048576K
}
Event: 4.414 GC heap before
{Heap before GC invocations=3 (full 0):
 garbage-first heap   total 129024K, used 30431K [0x0000000084c00000, 0x0000000100000000)
  region size 1024K, 27 young (27648K), 9 survivors (9216K)
 Metaspace       used 21226K, committed 21504K, reserved 1114112K
  class space    used 2413K, committed 2560K, reserved 1048576K
}
Event: 4.419 GC heap after
{Heap after GC invocations=4 (full 0):
 garbage-first heap   total 129024K, used 15005K [0x0000000084c00000, 0x0000000100000000)
  region size 1024K, 7 young (7168K), 7 survivors (7168K)
 Metaspace       used 21226K, committed 21504K, reserved 1114112K
  class space    used 2413K, committed 2560K, reserved 1048576K
}
Event: 4.819 GC heap before
{Heap before GC invocations=5 (full 0):
 garbage-first heap   total 58368K, used 56989K [0x0000000084c00000, 0x0000000100000000)
  region size 1024K, 47 young (48128K), 7 survivors (7168K)
 Metaspace       used 27697K, committed 28032K, reserved 1114112K
  class space    used 3105K, committed 3264K, reserved 1048576K
}
Event: 4.831 GC heap after
{Heap after GC invocations=6 (full 0):
 garbage-first heap   total 74752K, used 24922K [0x0000000084c00000, 0x0000000100000000)
  region size 1024K, 10 young (10240K), 10 survivors (10240K)
 Metaspace       used 27697K, committed 28032K, reserved 1114112K
  class space    used 3105K, committed 3264K, reserved 1048576K
}
Event: 5.493 GC heap before
{Heap before GC invocations=6 (full 0):
 garbage-first heap   total 74752K, used 56666K [0x0000000084c00000, 0x0000000100000000)
  region size 1024K, 42 young (43008K), 10 survivors (10240K)
 Metaspace       used 33257K, committed 33728K, reserved 1114112K
  class space    used 3779K, committed 4032K, reserved 1048576K
}
Event: 5.499 GC heap after
{Heap after GC invocations=7 (full 0):
 garbage-first heap   total 74752K, used 28555K [0x0000000084c00000, 0x0000000100000000)
  region size 1024K, 4 young (4096K), 4 survivors (4096K)
 Metaspace       used 33257K, committed 33728K, reserved 1114112K
  class space    used 3779K, committed 4032K, reserved 1048576K
}
Event: 5.603 GC heap before
{Heap before GC invocations=7 (full 0):
 garbage-first heap   total 74752K, used 43915K [0x0000000084c00000, 0x0000000100000000)
  region size 1024K, 13 young (13312K), 4 survivors (4096K)
 Metaspace       used 35675K, committed 36160K, reserved 1114112K
  class space    used 4183K, committed 4416K, reserved 1048576K
}
Event: 5.606 GC heap after
{Heap after GC invocations=8 (full 0):
 garbage-first heap   total 74752K, used 38471K [0x0000000084c00000, 0x0000000100000000)
  region size 1024K, 2 young (2048K), 2 survivors (2048K)
 Metaspace       used 35675K, committed 36160K, reserved 1114112K
  class space    used 4183K, committed 4416K, reserved 1048576K
}
Event: 29.808 GC heap before
{Heap before GC invocations=9 (full 0):
 garbage-first heap   total 191488K, used 190023K [0x0000000084c00000, 0x0000000100000000)
  region size 1024K, 27 young (27648K), 2 survivors (2048K)
 Metaspace       used 42917K, committed 43456K, reserved 1114112K
  class space    used 5438K, committed 5696K, reserved 1048576K
}
Event: 29.811 GC heap after
{Heap after GC invocations=10 (full 0):
 garbage-first heap   total 238592K, used 134812K [0x0000000084c00000, 0x0000000100000000)
  region size 1024K, 4 young (4096K), 4 survivors (4096K)
 Metaspace       used 42917K, committed 43456K, reserved 1114112K
  class space    used 5438K, committed 5696K, reserved 1048576K
}

