# JRE version: OpenJDK Runtime Environment (21.0.2+13) (build 21.0.2+13-Ubuntu-122.04.1)
# Java VM: OpenJDK 64-Bit Server VM (21.0.2+13-Ubuntu-122.04.1, mixed mode, sharing, tiered, compressed oops, compressed class ptrs, g1 gc, linux-amd64)
Heap:
 garbage-first heap   total 270336K, used 268244K [0x0000000084c00000, 0x0000000100000000)
  region size 1024K, 25 young (25600K), 5 survivors (5120K)
 Metaspace       used 43433K, committed 43968K, reserved 1114112K
  class space    used 5324K, committed 5568K, reserved 1048576K
GC Heap History (16 events):
Event: 1.143 GC heap before
{Heap before GC invocations=0 (full 0):
 garbage-first heap   total 129024K, used 23581K [0x0000000084c00000, 0x0000000100000000)
  region size 1024K, 23 young (23552K), 0 survivors (0K)
 Metaspace       used 5983K, committed 6144K, reserved 1114112K
  class space    used 690K, committed 768K, reserved 1048576K
}
Event: 1.146 GC heap after
{Heap after GC invocations=1 (full 0):
 garbage-first heap   total 129024K, used 4299K [0x0000000084c00000, 0x0000000100000000)
  region size 1024K, 3 young (3072K), 3 survivors (3072K)
 Metaspace       used 5983K, committed 6144K, reserved 1114112K
  class space    used 690K, committed 768K, reserved 1048576K
}
Event: 3.371 GC heap before
{Heap before GC invocations=1 (full 0):
 garbage-first heap   total 129024K, used 53451K [0x0000000084c00000, 0x0000000100000000)
  region size 1024K, 51 young (52224K), 3 survivors (3072K)
 Metaspace       used 15558K, committed 15808K, reserved 1114112K
  class space    used 1816K, committed 1920K, reserved 1048576K
}
Event: 3.377 GC heap after
{Heap after GC invocations=2 (full 0):
 garbage-first heap   total 129024K, used 8395K [0x0000000084c00000, 0x0000000100000000)
  region size 1024K, 7 young (7168K), 7 survivors (7168K)
 Metaspace       used 15558K, committed 15808K, reserved 1114112K
  class space    used 1816K, committed 1920K, reserved 1048576K
}
Event: 3.952 GC heap before
{Heap before GC invocations=2 (full 0):
 garbage-first heap   total 129024K, used 77003K [0x0000000084c00000, 0x0000000100000000)
  region size 1024K, 74 young (75776K), 7 survivors (7168K)
 Metaspace       used 17749K, committed 18048K, reserved 1114112K
  class space    used 1986K, committed 2112K, reserved 1048576K
}
Event: 3.960 GC heap after
{Heap after GC invocations=3 (full 0):
 garbage-first heap   total 129024K, used 13217K [0x0000000084c00000, 0x0000000100000000)
  region size 1024K, 9 young (9216K), 9 survivors (9216K)
 Metaspace       used 17749K, committed 18048K, reserved 1114112K
  class space    used 1986K, committed 2112K, reserved 1048576K
}
Event: 4.099 GC heap before
{Heap before GC invocations=3 (full 0):
 garbage-first heap   total 129024K, used 28577K [0x0000000084c00000, 0x0000000100000000)
  region size 1024K, 25 young (25600K), 9 survivors (9216K)
 Metaspace       used 21232K, committed 21504K, reserved 1114112K
  class space    used 2414K, committed 2560K, reserved 1048576K
}
Event: 4.104 GC heap after
{Heap after GC invocations=4 (full 0):
 garbage-first heap   total 129024K, used 15276K [0x0000000084c00000, 0x0000000100000000)
  region size 1024K, 7 young (7168K), 7 survivors (7168K)
 Metaspace       used 21232K, committed 21504K, reserved 1114112K
  class space    used 2414K, committed 2560K, reserved 1048576K
}
Event: 4.517 GC heap before
{Heap before GC invocations=5 (full 0):
 garbage-first heap   total 58368K, used 57260K [0x0000000084c00000, 0x0000000100000000)
  region size 1024K, 47 young (48128K), 7 survivors (7168K)
 Metaspace       used 27776K, committed 28096K, reserved 1114112K
  class space    used 3121K, committed 3264K, reserved 1048576K
}
Event: 4.528 GC heap after
{Heap after GC invocations=6 (full 0):
 garbage-first heap   total 74752K, used 24810K [0x0000000084c00000, 0x0000000100000000)
  region size 1024K, 10 young (10240K), 10 survivors (10240K)
 Metaspace       used 27776K, committed 28096K, reserved 1114112K
  class space    used 3121K, committed 3264K, reserved 1048576K
}
Event: 5.153 GC heap before
{Heap before GC invocations=6 (full 0):
 garbage-first heap   total 74752K, used 56554K [0x0000000084c00000, 0x0000000100000000)
  region size 1024K, 42 young (43008K), 10 survivors (10240K)
 Metaspace       used 33138K, committed 33600K, reserved 1114112K
  class space    used 3773K, committed 3968K, reserved 1048576K
}
Event: 5.160 GC heap after
{Heap after GC invocations=7 (full 0):
 garbage-first heap   total 74752K, used 28558K [0x0000000084c00000, 0x0000000100000000)
  region size 1024K, 4 young (4096K), 4 survivors (4096K)
 Metaspace       used 33138K, committed 33600K, reserved 1114112K
  class space    used 3773K, committed 3968K, reserved 1048576K
}
Event: 5.284 GC heap before
{Heap before GC invocations=7 (full 0):
 garbage-first heap   total 74752K, used 44942K [0x0000000084c00000, 0x0000000100000000)
  region size 1024K, 13 young (13312K), 4 survivors (4096K)
 Metaspace       used 35704K, committed 36160K, reserved 1114112K
  class space    used 4231K, committed 4480K, reserved 1048576K
}
Event: 5.288 GC heap after
{Heap after GC invocations=8 (full 0):
 garbage-first heap   total 90112K, used 38493K [0x0000000084c00000, 0x0000000100000000)
  region size 1024K, 2 young (2048K), 2 survivors (2048K)
 Metaspace       used 35704K, committed 36160K, reserved 1114112K
  class space    used 4231K, committed 4480K, reserved 1048576K
}
Event: 12.216 GC heap before
{Heap before GC invocations=9 (full 0):
 garbage-first heap   total 188416K, used 186973K [0x0000000084c00000, 0x0000000100000000)
  region size 1024K, 24 young (24576K), 2 survivors (2048K)
 Metaspace       used 41994K, committed 42496K, reserved 1114112K
  class space    used 5270K, committed 5504K, reserved 1048576K
}
Event: 12.220 GC heap after
{Heap after GC invocations=10 (full 0):
 garbage-first heap   total 194560K, used 150484K [0x0000000084c00000, 0x0000000100000000)
  region size 1024K, 5 young (5120K), 5 survivors (5120K)
 Metaspace       used 41994K, committed 42496K, reserved 1114112K
  class space    used 5270K, committed 5504K, reserved 1048576K
}

