# JRE version: OpenJDK Runtime Environment (21.0.2+13) (build 21.0.2+13-Ubuntu-122.04.1)
# Java VM: OpenJDK 64-Bit Server VM (21.0.2+13-Ubuntu-122.04.1, mixed mode, sharing, tiered, compressed oops, compressed class ptrs, g1 gc, linux-amd64)
Heap:
 garbage-first heap   total 248832K, used 187138K [0x0000000084c00000, 0x0000000100000000)
  region size 1024K, 6 young (6144K), 3 survivors (3072K)
 Metaspace       used 43726K, committed 44288K, reserved 1114112K
  class space    used 5338K, committed 5632K, reserved 1048576K
GC Heap History (18 events):
Event: 1.200 GC heap before
{Heap before GC invocations=0 (full 0):
 garbage-first heap   total 129024K, used 23581K [0x0000000084c00000, 0x0000000100000000)
  region size 1024K, 23 young (23552K), 0 survivors (0K)
 Metaspace       used 5987K, committed 6144K, reserved 1114112K
  class space    used 690K, committed 768K, reserved 1048576K
}
Event: 1.203 GC heap after
{Heap after GC invocations=1 (full 0):
 garbage-first heap   total 129024K, used 4349K [0x0000000084c00000, 0x0000000100000000)
  region size 1024K, 3 young (3072K), 3 survivors (3072K)
 Metaspace       used 5987K, committed 6144K, reserved 1114112K
  class space    used 690K, committed 768K, reserved 1048576K
}
Event: 3.514 GC heap before
{Heap before GC invocations=1 (full 0):
 garbage-first heap   total 129024K, used 53501K [0x0000000084c00000, 0x0000000100000000)
  region size 1024K, 51 young (52224K), 3 survivors (3072K)
 Metaspace       used 15561K, committed 15808K, reserved 1114112K
  class space    used 1816K, committed 1920K, reserved 1048576K
}
Event: 3.520 GC heap after
{Heap after GC invocations=2 (full 0):
 garbage-first heap   total 129024K, used 8445K [0x0000000084c00000, 0x0000000100000000)
  region size 1024K, 7 young (7168K), 7 survivors (7168K)
 Metaspace       used 15561K, committed 15808K, reserved 1114112K
  class space    used 1816K, committed 1920K, reserved 1048576K
}
Event: 4.060 GC heap before
{Heap before GC invocations=2 (full 0):
 garbage-first heap   total 129024K, used 77053K [0x0000000084c00000, 0x0000000100000000)
  region size 1024K, 74 young (75776K), 7 survivors (7168K)
 Metaspace       used 17758K, committed 18048K, reserved 1114112K
  class space    used 1986K, committed 2112K, reserved 1048576K
}
Event: 4.068 GC heap after
{Heap after GC invocations=3 (full 0):
 garbage-first heap   total 129024K, used 13341K [0x0000000084c00000, 0x0000000100000000)
  region size 1024K, 9 young (9216K), 9 survivors (9216K)
 Metaspace       used 17758K, committed 18048K, reserved 1114112K
  class space    used 1986K, committed 2112K, reserved 1048576K
}
Event: 4.203 GC heap before
{Heap before GC invocations=3 (full 0):
 garbage-first heap   total 129024K, used 29725K [0x0000000084c00000, 0x0000000100000000)
  region size 1024K, 26 young (26624K), 9 survivors (9216K)
 Metaspace       used 21228K, committed 21504K, reserved 1114112K
  class space    used 2413K, committed 2560K, reserved 1048576K
}
Event: 4.208 GC heap after
{Heap after GC invocations=4 (full 0):
 garbage-first heap   total 129024K, used 15389K [0x0000000084c00000, 0x0000000100000000)
  region size 1024K, 7 young (7168K), 7 survivors (7168K)
 Metaspace       used 21228K, committed 21504K, reserved 1114112K
  class space    used 2413K, committed 2560K, reserved 1048576K
}
Event: 4.610 GC heap before
{Heap before GC invocations=5 (full 0):
 garbage-first heap   total 58368K, used 57373K [0x0000000084c00000, 0x0000000100000000)
  region size 1024K, 47 young (48128K), 7 survivors (7168K)
 Metaspace       used 27973K, committed 28288K, reserved 1114112K
  class space    used 3129K, committed 3264K, reserved 1048576K
}
Event: 4.621 GC heap after
{Heap after GC invocations=6 (full 0):
 garbage-first heap   total 74752K, used 24927K [0x0000000084c00000, 0x0000000100000000)
  region size 1024K, 10 young (10240K), 10 survivors (10240K)
 Metaspace       used 27973K, committed 28288K, reserved 1114112K
  class space    used 3129K, committed 3264K, reserved 1048576K
}
Event: 5.242 GC heap before
{Heap before GC invocations=6 (full 0):
 garbage-first heap   total 74752K, used 56671K [0x0000000084c00000, 0x0000000100000000)
  region size 1024K, 42 young (43008K), 10 survivors (10240K)
 Metaspace       used 33547K, committed 33984K, reserved 1114112K
  class space    used 3836K, committed 4032K, reserved 1048576K
}
Event: 5.250 GC heap after
{Heap after GC invocations=7 (full 0):
 garbage-first heap   total 74752K, used 28394K [0x0000000084c00000, 0x0000000100000000)
  region size 1024K, 4 young (4096K), 4 survivors (4096K)
 Metaspace       used 33547K, committed 33984K, reserved 1114112K
  class space    used 3836K, committed 4032K, reserved 1048576K
}
Event: 5.373 GC heap before
{Heap before GC invocations=7 (full 0):
 garbage-first heap   total 74752K, used 43754K [0x0000000084c00000, 0x0000000100000000)
  region size 1024K, 12 young (12288K), 4 survivors (4096K)
 Metaspace       used 35693K, committed 36160K, reserved 1114112K
  class space    used 4234K, committed 4480K, reserved 1048576K
}
Event: 5.376 GC heap after
{Heap after GC invocations=8 (full 0):
 garbage-first heap   total 90112K, used 38179K [0x0000000084c00000, 0x0000000100000000)
  region size 1024K, 2 young (2048K), 2 survivors (2048K)
 Metaspace       used 35693K, committed 36160K, reserved 1114112K
  class space    used 4234K, committed 4480K, reserved 1048576K
}
Event: 12.932 GC heap before
{Heap before GC invocations=9 (full 0):
 garbage-first heap   total 188416K, used 186659K [0x0000000084c00000, 0x0000000100000000)
  region size 1024K, 24 young (24576K), 2 survivors (2048K)
 Metaspace       used 42229K, committed 42816K, reserved 1114112K
  class space    used 5289K, committed 5568K, reserved 1048576K
}
Event: 12.935 GC heap after
{Heap after GC invocations=10 (full 0):
 garbage-first heap   total 193536K, used 150010K [0x0000000084c00000, 0x0000000100000000)
  region size 1024K, 5 young (5120K), 5 survivors (5120K)
 Metaspace       used 42229K, committed 42816K, reserved 1114112K
  class space    used 5289K, committed 5568K, reserved 1048576K
}
Event: 81.741 GC heap before
{Heap before GC invocations=10 (full 0):
 garbage-first heap   total 240640K, used 240122K [0x0000000084c00000, 0x0000000100000000)
  region size 1024K, 27 young (27648K), 5 survivors (5120K)
 Metaspace       used 43629K, committed 44224K, reserved 1114112K
  class space    used 5335K, committed 5632K, reserved 1048576K
}
Event: 81.746 GC heap after
{Heap after GC invocations=11 (full 0):
 garbage-first heap   total 248832K, used 185090K [0x0000000084c00000, 0x0000000100000000)
  region size 1024K, 3 young (3072K), 3 survivors (3072K)
 Metaspace       used 43629K, committed 44224K, reserved 1114112K
  class space    used 5335K, committed 5632K, reserved 1048576K
}

