# JRE version: OpenJDK Runtime Environment (21.0.2+13) (build 21.0.2+13-Ubuntu-122.04.1)
# Java VM: OpenJDK 64-Bit Server VM (21.0.2+13-Ubuntu-122.04.1, mixed mode, sharing, tiered, compressed oops, compressed class ptrs, g1 gc, linux-amd64)
Heap:
 garbage-first heap   total 261120K, used 211458K [0x0000000084c00000, 0x0000000100000000)
  region size 1024K, 8 young (8192K), 7 survivors (7168K)
 Metaspace       used 43022K, committed 43520K, reserved 1114112K
  class space    used 5328K, committed 5568K, reserved 1048576K
GC Heap History (18 events):
Event: 1.255 GC heap before
{Heap before GC invocations=0 (full 0):
 garbage-first heap   total 129024K, used 23581K [0x0000000084c00000, 0x0000000100000000)
  region size 1024K, 23 young (23552K), 0 survivors (0K)
 Metaspace       used 5987K, committed 6144K, reserved 1114112K
  class space    used 690K, committed 768K, reserved 1048576K
}
Event: 1.258 GC heap after
{Heap after GC invocations=1 (full 0):
 garbage-first heap   total 129024K, used 4284K [0x0000000084c00000, 0x0000000100000000)
  region size 1024K, 3 young (3072K), 3 survivors (3072K)
 Metaspace       used 5987K, committed 6144K, reserved 1114112K
  class space    used 690K, committed 768K, reserved 1048576K
}
Event: 3.545 GC heap before
{Heap before GC invocations=1 (full 0):
 garbage-first heap   total 129024K, used 53436K [0x0000000084c00000, 0x0000000100000000)
  region size 1024K, 51 young (52224K), 3 survivors (3072K)
 Metaspace       used 15549K, committed 15808K, reserved 1114112K
  class space    used 1816K, committed 1920K, reserved 1048576K
}
Event: 3.552 GC heap after
{Heap after GC invocations=2 (full 0):
 garbage-first heap   total 129024K, used 8054K [0x0000000084c00000, 0x0000000100000000)
  region size 1024K, 7 young (7168K), 7 survivors (7168K)
 Metaspace       used 15549K, committed 15808K, reserved 1114112K
  class space    used 1816K, committed 1920K, reserved 1048576K
}
Event: 4.312 GC heap before
{Heap before GC invocations=2 (full 0):
 garbage-first heap   total 129024K, used 76662K [0x0000000084c00000, 0x0000000100000000)
  region size 1024K, 74 young (75776K), 7 survivors (7168K)
 Metaspace       used 17744K, committed 18048K, reserved 1114112K
  class space    used 1986K, committed 2112K, reserved 1048576K
}
Event: 4.320 GC heap after
{Heap after GC invocations=3 (full 0):
 garbage-first heap   total 129024K, used 13661K [0x0000000084c00000, 0x0000000100000000)
  region size 1024K, 10 young (10240K), 10 survivors (10240K)
 Metaspace       used 17744K, committed 18048K, reserved 1114112K
  class space    used 1986K, committed 2112K, reserved 1048576K
}
Event: 4.516 GC heap before
{Heap before GC invocations=3 (full 0):
 garbage-first heap   total 129024K, used 29021K [0x0000000084c00000, 0x0000000100000000)
  region size 1024K, 27 young (27648K), 10 survivors (10240K)
 Metaspace       used 21240K, committed 21504K, reserved 1114112K
  class space    used 2413K, committed 2560K, reserved 1048576K
}
Event: 4.521 GC heap after
{Heap after GC invocations=4 (full 0):
 garbage-first heap   total 129024K, used 14881K [0x0000000084c00000, 0x0000000100000000)
  region size 1024K, 7 young (7168K), 7 survivors (7168K)
 Metaspace       used 21240K, committed 21504K, reserved 1114112K
  class space    used 2413K, committed 2560K, reserved 1048576K
}
Event: 4.952 GC heap before
{Heap before GC invocations=5 (full 0):
 garbage-first heap   total 58368K, used 56865K [0x0000000084c00000, 0x0000000100000000)
  region size 1024K, 47 young (48128K), 7 survivors (7168K)
 Metaspace       used 27971K, committed 28288K, reserved 1114112K
  class space    used 3129K, committed 3264K, reserved 1048576K
}
Event: 4.964 GC heap after
{Heap after GC invocations=6 (full 0):
 garbage-first heap   total 74752K, used 24740K [0x0000000084c00000, 0x0000000100000000)
  region size 1024K, 10 young (10240K), 10 survivors (10240K)
 Metaspace       used 27971K, committed 28288K, reserved 1114112K
  class space    used 3129K, committed 3264K, reserved 1048576K
}
Event: 5.728 GC heap before
{Heap before GC invocations=6 (full 0):
 garbage-first heap   total 74752K, used 56484K [0x0000000084c00000, 0x0000000100000000)
  region size 1024K, 42 young (43008K), 10 survivors (10240K)
 Metaspace       used 33510K, committed 33920K, reserved 1114112K
  class space    used 3830K, committed 4032K, reserved 1048576K
}
Event: 5.733 GC heap after
{Heap after GC invocations=7 (full 0):
 garbage-first heap   total 74752K, used 28346K [0x0000000084c00000, 0x0000000100000000)
  region size 1024K, 4 young (4096K), 4 survivors (4096K)
 Metaspace       used 33510K, committed 33920K, reserved 1114112K
  class space    used 3830K, committed 4032K, reserved 1048576K
}
Event: 5.865 GC heap before
{Heap before GC invocations=7 (full 0):
 garbage-first heap   total 74752K, used 42682K [0x0000000084c00000, 0x0000000100000000)
  region size 1024K, 12 young (12288K), 4 survivors (4096K)
 Metaspace       used 35714K, committed 36160K, reserved 1114112K
  class space    used 4232K, committed 4480K, reserved 1048576K
}
Event: 5.868 GC heap after
{Heap after GC invocations=8 (full 0):
 garbage-first heap   total 74752K, used 38289K [0x0000000084c00000, 0x0000000100000000)
  region size 1024K, 2 young (2048K), 2 survivors (2048K)
 Metaspace       used 35714K, committed 36160K, reserved 1114112K
  class space    used 4232K, committed 4480K, reserved 1048576K
}
Event: 8.448 GC heap before
{Heap before GC invocations=9 (full 0):
 garbage-first heap   total 146432K, used 145809K [0x0000000084c00000, 0x0000000100000000)
  region size 1024K, 19 young (19456K), 2 survivors (2048K)
 Metaspace       used 41303K, committed 41856K, reserved 1114112K
  class space    used 5151K, committed 5440K, reserved 1048576K
}
Event: 8.452 GC heap after
{Heap after GC invocations=10 (full 0):
 garbage-first heap   total 197632K, used 130541K [0x0000000084c00000, 0x0000000100000000)
  region size 1024K, 4 young (4096K), 4 survivors (4096K)
 Metaspace       used 41303K, committed 41856K, reserved 1114112K
  class space    used 5151K, committed 5440K, reserved 1048576K
}
Event: 380.808 GC heap before
{Heap before GC invocations=10 (full 0):
 garbage-first heap   total 252928K, used 251373K [0x0000000084c00000, 0x0000000100000000)
  region size 1024K, 21 young (21504K), 4 survivors (4096K)
 Metaspace       used 43015K, committed 43520K, reserved 1114112K
  class space    used 5327K, committed 5568K, reserved 1048576K
}
Event: 380.835 GC heap after
{Heap after GC invocations=11 (full 0):
 garbage-first heap   total 261120K, used 211458K [0x0000000084c00000, 0x0000000100000000)
  region size 1024K, 7 young (7168K), 7 survivors (7168K)
 Metaspace       used 43015K, committed 43520K, reserved 1114112K
  class space    used 5327K, committed 5568K, reserved 1048576K
}

