# JRE version: OpenJDK Runtime Environment (21.0.2+13) (build 21.0.2+13-Ubuntu-122.04.1)
# Java VM: OpenJDK 64-Bit Server VM (21.0.2+13-Ubuntu-122.04.1, mixed mode, sharing, tiered, compressed oops, compressed class ptrs, g1 gc, linux-amd64)
Heap:
 garbage-first heap   total 317440K, used 267147K [0x0000000084c00000, 0x0000000100000000)
  region size 1024K, 23 young (23552K), 1 survivors (1024K)
 Metaspace       used 44276K, committed 44864K, reserved 1114112K
  class space    used 5507K, committed 5824K, reserved 1048576K
GC Heap History (20 events):
Event: 1.111 GC heap before
{Heap before GC invocations=0 (full 0):
 garbage-first heap   total 129024K, used 23581K [0x0000000084c00000, 0x0000000100000000)
  region size 1024K, 23 young (23552K), 0 survivors (0K)
 Metaspace       used 5986K, committed 6144K, reserved 1114112K
  class space    used 690K, committed 768K, reserved 1048576K
}
Event: 1.114 GC heap after
{Heap after GC invocations=1 (full 0):
 garbage-first heap   total 129024K, used 4211K [0x0000000084c00000, 0x0000000100000000)
  region size 1024K, 3 young (3072K), 3 survivors (3072K)
 Metaspace       used 5986K, committed 6144K, reserved 1114112K
  class space    used 690K, committed 768K, reserved 1048576K
}
Event: 3.295 GC heap before
{Heap before GC invocations=1 (full 0):
 garbage-first heap   total 129024K, used 53363K [0x0000000084c00000, 0x0000000100000000)
  region size 1024K, 51 young (52224K), 3 survivors (3072K)
 Metaspace       used 15513K, committed 15808K, reserved 1114112K
  class space    used 1806K, committed 1920K, reserved 1048576K
}
Event: 3.302 GC heap after
{Heap after GC invocations=2 (full 0):
 garbage-first heap   total 129024K, used 8295K [0x0000000084c00000, 0x0000000100000000)
  region size 1024K, 7 young (7168K), 7 survivors (7168K)
 Metaspace       used 15513K, committed 15808K, reserved 1114112K
  class space    used 1806K, committed 1920K, reserved 1048576K
}
Event: 3.830 GC heap before
{Heap before GC invocations=2 (full 0):
 garbage-first heap   total 129024K, used 76903K [0x0000000084c00000, 0x0000000100000000)
  region size 1024K, 74 young (75776K), 7 survivors (7168K)
 Metaspace       used 17752K, committed 18048K, reserved 1114112K
  class space    used 1986K, committed 2112K, reserved 1048576K
}
Event: 3.839 GC heap after
{Heap after GC invocations=3 (full 0):
 garbage-first heap   total 129024K, used 13340K [0x0000000084c00000, 0x0000000100000000)
  region size 1024K, 9 young (9216K), 9 survivors (9216K)
 Metaspace       used 17752K, committed 18048K, reserved 1114112K
  class space    used 1986K, committed 2112K, reserved 1048576K
}
Event: 3.983 GC heap before
{Heap before GC invocations=3 (full 0):
 garbage-first heap   total 129024K, used 29724K [0x0000000084c00000, 0x0000000100000000)
  region size 1024K, 26 young (26624K), 9 survivors (9216K)
 Metaspace       used 21239K, committed 21504K, reserved 1114112K
  class space    used 2413K, committed 2560K, reserved 1048576K
}
Event: 3.988 GC heap after
{Heap after GC invocations=4 (full 0):
 garbage-first heap   total 129024K, used 14826K [0x0000000084c00000, 0x0000000100000000)
  region size 1024K, 7 young (7168K), 7 survivors (7168K)
 Metaspace       used 21239K, committed 21504K, reserved 1114112K
  class space    used 2413K, committed 2560K, reserved 1048576K
}
Event: 4.404 GC heap before
{Heap before GC invocations=5 (full 0):
 garbage-first heap   total 61440K, used 58858K [0x0000000084c00000, 0x0000000100000000)
  region size 1024K, 49 young (50176K), 7 survivors (7168K)
 Metaspace       used 27964K, committed 28288K, reserved 1114112K
  class space    used 3130K, committed 3264K, reserved 1048576K
}
Event: 4.415 GC heap after
{Heap after GC invocations=6 (full 0):
 garbage-first heap   total 77824K, used 25132K [0x0000000084c00000, 0x0000000100000000)
  region size 1024K, 10 young (10240K), 10 survivors (10240K)
 Metaspace       used 27964K, committed 28288K, reserved 1114112K
  class space    used 3130K, committed 3264K, reserved 1048576K
}
Event: 5.032 GC heap before
{Heap before GC invocations=6 (full 0):
 garbage-first heap   total 77824K, used 58924K [0x0000000084c00000, 0x0000000100000000)
  region size 1024K, 44 young (45056K), 10 survivors (10240K)
 Metaspace       used 34290K, committed 34752K, reserved 1114112K
  class space    used 3946K, committed 4160K, reserved 1048576K
}
Event: 5.038 GC heap after
{Heap after GC invocations=7 (full 0):
 garbage-first heap   total 77824K, used 29025K [0x0000000084c00000, 0x0000000100000000)
  region size 1024K, 4 young (4096K), 4 survivors (4096K)
 Metaspace       used 34290K, committed 34752K, reserved 1114112K
  class space    used 3946K, committed 4160K, reserved 1048576K
}
Event: 5.111 GC heap before
{Heap before GC invocations=7 (full 0):
 garbage-first heap   total 77824K, used 42337K [0x0000000084c00000, 0x0000000100000000)
  region size 1024K, 10 young (10240K), 4 survivors (4096K)
 Metaspace       used 35693K, committed 36160K, reserved 1114112K
  class space    used 4183K, committed 4416K, reserved 1048576K
}
Event: 5.114 GC heap after
{Heap after GC invocations=8 (full 0):
 garbage-first heap   total 98304K, used 38934K [0x0000000084c00000, 0x0000000100000000)
  region size 1024K, 2 young (2048K), 2 survivors (2048K)
 Metaspace       used 35693K, committed 36160K, reserved 1114112K
  class space    used 4183K, committed 4416K, reserved 1048576K
}
Event: 7.685 GC heap before
{Heap before GC invocations=9 (full 0):
 garbage-first heap   total 161792K, used 159766K [0x0000000084c00000, 0x0000000100000000)
  region size 1024K, 23 young (23552K), 2 survivors (2048K)
 Metaspace       used 42199K, committed 42816K, reserved 1114112K
  class space    used 5401K, committed 5696K, reserved 1048576K
}
Event: 7.688 GC heap after
{Heap after GC invocations=10 (full 0):
 garbage-first heap   total 166912K, used 114918K [0x0000000084c00000, 0x0000000100000000)
  region size 1024K, 5 young (5120K), 5 survivors (5120K)
 Metaspace       used 42199K, committed 42816K, reserved 1114112K
  class space    used 5401K, committed 5696K, reserved 1048576K
}
Event: 21.251 GC heap before
{Heap before GC invocations=10 (full 0):
 garbage-first heap   total 222208K, used 219366K [0x0000000084c00000, 0x0000000100000000)
  region size 1024K, 16 young (16384K), 5 survivors (5120K)
 Metaspace       used 43628K, committed 44160K, reserved 1114112K
  class space    used 5482K, committed 5760K, reserved 1048576K
}
Event: 21.257 GC heap after
{Heap after GC invocations=11 (full 0):
 garbage-first heap   total 230400K, used 177528K [0x0000000084c00000, 0x0000000100000000)
  region size 1024K, 5 young (5120K), 5 survivors (5120K)
 Metaspace       used 43628K, committed 44160K, reserved 1114112K
  class space    used 5482K, committed 5760K, reserved 1048576K
}
Event: 26.813 GC heap before
{Heap before GC invocations=11 (full 0):
 garbage-first heap   total 230400K, used 181624K [0x0000000084c00000, 0x0000000100000000)
  region size 1024K, 10 young (10240K), 5 survivors (5120K)
 Metaspace       used 43910K, committed 44480K, reserved 1114112K
  class space    used 5498K, committed 5760K, reserved 1048576K
}
Event: 26.817 GC heap after
{Heap after GC invocations=12 (full 0):
 garbage-first heap   total 230400K, used 178059K [0x0000000084c00000, 0x0000000100000000)
  region size 1024K, 1 young (1024K), 1 survivors (1024K)
 Metaspace       used 43910K, committed 44480K, reserved 1114112K
  class space    used 5498K, committed 5760K, reserved 1048576K
}

