# JRE version: OpenJDK Runtime Environment (21.0.2+13) (build 21.0.2+13-Ubuntu-122.04.1)
# Java VM: OpenJDK 64-Bit Server VM (21.0.2+13-Ubuntu-122.04.1, mixed mode, sharing, tiered, compressed oops, compressed class ptrs, g1 gc, linux-amd64)
Heap:
 garbage-first heap   total 257024K, used 253666K [0x0000000084c00000, 0x0000000100000000)
  region size 1024K, 24 young (24576K), 4 survivors (4096K)
 Metaspace       used 43420K, committed 43968K, reserved 1114112K
  class space    used 5338K, committed 5632K, reserved 1048576K
GC Heap History (16 events):
Event: 1.226 GC heap before
{Heap before GC invocations=0 (full 0):
 garbage-first heap   total 129024K, used 23581K [0x0000000084c00000, 0x0000000100000000)
  region size 1024K, 23 young (23552K), 0 survivors (0K)
 Metaspace       used 5986K, committed 6144K, reserved 1114112K
  class space    used 690K, committed 768K, reserved 1048576K
}
Event: 1.228 GC heap after
{Heap after GC invocations=1 (full 0):
 garbage-first heap   total 129024K, used 4384K [0x0000000084c00000, 0x0000000100000000)
  region size 1024K, 3 young (3072K), 3 survivors (3072K)
 Metaspace       used 5986K, committed 6144K, reserved 1114112K
  class space    used 690K, committed 768K, reserved 1048576K
}
Event: 3.523 GC heap before
{Heap before GC invocations=1 (full 0):
 garbage-first heap   total 129024K, used 53536K [0x0000000084c00000, 0x0000000100000000)
  region size 1024K, 51 young (52224K), 3 survivors (3072K)
 Metaspace       used 15497K, committed 15744K, reserved 1114112K
  class space    used 1802K, committed 1920K, reserved 1048576K
}
Event: 3.528 GC heap after
{Heap after GC invocations=2 (full 0):
 garbage-first heap   total 129024K, used 8480K [0x0000000084c00000, 0x0000000100000000)
  region size 1024K, 7 young (7168K), 7 survivors (7168K)
 Metaspace       used 15497K, committed 15744K, reserved 1114112K
  class space    used 1802K, committed 1920K, reserved 1048576K
}
Event: 4.046 GC heap before
{Heap before GC invocations=2 (full 0):
 garbage-first heap   total 129024K, used 77088K [0x0000000084c00000, 0x0000000100000000)
  region size 1024K, 74 young (75776K), 7 survivors (7168K)
 Metaspace       used 17738K, committed 18048K, reserved 1114112K
  class space    used 1986K, committed 2112K, reserved 1048576K
}
Event: 4.054 GC heap after
{Heap after GC invocations=3 (full 0):
 garbage-first heap   total 129024K, used 13247K [0x0000000084c00000, 0x0000000100000000)
  region size 1024K, 9 young (9216K), 9 survivors (9216K)
 Metaspace       used 17738K, committed 18048K, reserved 1114112K
  class space    used 1986K, committed 2112K, reserved 1048576K
}
Event: 4.182 GC heap before
{Heap before GC invocations=3 (full 0):
 garbage-first heap   total 129024K, used 29631K [0x0000000084c00000, 0x0000000100000000)
  region size 1024K, 26 young (26624K), 9 survivors (9216K)
 Metaspace       used 21220K, committed 21504K, reserved 1114112K
  class space    used 2413K, committed 2560K, reserved 1048576K
}
Event: 4.187 GC heap after
{Heap after GC invocations=4 (full 0):
 garbage-first heap   total 129024K, used 14621K [0x0000000084c00000, 0x0000000100000000)
  region size 1024K, 7 young (7168K), 7 survivors (7168K)
 Metaspace       used 21220K, committed 21504K, reserved 1114112K
  class space    used 2413K, committed 2560K, reserved 1048576K
}
Event: 4.600 GC heap before
{Heap before GC invocations=5 (full 0):
 garbage-first heap   total 58368K, used 56605K [0x0000000084c00000, 0x0000000100000000)
  region size 1024K, 47 young (48128K), 7 survivors (7168K)
 Metaspace       used 27948K, committed 28288K, reserved 1114112K
  class space    used 3128K, committed 3264K, reserved 1048576K
}
Event: 4.612 GC heap after
{Heap after GC invocations=6 (full 0):
 garbage-first heap   total 74752K, used 24922K [0x0000000084c00000, 0x0000000100000000)
  region size 1024K, 10 young (10240K), 10 survivors (10240K)
 Metaspace       used 27948K, committed 28288K, reserved 1114112K
  class space    used 3128K, committed 3264K, reserved 1048576K
}
Event: 5.213 GC heap before
{Heap before GC invocations=6 (full 0):
 garbage-first heap   total 74752K, used 57690K [0x0000000084c00000, 0x0000000100000000)
  region size 1024K, 42 young (43008K), 10 survivors (10240K)
 Metaspace       used 33377K, committed 33856K, reserved 1114112K
  class space    used 3820K, committed 4032K, reserved 1048576K
}
Event: 5.218 GC heap after
{Heap after GC invocations=7 (full 0):
 garbage-first heap   total 74752K, used 29021K [0x0000000084c00000, 0x0000000100000000)
  region size 1024K, 4 young (4096K), 4 survivors (4096K)
 Metaspace       used 33377K, committed 33856K, reserved 1114112K
  class space    used 3820K, committed 4032K, reserved 1048576K
}
Event: 5.342 GC heap before
{Heap before GC invocations=7 (full 0):
 garbage-first heap   total 74752K, used 44381K [0x0000000084c00000, 0x0000000100000000)
  region size 1024K, 12 young (12288K), 4 survivors (4096K)
 Metaspace       used 35699K, committed 36160K, reserved 1114112K
  class space    used 4237K, committed 4480K, reserved 1048576K
}
Event: 5.345 GC heap after
{Heap after GC invocations=8 (full 0):
 garbage-first heap   total 74752K, used 38754K [0x0000000084c00000, 0x0000000100000000)
  region size 1024K, 2 young (2048K), 2 survivors (2048K)
 Metaspace       used 35699K, committed 36160K, reserved 1114112K
  class space    used 4237K, committed 4480K, reserved 1048576K
}
Event: 7.647 GC heap before
{Heap before GC invocations=9 (full 0):
 garbage-first heap   total 146432K, used 145250K [0x0000000084c00000, 0x0000000100000000)
  region size 1024K, 19 young (19456K), 2 survivors (2048K)
 Metaspace       used 41270K, committed 41792K, reserved 1114112K
  class space    used 5160K, committed 5440K, reserved 1048576K
}
Event: 7.651 GC heap after
{Heap after GC invocations=10 (full 0):
 garbage-first heap   total 201728K, used 130786K [0x0000000084c00000, 0x0000000100000000)
  region size 1024K, 4 young (4096K), 4 survivors (4096K)
 Metaspace       used 41270K, committed 41792K, reserved 1114112K
  class space    used 5160K, committed 5440K, reserved 1048576K
}

