# JRE version: OpenJDK Runtime Environment (21.0.2+13) (build 21.0.2+13-Ubuntu-122.04.1)
# Java VM: OpenJDK 64-Bit Server VM (21.0.2+13-Ubuntu-122.04.1, mixed mode, sharing, tiered, compressed oops, compressed class ptrs, g1 gc, linux-amd64)
Heap:
 garbage-first heap   total 260096K, used 221346K [0x0000000084c00000, 0x0000000100000000)
  region size 1024K, 16 young (16384K), 6 survivors (6144K)
 Metaspace       used 43618K, committed 44160K, reserved 1114112K
  class space    used 5343K, committed 5632K, reserved 1048576K
GC Heap History (18 events):
Event: 1.268 GC heap before
{Heap before GC invocations=0 (full 0):
 garbage-first heap   total 129024K, used 23581K [0x0000000084c00000, 0x0000000100000000)
  region size 1024K, 23 young (23552K), 0 survivors (0K)
 Metaspace       used 5986K, committed 6144K, reserved 1114112K
  class space    used 690K, committed 768K, reserved 1048576K
}
Event: 1.272 GC heap after
{Heap after GC invocations=1 (full 0):
 garbage-first heap   total 129024K, used 4241K [0x0000000084c00000, 0x0000000100000000)
  region size 1024K, 3 young (3072K), 3 survivors (3072K)
 Metaspace       used 5986K, committed 6144K, reserved 1114112K
  class space    used 690K, committed 768K, reserved 1048576K
}
Event: 3.424 GC heap before
{Heap before GC invocations=1 (full 0):
 garbage-first heap   total 129024K, used 52369K [0x0000000084c00000, 0x0000000100000000)
  region size 1024K, 50 young (51200K), 3 survivors (3072K)
 Metaspace       used 15447K, committed 15744K, reserved 1114112K
  class space    used 1800K, committed 1920K, reserved 1048576K
}
Event: 3.429 GC heap after
{Heap after GC invocations=2 (full 0):
 garbage-first heap   total 129024K, used 8376K [0x0000000084c00000, 0x0000000100000000)
  region size 1024K, 7 young (7168K), 7 survivors (7168K)
 Metaspace       used 15447K, committed 15744K, reserved 1114112K
  class space    used 1800K, committed 1920K, reserved 1048576K
}
Event: 3.951 GC heap before
{Heap before GC invocations=2 (full 0):
 garbage-first heap   total 129024K, used 76984K [0x0000000084c00000, 0x0000000100000000)
  region size 1024K, 74 young (75776K), 7 survivors (7168K)
 Metaspace       used 17731K, committed 18048K, reserved 1114112K
  class space    used 1986K, committed 2112K, reserved 1048576K
}
Event: 3.959 GC heap after
{Heap after GC invocations=3 (full 0):
 garbage-first heap   total 129024K, used 13319K [0x0000000084c00000, 0x0000000100000000)
  region size 1024K, 9 young (9216K), 9 survivors (9216K)
 Metaspace       used 17731K, committed 18048K, reserved 1114112K
  class space    used 1986K, committed 2112K, reserved 1048576K
}
Event: 4.088 GC heap before
{Heap before GC invocations=3 (full 0):
 garbage-first heap   total 129024K, used 29703K [0x0000000084c00000, 0x0000000100000000)
  region size 1024K, 26 young (26624K), 9 survivors (9216K)
 Metaspace       used 21212K, committed 21504K, reserved 1114112K
  class space    used 2414K, committed 2560K, reserved 1048576K
}
Event: 4.093 GC heap after
{Heap after GC invocations=4 (full 0):
 garbage-first heap   total 129024K, used 14823K [0x0000000084c00000, 0x0000000100000000)
  region size 1024K, 7 young (7168K), 7 survivors (7168K)
 Metaspace       used 21212K, committed 21504K, reserved 1114112K
  class space    used 2414K, committed 2560K, reserved 1048576K
}
Event: 4.460 GC heap before
{Heap before GC invocations=5 (full 0):
 garbage-first heap   total 58368K, used 55783K [0x0000000084c00000, 0x0000000100000000)
  region size 1024K, 47 young (48128K), 7 survivors (7168K)
 Metaspace       used 27622K, committed 27968K, reserved 1114112K
  class space    used 3097K, committed 3264K, reserved 1048576K
}
Event: 4.470 GC heap after
{Heap after GC invocations=6 (full 0):
 garbage-first heap   total 74752K, used 24866K [0x0000000084c00000, 0x0000000100000000)
  region size 1024K, 10 young (10240K), 10 survivors (10240K)
 Metaspace       used 27622K, committed 27968K, reserved 1114112K
  class space    used 3097K, committed 3264K, reserved 1048576K
}
Event: 5.087 GC heap before
{Heap before GC invocations=6 (full 0):
 garbage-first heap   total 74752K, used 57634K [0x0000000084c00000, 0x0000000100000000)
  region size 1024K, 42 young (43008K), 10 survivors (10240K)
 Metaspace       used 33364K, committed 33792K, reserved 1114112K
  class space    used 3820K, committed 4032K, reserved 1048576K
}
Event: 5.093 GC heap after
{Heap after GC invocations=7 (full 0):
 garbage-first heap   total 74752K, used 28681K [0x0000000084c00000, 0x0000000100000000)
  region size 1024K, 4 young (4096K), 4 survivors (4096K)
 Metaspace       used 33364K, committed 33792K, reserved 1114112K
  class space    used 3820K, committed 4032K, reserved 1048576K
}
Event: 5.222 GC heap before
{Heap before GC invocations=7 (full 0):
 garbage-first heap   total 74752K, used 44041K [0x0000000084c00000, 0x0000000100000000)
  region size 1024K, 13 young (13312K), 4 survivors (4096K)
 Metaspace       used 35854K, committed 36288K, reserved 1114112K
  class space    used 4264K, committed 4480K, reserved 1048576K
}
Event: 5.225 GC heap after
{Heap after GC invocations=8 (full 0):
 garbage-first heap   total 74752K, used 38857K [0x0000000084c00000, 0x0000000100000000)
  region size 1024K, 2 young (2048K), 2 survivors (2048K)
 Metaspace       used 35854K, committed 36288K, reserved 1114112K
  class space    used 4264K, committed 4480K, reserved 1048576K
}
Event: 8.559 GC heap before
{Heap before GC invocations=9 (full 0):
 garbage-first heap   total 146432K, used 145353K [0x0000000084c00000, 0x0000000100000000)
  region size 1024K, 19 young (19456K), 2 survivors (2048K)
 Metaspace       used 41327K, committed 41856K, reserved 1114112K
  class space    used 5159K, committed 5440K, reserved 1048576K
}
Event: 8.562 GC heap after
{Heap after GC invocations=10 (full 0):
 garbage-first heap   total 185344K, used 130647K [0x0000000084c00000, 0x0000000100000000)
  region size 1024K, 4 young (4096K), 4 survivors (4096K)
 Metaspace       used 41327K, committed 41856K, reserved 1114112K
  class space    used 5159K, committed 5440K, reserved 1048576K
}
Event: 22.949 GC heap before
{Heap before GC invocations=10 (full 0):
 garbage-first heap   total 250880K, used 249431K [0x0000000084c00000, 0x0000000100000000)
  region size 1024K, 19 young (19456K), 4 survivors (4096K)
 Metaspace       used 43178K, committed 43712K, reserved 1114112K
  class space    used 5334K, committed 5632K, reserved 1048576K
}
Event: 22.954 GC heap after
{Heap after GC invocations=11 (full 0):
 garbage-first heap   total 260096K, used 212130K [0x0000000084c00000, 0x0000000100000000)
  region size 1024K, 6 young (6144K), 6 survivors (6144K)
 Metaspace       used 43178K, committed 43712K, reserved 1114112K
  class space    used 5334K, committed 5632K, reserved 1048576K
}

