# JRE version: OpenJDK Runtime Environment (21.0.2+13) (build 21.0.2+13-Ubuntu-122.04.1)
# Java VM: OpenJDK 64-Bit Server VM (21.0.2+13-Ubuntu-122.04.1, mixed mode, sharing, tiered, compressed oops, compressed class ptrs, g1 gc, linux-amd64)
Heap:
 garbage-first heap   total 343040K, used 266066K [0x0000000084c00000, 0x0000000100000000)
  region size 1024K, 6 young (6144K), 2 survivors (2048K)
 Metaspace       used 44112K, committed 44672K, reserved 1114112K
  class space    used 5497K, committed 5760K, reserved 1048576K
GC Heap History (20 events):
Event: 3.962 GC heap before
{Heap before GC invocations=2 (full 0):
 garbage-first heap   total 129024K, used 77072K [0x0000000084c00000, 0x0000000100000000)
  region size 1024K, 74 young (75776K), 7 survivors (7168K)
 Metaspace       used 17750K, committed 18048K, reserved 1114112K
  class space    used 1986K, committed 2112K, reserved 1048576K
}
Event: 3.971 GC heap after
{Heap after GC invocations=3 (full 0):
 garbage-first heap   total 129024K, used 13155K [0x0000000084c00000, 0x0000000100000000)
  region size 1024K, 9 young (9216K), 9 survivors (9216K)
 Metaspace       used 17750K, committed 18048K, reserved 1114112K
  class space    used 1986K, committed 2112K, reserved 1048576K
}
Event: 4.114 GC heap before
{Heap before GC invocations=3 (full 0):
 garbage-first heap   total 129024K, used 31587K [0x0000000084c00000, 0x0000000100000000)
  region size 1024K, 28 young (28672K), 9 survivors (9216K)
 Metaspace       used 21220K, committed 21504K, reserved 1114112K
  class space    used 2413K, committed 2560K, reserved 1048576K
}
Event: 4.119 GC heap after
{Heap after GC invocations=4 (full 0):
 garbage-first heap   total 129024K, used 15218K [0x0000000084c00000, 0x0000000100000000)
  region size 1024K, 7 young (7168K), 7 survivors (7168K)
 Metaspace       used 21220K, committed 21504K, reserved 1114112K
  class space    used 2413K, committed 2560K, reserved 1048576K
}
Event: 4.511 GC heap before
{Heap before GC invocations=5 (full 0):
 garbage-first heap   total 58368K, used 57202K [0x0000000084c00000, 0x0000000100000000)
  region size 1024K, 47 young (48128K), 7 survivors (7168K)
 Metaspace       used 27724K, committed 28032K, reserved 1114112K
  class space    used 3109K, committed 3264K, reserved 1048576K
}
Event: 4.523 GC heap after
{Heap after GC invocations=6 (full 0):
 garbage-first heap   total 73728K, used 24434K [0x0000000084c00000, 0x0000000100000000)
  region size 1024K, 10 young (10240K), 10 survivors (10240K)
 Metaspace       used 27724K, committed 28032K, reserved 1114112K
  class space    used 3109K, committed 3264K, reserved 1048576K
}
Event: 5.165 GC heap before
{Heap before GC invocations=6 (full 0):
 garbage-first heap   total 73728K, used 56178K [0x0000000084c00000, 0x0000000100000000)
  region size 1024K, 42 young (43008K), 10 survivors (10240K)
 Metaspace       used 33279K, committed 33792K, reserved 1114112K
  class space    used 3780K, committed 4032K, reserved 1048576K
}
Event: 5.172 GC heap after
{Heap after GC invocations=7 (full 0):
 garbage-first heap   total 73728K, used 28677K [0x0000000084c00000, 0x0000000100000000)
  region size 1024K, 4 young (4096K), 4 survivors (4096K)
 Metaspace       used 33279K, committed 33792K, reserved 1114112K
  class space    used 3780K, committed 4032K, reserved 1048576K
}
Event: 5.243 GC heap before
{Heap before GC invocations=7 (full 0):
 garbage-first heap   total 73728K, used 34821K [0x0000000084c00000, 0x0000000100000000)
  region size 1024K, 12 young (12288K), 4 survivors (4096K)
 Metaspace       used 35551K, committed 36032K, reserved 1114112K
  class space    used 4161K, committed 4416K, reserved 1048576K
}
Event: 5.245 GC heap after
{Heap after GC invocations=8 (full 0):
 garbage-first heap   total 73728K, used 30070K [0x0000000084c00000, 0x0000000100000000)
  region size 1024K, 2 young (2048K), 2 survivors (2048K)
 Metaspace       used 35551K, committed 36032K, reserved 1114112K
  class space    used 4161K, committed 4416K, reserved 1048576K
}
Event: 5.275 GC heap before
{Heap before GC invocations=8 (full 0):
 garbage-first heap   total 73728K, used 38262K [0x0000000084c00000, 0x0000000100000000)
  region size 1024K, 3 young (3072K), 2 survivors (2048K)
 Metaspace       used 35692K, committed 36160K, reserved 1114112K
  class space    used 4183K, committed 4416K, reserved 1048576K
}
Event: 5.277 GC heap after
{Heap after GC invocations=9 (full 0):
 garbage-first heap   total 96256K, used 38008K [0x0000000084c00000, 0x0000000100000000)
  region size 1024K, 2 young (2048K), 2 survivors (2048K)
 Metaspace       used 35692K, committed 36160K, reserved 1114112K
  class space    used 4183K, committed 4416K, reserved 1048576K
}
Event: 7.612 GC heap before
{Heap before GC invocations=10 (full 0):
 garbage-first heap   total 159744K, used 157816K [0x0000000084c00000, 0x0000000100000000)
  region size 1024K, 22 young (22528K), 2 survivors (2048K)
 Metaspace       used 41936K, committed 42496K, reserved 1114112K
  class space    used 5360K, committed 5632K, reserved 1048576K
}
Event: 7.616 GC heap after
{Heap after GC invocations=11 (full 0):
 garbage-first heap   total 163840K, used 132497K [0x0000000084c00000, 0x0000000100000000)
  region size 1024K, 4 young (4096K), 4 survivors (4096K)
 Metaspace       used 41936K, committed 42496K, reserved 1114112K
  class space    used 5360K, committed 5632K, reserved 1048576K
}
Event: 28.928 GC heap before
{Heap before GC invocations=11 (full 0):
 garbage-first heap   total 239616K, used 238993K [0x0000000084c00000, 0x0000000100000000)
  region size 1024K, 16 young (16384K), 4 survivors (4096K)
 Metaspace       used 43509K, committed 44032K, reserved 1114112K
  class space    used 5483K, committed 5760K, reserved 1048576K
}
Event: 28.932 GC heap after
{Heap after GC invocations=12 (full 0):
 garbage-first heap   total 247808K, used 219494K [0x0000000084c00000, 0x0000000100000000)
  region size 1024K, 3 young (3072K), 3 survivors (3072K)
 Metaspace       used 43509K, committed 44032K, reserved 1114112K
  class space    used 5483K, committed 5760K, reserved 1048576K
}
Event: 36.162 GC heap before
{Heap before GC invocations=12 (full 0):
 garbage-first heap   total 247808K, used 224614K [0x0000000084c00000, 0x0000000100000000)
  region size 1024K, 9 young (9216K), 3 survivors (3072K)
 Metaspace       used 43889K, committed 44416K, reserved 1114112K
  class space    used 5488K, committed 5760K, reserved 1048576K
}
Event: 36.165 GC heap after
{Heap after GC invocations=13 (full 0):
 garbage-first heap   total 247808K, used 219651K [0x0000000084c00000, 0x0000000100000000)
  region size 1024K, 1 young (1024K), 1 survivors (1024K)
 Metaspace       used 43889K, committed 44416K, reserved 1114112K
  class space    used 5488K, committed 5760K, reserved 1048576K
}
Event: 40.686 GC heap before
{Heap before GC invocations=14 (full 0):
 garbage-first heap   total 343040K, used 272899K [0x0000000084c00000, 0x0000000100000000)
  region size 1024K, 13 young (13312K), 1 survivors (1024K)
 Metaspace       used 44100K, committed 44608K, reserved 1114112K
  class space    used 5496K, committed 5760K, reserved 1048576K
}
Event: 40.689 GC heap after
{Heap after GC invocations=15 (full 0):
 garbage-first heap   total 343040K, used 262994K [0x0000000084c00000, 0x0000000100000000)
  region size 1024K, 2 young (2048K), 2 survivors (2048K)
 Metaspace       used 44100K, committed 44608K, reserved 1114112K
  class space    used 5496K, committed 5760K, reserved 1048576K
}

