# JRE version: OpenJDK Runtime Environment (21.0.2+13) (build 21.0.2+13-Ubuntu-122.04.1)
# Java VM: OpenJDK 64-Bit Server VM (21.0.2+13-Ubuntu-122.04.1, mixed mode, sharing, tiered, compressed oops, compressed class ptrs, g1 gc, linux-amd64)
Heap:
 garbage-first heap   total 275456K, used 238918K [0x0000000084c00000, 0x0000000100000000)
  region size 1024K, 8 young (8192K), 1 survivors (1024K)
 Metaspace       used 44495K, committed 45120K, reserved 1114112K
  class space    used 5509K, committed 5824K, reserved 1048576K
GC Heap History (20 events):
Event: 3.915 GC heap before
{Heap before GC invocations=2 (full 0):
 garbage-first heap   total 129024K, used 76988K [0x0000000084c00000, 0x0000000100000000)
  region size 1024K, 74 young (75776K), 7 survivors (7168K)
 Metaspace       used 17755K, committed 18048K, reserved 1114112K
  class space    used 1986K, committed 2112K, reserved 1048576K
}
Event: 3.923 GC heap after
{Heap after GC invocations=3 (full 0):
 garbage-first heap   total 129024K, used 13801K [0x0000000084c00000, 0x0000000100000000)
  region size 1024K, 10 young (10240K), 10 survivors (10240K)
 Metaspace       used 17755K, committed 18048K, reserved 1114112K
  class space    used 1986K, committed 2112K, reserved 1048576K
}
Event: 4.052 GC heap before
{Heap before GC invocations=3 (full 0):
 garbage-first heap   total 129024K, used 30185K [0x0000000084c00000, 0x0000000100000000)
  region size 1024K, 27 young (27648K), 10 survivors (10240K)
 Metaspace       used 21235K, committed 21504K, reserved 1114112K
  class space    used 2414K, committed 2560K, reserved 1048576K
}
Event: 4.057 GC heap after
{Heap after GC invocations=4 (full 0):
 garbage-first heap   total 129024K, used 14877K [0x0000000084c00000, 0x0000000100000000)
  region size 1024K, 7 young (7168K), 7 survivors (7168K)
 Metaspace       used 21235K, committed 21504K, reserved 1114112K
  class space    used 2414K, committed 2560K, reserved 1048576K
}
Event: 4.430 GC heap before
{Heap before GC invocations=5 (full 0):
 garbage-first heap   total 58368K, used 56861K [0x0000000084c00000, 0x0000000100000000)
  region size 1024K, 47 young (48128K), 7 survivors (7168K)
 Metaspace       used 27650K, committed 28032K, reserved 1114112K
  class space    used 3103K, committed 3264K, reserved 1048576K
}
Event: 4.442 GC heap after
{Heap after GC invocations=6 (full 0):
 garbage-first heap   total 74752K, used 24920K [0x0000000084c00000, 0x0000000100000000)
  region size 1024K, 10 young (10240K), 10 survivors (10240K)
 Metaspace       used 27650K, committed 28032K, reserved 1114112K
  class space    used 3103K, committed 3264K, reserved 1048576K
}
Event: 5.086 GC heap before
{Heap before GC invocations=6 (full 0):
 garbage-first heap   total 74752K, used 56664K [0x0000000084c00000, 0x0000000100000000)
  region size 1024K, 42 young (43008K), 10 survivors (10240K)
 Metaspace       used 32439K, committed 32960K, reserved 1114112K
  class space    used 3673K, committed 3904K, reserved 1048576K
}
Event: 5.091 GC heap after
{Heap after GC invocations=7 (full 0):
 garbage-first heap   total 74752K, used 23045K [0x0000000084c00000, 0x0000000100000000)
  region size 1024K, 3 young (3072K), 3 survivors (3072K)
 Metaspace       used 32439K, committed 32960K, reserved 1114112K
  class space    used 3673K, committed 3904K, reserved 1048576K
}
Event: 5.195 GC heap before
{Heap before GC invocations=7 (full 0):
 garbage-first heap   total 74752K, used 40453K [0x0000000084c00000, 0x0000000100000000)
  region size 1024K, 13 young (13312K), 3 survivors (3072K)
 Metaspace       used 35679K, committed 36160K, reserved 1114112K
  class space    used 4184K, committed 4416K, reserved 1048576K
}
Event: 5.198 GC heap after
{Heap after GC invocations=8 (full 0):
 garbage-first heap   total 74752K, used 31882K [0x0000000084c00000, 0x0000000100000000)
  region size 1024K, 4 young (4096K), 4 survivors (4096K)
 Metaspace       used 35679K, committed 36160K, reserved 1114112K
  class space    used 4184K, committed 4416K, reserved 1048576K
}
Event: 5.534 GC heap before
{Heap before GC invocations=9 (full 0):
 garbage-first heap   total 84992K, used 84106K [0x0000000084c00000, 0x0000000100000000)
  region size 1024K, 19 young (19456K), 4 survivors (4096K)
 Metaspace       used 40630K, committed 41152K, reserved 1114112K
  class space    used 5199K, committed 5440K, reserved 1048576K
}
Event: 5.537 GC heap after
{Heap after GC invocations=10 (full 0):
 garbage-first heap   total 124928K, used 70073K [0x0000000084c00000, 0x0000000100000000)
  region size 1024K, 3 young (3072K), 3 survivors (3072K)
 Metaspace       used 40630K, committed 41152K, reserved 1114112K
  class space    used 5199K, committed 5440K, reserved 1048576K
}
Event: 8.761 GC heap before
{Heap before GC invocations=10 (full 0):
 garbage-first heap   total 169984K, used 168377K [0x0000000084c00000, 0x0000000100000000)
  region size 1024K, 12 young (12288K), 3 survivors (3072K)
 Metaspace       used 42512K, committed 43072K, reserved 1114112K
  class space    used 5438K, committed 5696K, reserved 1048576K
}
Event: 8.767 GC heap after
{Heap after GC invocations=11 (full 0):
 garbage-first heap   total 177152K, used 127672K [0x0000000084c00000, 0x0000000100000000)
  region size 1024K, 6 young (6144K), 6 survivors (6144K)
 Metaspace       used 42512K, committed 43072K, reserved 1114112K
  class space    used 5438K, committed 5696K, reserved 1048576K
}
Event: 10.018 GC heap before
{Heap before GC invocations=11 (full 0):
 garbage-first heap   total 177152K, used 127672K [0x0000000084c00000, 0x0000000100000000)
  region size 1024K, 7 young (7168K), 6 survivors (6144K)
 Metaspace       used 42656K, committed 43200K, reserved 1114112K
  class space    used 5454K, committed 5696K, reserved 1048576K
}
Event: 10.021 GC heap after
{Heap after GC invocations=12 (full 0):
 garbage-first heap   total 177152K, used 109182K [0x0000000084c00000, 0x0000000100000000)
  region size 1024K, 3 young (3072K), 3 survivors (3072K)
 Metaspace       used 42656K, committed 43200K, reserved 1114112K
  class space    used 5454K, committed 5696K, reserved 1048576K
}
Event: 27.739 GC heap before
{Heap before GC invocations=13 (full 0):
 garbage-first heap   total 267264K, used 266878K [0x0000000084c00000, 0x0000000100000000)
  region size 1024K, 25 young (25600K), 3 survivors (3072K)
 Metaspace       used 44067K, committed 44672K, reserved 1114112K
  class space    used 5507K, committed 5824K, reserved 1048576K
}
Event: 27.745 GC heap after
{Heap after GC invocations=14 (full 0):
 garbage-first heap   total 275456K, used 232573K [0x0000000084c00000, 0x0000000100000000)
  region size 1024K, 7 young (7168K), 7 survivors (7168K)
 Metaspace       used 44067K, committed 44672K, reserved 1114112K
  class space    used 5507K, committed 5824K, reserved 1048576K
}
Event: 90.560 GC heap before
{Heap before GC invocations=14 (full 0):
 garbage-first heap   total 275456K, used 253053K [0x0000000084c00000, 0x0000000100000000)
  region size 1024K, 27 young (27648K), 7 survivors (7168K)
 Metaspace       used 44403K, committed 45056K, reserved 1114112K
  class space    used 5507K, committed 5824K, reserved 1048576K
}
Event: 90.563 GC heap after
{Heap after GC invocations=15 (full 0):
 garbage-first heap   total 275456K, used 232774K [0x0000000084c00000, 0x0000000100000000)
  region size 1024K, 1 young (1024K), 1 survivors (1024K)
 Metaspace       used 44403K, committed 45056K, reserved 1114112K
  class space    used 5507K, committed 5824K, reserved 1048576K
}

