# JRE version: OpenJDK Runtime Environment (21.0.2+13) (build 21.0.2+13-Ubuntu-122.04.1)
# Java VM: OpenJDK 64-Bit Server VM (21.0.2+13-Ubuntu-122.04.1, mixed mode, sharing, tiered, compressed oops, compressed class ptrs, g1 gc, linux-amd64)
Heap:
 garbage-first heap   total 248832K, used 243571K [0x0000000084c00000, 0x0000000100000000)
  region size 1024K, 22 young (22528K), 4 survivors (4096K)
 Metaspace       used 43658K, committed 44224K, reserved 1114112K
  class space    used 5485K, committed 5760K, reserved 1048576K
GC Heap History (16 events):
Event: 1.262 GC heap before
{Heap before GC invocations=0 (full 0):
 garbage-first heap   total 129024K, used 23581K [0x0000000084c00000, 0x0000000100000000)
  region size 1024K, 23 young (23552K), 0 survivors (0K)
 Metaspace       used 5984K, committed 6144K, reserved 1114112K
  class space    used 690K, committed 768K, reserved 1048576K
}
Event: 1.264 GC heap after
{Heap after GC invocations=1 (full 0):
 garbage-first heap   total 129024K, used 4299K [0x0000000084c00000, 0x0000000100000000)
  region size 1024K, 3 young (3072K), 3 survivors (3072K)
 Metaspace       used 5984K, committed 6144K, reserved 1114112K
  class space    used 690K, committed 768K, reserved 1048576K
}
Event: 3.479 GC heap before
{Heap before GC invocations=1 (full 0):
 garbage-first heap   total 129024K, used 53451K [0x0000000084c00000, 0x0000000100000000)
  region size 1024K, 51 young (52224K), 3 survivors (3072K)
 Metaspace       used 15573K, committed 15808K, reserved 1114112K
  class space    used 1818K, committed 1920K, reserved 1048576K
}
Event: 3.485 GC heap after
{Heap after GC invocations=2 (full 0):
 garbage-first heap   total 129024K, used 8395K [0x0000000084c00000, 0x0000000100000000)
  region size 1024K, 7 young (7168K), 7 survivors (7168K)
 Metaspace       used 15573K, committed 15808K, reserved 1114112K
  class space    used 1818K, committed 1920K, reserved 1048576K
}
Event: 4.012 GC heap before
{Heap before GC invocations=2 (full 0):
 garbage-first heap   total 129024K, used 77003K [0x0000000084c00000, 0x0000000100000000)
  region size 1024K, 74 young (75776K), 7 survivors (7168K)
 Metaspace       used 17742K, committed 18048K, reserved 1114112K
  class space    used 1986K, committed 2112K, reserved 1048576K
}
Event: 4.020 GC heap after
{Heap after GC invocations=3 (full 0):
 garbage-first heap   total 129024K, used 13264K [0x0000000084c00000, 0x0000000100000000)
  region size 1024K, 9 young (9216K), 9 survivors (9216K)
 Metaspace       used 17742K, committed 18048K, reserved 1114112K
  class space    used 1986K, committed 2112K, reserved 1048576K
}
Event: 4.159 GC heap before
{Heap before GC invocations=3 (full 0):
 garbage-first heap   total 129024K, used 30672K [0x0000000084c00000, 0x0000000100000000)
  region size 1024K, 27 young (27648K), 9 survivors (9216K)
 Metaspace       used 21244K, committed 21504K, reserved 1114112K
  class space    used 2413K, committed 2560K, reserved 1048576K
}
Event: 4.163 GC heap after
{Heap after GC invocations=4 (full 0):
 garbage-first heap   total 129024K, used 15079K [0x0000000084c00000, 0x0000000100000000)
  region size 1024K, 7 young (7168K), 7 survivors (7168K)
 Metaspace       used 21244K, committed 21504K, reserved 1114112K
  class space    used 2413K, committed 2560K, reserved 1048576K
}
Event: 4.637 GC heap before
{Heap before GC invocations=5 (full 0):
 garbage-first heap   total 61440K, used 59111K [0x0000000084c00000, 0x0000000100000000)
  region size 1024K, 49 young (50176K), 7 survivors (7168K)
 Metaspace       used 28359K, committed 28672K, reserved 1114112K
  class space    used 3163K, committed 3328K, reserved 1048576K
}
Event: 4.648 GC heap after
{Heap after GC invocations=6 (full 0):
 garbage-first heap   total 77824K, used 25319K [0x0000000084c00000, 0x0000000100000000)
  region size 1024K, 10 young (10240K), 10 survivors (10240K)
 Metaspace       used 28359K, committed 28672K, reserved 1114112K
  class space    used 3163K, committed 3328K, reserved 1048576K
}
Event: 5.254 GC heap before
{Heap before GC invocations=6 (full 0):
 garbage-first heap   total 77824K, used 59111K [0x0000000084c00000, 0x0000000100000000)
  region size 1024K, 44 young (45056K), 10 survivors (10240K)
 Metaspace       used 34499K, committed 35008K, reserved 1114112K
  class space    used 3956K, committed 4224K, reserved 1048576K
}
Event: 5.260 GC heap after
{Heap after GC invocations=7 (full 0):
 garbage-first heap   total 77824K, used 29123K [0x0000000084c00000, 0x0000000100000000)
  region size 1024K, 4 young (4096K), 4 survivors (4096K)
 Metaspace       used 34499K, committed 35008K, reserved 1114112K
  class space    used 3956K, committed 4224K, reserved 1048576K
}
Event: 5.329 GC heap before
{Heap before GC invocations=7 (full 0):
 garbage-first heap   total 77824K, used 42435K [0x0000000084c00000, 0x0000000100000000)
  region size 1024K, 10 young (10240K), 4 survivors (4096K)
 Metaspace       used 35690K, committed 36160K, reserved 1114112K
  class space    used 4183K, committed 4416K, reserved 1048576K
}
Event: 5.332 GC heap after
{Heap after GC invocations=8 (full 0):
 garbage-first heap   total 77824K, used 38876K [0x0000000084c00000, 0x0000000100000000)
  region size 1024K, 2 young (2048K), 2 survivors (2048K)
 Metaspace       used 35690K, committed 36160K, reserved 1114112K
  class space    used 4183K, committed 4416K, reserved 1048576K
}
Event: 7.837 GC heap before
{Heap before GC invocations=9 (full 0):
 garbage-first heap   total 159744K, used 157660K [0x0000000084c00000, 0x0000000100000000)
  region size 1024K, 21 young (21504K), 2 survivors (2048K)
 Metaspace       used 41825K, committed 42304K, reserved 1114112K
  class space    used 5315K, committed 5568K, reserved 1048576K
}
Event: 7.840 GC heap after
{Heap after GC invocations=10 (full 0):
 garbage-first heap   total 203776K, used 132979K [0x0000000084c00000, 0x0000000100000000)
  region size 1024K, 4 young (4096K), 4 survivors (4096K)
 Metaspace       used 41825K, committed 42304K, reserved 1114112K
  class space    used 5315K, committed 5568K, reserved 1048576K
}

