# JRE version: OpenJDK Runtime Environment (21.0.2+13) (build 21.0.2+13-Ubuntu-122.04.1)
# Java VM: OpenJDK 64-Bit Server VM (21.0.2+13-Ubuntu-122.04.1, mixed mode, sharing, tiered, compressed oops, compressed class ptrs, g1 gc, linux-amd64)
Heap:
 garbage-first heap   total 304128K, used 247799K [0x0000000084c00000, 0x0000000100000000)
  region size 1024K, 7 young (7168K), 5 survivors (5120K)
 Metaspace       used 43971K, committed 44480K, reserved 1114112K
  class space    used 5493K, committed 5760K, reserved 1048576K
GC Heap History (18 events):
Event: 1.139 GC heap before
{Heap before GC invocations=0 (full 0):
 garbage-first heap   total 129024K, used 23581K [0x0000000084c00000, 0x0000000100000000)
  region size 1024K, 23 young (23552K), 0 survivors (0K)
 Metaspace       used 5986K, committed 6144K, reserved 1114112K
  class space    used 690K, committed 768K, reserved 1048576K
}
Event: 1.142 GC heap after
{Heap after GC invocations=1 (full 0):
 garbage-first heap   total 129024K, used 4319K [0x0000000084c00000, 0x0000000100000000)
  region size 1024K, 3 young (3072K), 3 survivors (3072K)
 Metaspace       used 5986K, committed 6144K, reserved 1114112K
  class space    used 690K, committed 768K, reserved 1048576K
}
Event: 3.114 GC heap before
{Heap before GC invocations=1 (full 0):
 garbage-first heap   total 129024K, used 53471K [0x0000000084c00000, 0x0000000100000000)
  region size 1024K, 51 young (52224K), 3 survivors (3072K)
 Metaspace       used 15513K, committed 15808K, reserved 1114112K
  class space    used 1806K, committed 1920K, reserved 1048576K
}
Event: 3.121 GC heap after
{Heap after GC invocations=2 (full 0):
 garbage-first heap   total 129024K, used 8415K [0x0000000084c00000, 0x0000000100000000)
  region size 1024K, 7 young (7168K), 7 survivors (7168K)
 Metaspace       used 15513K, committed 15808K, reserved 1114112K
  class space    used 1806K, committed 1920K, reserved 1048576K
}
Event: 3.614 GC heap before
{Heap before GC invocations=2 (full 0):
 garbage-first heap   total 129024K, used 77023K [0x0000000084c00000, 0x0000000100000000)
  region size 1024K, 74 young (75776K), 7 survivors (7168K)
 Metaspace       used 17754K, committed 18048K, reserved 1114112K
  class space    used 1986K, committed 2112K, reserved 1048576K
}
Event: 3.623 GC heap after
{Heap after GC invocations=3 (full 0):
 garbage-first heap   total 129024K, used 13920K [0x0000000084c00000, 0x0000000100000000)
  region size 1024K, 10 young (10240K), 10 survivors (10240K)
 Metaspace       used 17754K, committed 18048K, reserved 1114112K
  class space    used 1986K, committed 2112K, reserved 1048576K
}
Event: 3.761 GC heap before
{Heap before GC invocations=3 (full 0):
 garbage-first heap   total 129024K, used 30304K [0x0000000084c00000, 0x0000000100000000)
  region size 1024K, 27 young (27648K), 10 survivors (10240K)
 Metaspace       used 21226K, committed 21504K, reserved 1114112K
  class space    used 2414K, committed 2560K, reserved 1048576K
}
Event: 3.766 GC heap after
{Heap after GC invocations=4 (full 0):
 garbage-first heap   total 129024K, used 15048K [0x0000000084c00000, 0x0000000100000000)
  region size 1024K, 7 young (7168K), 7 survivors (7168K)
 Metaspace       used 21226K, committed 21504K, reserved 1114112K
  class space    used 2414K, committed 2560K, reserved 1048576K
}
Event: 4.136 GC heap before
{Heap before GC invocations=5 (full 0):
 garbage-first heap   total 58368K, used 57032K [0x0000000084c00000, 0x0000000100000000)
  region size 1024K, 47 young (48128K), 7 survivors (7168K)
 Metaspace       used 27721K, committed 28032K, reserved 1114112K
  class space    used 3109K, committed 3264K, reserved 1048576K
}
Event: 4.147 GC heap after
{Heap after GC invocations=6 (full 0):
 garbage-first heap   total 74752K, used 25414K [0x0000000084c00000, 0x0000000100000000)
  region size 1024K, 10 young (10240K), 10 survivors (10240K)
 Metaspace       used 27721K, committed 28032K, reserved 1114112K
  class space    used 3109K, committed 3264K, reserved 1048576K
}
Event: 4.749 GC heap before
{Heap before GC invocations=6 (full 0):
 garbage-first heap   total 74752K, used 57158K [0x0000000084c00000, 0x0000000100000000)
  region size 1024K, 42 young (43008K), 10 survivors (10240K)
 Metaspace       used 33293K, committed 33792K, reserved 1114112K
  class space    used 3783K, committed 4032K, reserved 1048576K
}
Event: 4.756 GC heap after
{Heap after GC invocations=7 (full 0):
 garbage-first heap   total 74752K, used 28967K [0x0000000084c00000, 0x0000000100000000)
  region size 1024K, 4 young (4096K), 4 survivors (4096K)
 Metaspace       used 33293K, committed 33792K, reserved 1114112K
  class space    used 3783K, committed 4032K, reserved 1048576K
}
Event: 4.870 GC heap before
{Heap before GC invocations=7 (full 0):
 garbage-first heap   total 74752K, used 45351K [0x0000000084c00000, 0x0000000100000000)
  region size 1024K, 13 young (13312K), 4 survivors (4096K)
 Metaspace       used 35711K, committed 36160K, reserved 1114112K
  class space    used 4186K, committed 4416K, reserved 1048576K
}
Event: 4.873 GC heap after
{Heap after GC invocations=8 (full 0):
 garbage-first heap   total 92160K, used 38824K [0x0000000084c00000, 0x0000000100000000)
  region size 1024K, 2 young (2048K), 2 survivors (2048K)
 Metaspace       used 35711K, committed 36160K, reserved 1114112K
  class space    used 4186K, committed 4416K, reserved 1048576K
}
Event: 9.850 GC heap before
{Heap before GC invocations=9 (full 0):
 garbage-first heap   total 221184K, used 220072K [0x0000000084c00000, 0x0000000100000000)
  region size 1024K, 26 young (26624K), 2 survivors (2048K)
 Metaspace       used 42741K, committed 43264K, reserved 1114112K
  class space    used 5473K, committed 5760K, reserved 1048576K
}
Event: 9.853 GC heap after
{Heap after GC invocations=10 (full 0):
 garbage-first heap   total 227328K, used 165661K [0x0000000084c00000, 0x0000000100000000)
  region size 1024K, 6 young (6144K), 6 survivors (6144K)
 Metaspace       used 42741K, committed 43264K, reserved 1114112K
  class space    used 5473K, committed 5760K, reserved 1048576K
}
Event: 24.628 GC heap before
{Heap before GC invocations=10 (full 0):
 garbage-first heap   total 292864K, used 292637K [0x0000000084c00000, 0x0000000100000000)
  region size 1024K, 28 young (28672K), 6 survivors (6144K)
 Metaspace       used 43959K, committed 44480K, reserved 1114112K
  class space    used 5491K, committed 5760K, reserved 1048576K
}
Event: 24.636 GC heap after
{Heap after GC invocations=11 (full 0):
 garbage-first heap   total 304128K, used 246775K [0x0000000084c00000, 0x0000000100000000)
  region size 1024K, 5 young (5120K), 5 survivors (5120K)
 Metaspace       used 43959K, committed 44480K, reserved 1114112K
  class space    used 5491K, committed 5760K, reserved 1048576K
}

