# JRE version: OpenJDK Runtime Environment (21.0.2+13) (build 21.0.2+13-Ubuntu-122.04.1)
# Java VM: OpenJDK 64-Bit Server VM (21.0.2+13-Ubuntu-122.04.1, mixed mode, sharing, tiered, compressed oops, compressed class ptrs, g1 gc, linux-amd64)
Heap:
 garbage-first heap   total 274432K, used 246836K [0x0000000084c00000, 0x0000000100000000)
  region size 1024K, 14 young (14336K), 4 survivors (4096K)
 Metaspace       used 42979K, committed 43520K, reserved 1114112K
  class space    used 5334K, committed 5632K, reserved 1048576K
GC Heap History (16 events):
Event: 1.246 GC heap before
{Heap before GC invocations=0 (full 0):
 garbage-first heap   total 129024K, used 23581K [0x0000000084c00000, 0x0000000100000000)
  region size 1024K, 23 young (23552K), 0 survivors (0K)
 Metaspace       used 5985K, committed 6144K, reserved 1114112K
  class space    used 690K, committed 768K, reserved 1048576K
}
Event: 1.249 GC heap after
{Heap after GC invocations=1 (full 0):
 garbage-first heap   total 129024K, used 4349K [0x0000000084c00000, 0x0000000100000000)
  region size 1024K, 3 young (3072K), 3 survivors (3072K)
 Metaspace       used 5985K, committed 6144K, reserved 1114112K
  class space    used 690K, committed 768K, reserved 1048576K
}
Event: 3.554 GC heap before
{Heap before GC invocations=1 (full 0):
 garbage-first heap   total 129024K, used 53501K [0x0000000084c00000, 0x0000000100000000)
  region size 1024K, 51 young (52224K), 3 survivors (3072K)
 Metaspace       used 15522K, committed 15808K, reserved 1114112K
  class space    used 1811K, committed 1920K, reserved 1048576K
}
Event: 3.560 GC heap after
{Heap after GC invocations=2 (full 0):
 garbage-first heap   total 129024K, used 8445K [0x0000000084c00000, 0x0000000100000000)
  region size 1024K, 7 young (7168K), 7 survivors (7168K)
 Metaspace       used 15522K, committed 15808K, reserved 1114112K
  class space    used 1811K, committed 1920K, reserved 1048576K
}
Event: 4.077 GC heap before
{Heap before GC invocations=2 (full 0):
 garbage-first heap   total 129024K, used 77053K [0x0000000084c00000, 0x0000000100000000)
  region size 1024K, 74 young (75776K), 7 survivors (7168K)
 Metaspace       used 17742K, committed 18048K, reserved 1114112K
  class space    used 1986K, committed 2112K, reserved 1048576K
}
Event: 4.084 GC heap after
{Heap after GC invocations=3 (full 0):
 garbage-first heap   total 129024K, used 13323K [0x0000000084c00000, 0x0000000100000000)
  region size 1024K, 9 young (9216K), 9 survivors (9216K)
 Metaspace       used 17742K, committed 18048K, reserved 1114112K
  class space    used 1986K, committed 2112K, reserved 1048576K
}
Event: 4.214 GC heap before
{Heap before GC invocations=3 (full 0):
 garbage-first heap   total 129024K, used 29707K [0x0000000084c00000, 0x0000000100000000)
  region size 1024K, 26 young (26624K), 9 survivors (9216K)
 Metaspace       used 21237K, committed 21504K, reserved 1114112K
  class space    used 2413K, committed 2560K, reserved 1048576K
}
Event: 4.218 GC heap after
{Heap after GC invocations=4 (full 0):
 garbage-first heap   total 129024K, used 15050K [0x0000000084c00000, 0x0000000100000000)
  region size 1024K, 7 young (7168K), 7 survivors (7168K)
 Metaspace       used 21237K, committed 21504K, reserved 1114112K
  class space    used 2413K, committed 2560K, reserved 1048576K
}
Event: 4.604 GC heap before
{Heap before GC invocations=5 (full 0):
 garbage-first heap   total 58368K, used 57034K [0x0000000084c00000, 0x0000000100000000)
  region size 1024K, 47 young (48128K), 7 survivors (7168K)
 Metaspace       used 27963K, committed 28288K, reserved 1114112K
  class space    used 3128K, committed 3264K, reserved 1048576K
}
Event: 4.614 GC heap after
{Heap after GC invocations=6 (full 0):
 garbage-first heap   total 74752K, used 24902K [0x0000000084c00000, 0x0000000100000000)
  region size 1024K, 10 young (10240K), 10 survivors (10240K)
 Metaspace       used 27963K, committed 28288K, reserved 1114112K
  class space    used 3128K, committed 3264K, reserved 1048576K
}
Event: 5.212 GC heap before
{Heap before GC invocations=6 (full 0):
 garbage-first heap   total 74752K, used 57670K [0x0000000084c00000, 0x0000000100000000)
  region size 1024K, 42 young (43008K), 10 survivors (10240K)
 Metaspace       used 33349K, committed 33792K, reserved 1114112K
  class space    used 3812K, committed 4032K, reserved 1048576K
}
Event: 5.217 GC heap after
{Heap after GC invocations=7 (full 0):
 garbage-first heap   total 74752K, used 28694K [0x0000000084c00000, 0x0000000100000000)
  region size 1024K, 4 young (4096K), 4 survivors (4096K)
 Metaspace       used 33349K, committed 33792K, reserved 1114112K
  class space    used 3812K, committed 4032K, reserved 1048576K
}
Event: 5.340 GC heap before
{Heap before GC invocations=7 (full 0):
 garbage-first heap   total 74752K, used 44054K [0x0000000084c00000, 0x0000000100000000)
  region size 1024K, 13 young (13312K), 4 survivors (4096K)
 Metaspace       used 35712K, committed 36160K, reserved 1114112K
  class space    used 4238K, committed 4480K, reserved 1048576K
}
Event: 5.343 GC heap after
{Heap after GC invocations=8 (full 0):
 garbage-first heap   total 74752K, used 39038K [0x0000000084c00000, 0x0000000100000000)
  region size 1024K, 2 young (2048K), 2 survivors (2048K)
 Metaspace       used 35712K, committed 36160K, reserved 1114112K
  class space    used 4238K, committed 4480K, reserved 1048576K
}
Event: 11.605 GC heap before
{Heap before GC invocations=9 (full 0):
 garbage-first heap   total 222208K, used 220286K [0x0000000084c00000, 0x0000000100000000)
  region size 1024K, 26 young (26624K), 2 survivors (2048K)
 Metaspace       used 42403K, committed 42880K, reserved 1114112K
  class space    used 5327K, committed 5568K, reserved 1048576K
}
Event: 11.609 GC heap after
{Heap after GC invocations=10 (full 0):
 garbage-first heap   total 274432K, used 200756K [0x0000000084c00000, 0x0000000100000000)
  region size 1024K, 4 young (4096K), 4 survivors (4096K)
 Metaspace       used 42403K, committed 42880K, reserved 1114112K
  class space    used 5327K, committed 5568K, reserved 1048576K
}

