# JRE version: OpenJDK Runtime Environment (21.0.2+13) (build 21.0.2+13-Ubuntu-122.04.1)
# Java VM: OpenJDK 64-Bit Server VM (21.0.2+13-Ubuntu-122.04.1, mixed mode, sharing, tiered, compressed oops, compressed class ptrs, g1 gc, linux-amd64)
Heap:
 garbage-first heap   total 311296K, used 255471K [0x0000000084c00000, 0x0000000100000000)
  region size 1024K, 26 young (26624K), 9 survivors (9216K)
 Metaspace       used 44282K, committed 44800K, reserved 1114112K
  class space    used 5497K, committed 5760K, reserved 1048576K
GC Heap History (18 events):
Event: 1.037 GC heap before
{Heap before GC invocations=0 (full 0):
 garbage-first heap   total 129024K, used 23581K [0x0000000084c00000, 0x0000000100000000)
  region size 1024K, 23 young (23552K), 0 survivors (0K)
 Metaspace       used 5984K, committed 6144K, reserved 1114112K
  class space    used 690K, committed 768K, reserved 1048576K
}
Event: 1.039 GC heap after
{Heap after GC invocations=1 (full 0):
 garbage-first heap   total 129024K, used 4229K [0x0000000084c00000, 0x0000000100000000)
  region size 1024K, 3 young (3072K), 3 survivors (3072K)
 Metaspace       used 5984K, committed 6144K, reserved 1114112K
  class space    used 690K, committed 768K, reserved 1048576K
}
Event: 3.198 GC heap before
{Heap before GC invocations=1 (full 0):
 garbage-first heap   total 129024K, used 53381K [0x0000000084c00000, 0x0000000100000000)
  region size 1024K, 51 young (52224K), 3 survivors (3072K)
 Metaspace       used 15560K, committed 15808K, reserved 1114112K
  class space    used 1816K, committed 1920K, reserved 1048576K
}
Event: 3.204 GC heap after
{Heap after GC invocations=2 (full 0):
 garbage-first heap   total 129024K, used 8325K [0x0000000084c00000, 0x0000000100000000)
  region size 1024K, 7 young (7168K), 7 survivors (7168K)
 Metaspace       used 15560K, committed 15808K, reserved 1114112K
  class space    used 1816K, committed 1920K, reserved 1048576K
}
Event: 3.873 GC heap before
{Heap before GC invocations=2 (full 0):
 garbage-first heap   total 129024K, used 76933K [0x0000000084c00000, 0x0000000100000000)
  region size 1024K, 74 young (75776K), 7 survivors (7168K)
 Metaspace       used 17749K, committed 18048K, reserved 1114112K
  class space    used 1986K, committed 2112K, reserved 1048576K
}
Event: 3.883 GC heap after
{Heap after GC invocations=3 (full 0):
 garbage-first heap   total 129024K, used 13194K [0x0000000084c00000, 0x0000000100000000)
  region size 1024K, 9 young (9216K), 9 survivors (9216K)
 Metaspace       used 17749K, committed 18048K, reserved 1114112K
  class space    used 1986K, committed 2112K, reserved 1048576K
}
Event: 4.078 GC heap before
{Heap before GC invocations=3 (full 0):
 garbage-first heap   total 129024K, used 30602K [0x0000000084c00000, 0x0000000100000000)
  region size 1024K, 27 young (27648K), 9 survivors (9216K)
 Metaspace       used 21227K, committed 21504K, reserved 1114112K
  class space    used 2414K, committed 2560K, reserved 1048576K
}
Event: 4.083 GC heap after
{Heap after GC invocations=4 (full 0):
 garbage-first heap   total 129024K, used 14880K [0x0000000084c00000, 0x0000000100000000)
  region size 1024K, 7 young (7168K), 7 survivors (7168K)
 Metaspace       used 21227K, committed 21504K, reserved 1114112K
  class space    used 2414K, committed 2560K, reserved 1048576K
}
Event: 4.523 GC heap before
{Heap before GC invocations=5 (full 0):
 garbage-first heap   total 58368K, used 56864K [0x0000000084c00000, 0x0000000100000000)
  region size 1024K, 47 young (48128K), 7 survivors (7168K)
 Metaspace       used 27668K, committed 28032K, reserved 1114112K
  class space    used 3103K, committed 3264K, reserved 1048576K
}
Event: 4.538 GC heap after
{Heap after GC invocations=6 (full 0):
 garbage-first heap   total 74752K, used 24801K [0x0000000084c00000, 0x0000000100000000)
  region size 1024K, 10 young (10240K), 10 survivors (10240K)
 Metaspace       used 27668K, committed 28032K, reserved 1114112K
  class space    used 3103K, committed 3264K, reserved 1048576K
}
Event: 5.248 GC heap before
{Heap before GC invocations=6 (full 0):
 garbage-first heap   total 74752K, used 56545K [0x0000000084c00000, 0x0000000100000000)
  region size 1024K, 42 young (43008K), 10 survivors (10240K)
 Metaspace       used 32449K, committed 32896K, reserved 1114112K
  class space    used 3673K, committed 3904K, reserved 1048576K
}
Event: 5.253 GC heap after
{Heap after GC invocations=7 (full 0):
 garbage-first heap   total 74752K, used 28719K [0x0000000084c00000, 0x0000000100000000)
  region size 1024K, 4 young (4096K), 4 survivors (4096K)
 Metaspace       used 32449K, committed 32896K, reserved 1114112K
  class space    used 3673K, committed 3904K, reserved 1048576K
}
Event: 5.384 GC heap before
{Heap before GC invocations=7 (full 0):
 garbage-first heap   total 74752K, used 45103K [0x0000000084c00000, 0x0000000100000000)
  region size 1024K, 14 young (14336K), 4 survivors (4096K)
 Metaspace       used 35714K, committed 36160K, reserved 1114112K
  class space    used 4187K, committed 4416K, reserved 1048576K
}
Event: 5.387 GC heap after
{Heap after GC invocations=8 (full 0):
 garbage-first heap   total 74752K, used 38631K [0x0000000084c00000, 0x0000000100000000)
  region size 1024K, 2 young (2048K), 2 survivors (2048K)
 Metaspace       used 35714K, committed 36160K, reserved 1114112K
  class space    used 4187K, committed 4416K, reserved 1048576K
}
Event: 22.036 GC heap before
{Heap before GC invocations=9 (full 0):
 garbage-first heap   total 214016K, used 212711K [0x0000000084c00000, 0x0000000100000000)
  region size 1024K, 27 young (27648K), 2 survivors (2048K)
 Metaspace       used 42905K, committed 43392K, reserved 1114112K
  class space    used 5456K, committed 5696K, reserved 1048576K
}
Event: 22.041 GC heap after
{Heap after GC invocations=10 (full 0):
 garbage-first heap   total 264192K, used 156997K [0x0000000084c00000, 0x0000000100000000)
  region size 1024K, 4 young (4096K), 4 survivors (4096K)
 Metaspace       used 42905K, committed 43392K, reserved 1114112K
  class space    used 5456K, committed 5696K, reserved 1048576K
}
Event: 35.510 GC heap before
{Heap before GC invocations=10 (full 0):
 garbage-first heap   total 301056K, used 300357K [0x0000000084c00000, 0x0000000100000000)
  region size 1024K, 29 young (29696K), 4 survivors (4096K)
 Metaspace       used 44069K, committed 44608K, reserved 1114112K
  class space    used 5492K, committed 5760K, reserved 1048576K
}
Event: 35.517 GC heap after
{Heap after GC invocations=11 (full 0):
 garbage-first heap   total 311296K, used 239087K [0x0000000084c00000, 0x0000000100000000)
  region size 1024K, 9 young (9216K), 9 survivors (9216K)
 Metaspace       used 44069K, committed 44608K, reserved 1114112K
  class space    used 5492K, committed 5760K, reserved 1048576K
}

