# JRE version: OpenJDK Runtime Environment (21.0.2+13) (build 21.0.2+13-Ubuntu-122.04.1)
# Java VM: OpenJDK 64-Bit Server VM (21.0.2+13-Ubuntu-122.04.1, mixed mode, sharing, tiered, compressed oops, compressed class ptrs, g1 gc, linux-amd64)
Heap:
 garbage-first heap   total 337920K, used 285857K [0x0000000084c00000, 0x0000000100000000)
  region size 1024K, 10 young (10240K), 8 survivors (8192K)
 Metaspace       used 43415K, committed 43968K, reserved 1114112K
  class space    used 5327K, committed 5568K, reserved 1048576K
GC Heap History (18 events):
Event: 1.152 GC heap before
{Heap before GC invocations=0 (full 0):
 garbage-first heap   total 129024K, used 24605K [0x0000000084c00000, 0x0000000100000000)
  region size 1024K, 23 young (23552K), 0 survivors (0K)
 Metaspace       used 5983K, committed 6144K, reserved 1114112K
  class space    used 689K, committed 768K, reserved 1048576K
}
Event: 1.154 GC heap after
{Heap after GC invocations=1 (full 0):
 garbage-first heap   total 129024K, used 4296K [0x0000000084c00000, 0x0000000100000000)
  region size 1024K, 3 young (3072K), 3 survivors (3072K)
 Metaspace       used 5983K, committed 6144K, reserved 1114112K
  class space    used 689K, committed 768K, reserved 1048576K
}
Event: 3.403 GC heap before
{Heap before GC invocations=1 (full 0):
 garbage-first heap   total 129024K, used 53448K [0x0000000084c00000, 0x0000000100000000)
  region size 1024K, 51 young (52224K), 3 survivors (3072K)
 Metaspace       used 15480K, committed 15744K, reserved 1114112K
  class space    used 1802K, committed 1920K, reserved 1048576K
}
Event: 3.409 GC heap after
{Heap after GC invocations=2 (full 0):
 garbage-first heap   total 129024K, used 8710K [0x0000000084c00000, 0x0000000100000000)
  region size 1024K, 7 young (7168K), 7 survivors (7168K)
 Metaspace       used 15480K, committed 15744K, reserved 1114112K
  class space    used 1802K, committed 1920K, reserved 1048576K
}
Event: 3.932 GC heap before
{Heap before GC invocations=2 (full 0):
 garbage-first heap   total 129024K, used 77318K [0x0000000084c00000, 0x0000000100000000)
  region size 1024K, 74 young (75776K), 7 survivors (7168K)
 Metaspace       used 17742K, committed 18048K, reserved 1114112K
  class space    used 1986K, committed 2112K, reserved 1048576K
}
Event: 3.941 GC heap after
{Heap after GC invocations=3 (full 0):
 garbage-first heap   total 129024K, used 13570K [0x0000000084c00000, 0x0000000100000000)
  region size 1024K, 9 young (9216K), 9 survivors (9216K)
 Metaspace       used 17742K, committed 18048K, reserved 1114112K
  class space    used 1986K, committed 2112K, reserved 1048576K
}
Event: 4.073 GC heap before
{Heap before GC invocations=3 (full 0):
 garbage-first heap   total 129024K, used 29954K [0x0000000084c00000, 0x0000000100000000)
  region size 1024K, 26 young (26624K), 9 survivors (9216K)
 Metaspace       used 21230K, committed 21504K, reserved 1114112K
  class space    used 2415K, committed 2560K, reserved 1048576K
}
Event: 4.079 GC heap after
{Heap after GC invocations=4 (full 0):
 garbage-first heap   total 129024K, used 14875K [0x0000000084c00000, 0x0000000100000000)
  region size 1024K, 7 young (7168K), 7 survivors (7168K)
 Metaspace       used 21230K, committed 21504K, reserved 1114112K
  class space    used 2415K, committed 2560K, reserved 1048576K
}
Event: 4.462 GC heap before
{Heap before GC invocations=5 (full 0):
 garbage-first heap   total 58368K, used 56859K [0x0000000084c00000, 0x0000000100000000)
  region size 1024K, 47 young (48128K), 7 survivors (7168K)
 Metaspace       used 28012K, committed 28352K, reserved 1114112K
  class space    used 3143K, committed 3328K, reserved 1048576K
}
Event: 4.473 GC heap after
{Heap after GC invocations=6 (full 0):
 garbage-first heap   total 74752K, used 24914K [0x0000000084c00000, 0x0000000100000000)
  region size 1024K, 10 young (10240K), 10 survivors (10240K)
 Metaspace       used 28012K, committed 28352K, reserved 1114112K
  class space    used 3143K, committed 3328K, reserved 1048576K
}
Event: 5.088 GC heap before
{Heap before GC invocations=6 (full 0):
 garbage-first heap   total 74752K, used 56658K [0x0000000084c00000, 0x0000000100000000)
  region size 1024K, 42 young (43008K), 10 survivors (10240K)
 Metaspace       used 33541K, committed 33984K, reserved 1114112K
  class space    used 3845K, committed 4032K, reserved 1048576K
}
Event: 5.094 GC heap after
{Heap after GC invocations=7 (full 0):
 garbage-first heap   total 74752K, used 28209K [0x0000000084c00000, 0x0000000100000000)
  region size 1024K, 4 young (4096K), 4 survivors (4096K)
 Metaspace       used 33541K, committed 33984K, reserved 1114112K
  class space    used 3845K, committed 4032K, reserved 1048576K
}
Event: 5.225 GC heap before
{Heap before GC invocations=7 (full 0):
 garbage-first heap   total 74752K, used 43569K [0x0000000084c00000, 0x0000000100000000)
  region size 1024K, 13 young (13312K), 4 survivors (4096K)
 Metaspace       used 35854K, committed 36288K, reserved 1114112K
  class space    used 4259K, committed 4480K, reserved 1048576K
}
Event: 5.228 GC heap after
{Heap after GC invocations=8 (full 0):
 garbage-first heap   total 74752K, used 38224K [0x0000000084c00000, 0x0000000100000000)
  region size 1024K, 2 young (2048K), 2 survivors (2048K)
 Metaspace       used 35854K, committed 36288K, reserved 1114112K
  class space    used 4259K, committed 4480K, reserved 1048576K
}
Event: 7.343 GC heap before
{Heap before GC invocations=9 (full 0):
 garbage-first heap   total 156672K, used 155984K [0x0000000084c00000, 0x0000000100000000)
  region size 1024K, 19 young (19456K), 2 survivors (2048K)
 Metaspace       used 41370K, committed 41920K, reserved 1114112K
  class space    used 5176K, committed 5440K, reserved 1048576K
}
Event: 7.346 GC heap after
{Heap after GC invocations=10 (full 0):
 garbage-first heap   total 219136K, used 140448K [0x0000000084c00000, 0x0000000100000000)
  region size 1024K, 4 young (4096K), 4 survivors (4096K)
 Metaspace       used 41370K, committed 41920K, reserved 1114112K
  class space    used 5176K, committed 5440K, reserved 1048576K
}
Event: 15.476 GC heap before
{Heap before GC invocations=10 (full 0):
 garbage-first heap   total 329728K, used 327840K [0x0000000084c00000, 0x0000000100000000)
  region size 1024K, 24 young (24576K), 4 survivors (4096K)
 Metaspace       used 43407K, committed 43968K, reserved 1114112K
  class space    used 5325K, committed 5568K, reserved 1048576K
}
Event: 15.481 GC heap after
{Heap after GC invocations=11 (full 0):
 garbage-first heap   total 337920K, used 284833K [0x0000000084c00000, 0x0000000100000000)
  region size 1024K, 8 young (8192K), 8 survivors (8192K)
 Metaspace       used 43407K, committed 43968K, reserved 1114112K
  class space    used 5325K, committed 5568K, reserved 1048576K
}

