# JRE version: OpenJDK Runtime Environment (21.0.2+13) (build 21.0.2+13-Ubuntu-122.04.1)
# Java VM: OpenJDK 64-Bit Server VM (21.0.2+13-Ubuntu-122.04.1, mixed mode, sharing, tiered, compressed oops, compressed class ptrs, g1 gc, linux-amd64)
Heap:
 garbage-first heap   total 211968K, used 188241K [0x0000000084c00000, 0x0000000100000000)
  region size 1024K, 14 young (14336K), 3 survivors (3072K)
 Metaspace       used 42774K, committed 43264K, reserved 1114112K
  class space    used 5317K, committed 5568K, reserved 1048576K
GC Heap History (20 events):
Event: 1.071 GC heap before
{Heap before GC invocations=0 (full 0):
 garbage-first heap   total 129024K, used 23581K [0x0000000084c00000, 0x0000000100000000)
  region size 1024K, 23 young (23552K), 0 survivors (0K)
 Metaspace       used 5976K, committed 6144K, reserved 1114112K
  class space    used 690K, committed 768K, reserved 1048576K
}
Event: 1.074 GC heap after
{Heap after GC invocations=1 (full 0):
 garbage-first heap   total 129024K, used 4333K [0x0000000084c00000, 0x0000000100000000)
  region size 1024K, 3 young (3072K), 3 survivors (3072K)
 Metaspace       used 5976K, committed 6144K, reserved 1114112K
  class space    used 690K, committed 768K, reserved 1048576K
}
Event: 3.098 GC heap before
{Heap before GC invocations=1 (full 0):
 garbage-first heap   total 129024K, used 53485K [0x0000000084c00000, 0x0000000100000000)
  region size 1024K, 51 young (52224K), 3 survivors (3072K)
 Metaspace       used 15540K, committed 15808K, reserved 1114112K
  class space    used 1820K, committed 1920K, reserved 1048576K
}
Event: 3.104 GC heap after
{Heap after GC invocations=2 (full 0):
 garbage-first heap   total 129024K, used 8428K [0x0000000084c00000, 0x0000000100000000)
  region size 1024K, 7 young (7168K), 7 survivors (7168K)
 Metaspace       used 15540K, committed 15808K, reserved 1114112K
  class space    used 1820K, committed 1920K, reserved 1048576K
}
Event: 3.593 GC heap before
{Heap before GC invocations=2 (full 0):
 garbage-first heap   total 129024K, used 77036K [0x0000000084c00000, 0x0000000100000000)
  region size 1024K, 74 young (75776K), 7 survivors (7168K)
 Metaspace       used 17627K, committed 17920K, reserved 1114112K
  class space    used 1986K, committed 2112K, reserved 1048576K
}
Event: 3.601 GC heap after
{Heap after GC invocations=3 (full 0):
 garbage-first heap   total 129024K, used 13353K [0x0000000084c00000, 0x0000000100000000)
  region size 1024K, 9 young (9216K), 9 survivors (9216K)
 Metaspace       used 17627K, committed 17920K, reserved 1114112K
  class space    used 1986K, committed 2112K, reserved 1048576K
}
Event: 3.718 GC heap before
{Heap before GC invocations=3 (full 0):
 garbage-first heap   total 129024K, used 27689K [0x0000000084c00000, 0x0000000100000000)
  region size 1024K, 24 young (24576K), 9 survivors (9216K)
 Metaspace       used 21193K, committed 21504K, reserved 1114112K
  class space    used 2440K, committed 2624K, reserved 1048576K
}
Event: 3.724 GC heap after
{Heap after GC invocations=4 (full 0):
 garbage-first heap   total 129024K, used 14685K [0x0000000084c00000, 0x0000000100000000)
  region size 1024K, 7 young (7168K), 7 survivors (7168K)
 Metaspace       used 21193K, committed 21504K, reserved 1114112K
  class space    used 2440K, committed 2624K, reserved 1048576K
}
Event: 4.040 GC heap before
{Heap before GC invocations=5 (full 0):
 garbage-first heap   total 58368K, used 56669K [0x0000000084c00000, 0x0000000100000000)
  region size 1024K, 47 young (48128K), 7 survivors (7168K)
 Metaspace       used 27664K, committed 28032K, reserved 1114112K
  class space    used 3111K, committed 3264K, reserved 1048576K
}
Event: 4.051 GC heap after
{Heap after GC invocations=6 (full 0):
 garbage-first heap   total 74752K, used 24928K [0x0000000084c00000, 0x0000000100000000)
  region size 1024K, 10 young (10240K), 10 survivors (10240K)
 Metaspace       used 27664K, committed 28032K, reserved 1114112K
  class space    used 3111K, committed 3264K, reserved 1048576K
}
Event: 4.577 GC heap before
{Heap before GC invocations=6 (full 0):
 garbage-first heap   total 74752K, used 57696K [0x0000000084c00000, 0x0000000100000000)
  region size 1024K, 42 young (43008K), 10 survivors (10240K)
 Metaspace       used 33358K, committed 33792K, reserved 1114112K
  class space    used 3859K, committed 4032K, reserved 1048576K
}
Event: 4.582 GC heap after
{Heap after GC invocations=7 (full 0):
 garbage-first heap   total 74752K, used 23134K [0x0000000084c00000, 0x0000000100000000)
  region size 1024K, 3 young (3072K), 3 survivors (3072K)
 Metaspace       used 33358K, committed 33792K, reserved 1114112K
  class space    used 3859K, committed 4032K, reserved 1048576K
}
Event: 4.710 GC heap before
{Heap before GC invocations=7 (full 0):
 garbage-first heap   total 74752K, used 39518K [0x0000000084c00000, 0x0000000100000000)
  region size 1024K, 12 young (12288K), 3 survivors (3072K)
 Metaspace       used 35665K, committed 36160K, reserved 1114112K
  class space    used 4277K, committed 4544K, reserved 1048576K
}
Event: 4.713 GC heap after
{Heap after GC invocations=8 (full 0):
 garbage-first heap   total 74752K, used 32262K [0x0000000084c00000, 0x0000000100000000)
  region size 1024K, 4 young (4096K), 4 survivors (4096K)
 Metaspace       used 35665K, committed 36160K, reserved 1114112K
  class space    used 4277K, committed 4544K, reserved 1048576K
}
Event: 5.003 GC heap before
{Heap before GC invocations=9 (full 0):
 garbage-first heap   total 82944K, used 82438K [0x0000000084c00000, 0x0000000100000000)
  region size 1024K, 17 young (17408K), 4 survivors (4096K)
 Metaspace       used 39889K, committed 40384K, reserved 1114112K
  class space    used 5046K, committed 5248K, reserved 1048576K
}
Event: 5.006 GC heap after
{Heap after GC invocations=10 (full 0):
 garbage-first heap   total 115712K, used 70275K [0x0000000084c00000, 0x0000000100000000)
  region size 1024K, 3 young (3072K), 3 survivors (3072K)
 Metaspace       used 39889K, committed 40384K, reserved 1114112K
  class space    used 5046K, committed 5248K, reserved 1048576K
}
Event: 10.390 GC heap before
{Heap before GC invocations=10 (full 0):
 garbage-first heap   total 167936K, used 167555K [0x0000000084c00000, 0x0000000100000000)
  region size 1024K, 10 young (10240K), 3 survivors (3072K)
 Metaspace       used 41732K, committed 42240K, reserved 1114112K
  class space    used 5267K, committed 5504K, reserved 1048576K
}
Event: 10.394 GC heap after
{Heap after GC invocations=11 (full 0):
 garbage-first heap   total 173056K, used 142673K [0x0000000084c00000, 0x0000000100000000)
  region size 1024K, 3 young (3072K), 3 survivors (3072K)
 Metaspace       used 41732K, committed 42240K, reserved 1114112K
  class space    used 5267K, committed 5504K, reserved 1048576K
}
Event: 16.294 GC heap before
{Heap before GC invocations=11 (full 0):
 garbage-first heap   total 173056K, used 145745K [0x0000000084c00000, 0x0000000100000000)
  region size 1024K, 8 young (8192K), 3 survivors (3072K)
 Metaspace       used 42173K, committed 42752K, reserved 1114112K
  class space    used 5292K, committed 5568K, reserved 1048576K
}
Event: 16.297 GC heap after
{Heap after GC invocations=12 (full 0):
 garbage-first heap   total 173056K, used 109393K [0x0000000084c00000, 0x0000000100000000)
  region size 1024K, 3 young (3072K), 3 survivors (3072K)
 Metaspace       used 42173K, committed 42752K, reserved 1114112K
  class space    used 5292K, committed 5568K, reserved 1048576K
}

