# JRE version: OpenJDK Runtime Environment (21.0.2+13) (build 21.0.2+13-Ubuntu-122.04.1)
# Java VM: OpenJDK 64-Bit Server VM (21.0.2+13-Ubuntu-122.04.1, mixed mode, sharing, tiered, compressed oops, compressed class ptrs, g1 gc, linux-amd64)
Heap:
 garbage-first heap   total 262144K, used 236389K [0x0000000084c00000, 0x0000000100000000)
  region size 1024K, 23 young (23552K), 4 survivors (4096K)
 Metaspace       used 43521K, committed 44032K, reserved 1114112K
  class space    used 5328K, committed 5568K, reserved 1048576K
GC Heap History (16 events):
Event: 1.216 GC heap before
{Heap before GC invocations=0 (full 0):
 garbage-first heap   total 129024K, used 23581K [0x0000000084c00000, 0x0000000100000000)
  region size 1024K, 23 young (23552K), 0 survivors (0K)
 Metaspace       used 5983K, committed 6144K, reserved 1114112K
  class space    used 690K, committed 768K, reserved 1048576K
}
Event: 1.219 GC heap after
{Heap after GC invocations=1 (full 0):
 garbage-first heap   total 129024K, used 4333K [0x0000000084c00000, 0x0000000100000000)
  region size 1024K, 3 young (3072K), 3 survivors (3072K)
 Metaspace       used 5983K, committed 6144K, reserved 1114112K
  class space    used 690K, committed 768K, reserved 1048576K
}
Event: 3.451 GC heap before
{Heap before GC invocations=1 (full 0):
 garbage-first heap   total 129024K, used 53485K [0x0000000084c00000, 0x0000000100000000)
  region size 1024K, 51 young (52224K), 3 survivors (3072K)
 Metaspace       used 15512K, committed 15744K, reserved 1114112K
  class space    used 1806K, committed 1920K, reserved 1048576K
}
Event: 3.457 GC heap after
{Heap after GC invocations=2 (full 0):
 garbage-first heap   total 129024K, used 8429K [0x0000000084c00000, 0x0000000100000000)
  region size 1024K, 7 young (7168K), 7 survivors (7168K)
 Metaspace       used 15512K, committed 15744K, reserved 1114112K
  class space    used 1806K, committed 1920K, reserved 1048576K
}
Event: 3.996 GC heap before
{Heap before GC invocations=2 (full 0):
 garbage-first heap   total 129024K, used 77037K [0x0000000084c00000, 0x0000000100000000)
  region size 1024K, 74 young (75776K), 7 survivors (7168K)
 Metaspace       used 17746K, committed 18048K, reserved 1114112K
  class space    used 1986K, committed 2112K, reserved 1048576K
}
Event: 4.004 GC heap after
{Heap after GC invocations=3 (full 0):
 garbage-first heap   total 129024K, used 13226K [0x0000000084c00000, 0x0000000100000000)
  region size 1024K, 9 young (9216K), 9 survivors (9216K)
 Metaspace       used 17746K, committed 18048K, reserved 1114112K
  class space    used 1986K, committed 2112K, reserved 1048576K
}
Event: 4.127 GC heap before
{Heap before GC invocations=3 (full 0):
 garbage-first heap   total 129024K, used 29610K [0x0000000084c00000, 0x0000000100000000)
  region size 1024K, 26 young (26624K), 9 survivors (9216K)
 Metaspace       used 21226K, committed 21504K, reserved 1114112K
  class space    used 2413K, committed 2560K, reserved 1048576K
}
Event: 4.133 GC heap after
{Heap after GC invocations=4 (full 0):
 garbage-first heap   total 129024K, used 15389K [0x0000000084c00000, 0x0000000100000000)
  region size 1024K, 7 young (7168K), 7 survivors (7168K)
 Metaspace       used 21226K, committed 21504K, reserved 1114112K
  class space    used 2413K, committed 2560K, reserved 1048576K
}
Event: 4.499 GC heap before
{Heap before GC invocations=5 (full 0):
 garbage-first heap   total 58368K, used 56349K [0x0000000084c00000, 0x0000000100000000)
  region size 1024K, 47 young (48128K), 7 survivors (7168K)
 Metaspace       used 27755K, committed 28096K, reserved 1114112K
  class space    used 3104K, committed 3264K, reserved 1048576K
}
Event: 4.510 GC heap after
{Heap after GC invocations=6 (full 0):
 garbage-first heap   total 73728K, used 24605K [0x0000000084c00000, 0x0000000100000000)
  region size 1024K, 10 young (10240K), 10 survivors (10240K)
 Metaspace       used 27755K, committed 28096K, reserved 1114112K
  class space    used 3104K, committed 3264K, reserved 1048576K
}
Event: 5.476 GC heap before
{Heap before GC invocations=6 (full 0):
 garbage-first heap   total 73728K, used 57373K [0x0000000084c00000, 0x0000000100000000)
  region size 1024K, 42 young (43008K), 10 survivors (10240K)
 Metaspace       used 33349K, committed 33792K, reserved 1114112K
  class space    used 3814K, committed 4032K, reserved 1048576K
}
Event: 5.482 GC heap after
{Heap after GC invocations=7 (full 0):
 garbage-first heap   total 73728K, used 28608K [0x0000000084c00000, 0x0000000100000000)
  region size 1024K, 4 young (4096K), 4 survivors (4096K)
 Metaspace       used 33349K, committed 33792K, reserved 1114112K
  class space    used 3814K, committed 4032K, reserved 1048576K
}
Event: 5.624 GC heap before
{Heap before GC invocations=7 (full 0):
 garbage-first heap   total 73728K, used 43968K [0x0000000084c00000, 0x0000000100000000)
  region size 1024K, 12 young (12288K), 4 survivors (4096K)
 Metaspace       used 35701K, committed 36160K, reserved 1114112K
  class space    used 4230K, committed 4480K, reserved 1048576K
}
Event: 5.626 GC heap after
{Heap after GC invocations=8 (full 0):
 garbage-first heap   total 73728K, used 38319K [0x0000000084c00000, 0x0000000100000000)
  region size 1024K, 2 young (2048K), 2 survivors (2048K)
 Metaspace       used 35701K, committed 36160K, reserved 1114112K
  class space    used 4230K, committed 4480K, reserved 1048576K
}
Event: 33.888 GC heap before
{Heap before GC invocations=9 (full 0):
 garbage-first heap   total 212992K, used 211375K [0x0000000084c00000, 0x0000000100000000)
  region size 1024K, 26 young (26624K), 2 survivors (2048K)
 Metaspace       used 42603K, committed 43136K, reserved 1114112K
  class space    used 5316K, committed 5568K, reserved 1048576K
}
Event: 33.892 GC heap after
{Heap after GC invocations=10 (full 0):
 garbage-first heap   total 262144K, used 172901K [0x0000000084c00000, 0x0000000100000000)
  region size 1024K, 4 young (4096K), 4 survivors (4096K)
 Metaspace       used 42603K, committed 43136K, reserved 1114112K
  class space    used 5316K, committed 5568K, reserved 1048576K
}

