# JRE version: OpenJDK Runtime Environment (21.0.2+13) (build 21.0.2+13-Ubuntu-122.04.1)
# Java VM: OpenJDK 64-Bit Server VM (21.0.2+13-Ubuntu-122.04.1, mixed mode, sharing, tiered, compressed oops, compressed class ptrs, g1 gc, linux-amd64)
Heap:
 garbage-first heap   total 274432K, used 247446K [0x0000000084c00000, 0x0000000100000000)
  region size 1024K, 23 young (23552K), 7 survivors (7168K)
 Metaspace       used 44452K, committed 45056K, reserved 1114112K
  class space    used 5516K, committed 5824K, reserved 1048576K
GC Heap History (20 events):
Event: 3.492 GC heap before
{Heap before GC invocations=1 (full 0):
 garbage-first heap   total 129024K, used 52323K [0x0000000084c00000, 0x0000000100000000)
  region size 1024K, 50 young (51200K), 3 survivors (3072K)
 Metaspace       used 15454K, committed 15744K, reserved 1114112K
  class space    used 1800K, committed 1920K, reserved 1048576K
}
Event: 3.498 GC heap after
{Heap after GC invocations=2 (full 0):
 garbage-first heap   total 129024K, used 8335K [0x0000000084c00000, 0x0000000100000000)
  region size 1024K, 7 young (7168K), 7 survivors (7168K)
 Metaspace       used 15454K, committed 15744K, reserved 1114112K
  class space    used 1800K, committed 1920K, reserved 1048576K
}
Event: 4.044 GC heap before
{Heap before GC invocations=2 (full 0):
 garbage-first heap   total 129024K, used 76943K [0x0000000084c00000, 0x0000000100000000)
  region size 1024K, 74 young (75776K), 7 survivors (7168K)
 Metaspace       used 17754K, committed 18048K, reserved 1114112K
  class space    used 1986K, committed 2112K, reserved 1048576K
}
Event: 4.051 GC heap after
{Heap after GC invocations=3 (full 0):
 garbage-first heap   total 129024K, used 13227K [0x0000000084c00000, 0x0000000100000000)
  region size 1024K, 9 young (9216K), 9 survivors (9216K)
 Metaspace       used 17754K, committed 18048K, reserved 1114112K
  class space    used 1986K, committed 2112K, reserved 1048576K
}
Event: 4.191 GC heap before
{Heap before GC invocations=3 (full 0):
 garbage-first heap   total 129024K, used 30635K [0x0000000084c00000, 0x0000000100000000)
  region size 1024K, 27 young (27648K), 9 survivors (9216K)
 Metaspace       used 21224K, committed 21504K, reserved 1114112K
  class space    used 2413K, committed 2560K, reserved 1048576K
}
Event: 4.196 GC heap after
{Heap after GC invocations=4 (full 0):
 garbage-first heap   total 129024K, used 14551K [0x0000000084c00000, 0x0000000100000000)
  region size 1024K, 7 young (7168K), 7 survivors (7168K)
 Metaspace       used 21224K, committed 21504K, reserved 1114112K
  class space    used 2413K, committed 2560K, reserved 1048576K
}
Event: 4.561 GC heap before
{Heap before GC invocations=5 (full 0):
 garbage-first heap   total 58368K, used 56535K [0x0000000084c00000, 0x0000000100000000)
  region size 1024K, 47 young (48128K), 7 survivors (7168K)
 Metaspace       used 27671K, committed 28032K, reserved 1114112K
  class space    used 3103K, committed 3264K, reserved 1048576K
}
Event: 4.572 GC heap after
{Heap after GC invocations=6 (full 0):
 garbage-first heap   total 74752K, used 24782K [0x0000000084c00000, 0x0000000100000000)
  region size 1024K, 10 young (10240K), 10 survivors (10240K)
 Metaspace       used 27671K, committed 28032K, reserved 1114112K
  class space    used 3103K, committed 3264K, reserved 1048576K
}
Event: 5.209 GC heap before
{Heap before GC invocations=6 (full 0):
 garbage-first heap   total 74752K, used 56526K [0x0000000084c00000, 0x0000000100000000)
  region size 1024K, 42 young (43008K), 10 survivors (10240K)
 Metaspace       used 31902K, committed 32384K, reserved 1114112K
  class space    used 3564K, committed 3776K, reserved 1048576K
}
Event: 5.213 GC heap after
{Heap after GC invocations=7 (full 0):
 garbage-first heap   total 74752K, used 22540K [0x0000000084c00000, 0x0000000100000000)
  region size 1024K, 3 young (3072K), 3 survivors (3072K)
 Metaspace       used 31902K, committed 32384K, reserved 1114112K
  class space    used 3564K, committed 3776K, reserved 1048576K
}
Event: 5.328 GC heap before
{Heap before GC invocations=7 (full 0):
 garbage-first heap   total 74752K, used 38924K [0x0000000084c00000, 0x0000000100000000)
  region size 1024K, 13 young (13312K), 3 survivors (3072K)
 Metaspace       used 35666K, committed 36160K, reserved 1114112K
  class space    used 4171K, committed 4416K, reserved 1048576K
}
Event: 5.331 GC heap after
{Heap after GC invocations=8 (full 0):
 garbage-first heap   total 74752K, used 31654K [0x0000000084c00000, 0x0000000100000000)
  region size 1024K, 4 young (4096K), 4 survivors (4096K)
 Metaspace       used 35666K, committed 36160K, reserved 1114112K
  class space    used 4171K, committed 4416K, reserved 1048576K
}
Event: 5.665 GC heap before
{Heap before GC invocations=9 (full 0):
 garbage-first heap   total 84992K, used 82854K [0x0000000084c00000, 0x0000000100000000)
  region size 1024K, 19 young (19456K), 4 survivors (4096K)
 Metaspace       used 40635K, committed 41152K, reserved 1114112K
  class space    used 5194K, committed 5440K, reserved 1048576K
}
Event: 5.670 GC heap after
{Heap after GC invocations=10 (full 0):
 garbage-first heap   total 125952K, used 69903K [0x0000000084c00000, 0x0000000100000000)
  region size 1024K, 4 young (4096K), 4 survivors (4096K)
 Metaspace       used 40635K, committed 41152K, reserved 1114112K
  class space    used 5194K, committed 5440K, reserved 1048576K
}
Event: 10.888 GC heap before
{Heap before GC invocations=10 (full 0):
 garbage-first heap   total 171008K, used 168207K [0x0000000084c00000, 0x0000000100000000)
  region size 1024K, 13 young (13312K), 4 survivors (4096K)
 Metaspace       used 42613K, committed 43200K, reserved 1114112K
  class space    used 5433K, committed 5696K, reserved 1048576K
}
Event: 10.892 GC heap after
{Heap after GC invocations=11 (full 0):
 garbage-first heap   total 177152K, used 127021K [0x0000000084c00000, 0x0000000100000000)
  region size 1024K, 6 young (6144K), 6 survivors (6144K)
 Metaspace       used 42613K, committed 43200K, reserved 1114112K
  class space    used 5433K, committed 5696K, reserved 1048576K
}
Event: 12.111 GC heap before
{Heap before GC invocations=11 (full 0):
 garbage-first heap   total 177152K, used 127021K [0x0000000084c00000, 0x0000000100000000)
  region size 1024K, 8 young (8192K), 6 survivors (6144K)
 Metaspace       used 42752K, committed 43264K, reserved 1114112K
  class space    used 5453K, committed 5696K, reserved 1048576K
}
Event: 12.114 GC heap after
{Heap after GC invocations=12 (full 0):
 garbage-first heap   total 177152K, used 108960K [0x0000000084c00000, 0x0000000100000000)
  region size 1024K, 3 young (3072K), 3 survivors (3072K)
 Metaspace       used 42752K, committed 43264K, reserved 1114112K
  class space    used 5453K, committed 5696K, reserved 1048576K
}
Event: 28.702 GC heap before
{Heap before GC invocations=13 (full 0):
 garbage-first heap   total 267264K, used 266656K [0x0000000084c00000, 0x0000000100000000)
  region size 1024K, 24 young (24576K), 3 survivors (3072K)
 Metaspace       used 44195K, committed 44864K, reserved 1114112K
  class space    used 5511K, committed 5824K, reserved 1048576K
}
Event: 28.706 GC heap after
{Heap after GC invocations=14 (full 0):
 garbage-first heap   total 274432K, used 232086K [0x0000000084c00000, 0x0000000100000000)
  region size 1024K, 7 young (7168K), 7 survivors (7168K)
 Metaspace       used 44195K, committed 44864K, reserved 1114112K
  class space    used 5511K, committed 5824K, reserved 1048576K
}

