# JRE version: OpenJDK Runtime Environment (21.0.2+13) (build 21.0.2+13-Ubuntu-122.04.1)
# Java VM: OpenJDK 64-Bit Server VM (21.0.2+13-Ubuntu-122.04.1, mixed mode, sharing, tiered, compressed oops, compressed class ptrs, g1 gc, linux-amd64)
Heap:
 garbage-first heap   total 305152K, used 303370K [0x0000000084c00000, 0x0000000100000000)
  region size 1024K, 38 young (38912K), 4 survivors (4096K)
 Metaspace       used 44046K, committed 44544K, reserved 1114112K
  class space    used 5491K, committed 5760K, reserved 1048576K
GC Heap History (16 events):
Event: 1.080 GC heap before
{Heap before GC invocations=0 (full 0):
 garbage-first heap   total 129024K, used 23581K [0x0000000084c00000, 0x0000000100000000)
  region size 1024K, 23 young (23552K), 0 survivors (0K)
 Metaspace       used 5986K, committed 6144K, reserved 1114112K
  class space    used 690K, committed 768K, reserved 1048576K
}
Event: 1.083 GC heap after
{Heap after GC invocations=1 (full 0):
 garbage-first heap   total 129024K, used 4229K [0x0000000084c00000, 0x0000000100000000)
  region size 1024K, 3 young (3072K), 3 survivors (3072K)
 Metaspace       used 5986K, committed 6144K, reserved 1114112K
  class space    used 690K, committed 768K, reserved 1048576K
}
Event: 3.498 GC heap before
{Heap before GC invocations=1 (full 0):
 garbage-first heap   total 129024K, used 53381K [0x0000000084c00000, 0x0000000100000000)
  region size 1024K, 51 young (52224K), 3 survivors (3072K)
 Metaspace       used 15571K, committed 15808K, reserved 1114112K
  class space    used 1818K, committed 1920K, reserved 1048576K
}
Event: 3.505 GC heap after
{Heap after GC invocations=2 (full 0):
 garbage-first heap   total 129024K, used 8299K [0x0000000084c00000, 0x0000000100000000)
  region size 1024K, 7 young (7168K), 7 survivors (7168K)
 Metaspace       used 15571K, committed 15808K, reserved 1114112K
  class space    used 1818K, committed 1920K, reserved 1048576K
}
Event: 4.027 GC heap before
{Heap before GC invocations=2 (full 0):
 garbage-first heap   total 129024K, used 76907K [0x0000000084c00000, 0x0000000100000000)
  region size 1024K, 74 young (75776K), 7 survivors (7168K)
 Metaspace       used 17739K, committed 18048K, reserved 1114112K
  class space    used 1986K, committed 2112K, reserved 1048576K
}
Event: 4.035 GC heap after
{Heap after GC invocations=3 (full 0):
 garbage-first heap   total 129024K, used 13282K [0x0000000084c00000, 0x0000000100000000)
  region size 1024K, 9 young (9216K), 9 survivors (9216K)
 Metaspace       used 17739K, committed 18048K, reserved 1114112K
  class space    used 1986K, committed 2112K, reserved 1048576K
}
Event: 4.167 GC heap before
{Heap before GC invocations=3 (full 0):
 garbage-first heap   total 129024K, used 30690K [0x0000000084c00000, 0x0000000100000000)
  region size 1024K, 27 young (27648K), 9 survivors (9216K)
 Metaspace       used 21233K, committed 21504K, reserved 1114112K
  class space    used 2415K, committed 2560K, reserved 1048576K
}
Event: 4.173 GC heap after
{Heap after GC invocations=4 (full 0):
 garbage-first heap   total 129024K, used 14672K [0x0000000084c00000, 0x0000000100000000)
  region size 1024K, 7 young (7168K), 7 survivors (7168K)
 Metaspace       used 21233K, committed 21504K, reserved 1114112K
  class space    used 2415K, committed 2560K, reserved 1048576K
}
Event: 4.544 GC heap before
{Heap before GC invocations=5 (full 0):
 garbage-first heap   total 58368K, used 56656K [0x0000000084c00000, 0x0000000100000000)
  region size 1024K, 47 young (48128K), 7 survivors (7168K)
 Metaspace       used 27776K, committed 28096K, reserved 1114112K
  class space    used 3121K, committed 3264K, reserved 1048576K
}
Event: 4.555 GC heap after
{Heap after GC invocations=6 (full 0):
 garbage-first heap   total 74752K, used 24722K [0x0000000084c00000, 0x0000000100000000)
  region size 1024K, 10 young (10240K), 10 survivors (10240K)
 Metaspace       used 27776K, committed 28096K, reserved 1114112K
  class space    used 3121K, committed 3264K, reserved 1048576K
}
Event: 5.164 GC heap before
{Heap before GC invocations=6 (full 0):
 garbage-first heap   total 74752K, used 56466K [0x0000000084c00000, 0x0000000100000000)
  region size 1024K, 42 young (43008K), 10 survivors (10240K)
 Metaspace       used 33225K, committed 33664K, reserved 1114112K
  class space    used 3779K, committed 4032K, reserved 1048576K
}
Event: 5.169 GC heap after
{Heap after GC invocations=7 (full 0):
 garbage-first heap   total 74752K, used 28130K [0x0000000084c00000, 0x0000000100000000)
  region size 1024K, 4 young (4096K), 4 survivors (4096K)
 Metaspace       used 33225K, committed 33664K, reserved 1114112K
  class space    used 3779K, committed 4032K, reserved 1048576K
}
Event: 5.295 GC heap before
{Heap before GC invocations=7 (full 0):
 garbage-first heap   total 74752K, used 43490K [0x0000000084c00000, 0x0000000100000000)
  region size 1024K, 13 young (13312K), 4 survivors (4096K)
 Metaspace       used 35749K, committed 36160K, reserved 1114112K
  class space    used 4213K, committed 4416K, reserved 1048576K
}
Event: 5.298 GC heap after
{Heap after GC invocations=8 (full 0):
 garbage-first heap   total 74752K, used 38420K [0x0000000084c00000, 0x0000000100000000)
  region size 1024K, 2 young (2048K), 2 survivors (2048K)
 Metaspace       used 35749K, committed 36160K, reserved 1114112K
  class space    used 4213K, committed 4416K, reserved 1048576K
}
Event: 25.218 GC heap before
{Heap before GC invocations=9 (full 0):
 garbage-first heap   total 214016K, used 212500K [0x0000000084c00000, 0x0000000100000000)
  region size 1024K, 27 young (27648K), 2 survivors (2048K)
 Metaspace       used 43031K, committed 43584K, reserved 1114112K
  class space    used 5474K, committed 5760K, reserved 1048576K
}
Event: 25.222 GC heap after
{Heap after GC invocations=10 (full 0):
 garbage-first heap   total 278528K, used 156938K [0x0000000084c00000, 0x0000000100000000)
  region size 1024K, 4 young (4096K), 4 survivors (4096K)
 Metaspace       used 43031K, committed 43584K, reserved 1114112K
  class space    used 5474K, committed 5760K, reserved 1048576K
}

