# JRE version: OpenJDK Runtime Environment (21.0.2+13) (build 21.0.2+13-Ubuntu-122.04.1)
# Java VM: OpenJDK 64-Bit Server VM (21.0.2+13-Ubuntu-122.04.1, mixed mode, sharing, tiered, compressed oops, compressed class ptrs, g1 gc, linux-amd64)
Heap:
 garbage-first heap   total 315392K, used 313887K [0x0000000084c00000, 0x0000000100000000)
  region size 1024K, 33 young (33792K), 4 survivors (4096K)
 Metaspace       used 43579K, committed 44160K, reserved 1114112K
  class space    used 5325K, committed 5568K, reserved 1048576K
GC Heap History (16 events):
Event: 1.307 GC heap before
{Heap before GC invocations=0 (full 0):
 garbage-first heap   total 129024K, used 23581K [0x0000000084c00000, 0x0000000100000000)
  region size 1024K, 23 young (23552K), 0 survivors (0K)
 Metaspace       used 5984K, committed 6144K, reserved 1114112K
  class space    used 690K, committed 768K, reserved 1048576K
}
Event: 1.310 GC heap after
{Heap after GC invocations=1 (full 0):
 garbage-first heap   total 129024K, used 4223K [0x0000000084c00000, 0x0000000100000000)
  region size 1024K, 3 young (3072K), 3 survivors (3072K)
 Metaspace       used 5984K, committed 6144K, reserved 1114112K
  class space    used 690K, committed 768K, reserved 1048576K
}
Event: 3.553 GC heap before
{Heap before GC invocations=1 (full 0):
 garbage-first heap   total 129024K, used 53375K [0x0000000084c00000, 0x0000000100000000)
  region size 1024K, 51 young (52224K), 3 survivors (3072K)
 Metaspace       used 15561K, committed 15808K, reserved 1114112K
  class space    used 1816K, committed 1920K, reserved 1048576K
}
Event: 3.559 GC heap after
{Heap after GC invocations=2 (full 0):
 garbage-first heap   total 129024K, used 8319K [0x0000000084c00000, 0x0000000100000000)
  region size 1024K, 7 young (7168K), 7 survivors (7168K)
 Metaspace       used 15561K, committed 15808K, reserved 1114112K
  class space    used 1816K, committed 1920K, reserved 1048576K
}
Event: 4.077 GC heap before
{Heap before GC invocations=2 (full 0):
 garbage-first heap   total 129024K, used 76927K [0x0000000084c00000, 0x0000000100000000)
  region size 1024K, 74 young (75776K), 7 survivors (7168K)
 Metaspace       used 17759K, committed 18048K, reserved 1114112K
  class space    used 1986K, committed 2112K, reserved 1048576K
}
Event: 4.085 GC heap after
{Heap after GC invocations=3 (full 0):
 garbage-first heap   total 129024K, used 13373K [0x0000000084c00000, 0x0000000100000000)
  region size 1024K, 9 young (9216K), 9 survivors (9216K)
 Metaspace       used 17759K, committed 18048K, reserved 1114112K
  class space    used 1986K, committed 2112K, reserved 1048576K
}
Event: 4.217 GC heap before
{Heap before GC invocations=3 (full 0):
 garbage-first heap   total 129024K, used 29757K [0x0000000084c00000, 0x0000000100000000)
  region size 1024K, 26 young (26624K), 9 survivors (9216K)
 Metaspace       used 21223K, committed 21504K, reserved 1114112K
  class space    used 2413K, committed 2560K, reserved 1048576K
}
Event: 4.223 GC heap after
{Heap after GC invocations=4 (full 0):
 garbage-first heap   total 129024K, used 15344K [0x0000000084c00000, 0x0000000100000000)
  region size 1024K, 7 young (7168K), 7 survivors (7168K)
 Metaspace       used 21223K, committed 21504K, reserved 1114112K
  class space    used 2413K, committed 2560K, reserved 1048576K
}
Event: 4.588 GC heap before
{Heap before GC invocations=5 (full 0):
 garbage-first heap   total 58368K, used 57328K [0x0000000084c00000, 0x0000000100000000)
  region size 1024K, 47 young (48128K), 7 survivors (7168K)
 Metaspace       used 27644K, committed 27968K, reserved 1114112K
  class space    used 3103K, committed 3264K, reserved 1048576K
}
Event: 4.601 GC heap after
{Heap after GC invocations=6 (full 0):
 garbage-first heap   total 74752K, used 24885K [0x0000000084c00000, 0x0000000100000000)
  region size 1024K, 10 young (10240K), 10 survivors (10240K)
 Metaspace       used 27644K, committed 27968K, reserved 1114112K
  class space    used 3103K, committed 3264K, reserved 1048576K
}
Event: 5.234 GC heap before
{Heap before GC invocations=6 (full 0):
 garbage-first heap   total 74752K, used 57653K [0x0000000084c00000, 0x0000000100000000)
  region size 1024K, 42 young (43008K), 10 survivors (10240K)
 Metaspace       used 33026K, committed 33472K, reserved 1114112K
  class space    used 3751K, committed 3968K, reserved 1048576K
}
Event: 5.240 GC heap after
{Heap after GC invocations=7 (full 0):
 garbage-first heap   total 74752K, used 28479K [0x0000000084c00000, 0x0000000100000000)
  region size 1024K, 4 young (4096K), 4 survivors (4096K)
 Metaspace       used 33026K, committed 33472K, reserved 1114112K
  class space    used 3751K, committed 3968K, reserved 1048576K
}
Event: 5.367 GC heap before
{Heap before GC invocations=7 (full 0):
 garbage-first heap   total 74752K, used 44863K [0x0000000084c00000, 0x0000000100000000)
  region size 1024K, 13 young (13312K), 4 survivors (4096K)
 Metaspace       used 35693K, committed 36160K, reserved 1114112K
  class space    used 4231K, committed 4480K, reserved 1048576K
}
Event: 5.370 GC heap after
{Heap after GC invocations=8 (full 0):
 garbage-first heap   total 74752K, used 38498K [0x0000000084c00000, 0x0000000100000000)
  region size 1024K, 3 young (3072K), 3 survivors (3072K)
 Metaspace       used 35693K, committed 36160K, reserved 1114112K
  class space    used 4231K, committed 4480K, reserved 1048576K
}
Event: 24.755 GC heap before
{Heap before GC invocations=9 (full 0):
 garbage-first heap   total 191488K, used 189026K [0x0000000084c00000, 0x0000000100000000)
  region size 1024K, 27 young (27648K), 3 survivors (3072K)
 Metaspace       used 42306K, committed 42816K, reserved 1114112K
  class space    used 5275K, committed 5504K, reserved 1048576K
}
Event: 24.759 GC heap after
{Heap after GC invocations=10 (full 0):
 garbage-first heap   total 241664K, used 150047K [0x0000000084c00000, 0x0000000100000000)
  region size 1024K, 4 young (4096K), 4 survivors (4096K)
 Metaspace       used 42306K, committed 42816K, reserved 1114112K
  class space    used 5275K, committed 5504K, reserved 1048576K
}

