# JRE version: OpenJDK Runtime Environment (21.0.2+13) (build 21.0.2+13-Ubuntu-122.04.1)
# Java VM: OpenJDK 64-Bit Server VM (21.0.2+13-Ubuntu-122.04.1, mixed mode, sharing, tiered, compressed oops, compressed class ptrs, g1 gc, linux-amd64)
Heap:
 garbage-first heap   total 258048K, used 250548K [0x0000000084c00000, 0x0000000100000000)
  region size 1024K, 21 young (21504K), 4 survivors (4096K)
 Metaspace       used 43075K, committed 43584K, reserved 1114112K
  class space    used 5326K, committed 5568K, reserved 1048576K
GC Heap History (16 events):
Event: 1.148 GC heap before
{Heap before GC invocations=0 (full 0):
 garbage-first heap   total 129024K, used 24605K [0x0000000084c00000, 0x0000000100000000)
  region size 1024K, 23 young (23552K), 0 survivors (0K)
 Metaspace       used 5984K, committed 6144K, reserved 1114112K
  class space    used 689K, committed 768K, reserved 1048576K
}
Event: 1.151 GC heap after
{Heap after GC invocations=1 (full 0):
 garbage-first heap   total 129024K, used 4245K [0x0000000084c00000, 0x0000000100000000)
  region size 1024K, 3 young (3072K), 3 survivors (3072K)
 Metaspace       used 5984K, committed 6144K, reserved 1114112K
  class space    used 689K, committed 768K, reserved 1048576K
}
Event: 3.405 GC heap before
{Heap before GC invocations=1 (full 0):
 garbage-first heap   total 129024K, used 53397K [0x0000000084c00000, 0x0000000100000000)
  region size 1024K, 51 young (52224K), 3 survivors (3072K)
 Metaspace       used 15511K, committed 15744K, reserved 1114112K
  class space    used 1806K, committed 1920K, reserved 1048576K
}
Event: 3.411 GC heap after
{Heap after GC invocations=2 (full 0):
 garbage-first heap   total 129024K, used 8038K [0x0000000084c00000, 0x0000000100000000)
  region size 1024K, 7 young (7168K), 7 survivors (7168K)
 Metaspace       used 15511K, committed 15744K, reserved 1114112K
  class space    used 1806K, committed 1920K, reserved 1048576K
}
Event: 3.937 GC heap before
{Heap before GC invocations=2 (full 0):
 garbage-first heap   total 129024K, used 76646K [0x0000000084c00000, 0x0000000100000000)
  region size 1024K, 74 young (75776K), 7 survivors (7168K)
 Metaspace       used 17751K, committed 18048K, reserved 1114112K
  class space    used 1986K, committed 2112K, reserved 1048576K
}
Event: 3.944 GC heap after
{Heap after GC invocations=3 (full 0):
 garbage-first heap   total 129024K, used 13341K [0x0000000084c00000, 0x0000000100000000)
  region size 1024K, 9 young (9216K), 9 survivors (9216K)
 Metaspace       used 17751K, committed 18048K, reserved 1114112K
  class space    used 1986K, committed 2112K, reserved 1048576K
}
Event: 4.078 GC heap before
{Heap before GC invocations=3 (full 0):
 garbage-first heap   total 129024K, used 29725K [0x0000000084c00000, 0x0000000100000000)
  region size 1024K, 26 young (26624K), 9 survivors (9216K)
 Metaspace       used 21229K, committed 21504K, reserved 1114112K
  class space    used 2413K, committed 2560K, reserved 1048576K
}
Event: 4.084 GC heap after
{Heap after GC invocations=4 (full 0):
 garbage-first heap   total 129024K, used 14747K [0x0000000084c00000, 0x0000000100000000)
  region size 1024K, 7 young (7168K), 7 survivors (7168K)
 Metaspace       used 21229K, committed 21504K, reserved 1114112K
  class space    used 2413K, committed 2560K, reserved 1048576K
}
Event: 4.472 GC heap before
{Heap before GC invocations=5 (full 0):
 garbage-first heap   total 58368K, used 56731K [0x0000000084c00000, 0x0000000100000000)
  region size 1024K, 47 young (48128K), 7 survivors (7168K)
 Metaspace       used 28003K, committed 28352K, reserved 1114112K
  class space    used 3133K, committed 3328K, reserved 1048576K
}
Event: 4.483 GC heap after
{Heap after GC invocations=6 (full 0):
 garbage-first heap   total 74752K, used 24797K [0x0000000084c00000, 0x0000000100000000)
  region size 1024K, 10 young (10240K), 10 survivors (10240K)
 Metaspace       used 28003K, committed 28352K, reserved 1114112K
  class space    used 3133K, committed 3328K, reserved 1048576K
}
Event: 5.098 GC heap before
{Heap before GC invocations=6 (full 0):
 garbage-first heap   total 74752K, used 56541K [0x0000000084c00000, 0x0000000100000000)
  region size 1024K, 42 young (43008K), 10 survivors (10240K)
 Metaspace       used 33514K, committed 33920K, reserved 1114112K
  class space    used 3828K, committed 4032K, reserved 1048576K
}
Event: 5.104 GC heap after
{Heap after GC invocations=7 (full 0):
 garbage-first heap   total 74752K, used 28671K [0x0000000084c00000, 0x0000000100000000)
  region size 1024K, 4 young (4096K), 4 survivors (4096K)
 Metaspace       used 33514K, committed 33920K, reserved 1114112K
  class space    used 3828K, committed 4032K, reserved 1048576K
}
Event: 5.221 GC heap before
{Heap before GC invocations=7 (full 0):
 garbage-first heap   total 74752K, used 44031K [0x0000000084c00000, 0x0000000100000000)
  region size 1024K, 12 young (12288K), 4 survivors (4096K)
 Metaspace       used 35709K, committed 36160K, reserved 1114112K
  class space    used 4232K, committed 4480K, reserved 1048576K
}
Event: 5.224 GC heap after
{Heap after GC invocations=8 (full 0):
 garbage-first heap   total 74752K, used 38782K [0x0000000084c00000, 0x0000000100000000)
  region size 1024K, 2 young (2048K), 2 survivors (2048K)
 Metaspace       used 35709K, committed 36160K, reserved 1114112K
  class space    used 4232K, committed 4480K, reserved 1048576K
}
Event: 9.084 GC heap before
{Heap before GC invocations=9 (full 0):
 garbage-first heap   total 138240K, used 137086K [0x0000000084c00000, 0x0000000100000000)
  region size 1024K, 19 young (19456K), 2 survivors (2048K)
 Metaspace       used 41308K, committed 41728K, reserved 1114112K
  class space    used 5137K, committed 5312K, reserved 1048576K
}
Event: 9.089 GC heap after
{Heap after GC invocations=10 (full 0):
 garbage-first heap   total 192512K, used 122548K [0x0000000084c00000, 0x0000000100000000)
  region size 1024K, 4 young (4096K), 4 survivors (4096K)
 Metaspace       used 41308K, committed 41728K, reserved 1114112K
  class space    used 5137K, committed 5312K, reserved 1048576K
}

