# JRE version: OpenJDK Runtime Environment (21.0.2+13) (build 21.0.2+13-Ubuntu-122.04.1)
# Java VM: OpenJDK 64-Bit Server VM (21.0.2+13-Ubuntu-122.04.1, mixed mode, sharing, tiered, compressed oops, compressed class ptrs, g1 gc, linux-amd64)
Heap:
 garbage-first heap   total 252928K, used 248948K [0x0000000084c00000, 0x0000000100000000)
  region size 1024K, 18 young (18432K), 3 survivors (3072K)
 Metaspace       used 43082K, committed 43584K, reserved 1114112K
  class space    used 5328K, committed 5568K, reserved 1048576K
GC Heap History (16 events):
Event: 1.177 GC heap before
{Heap before GC invocations=0 (full 0):
 garbage-first heap   total 129024K, used 23581K [0x0000000084c00000, 0x0000000100000000)
  region size 1024K, 23 young (23552K), 0 survivors (0K)
 Metaspace       used 5987K, committed 6144K, reserved 1114112K
  class space    used 690K, committed 768K, reserved 1048576K
}
Event: 1.179 GC heap after
{Heap after GC invocations=1 (full 0):
 garbage-first heap   total 129024K, used 4229K [0x0000000084c00000, 0x0000000100000000)
  region size 1024K, 3 young (3072K), 3 survivors (3072K)
 Metaspace       used 5987K, committed 6144K, reserved 1114112K
  class space    used 690K, committed 768K, reserved 1048576K
}
Event: 3.432 GC heap before
{Heap before GC invocations=1 (full 0):
 garbage-first heap   total 129024K, used 53381K [0x0000000084c00000, 0x0000000100000000)
  region size 1024K, 51 young (52224K), 3 survivors (3072K)
 Metaspace       used 15562K, committed 15808K, reserved 1114112K
  class space    used 1816K, committed 1920K, reserved 1048576K
}
Event: 3.439 GC heap after
{Heap after GC invocations=2 (full 0):
 garbage-first heap   total 129024K, used 7996K [0x0000000084c00000, 0x0000000100000000)
  region size 1024K, 7 young (7168K), 7 survivors (7168K)
 Metaspace       used 15562K, committed 15808K, reserved 1114112K
  class space    used 1816K, committed 1920K, reserved 1048576K
}
Event: 3.971 GC heap before
{Heap before GC invocations=2 (full 0):
 garbage-first heap   total 129024K, used 76604K [0x0000000084c00000, 0x0000000100000000)
  region size 1024K, 74 young (75776K), 7 survivors (7168K)
 Metaspace       used 17754K, committed 18048K, reserved 1114112K
  class space    used 1986K, committed 2112K, reserved 1048576K
}
Event: 3.978 GC heap after
{Heap after GC invocations=3 (full 0):
 garbage-first heap   total 129024K, used 13422K [0x0000000084c00000, 0x0000000100000000)
  region size 1024K, 9 young (9216K), 9 survivors (9216K)
 Metaspace       used 17754K, committed 18048K, reserved 1114112K
  class space    used 1986K, committed 2112K, reserved 1048576K
}
Event: 4.108 GC heap before
{Heap before GC invocations=3 (full 0):
 garbage-first heap   total 129024K, used 29806K [0x0000000084c00000, 0x0000000100000000)
  region size 1024K, 26 young (26624K), 9 survivors (9216K)
 Metaspace       used 21227K, committed 21504K, reserved 1114112K
  class space    used 2413K, committed 2560K, reserved 1048576K
}
Event: 4.113 GC heap after
{Heap after GC invocations=4 (full 0):
 garbage-first heap   total 129024K, used 15577K [0x0000000084c00000, 0x0000000100000000)
  region size 1024K, 7 young (7168K), 7 survivors (7168K)
 Metaspace       used 21227K, committed 21504K, reserved 1114112K
  class space    used 2413K, committed 2560K, reserved 1048576K
}
Event: 4.573 GC heap before
{Heap before GC invocations=5 (full 0):
 garbage-first heap   total 61440K, used 59609K [0x0000000084c00000, 0x0000000100000000)
  region size 1024K, 49 young (50176K), 7 survivors (7168K)
 Metaspace       used 28766K, committed 29120K, reserved 1114112K
  class space    used 3219K, committed 3392K, reserved 1048576K
}
Event: 4.585 GC heap after
{Heap after GC invocations=6 (full 0):
 garbage-first heap   total 77824K, used 25431K [0x0000000084c00000, 0x0000000100000000)
  region size 1024K, 10 young (10240K), 10 survivors (10240K)
 Metaspace       used 28766K, committed 29120K, reserved 1114112K
  class space    used 3219K, committed 3392K, reserved 1048576K
}
Event: 5.157 GC heap before
{Heap before GC invocations=6 (full 0):
 garbage-first heap   total 77824K, used 59223K [0x0000000084c00000, 0x0000000100000000)
  region size 1024K, 44 young (45056K), 10 survivors (10240K)
 Metaspace       used 34534K, committed 35008K, reserved 1114112K
  class space    used 3965K, committed 4160K, reserved 1048576K
}
Event: 5.162 GC heap after
{Heap after GC invocations=7 (full 0):
 garbage-first heap   total 77824K, used 30451K [0x0000000084c00000, 0x0000000100000000)
  region size 1024K, 5 young (5120K), 5 survivors (5120K)
 Metaspace       used 34534K, committed 35008K, reserved 1114112K
  class space    used 3965K, committed 4160K, reserved 1048576K
}
Event: 5.257 GC heap before
{Heap before GC invocations=7 (full 0):
 garbage-first heap   total 77824K, used 40691K [0x0000000084c00000, 0x0000000100000000)
  region size 1024K, 9 young (9216K), 5 survivors (5120K)
 Metaspace       used 35845K, committed 36288K, reserved 1114112K
  class space    used 4254K, committed 4480K, reserved 1048576K
}
Event: 5.259 GC heap after
{Heap after GC invocations=8 (full 0):
 garbage-first heap   total 77824K, used 39012K [0x0000000084c00000, 0x0000000100000000)
  region size 1024K, 1 young (1024K), 1 survivors (1024K)
 Metaspace       used 35845K, committed 36288K, reserved 1114112K
  class space    used 4254K, committed 4480K, reserved 1048576K
}
Event: 10.802 GC heap before
{Heap before GC invocations=9 (full 0):
 garbage-first heap   total 159744K, used 158820K [0x0000000084c00000, 0x0000000100000000)
  region size 1024K, 20 young (20480K), 1 survivors (1024K)
 Metaspace       used 41716K, committed 42240K, reserved 1114112K
  class space    used 5187K, committed 5440K, reserved 1048576K
}
Event: 10.805 GC heap after
{Heap after GC invocations=10 (full 0):
 garbage-first heap   total 205824K, used 141428K [0x0000000084c00000, 0x0000000100000000)
  region size 1024K, 3 young (3072K), 3 survivors (3072K)
 Metaspace       used 41716K, committed 42240K, reserved 1114112K
  class space    used 5187K, committed 5440K, reserved 1048576K
}

