# JRE version: OpenJDK Runtime Environment (21.0.2+13) (build 21.0.2+13-Ubuntu-122.04.1)
# Java VM: OpenJDK 64-Bit Server VM (21.0.2+13-Ubuntu-122.04.1, mixed mode, sharing, tiered, compressed oops, compressed class ptrs, g1 gc, linux-amd64)
Heap:
 garbage-first heap   total 260096K, used 258251K [0x0000000084c00000, 0x0000000100000000)
  region size 1024K, 28 young (28672K), 4 survivors (4096K)
 Metaspace       used 43539K, committed 44096K, reserved 1114112K
  class space    used 5336K, committed 5632K, reserved 1048576K
GC Heap History (16 events):
Event: 1.225 GC heap before
{Heap before GC invocations=0 (full 0):
 garbage-first heap   total 129024K, used 23581K [0x0000000084c00000, 0x0000000100000000)
  region size 1024K, 23 young (23552K), 0 survivors (0K)
 Metaspace       used 5985K, committed 6144K, reserved 1114112K
  class space    used 690K, committed 768K, reserved 1048576K
}
Event: 1.228 GC heap after
{Heap after GC invocations=1 (full 0):
 garbage-first heap   total 129024K, used 4453K [0x0000000084c00000, 0x0000000100000000)
  region size 1024K, 3 young (3072K), 3 survivors (3072K)
 Metaspace       used 5985K, committed 6144K, reserved 1114112K
  class space    used 690K, committed 768K, reserved 1048576K
}
Event: 3.539 GC heap before
{Heap before GC invocations=1 (full 0):
 garbage-first heap   total 129024K, used 53605K [0x0000000084c00000, 0x0000000100000000)
  region size 1024K, 51 young (52224K), 3 survivors (3072K)
 Metaspace       used 15518K, committed 15808K, reserved 1114112K
  class space    used 1806K, committed 1920K, reserved 1048576K
}
Event: 3.545 GC heap after
{Heap after GC invocations=2 (full 0):
 garbage-first heap   total 129024K, used 8484K [0x0000000084c00000, 0x0000000100000000)
  region size 1024K, 7 young (7168K), 7 survivors (7168K)
 Metaspace       used 15518K, committed 15808K, reserved 1114112K
  class space    used 1806K, committed 1920K, reserved 1048576K
}
Event: 4.091 GC heap before
{Heap before GC invocations=2 (full 0):
 garbage-first heap   total 129024K, used 77092K [0x0000000084c00000, 0x0000000100000000)
  region size 1024K, 74 young (75776K), 7 survivors (7168K)
 Metaspace       used 17753K, committed 18048K, reserved 1114112K
  class space    used 1986K, committed 2112K, reserved 1048576K
}
Event: 4.099 GC heap after
{Heap after GC invocations=3 (full 0):
 garbage-first heap   total 129024K, used 13144K [0x0000000084c00000, 0x0000000100000000)
  region size 1024K, 9 young (9216K), 9 survivors (9216K)
 Metaspace       used 17753K, committed 18048K, reserved 1114112K
  class space    used 1986K, committed 2112K, reserved 1048576K
}
Event: 4.236 GC heap before
{Heap before GC invocations=3 (full 0):
 garbage-first heap   total 129024K, used 29528K [0x0000000084c00000, 0x0000000100000000)
  region size 1024K, 26 young (26624K), 9 survivors (9216K)
 Metaspace       used 21217K, committed 21504K, reserved 1114112K
  class space    used 2414K, committed 2560K, reserved 1048576K
}
Event: 4.241 GC heap after
{Heap after GC invocations=4 (full 0):
 garbage-first heap   total 129024K, used 14753K [0x0000000084c00000, 0x0000000100000000)
  region size 1024K, 7 young (7168K), 7 survivors (7168K)
 Metaspace       used 21217K, committed 21504K, reserved 1114112K
  class space    used 2414K, committed 2560K, reserved 1048576K
}
Event: 4.656 GC heap before
{Heap before GC invocations=5 (full 0):
 garbage-first heap   total 58368K, used 56737K [0x0000000084c00000, 0x0000000100000000)
  region size 1024K, 47 young (48128K), 7 survivors (7168K)
 Metaspace       used 27928K, committed 28288K, reserved 1114112K
  class space    used 3122K, committed 3264K, reserved 1048576K
}
Event: 4.668 GC heap after
{Heap after GC invocations=6 (full 0):
 garbage-first heap   total 74752K, used 24796K [0x0000000084c00000, 0x0000000100000000)
  region size 1024K, 10 young (10240K), 10 survivors (10240K)
 Metaspace       used 27928K, committed 28288K, reserved 1114112K
  class space    used 3122K, committed 3264K, reserved 1048576K
}
Event: 5.298 GC heap before
{Heap before GC invocations=6 (full 0):
 garbage-first heap   total 74752K, used 56540K [0x0000000084c00000, 0x0000000100000000)
  region size 1024K, 42 young (43008K), 10 survivors (10240K)
 Metaspace       used 33523K, committed 33984K, reserved 1114112K
  class space    used 3834K, committed 4032K, reserved 1048576K
}
Event: 5.304 GC heap after
{Heap after GC invocations=7 (full 0):
 garbage-first heap   total 74752K, used 28228K [0x0000000084c00000, 0x0000000100000000)
  region size 1024K, 4 young (4096K), 4 survivors (4096K)
 Metaspace       used 33523K, committed 33984K, reserved 1114112K
  class space    used 3834K, committed 4032K, reserved 1048576K
}
Event: 5.434 GC heap before
{Heap before GC invocations=7 (full 0):
 garbage-first heap   total 74752K, used 43588K [0x0000000084c00000, 0x0000000100000000)
  region size 1024K, 12 young (12288K), 4 survivors (4096K)
 Metaspace       used 35711K, committed 36160K, reserved 1114112K
  class space    used 4237K, committed 4480K, reserved 1048576K
}
Event: 5.437 GC heap after
{Heap after GC invocations=8 (full 0):
 garbage-first heap   total 74752K, used 38300K [0x0000000084c00000, 0x0000000100000000)
  region size 1024K, 2 young (2048K), 2 survivors (2048K)
 Metaspace       used 35711K, committed 36160K, reserved 1114112K
  class space    used 4237K, committed 4480K, reserved 1048576K
}
Event: 8.063 GC heap before
{Heap before GC invocations=9 (full 0):
 garbage-first heap   total 146432K, used 144796K [0x0000000084c00000, 0x0000000100000000)
  region size 1024K, 19 young (19456K), 2 survivors (2048K)
 Metaspace       used 41290K, committed 41792K, reserved 1114112K
  class space    used 5154K, committed 5440K, reserved 1048576K
}
Event: 8.067 GC heap after
{Heap after GC invocations=10 (full 0):
 garbage-first heap   total 194560K, used 130251K [0x0000000084c00000, 0x0000000100000000)
  region size 1024K, 4 young (4096K), 4 survivors (4096K)
 Metaspace       used 41290K, committed 41792K, reserved 1114112K
  class space    used 5154K, committed 5440K, reserved 1048576K
}

