# JRE version: OpenJDK Runtime Environment (21.0.2+13) (build 21.0.2+13-Ubuntu-122.04.1)
# Java VM: OpenJDK 64-Bit Server VM (21.0.2+13-Ubuntu-122.04.1, mixed mode, sharing, tiered, compressed oops, compressed class ptrs, g1 gc, linux-amd64)
Heap:
 garbage-first heap   total 252928K, used 245414K [0x0000000084c00000, 0x0000000100000000)
  region size 1024K, 24 young (24576K), 4 survivors (4096K)
 Metaspace       used 43769K, committed 44352K, reserved 1114112K
  class space    used 5493K, committed 5760K, reserved 1048576K
GC Heap History (16 events):
Event: 1.136 GC heap before
{Heap before GC invocations=0 (full 0):
 garbage-first heap   total 129024K, used 23581K [0x0000000084c00000, 0x0000000100000000)
  region size 1024K, 23 young (23552K), 0 survivors (0K)
 Metaspace       used 5986K, committed 6144K, reserved 1114112K
  class space    used 690K, committed 768K, reserved 1048576K
}
Event: 1.138 GC heap after
{Heap after GC invocations=1 (full 0):
 garbage-first heap   total 129024K, used 4229K [0x0000000084c00000, 0x0000000100000000)
  region size 1024K, 3 young (3072K), 3 survivors (3072K)
 Metaspace       used 5986K, committed 6144K, reserved 1114112K
  class space    used 690K, committed 768K, reserved 1048576K
}
Event: 3.548 GC heap before
{Heap before GC invocations=1 (full 0):
 garbage-first heap   total 129024K, used 53381K [0x0000000084c00000, 0x0000000100000000)
  region size 1024K, 51 young (52224K), 3 survivors (3072K)
 Metaspace       used 15579K, committed 15808K, reserved 1114112K
  class space    used 1818K, committed 1920K, reserved 1048576K
}
Event: 3.555 GC heap after
{Heap after GC invocations=2 (full 0):
 garbage-first heap   total 129024K, used 8571K [0x0000000084c00000, 0x0000000100000000)
  region size 1024K, 7 young (7168K), 7 survivors (7168K)
 Metaspace       used 15579K, committed 15808K, reserved 1114112K
  class space    used 1818K, committed 1920K, reserved 1048576K
}
Event: 4.062 GC heap before
{Heap before GC invocations=2 (full 0):
 garbage-first heap   total 129024K, used 77179K [0x0000000084c00000, 0x0000000100000000)
  region size 1024K, 74 young (75776K), 7 survivors (7168K)
 Metaspace       used 17750K, committed 18048K, reserved 1114112K
  class space    used 1986K, committed 2112K, reserved 1048576K
}
Event: 4.070 GC heap after
{Heap after GC invocations=3 (full 0):
 garbage-first heap   total 129024K, used 14080K [0x0000000084c00000, 0x0000000100000000)
  region size 1024K, 10 young (10240K), 10 survivors (10240K)
 Metaspace       used 17750K, committed 18048K, reserved 1114112K
  class space    used 1986K, committed 2112K, reserved 1048576K
}
Event: 4.201 GC heap before
{Heap before GC invocations=3 (full 0):
 garbage-first heap   total 129024K, used 31488K [0x0000000084c00000, 0x0000000100000000)
  region size 1024K, 28 young (28672K), 10 survivors (10240K)
 Metaspace       used 21229K, committed 21504K, reserved 1114112K
  class space    used 2413K, committed 2560K, reserved 1048576K
}
Event: 4.207 GC heap after
{Heap after GC invocations=4 (full 0):
 garbage-first heap   total 129024K, used 15094K [0x0000000084c00000, 0x0000000100000000)
  region size 1024K, 7 young (7168K), 7 survivors (7168K)
 Metaspace       used 21229K, committed 21504K, reserved 1114112K
  class space    used 2413K, committed 2560K, reserved 1048576K
}
Event: 4.633 GC heap before
{Heap before GC invocations=5 (full 0):
 garbage-first heap   total 61440K, used 59126K [0x0000000084c00000, 0x0000000100000000)
  region size 1024K, 49 young (50176K), 7 survivors (7168K)
 Metaspace       used 28402K, committed 28736K, reserved 1114112K
  class space    used 3171K, committed 3328K, reserved 1048576K
}
Event: 4.643 GC heap after
{Heap after GC invocations=6 (full 0):
 garbage-first heap   total 76800K, used 24822K [0x0000000084c00000, 0x0000000100000000)
  region size 1024K, 10 young (10240K), 10 survivors (10240K)
 Metaspace       used 28402K, committed 28736K, reserved 1114112K
  class space    used 3171K, committed 3328K, reserved 1048576K
}
Event: 5.229 GC heap before
{Heap before GC invocations=6 (full 0):
 garbage-first heap   total 76800K, used 58614K [0x0000000084c00000, 0x0000000100000000)
  region size 1024K, 44 young (45056K), 10 survivors (10240K)
 Metaspace       used 34500K, committed 35072K, reserved 1114112K
  class space    used 3956K, committed 4224K, reserved 1048576K
}
Event: 5.235 GC heap after
{Heap after GC invocations=7 (full 0):
 garbage-first heap   total 76800K, used 29128K [0x0000000084c00000, 0x0000000100000000)
  region size 1024K, 4 young (4096K), 4 survivors (4096K)
 Metaspace       used 34500K, committed 35072K, reserved 1114112K
  class space    used 3956K, committed 4224K, reserved 1048576K
}
Event: 5.303 GC heap before
{Heap before GC invocations=7 (full 0):
 garbage-first heap   total 76800K, used 42440K [0x0000000084c00000, 0x0000000100000000)
  region size 1024K, 10 young (10240K), 4 survivors (4096K)
 Metaspace       used 35678K, committed 36160K, reserved 1114112K
  class space    used 4179K, committed 4416K, reserved 1048576K
}
Event: 5.306 GC heap after
{Heap after GC invocations=8 (full 0):
 garbage-first heap   total 76800K, used 38761K [0x0000000084c00000, 0x0000000100000000)
  region size 1024K, 2 young (2048K), 2 survivors (2048K)
 Metaspace       used 35678K, committed 36160K, reserved 1114112K
  class space    used 4179K, committed 4416K, reserved 1048576K
}
Event: 7.255 GC heap before
{Heap before GC invocations=9 (full 0):
 garbage-first heap   total 140288K, used 138089K [0x0000000084c00000, 0x0000000100000000)
  region size 1024K, 20 young (20480K), 2 survivors (2048K)
 Metaspace       used 41657K, committed 42240K, reserved 1114112K
  class space    used 5291K, committed 5568K, reserved 1048576K
}
Event: 7.258 GC heap after
{Heap after GC invocations=10 (full 0):
 garbage-first heap   total 187392K, used 114342K [0x0000000084c00000, 0x0000000100000000)
  region size 1024K, 4 young (4096K), 4 survivors (4096K)
 Metaspace       used 41657K, committed 42240K, reserved 1114112K
  class space    used 5291K, committed 5568K, reserved 1048576K
}

