# JRE version: OpenJDK Runtime Environment (21.0.2+13) (build 21.0.2+13-Ubuntu-122.04.1)
# Java VM: OpenJDK 64-Bit Server VM (21.0.2+13-Ubuntu-122.04.1, mixed mode, sharing, tiered, compressed oops, compressed class ptrs, g1 gc, linux-amd64)
Heap:
 garbage-first heap   total 404480K, used 260540K [0x0000000084c00000, 0x0000000100000000)
  region size 1024K, 15 young (15360K), 2 survivors (2048K)
 Metaspace       used 44177K, committed 44672K, reserved 1114112K
  class space    used 5497K, committed 5760K, reserved 1048576K
GC Heap History (20 events):
Event: 1.074 GC heap before
{Heap before GC invocations=0 (full 0):
 garbage-first heap   total 129024K, used 23581K [0x0000000084c00000, 0x0000000100000000)
  region size 1024K, 23 young (23552K), 0 survivors (0K)
 Metaspace       used 5983K, committed 6144K, reserved 1114112K
  class space    used 690K, committed 768K, reserved 1048576K
}
Event: 1.078 GC heap after
{Heap after GC invocations=1 (full 0):
 garbage-first heap   total 129024K, used 4280K [0x0000000084c00000, 0x0000000100000000)
  region size 1024K, 3 young (3072K), 3 survivors (3072K)
 Metaspace       used 5983K, committed 6144K, reserved 1114112K
  class space    used 690K, committed 768K, reserved 1048576K
}
Event: 3.341 GC heap before
{Heap before GC invocations=1 (full 0):
 garbage-first heap   total 129024K, used 52408K [0x0000000084c00000, 0x0000000100000000)
  region size 1024K, 50 young (51200K), 3 survivors (3072K)
 Metaspace       used 15424K, committed 15680K, reserved 1114112K
  class space    used 1799K, committed 1920K, reserved 1048576K
}
Event: 3.347 GC heap after
{Heap after GC invocations=2 (full 0):
 garbage-first heap   total 129024K, used 8027K [0x0000000084c00000, 0x0000000100000000)
  region size 1024K, 7 young (7168K), 7 survivors (7168K)
 Metaspace       used 15424K, committed 15680K, reserved 1114112K
  class space    used 1799K, committed 1920K, reserved 1048576K
}
Event: 3.982 GC heap before
{Heap before GC invocations=2 (full 0):
 garbage-first heap   total 129024K, used 76635K [0x0000000084c00000, 0x0000000100000000)
  region size 1024K, 74 young (75776K), 7 survivors (7168K)
 Metaspace       used 17742K, committed 18048K, reserved 1114112K
  class space    used 1986K, committed 2112K, reserved 1048576K
}
Event: 3.990 GC heap after
{Heap after GC invocations=3 (full 0):
 garbage-first heap   total 129024K, used 13166K [0x0000000084c00000, 0x0000000100000000)
  region size 1024K, 9 young (9216K), 9 survivors (9216K)
 Metaspace       used 17742K, committed 18048K, reserved 1114112K
  class space    used 1986K, committed 2112K, reserved 1048576K
}
Event: 4.172 GC heap before
{Heap before GC invocations=3 (full 0):
 garbage-first heap   total 129024K, used 32622K [0x0000000084c00000, 0x0000000100000000)
  region size 1024K, 29 young (29696K), 9 survivors (9216K)
 Metaspace       used 21238K, committed 21504K, reserved 1114112K
  class space    used 2413K, committed 2560K, reserved 1048576K
}
Event: 4.178 GC heap after
{Heap after GC invocations=4 (full 0):
 garbage-first heap   total 129024K, used 14686K [0x0000000084c00000, 0x0000000100000000)
  region size 1024K, 7 young (7168K), 7 survivors (7168K)
 Metaspace       used 21238K, committed 21504K, reserved 1114112K
  class space    used 2413K, committed 2560K, reserved 1048576K
}
Event: 4.557 GC heap before
{Heap before GC invocations=5 (full 0):
 garbage-first heap   total 58368K, used 56670K [0x0000000084c00000, 0x0000000100000000)
  region size 1024K, 47 young (48128K), 7 survivors (7168K)
 Metaspace       used 27756K, committed 28096K, reserved 1114112K
  class space    used 3118K, committed 3264K, reserved 1048576K
}
Event: 4.571 GC heap after
{Heap after GC invocations=6 (full 0):
 garbage-first heap   total 74752K, used 24990K [0x0000000084c00000, 0x0000000100000000)
  region size 1024K, 10 young (10240K), 10 survivors (10240K)
 Metaspace       used 27756K, committed 28096K, reserved 1114112K
  class space    used 3118K, committed 3264K, reserved 1048576K
}
Event: 5.201 GC heap before
{Heap before GC invocations=6 (full 0):
 garbage-first heap   total 74752K, used 56734K [0x0000000084c00000, 0x0000000100000000)
  region size 1024K, 42 young (43008K), 10 survivors (10240K)
 Metaspace       used 33265K, committed 33728K, reserved 1114112K
  class space    used 3779K, committed 4032K, reserved 1048576K
}
Event: 5.207 GC heap after
{Heap after GC invocations=7 (full 0):
 garbage-first heap   total 74752K, used 28971K [0x0000000084c00000, 0x0000000100000000)
  region size 1024K, 4 young (4096K), 4 survivors (4096K)
 Metaspace       used 33265K, committed 33728K, reserved 1114112K
  class space    used 3779K, committed 4032K, reserved 1048576K
}
Event: 5.339 GC heap before
{Heap before GC invocations=7 (full 0):
 garbage-first heap   total 74752K, used 44331K [0x0000000084c00000, 0x0000000100000000)
  region size 1024K, 13 young (13312K), 4 survivors (4096K)
 Metaspace       used 35703K, committed 36160K, reserved 1114112K
  class space    used 4187K, committed 4416K, reserved 1048576K
}
Event: 5.343 GC heap after
{Heap after GC invocations=8 (full 0):
 garbage-first heap   total 74752K, used 38800K [0x0000000084c00000, 0x0000000100000000)
  region size 1024K, 2 young (2048K), 2 survivors (2048K)
 Metaspace       used 35703K, committed 36160K, reserved 1114112K
  class space    used 4187K, committed 4416K, reserved 1048576K
}
Event: 15.438 GC heap before
{Heap before GC invocations=9 (full 0):
 garbage-first heap   total 191488K, used 189328K [0x0000000084c00000, 0x0000000100000000)
  region size 1024K, 26 young (26624K), 2 survivors (2048K)
 Metaspace       used 42677K, committed 43200K, reserved 1114112K
  class space    used 5427K, committed 5696K, reserved 1048576K
}
Event: 15.441 GC heap after
{Heap after GC invocations=10 (full 0):
 garbage-first heap   total 251904K, used 134499K [0x0000000084c00000, 0x0000000100000000)
  region size 1024K, 4 young (4096K), 4 survivors (4096K)
 Metaspace       used 42677K, committed 43200K, reserved 1114112K
  class space    used 5427K, committed 5696K, reserved 1048576K
}
Event: 44.646 GC heap before
{Heap before GC invocations=10 (full 0):
 garbage-first heap   total 262144K, used 261475K [0x0000000084c00000, 0x0000000100000000)
  region size 1024K, 22 young (22528K), 4 survivors (4096K)
 Metaspace       used 44048K, committed 44608K, reserved 1114112K
  class space    used 5491K, committed 5760K, reserved 1048576K
}
Event: 44.652 GC heap after
{Heap after GC invocations=11 (full 0):
 garbage-first heap   total 271360K, used 220023K [0x0000000084c00000, 0x0000000100000000)
  region size 1024K, 8 young (8192K), 8 survivors (8192K)
 Metaspace       used 44048K, committed 44608K, reserved 1114112K
  class space    used 5491K, committed 5760K, reserved 1048576K
}
Event: 44.710 GC heap before
{Heap before GC invocations=11 (full 0):
 garbage-first heap   total 271360K, used 222071K [0x0000000084c00000, 0x0000000100000000)
  region size 1024K, 11 young (11264K), 8 survivors (8192K)
 Metaspace       used 44095K, committed 44608K, reserved 1114112K
  class space    used 5491K, committed 5760K, reserved 1048576K
}
Event: 44.714 GC heap after
{Heap after GC invocations=12 (full 0):
 garbage-first heap   total 271360K, used 221628K [0x0000000084c00000, 0x0000000100000000)
  region size 1024K, 2 young (2048K), 2 survivors (2048K)
 Metaspace       used 44095K, committed 44608K, reserved 1114112K
  class space    used 5491K, committed 5760K, reserved 1048576K
}

