# JRE version: OpenJDK Runtime Environment (21.0.2+13) (build 21.0.2+13-Ubuntu-122.04.1)
# Java VM: OpenJDK 64-Bit Server VM (21.0.2+13-Ubuntu-122.04.1, mixed mode, sharing, tiered, compressed oops, compressed class ptrs, g1 gc, linux-amd64)
Heap:
 garbage-first heap   total 301056K, used 298768K [0x0000000084c00000, 0x0000000100000000)
  region size 1024K, 34 young (34816K), 4 survivors (4096K)
 Metaspace       used 44242K, committed 44800K, reserved 1114112K
  class space    used 5504K, committed 5760K, reserved 1048576K
GC Heap History (16 events):
Event: 0.986 GC heap before
{Heap before GC invocations=0 (full 0):
 garbage-first heap   total 129024K, used 23581K [0x0000000084c00000, 0x0000000100000000)
  region size 1024K, 23 young (23552K), 0 survivors (0K)
 Metaspace       used 5987K, committed 6144K, reserved 1114112K
  class space    used 690K, committed 768K, reserved 1048576K
}
Event: 0.989 GC heap after
{Heap after GC invocations=1 (full 0):
 garbage-first heap   total 129024K, used 4261K [0x0000000084c00000, 0x0000000100000000)
  region size 1024K, 3 young (3072K), 3 survivors (3072K)
 Metaspace       used 5987K, committed 6144K, reserved 1114112K
  class space    used 690K, committed 768K, reserved 1048576K
}
Event: 3.284 GC heap before
{Heap before GC invocations=1 (full 0):
 garbage-first heap   total 129024K, used 53413K [0x0000000084c00000, 0x0000000100000000)
  region size 1024K, 51 young (52224K), 3 survivors (3072K)
 Metaspace       used 15482K, committed 15744K, reserved 1114112K
  class space    used 1802K, committed 1920K, reserved 1048576K
}
Event: 3.290 GC heap after
{Heap after GC invocations=2 (full 0):
 garbage-first heap   total 129024K, used 8351K [0x0000000084c00000, 0x0000000100000000)
  region size 1024K, 7 young (7168K), 7 survivors (7168K)
 Metaspace       used 15482K, committed 15744K, reserved 1114112K
  class space    used 1802K, committed 1920K, reserved 1048576K
}
Event: 3.796 GC heap before
{Heap before GC invocations=2 (full 0):
 garbage-first heap   total 129024K, used 76959K [0x0000000084c00000, 0x0000000100000000)
  region size 1024K, 74 young (75776K), 7 survivors (7168K)
 Metaspace       used 17740K, committed 18048K, reserved 1114112K
  class space    used 1986K, committed 2112K, reserved 1048576K
}
Event: 3.804 GC heap after
{Heap after GC invocations=3 (full 0):
 garbage-first heap   total 129024K, used 13333K [0x0000000084c00000, 0x0000000100000000)
  region size 1024K, 9 young (9216K), 9 survivors (9216K)
 Metaspace       used 17740K, committed 18048K, reserved 1114112K
  class space    used 1986K, committed 2112K, reserved 1048576K
}
Event: 3.938 GC heap before
{Heap before GC invocations=3 (full 0):
 garbage-first heap   total 129024K, used 30741K [0x0000000084c00000, 0x0000000100000000)
  region size 1024K, 27 young (27648K), 9 survivors (9216K)
 Metaspace       used 21236K, committed 21504K, reserved 1114112K
  class space    used 2414K, committed 2560K, reserved 1048576K
}
Event: 3.943 GC heap after
{Heap after GC invocations=4 (full 0):
 garbage-first heap   total 129024K, used 15304K [0x0000000084c00000, 0x0000000100000000)
  region size 1024K, 7 young (7168K), 7 survivors (7168K)
 Metaspace       used 21236K, committed 21504K, reserved 1114112K
  class space    used 2414K, committed 2560K, reserved 1048576K
}
Event: 4.291 GC heap before
{Heap before GC invocations=5 (full 0):
 garbage-first heap   total 58368K, used 57288K [0x0000000084c00000, 0x0000000100000000)
  region size 1024K, 47 young (48128K), 7 survivors (7168K)
 Metaspace       used 27638K, committed 27968K, reserved 1114112K
  class space    used 3103K, committed 3264K, reserved 1048576K
}
Event: 4.301 GC heap after
{Heap after GC invocations=6 (full 0):
 garbage-first heap   total 74752K, used 24839K [0x0000000084c00000, 0x0000000100000000)
  region size 1024K, 10 young (10240K), 10 survivors (10240K)
 Metaspace       used 27638K, committed 27968K, reserved 1114112K
  class space    used 3103K, committed 3264K, reserved 1048576K
}
Event: 4.914 GC heap before
{Heap before GC invocations=6 (full 0):
 garbage-first heap   total 74752K, used 56583K [0x0000000084c00000, 0x0000000100000000)
  region size 1024K, 42 young (43008K), 10 survivors (10240K)
 Metaspace       used 32165K, committed 32640K, reserved 1114112K
  class space    used 3619K, committed 3840K, reserved 1048576K
}
Event: 4.920 GC heap after
{Heap after GC invocations=7 (full 0):
 garbage-first heap   total 74752K, used 28418K [0x0000000084c00000, 0x0000000100000000)
  region size 1024K, 4 young (4096K), 4 survivors (4096K)
 Metaspace       used 32165K, committed 32640K, reserved 1114112K
  class space    used 3619K, committed 3840K, reserved 1048576K
}
Event: 5.061 GC heap before
{Heap before GC invocations=7 (full 0):
 garbage-first heap   total 74752K, used 45826K [0x0000000084c00000, 0x0000000100000000)
  region size 1024K, 14 young (14336K), 4 survivors (4096K)
 Metaspace       used 35790K, committed 36288K, reserved 1114112K
  class space    used 4222K, committed 4480K, reserved 1048576K
}
Event: 5.064 GC heap after
{Heap after GC invocations=8 (full 0):
 garbage-first heap   total 74752K, used 38960K [0x0000000084c00000, 0x0000000100000000)
  region size 1024K, 3 young (3072K), 3 survivors (3072K)
 Metaspace       used 35790K, committed 36288K, reserved 1114112K
  class space    used 4222K, committed 4480K, reserved 1048576K
}
Event: 9.375 GC heap before
{Heap before GC invocations=9 (full 0):
 garbage-first heap   total 222208K, used 220208K [0x0000000084c00000, 0x0000000100000000)
  region size 1024K, 27 young (27648K), 3 survivors (3072K)
 Metaspace       used 42726K, committed 43264K, reserved 1114112K
  class space    used 5470K, committed 5760K, reserved 1048576K
}
Event: 9.379 GC heap after
{Heap after GC invocations=10 (full 0):
 garbage-first heap   total 292864K, used 165648K [0x0000000084c00000, 0x0000000100000000)
  region size 1024K, 4 young (4096K), 4 survivors (4096K)
 Metaspace       used 42726K, committed 43264K, reserved 1114112K
  class space    used 5470K, committed 5760K, reserved 1048576K
}

