# JRE version: OpenJDK Runtime Environment (21.0.2+13) (build 21.0.2+13-Ubuntu-122.04.1)
# Java VM: OpenJDK 64-Bit Server VM (21.0.2+13-Ubuntu-122.04.1, mixed mode, sharing, tiered, compressed oops, compressed class ptrs, g1 gc, linux-amd64)
Heap:
 garbage-first heap   total 232448K, used 212637K [0x0000000084c00000, 0x0000000100000000)
  region size 1024K, 14 young (14336K), 2 survivors (2048K)
 Metaspace       used 43422K, committed 43968K, reserved 1114112K
  class space    used 5482K, committed 5760K, reserved 1048576K
GC Heap History (20 events):
Event: 1.160 GC heap before
{Heap before GC invocations=0 (full 0):
 garbage-first heap   total 129024K, used 23581K [0x0000000084c00000, 0x0000000100000000)
  region size 1024K, 23 young (23552K), 0 survivors (0K)
 Metaspace       used 5986K, committed 6144K, reserved 1114112K
  class space    used 690K, committed 768K, reserved 1048576K
}
Event: 1.163 GC heap after
{Heap after GC invocations=1 (full 0):
 garbage-first heap   total 129024K, used 4203K [0x0000000084c00000, 0x0000000100000000)
  region size 1024K, 3 young (3072K), 3 survivors (3072K)
 Metaspace       used 5986K, committed 6144K, reserved 1114112K
  class space    used 690K, committed 768K, reserved 1048576K
}
Event: 3.425 GC heap before
{Heap before GC invocations=1 (full 0):
 garbage-first heap   total 129024K, used 53355K [0x0000000084c00000, 0x0000000100000000)
  region size 1024K, 51 young (52224K), 3 survivors (3072K)
 Metaspace       used 15556K, committed 15808K, reserved 1114112K
  class space    used 1816K, committed 1920K, reserved 1048576K
}
Event: 3.431 GC heap after
{Heap after GC invocations=2 (full 0):
 garbage-first heap   total 129024K, used 8299K [0x0000000084c00000, 0x0000000100000000)
  region size 1024K, 7 young (7168K), 7 survivors (7168K)
 Metaspace       used 15556K, committed 15808K, reserved 1114112K
  class space    used 1816K, committed 1920K, reserved 1048576K
}
Event: 3.947 GC heap before
{Heap before GC invocations=2 (full 0):
 garbage-first heap   total 129024K, used 76907K [0x0000000084c00000, 0x0000000100000000)
  region size 1024K, 74 young (75776K), 7 survivors (7168K)
 Metaspace       used 17750K, committed 18048K, reserved 1114112K
  class space    used 1986K, committed 2112K, reserved 1048576K
}
Event: 3.955 GC heap after
{Heap after GC invocations=3 (full 0):
 garbage-first heap   total 129024K, used 13241K [0x0000000084c00000, 0x0000000100000000)
  region size 1024K, 9 young (9216K), 9 survivors (9216K)
 Metaspace       used 17750K, committed 18048K, reserved 1114112K
  class space    used 1986K, committed 2112K, reserved 1048576K
}
Event: 4.087 GC heap before
{Heap before GC invocations=3 (full 0):
 garbage-first heap   total 129024K, used 29625K [0x0000000084c00000, 0x0000000100000000)
  region size 1024K, 26 young (26624K), 9 survivors (9216K)
 Metaspace       used 21224K, committed 21504K, reserved 1114112K
  class space    used 2414K, committed 2560K, reserved 1048576K
}
Event: 4.092 GC heap after
{Heap after GC invocations=4 (full 0):
 garbage-first heap   total 129024K, used 14877K [0x0000000084c00000, 0x0000000100000000)
  region size 1024K, 7 young (7168K), 7 survivors (7168K)
 Metaspace       used 21224K, committed 21504K, reserved 1114112K
  class space    used 2414K, committed 2560K, reserved 1048576K
}
Event: 4.461 GC heap before
{Heap before GC invocations=5 (full 0):
 garbage-first heap   total 58368K, used 56861K [0x0000000084c00000, 0x0000000100000000)
  region size 1024K, 47 young (48128K), 7 survivors (7168K)
 Metaspace       used 27665K, committed 28032K, reserved 1114112K
  class space    used 3103K, committed 3264K, reserved 1048576K
}
Event: 4.473 GC heap after
{Heap after GC invocations=6 (full 0):
 garbage-first heap   total 74752K, used 24923K [0x0000000084c00000, 0x0000000100000000)
  region size 1024K, 10 young (10240K), 10 survivors (10240K)
 Metaspace       used 27665K, committed 28032K, reserved 1114112K
  class space    used 3103K, committed 3264K, reserved 1048576K
}
Event: 5.108 GC heap before
{Heap before GC invocations=6 (full 0):
 garbage-first heap   total 74752K, used 56667K [0x0000000084c00000, 0x0000000100000000)
  region size 1024K, 42 young (43008K), 10 survivors (10240K)
 Metaspace       used 32436K, committed 32960K, reserved 1114112K
  class space    used 3672K, committed 3904K, reserved 1048576K
}
Event: 5.112 GC heap after
{Heap after GC invocations=7 (full 0):
 garbage-first heap   total 74752K, used 23298K [0x0000000084c00000, 0x0000000100000000)
  region size 1024K, 3 young (3072K), 3 survivors (3072K)
 Metaspace       used 32436K, committed 32960K, reserved 1114112K
  class space    used 3672K, committed 3904K, reserved 1048576K
}
Event: 5.217 GC heap before
{Heap before GC invocations=7 (full 0):
 garbage-first heap   total 74752K, used 38658K [0x0000000084c00000, 0x0000000100000000)
  region size 1024K, 12 young (12288K), 3 survivors (3072K)
 Metaspace       used 35690K, committed 36160K, reserved 1114112K
  class space    used 4183K, committed 4416K, reserved 1048576K
}
Event: 5.220 GC heap after
{Heap after GC invocations=8 (full 0):
 garbage-first heap   total 74752K, used 32151K [0x0000000084c00000, 0x0000000100000000)
  region size 1024K, 4 young (4096K), 4 survivors (4096K)
 Metaspace       used 35690K, committed 36160K, reserved 1114112K
  class space    used 4183K, committed 4416K, reserved 1048576K
}
Event: 5.556 GC heap before
{Heap before GC invocations=9 (full 0):
 garbage-first heap   total 84992K, used 83351K [0x0000000084c00000, 0x0000000100000000)
  region size 1024K, 19 young (19456K), 4 survivors (4096K)
 Metaspace       used 40642K, committed 41152K, reserved 1114112K
  class space    used 5198K, committed 5440K, reserved 1048576K
}
Event: 5.559 GC heap after
{Heap after GC invocations=10 (full 0):
 garbage-first heap   total 122880K, used 70214K [0x0000000084c00000, 0x0000000100000000)
  region size 1024K, 3 young (3072K), 3 survivors (3072K)
 Metaspace       used 40642K, committed 41152K, reserved 1114112K
  class space    used 5198K, committed 5440K, reserved 1048576K
}
Event: 7.556 GC heap before
{Heap before GC invocations=10 (full 0):
 garbage-first heap   total 141312K, used 139846K [0x0000000084c00000, 0x0000000100000000)
  region size 1024K, 10 young (10240K), 3 survivors (3072K)
 Metaspace       used 42248K, committed 42816K, reserved 1114112K
  class space    used 5406K, committed 5696K, reserved 1048576K
}
Event: 7.560 GC heap after
{Heap after GC invocations=11 (full 0):
 garbage-first heap   total 147456K, used 107940K [0x0000000084c00000, 0x0000000100000000)
  region size 1024K, 5 young (5120K), 5 survivors (5120K)
 Metaspace       used 42248K, committed 42816K, reserved 1114112K
  class space    used 5406K, committed 5696K, reserved 1048576K
}
Event: 7.564 GC heap before
{Heap before GC invocations=11 (full 0):
 garbage-first heap   total 147456K, used 107940K [0x0000000084c00000, 0x0000000100000000)
  region size 1024K, 6 young (6144K), 5 survivors (5120K)
 Metaspace       used 42346K, committed 42944K, reserved 1114112K
  class space    used 5419K, committed 5696K, reserved 1048576K
}
Event: 7.566 GC heap after
{Heap after GC invocations=12 (full 0):
 garbage-first heap   total 147456K, used 108189K [0x0000000084c00000, 0x0000000100000000)
  region size 1024K, 2 young (2048K), 2 survivors (2048K)
 Metaspace       used 42346K, committed 42944K, reserved 1114112K
  class space    used 5419K, committed 5696K, reserved 1048576K
}

