# JRE version: OpenJDK Runtime Environment (21.0.2+13) (build 21.0.2+13-Ubuntu-122.04.1)
# Java VM: OpenJDK 64-Bit Server VM (21.0.2+13-Ubuntu-122.04.1, mixed mode, sharing, tiered, compressed oops, compressed class ptrs, g1 gc, linux-amd64)
Heap:
 garbage-first heap   total 295936K, used 239601K [0x0000000084c00000, 0x0000000100000000)
  region size 1024K, 13 young (13312K), 5 survivors (5120K)
 Metaspace       used 44206K, committed 44800K, reserved 1114112K
  class space    used 5499K, committed 5760K, reserved 1048576K
GC Heap History (20 events):
Event: 3.337 GC heap before
{Heap before GC invocations=1 (full 0):
 garbage-first heap   total 129024K, used 53432K [0x0000000084c00000, 0x0000000100000000)
  region size 1024K, 51 young (52224K), 3 survivors (3072K)
 Metaspace       used 15516K, committed 15808K, reserved 1114112K
  class space    used 1806K, committed 1920K, reserved 1048576K
}
Event: 3.344 GC heap after
{Heap after GC invocations=2 (full 0):
 garbage-first heap   total 129024K, used 8365K [0x0000000084c00000, 0x0000000100000000)
  region size 1024K, 7 young (7168K), 7 survivors (7168K)
 Metaspace       used 15516K, committed 15808K, reserved 1114112K
  class space    used 1806K, committed 1920K, reserved 1048576K
}
Event: 3.864 GC heap before
{Heap before GC invocations=2 (full 0):
 garbage-first heap   total 129024K, used 76973K [0x0000000084c00000, 0x0000000100000000)
  region size 1024K, 74 young (75776K), 7 survivors (7168K)
 Metaspace       used 17747K, committed 18048K, reserved 1114112K
  class space    used 1986K, committed 2112K, reserved 1048576K
}
Event: 3.872 GC heap after
{Heap after GC invocations=3 (full 0):
 garbage-first heap   total 129024K, used 13426K [0x0000000084c00000, 0x0000000100000000)
  region size 1024K, 9 young (9216K), 9 survivors (9216K)
 Metaspace       used 17747K, committed 18048K, reserved 1114112K
  class space    used 1986K, committed 2112K, reserved 1048576K
}
Event: 4.007 GC heap before
{Heap before GC invocations=3 (full 0):
 garbage-first heap   total 129024K, used 29810K [0x0000000084c00000, 0x0000000100000000)
  region size 1024K, 26 young (26624K), 9 survivors (9216K)
 Metaspace       used 21221K, committed 21504K, reserved 1114112K
  class space    used 2413K, committed 2560K, reserved 1048576K
}
Event: 4.012 GC heap after
{Heap after GC invocations=4 (full 0):
 garbage-first heap   total 129024K, used 15389K [0x0000000084c00000, 0x0000000100000000)
  region size 1024K, 7 young (7168K), 7 survivors (7168K)
 Metaspace       used 21221K, committed 21504K, reserved 1114112K
  class space    used 2413K, committed 2560K, reserved 1048576K
}
Event: 4.377 GC heap before
{Heap before GC invocations=5 (full 0):
 garbage-first heap   total 58368K, used 57373K [0x0000000084c00000, 0x0000000100000000)
  region size 1024K, 47 young (48128K), 7 survivors (7168K)
 Metaspace       used 27668K, committed 28032K, reserved 1114112K
  class space    used 3103K, committed 3264K, reserved 1048576K
}
Event: 4.389 GC heap after
{Heap after GC invocations=6 (full 0):
 garbage-first heap   total 74752K, used 24921K [0x0000000084c00000, 0x0000000100000000)
  region size 1024K, 10 young (10240K), 10 survivors (10240K)
 Metaspace       used 27668K, committed 28032K, reserved 1114112K
  class space    used 3103K, committed 3264K, reserved 1048576K
}
Event: 5.038 GC heap before
{Heap before GC invocations=6 (full 0):
 garbage-first heap   total 74752K, used 56665K [0x0000000084c00000, 0x0000000100000000)
  region size 1024K, 42 young (43008K), 10 survivors (10240K)
 Metaspace       used 32457K, committed 32960K, reserved 1114112K
  class space    used 3673K, committed 3904K, reserved 1048576K
}
Event: 5.043 GC heap after
{Heap after GC invocations=7 (full 0):
 garbage-first heap   total 74752K, used 23303K [0x0000000084c00000, 0x0000000100000000)
  region size 1024K, 3 young (3072K), 3 survivors (3072K)
 Metaspace       used 32457K, committed 32960K, reserved 1114112K
  class space    used 3673K, committed 3904K, reserved 1048576K
}
Event: 5.154 GC heap before
{Heap before GC invocations=7 (full 0):
 garbage-first heap   total 74752K, used 38663K [0x0000000084c00000, 0x0000000100000000)
  region size 1024K, 12 young (12288K), 3 survivors (3072K)
 Metaspace       used 35676K, committed 36160K, reserved 1114112K
  class space    used 4178K, committed 4416K, reserved 1048576K
}
Event: 5.156 GC heap after
{Heap after GC invocations=8 (full 0):
 garbage-first heap   total 74752K, used 32418K [0x0000000084c00000, 0x0000000100000000)
  region size 1024K, 4 young (4096K), 4 survivors (4096K)
 Metaspace       used 35676K, committed 36160K, reserved 1114112K
  class space    used 4178K, committed 4416K, reserved 1048576K
}
Event: 5.524 GC heap before
{Heap before GC invocations=9 (full 0):
 garbage-first heap   total 84992K, used 84642K [0x0000000084c00000, 0x0000000100000000)
  region size 1024K, 19 young (19456K), 4 survivors (4096K)
 Metaspace       used 40757K, committed 41280K, reserved 1114112K
  class space    used 5210K, committed 5440K, reserved 1048576K
}
Event: 5.528 GC heap after
{Heap after GC invocations=10 (full 0):
 garbage-first heap   total 125952K, used 70415K [0x0000000084c00000, 0x0000000100000000)
  region size 1024K, 4 young (4096K), 4 survivors (4096K)
 Metaspace       used 40757K, committed 41280K, reserved 1114112K
  class space    used 5210K, committed 5440K, reserved 1048576K
}
Event: 11.069 GC heap before
{Heap before GC invocations=10 (full 0):
 garbage-first heap   total 171008K, used 168719K [0x0000000084c00000, 0x0000000100000000)
  region size 1024K, 13 young (13312K), 4 survivors (4096K)
 Metaspace       used 42639K, committed 43200K, reserved 1114112K
  class space    used 5441K, committed 5696K, reserved 1048576K
}
Event: 11.074 GC heap after
{Heap after GC invocations=11 (full 0):
 garbage-first heap   total 178176K, used 128122K [0x0000000084c00000, 0x0000000100000000)
  region size 1024K, 6 young (6144K), 6 survivors (6144K)
 Metaspace       used 42639K, committed 43200K, reserved 1114112K
  class space    used 5441K, committed 5696K, reserved 1048576K
}
Event: 11.075 GC heap before
{Heap before GC invocations=11 (full 0):
 garbage-first heap   total 178176K, used 128122K [0x0000000084c00000, 0x0000000100000000)
  region size 1024K, 7 young (7168K), 6 survivors (6144K)
 Metaspace       used 42704K, committed 43200K, reserved 1114112K
  class space    used 5453K, committed 5696K, reserved 1048576K
}
Event: 11.077 GC heap after
{Heap after GC invocations=12 (full 0):
 garbage-first heap   total 178176K, used 127828K [0x0000000084c00000, 0x0000000100000000)
  region size 1024K, 3 young (3072K), 3 survivors (3072K)
 Metaspace       used 42704K, committed 43200K, reserved 1114112K
  class space    used 5453K, committed 5696K, reserved 1048576K
}
Event: 30.793 GC heap before
{Heap before GC invocations=13 (full 0):
 garbage-first heap   total 289792K, used 287572K [0x0000000084c00000, 0x0000000100000000)
  region size 1024K, 28 young (28672K), 3 survivors (3072K)
 Metaspace       used 44117K, committed 44672K, reserved 1114112K
  class space    used 5496K, committed 5760K, reserved 1048576K
}
Event: 30.797 GC heap after
{Heap after GC invocations=14 (full 0):
 garbage-first heap   total 295936K, used 232433K [0x0000000084c00000, 0x0000000100000000)
  region size 1024K, 5 young (5120K), 5 survivors (5120K)
 Metaspace       used 44117K, committed 44672K, reserved 1114112K
  class space    used 5496K, committed 5760K, reserved 1048576K
}

