# JRE version: OpenJDK Runtime Environment (21.0.2+13) (build 21.0.2+13-Ubuntu-122.04.1)
# Java VM: OpenJDK 64-Bit Server VM (21.0.2+13-Ubuntu-122.04.1, mixed mode, sharing, tiered, compressed oops, compressed class ptrs, g1 gc, linux-amd64)
Heap:
 garbage-first heap   total 307200K, used 248070K [0x0000000084c00000, 0x0000000100000000)
  region size 1024K, 18 young (18432K), 9 survivors (9216K)
 Metaspace       used 44508K, committed 45120K, reserved 1114112K
  class space    used 5517K, committed 5824K, reserved 1048576K
GC Heap History (18 events):
Event: 1.102 GC heap before
{Heap before GC invocations=0 (full 0):
 garbage-first heap   total 129024K, used 23581K [0x0000000084c00000, 0x0000000100000000)
  region size 1024K, 23 young (23552K), 0 survivors (0K)
 Metaspace       used 5986K, committed 6144K, reserved 1114112K
  class space    used 690K, committed 768K, reserved 1048576K
}
Event: 1.104 GC heap after
{Heap after GC invocations=1 (full 0):
 garbage-first heap   total 129024K, used 4245K [0x0000000084c00000, 0x0000000100000000)
  region size 1024K, 3 young (3072K), 3 survivors (3072K)
 Metaspace       used 5986K, committed 6144K, reserved 1114112K
  class space    used 690K, committed 768K, reserved 1048576K
}
Event: 3.494 GC heap before
{Heap before GC invocations=1 (full 0):
 garbage-first heap   total 129024K, used 53397K [0x0000000084c00000, 0x0000000100000000)
  region size 1024K, 51 young (52224K), 3 survivors (3072K)
 Metaspace       used 15581K, committed 15808K, reserved 1114112K
  class space    used 1818K, committed 1920K, reserved 1048576K
}
Event: 3.500 GC heap after
{Heap after GC invocations=2 (full 0):
 garbage-first heap   total 129024K, used 8600K [0x0000000084c00000, 0x0000000100000000)
  region size 1024K, 7 young (7168K), 7 survivors (7168K)
 Metaspace       used 15581K, committed 15808K, reserved 1114112K
  class space    used 1818K, committed 1920K, reserved 1048576K
}
Event: 4.029 GC heap before
{Heap before GC invocations=2 (full 0):
 garbage-first heap   total 129024K, used 77208K [0x0000000084c00000, 0x0000000100000000)
  region size 1024K, 74 young (75776K), 7 survivors (7168K)
 Metaspace       used 17748K, committed 18048K, reserved 1114112K
  class space    used 1986K, committed 2112K, reserved 1048576K
}
Event: 4.037 GC heap after
{Heap after GC invocations=3 (full 0):
 garbage-first heap   total 129024K, used 13379K [0x0000000084c00000, 0x0000000100000000)
  region size 1024K, 9 young (9216K), 9 survivors (9216K)
 Metaspace       used 17748K, committed 18048K, reserved 1114112K
  class space    used 1986K, committed 2112K, reserved 1048576K
}
Event: 4.174 GC heap before
{Heap before GC invocations=3 (full 0):
 garbage-first heap   total 129024K, used 29763K [0x0000000084c00000, 0x0000000100000000)
  region size 1024K, 26 young (26624K), 9 survivors (9216K)
 Metaspace       used 21236K, committed 21504K, reserved 1114112K
  class space    used 2413K, committed 2560K, reserved 1048576K
}
Event: 4.179 GC heap after
{Heap after GC invocations=4 (full 0):
 garbage-first heap   total 129024K, used 15594K [0x0000000084c00000, 0x0000000100000000)
  region size 1024K, 7 young (7168K), 7 survivors (7168K)
 Metaspace       used 21236K, committed 21504K, reserved 1114112K
  class space    used 2413K, committed 2560K, reserved 1048576K
}
Event: 4.603 GC heap before
{Heap before GC invocations=5 (full 0):
 garbage-first heap   total 61440K, used 59626K [0x0000000084c00000, 0x0000000100000000)
  region size 1024K, 49 young (50176K), 7 survivors (7168K)
 Metaspace       used 27943K, committed 28224K, reserved 1114112K
  class space    used 3130K, committed 3264K, reserved 1048576K
}
Event: 4.614 GC heap after
{Heap after GC invocations=6 (full 0):
 garbage-first heap   total 77824K, used 25132K [0x0000000084c00000, 0x0000000100000000)
  region size 1024K, 10 young (10240K), 10 survivors (10240K)
 Metaspace       used 27943K, committed 28224K, reserved 1114112K
  class space    used 3130K, committed 3264K, reserved 1048576K
}
Event: 5.220 GC heap before
{Heap before GC invocations=6 (full 0):
 garbage-first heap   total 77824K, used 58924K [0x0000000084c00000, 0x0000000100000000)
  region size 1024K, 44 young (45056K), 10 survivors (10240K)
 Metaspace       used 34296K, committed 34752K, reserved 1114112K
  class space    used 3946K, committed 4160K, reserved 1048576K
}
Event: 5.227 GC heap after
{Heap after GC invocations=7 (full 0):
 garbage-first heap   total 77824K, used 29605K [0x0000000084c00000, 0x0000000100000000)
  region size 1024K, 5 young (5120K), 5 survivors (5120K)
 Metaspace       used 34296K, committed 34752K, reserved 1114112K
  class space    used 3946K, committed 4160K, reserved 1048576K
}
Event: 5.300 GC heap before
{Heap before GC invocations=7 (full 0):
 garbage-first heap   total 77824K, used 42917K [0x0000000084c00000, 0x0000000100000000)
  region size 1024K, 11 young (11264K), 5 survivors (5120K)
 Metaspace       used 35685K, committed 36160K, reserved 1114112K
  class space    used 4179K, committed 4416K, reserved 1048576K
}
Event: 5.303 GC heap after
{Heap after GC invocations=8 (full 0):
 garbage-first heap   total 77824K, used 39044K [0x0000000084c00000, 0x0000000100000000)
  region size 1024K, 2 young (2048K), 2 survivors (2048K)
 Metaspace       used 35685K, committed 36160K, reserved 1114112K
  class space    used 4179K, committed 4416K, reserved 1048576K
}
Event: 20.074 GC heap before
{Heap before GC invocations=9 (full 0):
 garbage-first heap   total 217088K, used 214148K [0x0000000084c00000, 0x0000000100000000)
  region size 1024K, 28 young (28672K), 2 survivors (2048K)
 Metaspace       used 43093K, committed 43648K, reserved 1114112K
  class space    used 5472K, committed 5760K, reserved 1048576K
}
Event: 20.078 GC heap after
{Heap after GC invocations=10 (full 0):
 garbage-first heap   total 271360K, used 157852K [0x0000000084c00000, 0x0000000100000000)
  region size 1024K, 4 young (4096K), 4 survivors (4096K)
 Metaspace       used 43093K, committed 43648K, reserved 1114112K
  class space    used 5472K, committed 5760K, reserved 1048576K
}
Event: 38.204 GC heap before
{Heap before GC invocations=10 (full 0):
 garbage-first heap   total 297984K, used 297116K [0x0000000084c00000, 0x0000000100000000)
  region size 1024K, 30 young (30720K), 4 survivors (4096K)
 Metaspace       used 44279K, committed 44928K, reserved 1114112K
  class space    used 5510K, committed 5824K, reserved 1048576K
}
Event: 38.209 GC heap after
{Heap after GC invocations=11 (full 0):
 garbage-first heap   total 307200K, used 239878K [0x0000000084c00000, 0x0000000100000000)
  region size 1024K, 9 young (9216K), 9 survivors (9216K)
 Metaspace       used 44279K, committed 44928K, reserved 1114112K
  class space    used 5510K, committed 5824K, reserved 1048576K
}

