# JRE version: OpenJDK Runtime Environment (21.0.2+13) (build 21.0.2+13-Ubuntu-122.04.1)
# Java VM: OpenJDK 64-Bit Server VM (21.0.2+13-Ubuntu-122.04.1, mixed mode, sharing, tiered, compressed oops, compressed class ptrs, g1 gc, linux-amd64)
Heap:
 garbage-first heap   total 301056K, used 295012K [0x0000000084c00000, 0x0000000100000000)
  region size 1024K, 30 young (30720K), 4 survivors (4096K)
 Metaspace       used 44110K, committed 44608K, reserved 1114112K
  class space    used 5498K, committed 5760K, reserved 1048576K
GC Heap History (16 events):
Event: 1.143 GC heap before
{Heap before GC invocations=0 (full 0):
 garbage-first heap   total 129024K, used 23581K [0x0000000084c00000, 0x0000000100000000)
  region size 1024K, 23 young (23552K), 0 survivors (0K)
 Metaspace       used 5987K, committed 6144K, reserved 1114112K
  class space    used 690K, committed 768K, reserved 1048576K
}
Event: 1.146 GC heap after
{Heap after GC invocations=1 (full 0):
 garbage-first heap   total 129024K, used 4229K [0x0000000084c00000, 0x0000000100000000)
  region size 1024K, 3 young (3072K), 3 survivors (3072K)
 Metaspace       used 5987K, committed 6144K, reserved 1114112K
  class space    used 690K, committed 768K, reserved 1048576K
}
Event: 3.360 GC heap before
{Heap before GC invocations=1 (full 0):
 garbage-first heap   total 129024K, used 53381K [0x0000000084c00000, 0x0000000100000000)
  region size 1024K, 51 young (52224K), 3 survivors (3072K)
 Metaspace       used 15491K, committed 15744K, reserved 1114112K
  class space    used 1802K, committed 1920K, reserved 1048576K
}
Event: 3.366 GC heap after
{Heap after GC invocations=2 (full 0):
 garbage-first heap   total 129024K, used 8406K [0x0000000084c00000, 0x0000000100000000)
  region size 1024K, 7 young (7168K), 7 survivors (7168K)
 Metaspace       used 15491K, committed 15744K, reserved 1114112K
  class space    used 1802K, committed 1920K, reserved 1048576K
}
Event: 3.909 GC heap before
{Heap before GC invocations=2 (full 0):
 garbage-first heap   total 129024K, used 77014K [0x0000000084c00000, 0x0000000100000000)
  region size 1024K, 74 young (75776K), 7 survivors (7168K)
 Metaspace       used 17752K, committed 18048K, reserved 1114112K
  class space    used 1986K, committed 2112K, reserved 1048576K
}
Event: 3.917 GC heap after
{Heap after GC invocations=3 (full 0):
 garbage-first heap   total 129024K, used 13193K [0x0000000084c00000, 0x0000000100000000)
  region size 1024K, 9 young (9216K), 9 survivors (9216K)
 Metaspace       used 17752K, committed 18048K, reserved 1114112K
  class space    used 1986K, committed 2112K, reserved 1048576K
}
Event: 4.062 GC heap before
{Heap before GC invocations=3 (full 0):
 garbage-first heap   total 129024K, used 30601K [0x0000000084c00000, 0x0000000100000000)
  region size 1024K, 27 young (27648K), 9 survivors (9216K)
 Metaspace       used 21212K, committed 21504K, reserved 1114112K
  class space    used 2413K, committed 2560K, reserved 1048576K
}
Event: 4.067 GC heap after
{Heap after GC invocations=4 (full 0):
 garbage-first heap   total 129024K, used 14877K [0x0000000084c00000, 0x0000000100000000)
  region size 1024K, 7 young (7168K), 7 survivors (7168K)
 Metaspace       used 21212K, committed 21504K, reserved 1114112K
  class space    used 2413K, committed 2560K, reserved 1048576K
}
Event: 4.444 GC heap before
{Heap before GC invocations=5 (full 0):
 garbage-first heap   total 58368K, used 56861K [0x0000000084c00000, 0x0000000100000000)
  region size 1024K, 47 young (48128K), 7 survivors (7168K)
 Metaspace       used 27664K, committed 28032K, reserved 1114112K
  class space    used 3103K, committed 3264K, reserved 1048576K
}
Event: 4.455 GC heap after
{Heap after GC invocations=6 (full 0):
 garbage-first heap   total 74752K, used 24924K [0x0000000084c00000, 0x0000000100000000)
  region size 1024K, 10 young (10240K), 10 survivors (10240K)
 Metaspace       used 27664K, committed 28032K, reserved 1114112K
  class space    used 3103K, committed 3264K, reserved 1048576K
}
Event: 5.099 GC heap before
{Heap before GC invocations=6 (full 0):
 garbage-first heap   total 74752K, used 56668K [0x0000000084c00000, 0x0000000100000000)
  region size 1024K, 42 young (43008K), 10 survivors (10240K)
 Metaspace       used 32445K, committed 32960K, reserved 1114112K
  class space    used 3673K, committed 3904K, reserved 1048576K
}
Event: 5.105 GC heap after
{Heap after GC invocations=7 (full 0):
 garbage-first heap   total 74752K, used 28672K [0x0000000084c00000, 0x0000000100000000)
  region size 1024K, 4 young (4096K), 4 survivors (4096K)
 Metaspace       used 32445K, committed 32960K, reserved 1114112K
  class space    used 3673K, committed 3904K, reserved 1048576K
}
Event: 5.211 GC heap before
{Heap before GC invocations=7 (full 0):
 garbage-first heap   total 74752K, used 45056K [0x0000000084c00000, 0x0000000100000000)
  region size 1024K, 14 young (14336K), 4 survivors (4096K)
 Metaspace       used 35686K, committed 36160K, reserved 1114112K
  class space    used 4183K, committed 4416K, reserved 1048576K
}
Event: 5.214 GC heap after
{Heap after GC invocations=8 (full 0):
 garbage-first heap   total 74752K, used 38468K [0x0000000084c00000, 0x0000000100000000)
  region size 1024K, 2 young (2048K), 2 survivors (2048K)
 Metaspace       used 35686K, committed 36160K, reserved 1114112K
  class space    used 4183K, committed 4416K, reserved 1048576K
}
Event: 21.578 GC heap before
{Heap before GC invocations=9 (full 0):
 garbage-first heap   total 214016K, used 212548K [0x0000000084c00000, 0x0000000100000000)
  region size 1024K, 27 young (27648K), 2 survivors (2048K)
 Metaspace       used 42932K, committed 43520K, reserved 1114112K
  class space    used 5467K, committed 5760K, reserved 1048576K
}
Event: 21.582 GC heap after
{Heap after GC invocations=10 (full 0):
 garbage-first heap   total 264192K, used 156772K [0x0000000084c00000, 0x0000000100000000)
  region size 1024K, 4 young (4096K), 4 survivors (4096K)
 Metaspace       used 42932K, committed 43520K, reserved 1114112K
  class space    used 5467K, committed 5760K, reserved 1048576K
}

