# JRE version: OpenJDK Runtime Environment (21.0.2+13) (build 21.0.2+13-Ubuntu-122.04.1)
# Java VM: OpenJDK 64-Bit Server VM (21.0.2+13-Ubuntu-122.04.1, mixed mode, sharing, tiered, compressed oops, compressed class ptrs, g1 gc, linux-amd64)
Heap:
 garbage-first heap   total 211968K, used 186959K [0x0000000084c00000, 0x0000000100000000)
  region size 1024K, 12 young (12288K), 1 survivors (1024K)
 Metaspace       used 43273K, committed 43840K, reserved 1114112K
  class space    used 5336K, committed 5632K, reserved 1048576K
GC Heap History (20 events):
Event: 1.130 GC heap before
{Heap before GC invocations=0 (full 0):
 garbage-first heap   total 129024K, used 23581K [0x0000000084c00000, 0x0000000100000000)
  region size 1024K, 23 young (23552K), 0 survivors (0K)
 Metaspace       used 5986K, committed 6144K, reserved 1114112K
  class space    used 690K, committed 768K, reserved 1048576K
}
Event: 1.133 GC heap after
{Heap after GC invocations=1 (full 0):
 garbage-first heap   total 129024K, used 4264K [0x0000000084c00000, 0x0000000100000000)
  region size 1024K, 3 young (3072K), 3 survivors (3072K)
 Metaspace       used 5986K, committed 6144K, reserved 1114112K
  class space    used 690K, committed 768K, reserved 1048576K
}
Event: 3.335 GC heap before
{Heap before GC invocations=1 (full 0):
 garbage-first heap   total 129024K, used 53416K [0x0000000084c00000, 0x0000000100000000)
  region size 1024K, 51 young (52224K), 3 survivors (3072K)
 Metaspace       used 15474K, committed 15744K, reserved 1114112K
  class space    used 1801K, committed 1920K, reserved 1048576K
}
Event: 3.341 GC heap after
{Heap after GC invocations=2 (full 0):
 garbage-first heap   total 129024K, used 8367K [0x0000000084c00000, 0x0000000100000000)
  region size 1024K, 7 young (7168K), 7 survivors (7168K)
 Metaspace       used 15474K, committed 15744K, reserved 1114112K
  class space    used 1801K, committed 1920K, reserved 1048576K
}
Event: 3.875 GC heap before
{Heap before GC invocations=2 (full 0):
 garbage-first heap   total 129024K, used 76975K [0x0000000084c00000, 0x0000000100000000)
  region size 1024K, 74 young (75776K), 7 survivors (7168K)
 Metaspace       used 17735K, committed 18048K, reserved 1114112K
  class space    used 1986K, committed 2112K, reserved 1048576K
}
Event: 3.883 GC heap after
{Heap after GC invocations=3 (full 0):
 garbage-first heap   total 129024K, used 13213K [0x0000000084c00000, 0x0000000100000000)
  region size 1024K, 9 young (9216K), 9 survivors (9216K)
 Metaspace       used 17735K, committed 18048K, reserved 1114112K
  class space    used 1986K, committed 2112K, reserved 1048576K
}
Event: 4.021 GC heap before
{Heap before GC invocations=3 (full 0):
 garbage-first heap   total 129024K, used 29597K [0x0000000084c00000, 0x0000000100000000)
  region size 1024K, 26 young (26624K), 9 survivors (9216K)
 Metaspace       used 21228K, committed 21504K, reserved 1114112K
  class space    used 2413K, committed 2560K, reserved 1048576K
}
Event: 4.027 GC heap after
{Heap after GC invocations=4 (full 0):
 garbage-first heap   total 129024K, used 15350K [0x0000000084c00000, 0x0000000100000000)
  region size 1024K, 7 young (7168K), 7 survivors (7168K)
 Metaspace       used 21228K, committed 21504K, reserved 1114112K
  class space    used 2413K, committed 2560K, reserved 1048576K
}
Event: 4.390 GC heap before
{Heap before GC invocations=5 (full 0):
 garbage-first heap   total 58368K, used 57334K [0x0000000084c00000, 0x0000000100000000)
  region size 1024K, 47 young (48128K), 7 survivors (7168K)
 Metaspace       used 27556K, committed 27904K, reserved 1114112K
  class space    used 3086K, committed 3264K, reserved 1048576K
}
Event: 4.400 GC heap after
{Heap after GC invocations=6 (full 0):
 garbage-first heap   total 74752K, used 24885K [0x0000000084c00000, 0x0000000100000000)
  region size 1024K, 10 young (10240K), 10 survivors (10240K)
 Metaspace       used 27556K, committed 27904K, reserved 1114112K
  class space    used 3086K, committed 3264K, reserved 1048576K
}
Event: 4.989 GC heap before
{Heap before GC invocations=6 (full 0):
 garbage-first heap   total 74752K, used 57653K [0x0000000084c00000, 0x0000000100000000)
  region size 1024K, 42 young (43008K), 10 survivors (10240K)
 Metaspace       used 33423K, committed 33856K, reserved 1114112K
  class space    used 3826K, committed 4032K, reserved 1048576K
}
Event: 4.994 GC heap after
{Heap after GC invocations=7 (full 0):
 garbage-first heap   total 74752K, used 22849K [0x0000000084c00000, 0x0000000100000000)
  region size 1024K, 3 young (3072K), 3 survivors (3072K)
 Metaspace       used 33423K, committed 33856K, reserved 1114112K
  class space    used 3826K, committed 4032K, reserved 1048576K
}
Event: 5.113 GC heap before
{Heap before GC invocations=7 (full 0):
 garbage-first heap   total 74752K, used 37185K [0x0000000084c00000, 0x0000000100000000)
  region size 1024K, 11 young (11264K), 3 survivors (3072K)
 Metaspace       used 35704K, committed 36160K, reserved 1114112K
  class space    used 4235K, committed 4480K, reserved 1048576K
}
Event: 5.115 GC heap after
{Heap after GC invocations=8 (full 0):
 garbage-first heap   total 74752K, used 31936K [0x0000000084c00000, 0x0000000100000000)
  region size 1024K, 4 young (4096K), 4 survivors (4096K)
 Metaspace       used 35704K, committed 36160K, reserved 1114112K
  class space    used 4235K, committed 4480K, reserved 1048576K
}
Event: 5.942 GC heap before
{Heap before GC invocations=9 (full 0):
 garbage-first heap   total 84992K, used 83136K [0x0000000084c00000, 0x0000000100000000)
  region size 1024K, 19 young (19456K), 4 survivors (4096K)
 Metaspace       used 40466K, committed 40960K, reserved 1114112K
  class space    used 5067K, committed 5312K, reserved 1048576K
}
Event: 5.945 GC heap after
{Heap after GC invocations=10 (full 0):
 garbage-first heap   total 134144K, used 70556K [0x0000000084c00000, 0x0000000100000000)
  region size 1024K, 4 young (4096K), 4 survivors (4096K)
 Metaspace       used 40466K, committed 40960K, reserved 1114112K
  class space    used 5067K, committed 5312K, reserved 1048576K
}
Event: 12.894 GC heap before
{Heap before GC invocations=10 (full 0):
 garbage-first heap   total 171008K, used 168860K [0x0000000084c00000, 0x0000000100000000)
  region size 1024K, 13 young (13312K), 4 survivors (4096K)
 Metaspace       used 42373K, committed 42944K, reserved 1114112K
  class space    used 5289K, committed 5568K, reserved 1048576K
}
Event: 12.897 GC heap after
{Heap after GC invocations=11 (full 0):
 garbage-first heap   total 178176K, used 144293K [0x0000000084c00000, 0x0000000100000000)
  region size 1024K, 6 young (6144K), 6 survivors (6144K)
 Metaspace       used 42373K, committed 42944K, reserved 1114112K
  class space    used 5289K, committed 5568K, reserved 1048576K
}
Event: 24.057 GC heap before
{Heap before GC invocations=11 (full 0):
 garbage-first heap   total 178176K, used 146341K [0x0000000084c00000, 0x0000000100000000)
  region size 1024K, 9 young (9216K), 6 survivors (6144K)
 Metaspace       used 42684K, committed 43200K, reserved 1114112K
  class space    used 5311K, committed 5568K, reserved 1048576K
}
Event: 24.059 GC heap after
{Heap after GC invocations=12 (full 0):
 garbage-first heap   total 178176K, used 109135K [0x0000000084c00000, 0x0000000100000000)
  region size 1024K, 1 young (1024K), 1 survivors (1024K)
 Metaspace       used 42684K, committed 43200K, reserved 1114112K
  class space    used 5311K, committed 5568K, reserved 1048576K
}

