# JRE version: OpenJDK Runtime Environment (21.0.2+13) (build 21.0.2+13-Ubuntu-122.04.1)
# Java VM: OpenJDK 64-Bit Server VM (21.0.2+13-Ubuntu-122.04.1, mixed mode, sharing, tiered, compressed oops, compressed class ptrs, g1 gc, linux-amd64)
Heap:
 garbage-first heap   total 267264K, used 217587K [0x0000000084c00000, 0x0000000100000000)
  region size 1024K, 13 young (13312K), 6 survivors (6144K)
 Metaspace       used 43713K, committed 44224K, reserved 1114112K
  class space    used 5330K, committed 5568K, reserved 1048576K
GC Heap History (18 events):
Event: 1.241 GC heap before
{Heap before GC invocations=0 (full 0):
 garbage-first heap   total 129024K, used 23581K [0x0000000084c00000, 0x0000000100000000)
  region size 1024K, 23 young (23552K), 0 survivors (0K)
 Metaspace       used 5985K, committed 6144K, reserved 1114112K
  class space    used 690K, committed 768K, reserved 1048576K
}
Event: 1.244 GC heap after
{Heap after GC invocations=1 (full 0):
 garbage-first heap   total 129024K, used 4264K [0x0000000084c00000, 0x0000000100000000)
  region size 1024K, 3 young (3072K), 3 survivors (3072K)
 Metaspace       used 5985K, committed 6144K, reserved 1114112K
  class space    used 690K, committed 768K, reserved 1048576K
}
Event: 4.114 GC heap before
{Heap before GC invocations=1 (full 0):
 garbage-first heap   total 129024K, used 53416K [0x0000000084c00000, 0x0000000100000000)
  region size 1024K, 51 young (52224K), 3 survivors (3072K)
 Metaspace       used 15507K, committed 15744K, reserved 1114112K
  class space    used 1806K, committed 1920K, reserved 1048576K
}
Event: 4.119 GC heap after
{Heap after GC invocations=2 (full 0):
 garbage-first heap   total 129024K, used 8360K [0x0000000084c00000, 0x0000000100000000)
  region size 1024K, 7 young (7168K), 7 survivors (7168K)
 Metaspace       used 15507K, committed 15744K, reserved 1114112K
  class space    used 1806K, committed 1920K, reserved 1048576K
}
Event: 4.686 GC heap before
{Heap before GC invocations=2 (full 0):
 garbage-first heap   total 129024K, used 76968K [0x0000000084c00000, 0x0000000100000000)
  region size 1024K, 74 young (75776K), 7 survivors (7168K)
 Metaspace       used 17739K, committed 18048K, reserved 1114112K
  class space    used 1986K, committed 2112K, reserved 1048576K
}
Event: 4.694 GC heap after
{Heap after GC invocations=3 (full 0):
 garbage-first heap   total 129024K, used 13256K [0x0000000084c00000, 0x0000000100000000)
  region size 1024K, 9 young (9216K), 9 survivors (9216K)
 Metaspace       used 17739K, committed 18048K, reserved 1114112K
  class space    used 1986K, committed 2112K, reserved 1048576K
}
Event: 4.830 GC heap before
{Heap before GC invocations=3 (full 0):
 garbage-first heap   total 129024K, used 30664K [0x0000000084c00000, 0x0000000100000000)
  region size 1024K, 27 young (27648K), 9 survivors (9216K)
 Metaspace       used 21221K, committed 21504K, reserved 1114112K
  class space    used 2413K, committed 2560K, reserved 1048576K
}
Event: 4.835 GC heap after
{Heap after GC invocations=4 (full 0):
 garbage-first heap   total 129024K, used 15389K [0x0000000084c00000, 0x0000000100000000)
  region size 1024K, 7 young (7168K), 7 survivors (7168K)
 Metaspace       used 21221K, committed 21504K, reserved 1114112K
  class space    used 2413K, committed 2560K, reserved 1048576K
}
Event: 5.209 GC heap before
{Heap before GC invocations=5 (full 0):
 garbage-first heap   total 58368K, used 57373K [0x0000000084c00000, 0x0000000100000000)
  region size 1024K, 47 young (48128K), 7 survivors (7168K)
 Metaspace       used 27949K, committed 28288K, reserved 1114112K
  class space    used 3128K, committed 3264K, reserved 1048576K
}
Event: 5.221 GC heap after
{Heap after GC invocations=6 (full 0):
 garbage-first heap   total 74752K, used 24920K [0x0000000084c00000, 0x0000000100000000)
  region size 1024K, 10 young (10240K), 10 survivors (10240K)
 Metaspace       used 27949K, committed 28288K, reserved 1114112K
  class space    used 3128K, committed 3264K, reserved 1048576K
}
Event: 5.796 GC heap before
{Heap before GC invocations=6 (full 0):
 garbage-first heap   total 74752K, used 56664K [0x0000000084c00000, 0x0000000100000000)
  region size 1024K, 42 young (43008K), 10 survivors (10240K)
 Metaspace       used 33431K, committed 33856K, reserved 1114112K
  class space    used 3825K, committed 4032K, reserved 1048576K
}
Event: 5.802 GC heap after
{Heap after GC invocations=7 (full 0):
 garbage-first heap   total 74752K, used 28186K [0x0000000084c00000, 0x0000000100000000)
  region size 1024K, 4 young (4096K), 4 survivors (4096K)
 Metaspace       used 33431K, committed 33856K, reserved 1114112K
  class space    used 3825K, committed 4032K, reserved 1048576K
}
Event: 5.940 GC heap before
{Heap before GC invocations=7 (full 0):
 garbage-first heap   total 74752K, used 43546K [0x0000000084c00000, 0x0000000100000000)
  region size 1024K, 13 young (13312K), 4 survivors (4096K)
 Metaspace       used 35854K, committed 36288K, reserved 1114112K
  class space    used 4260K, committed 4480K, reserved 1048576K
}
Event: 5.943 GC heap after
{Heap after GC invocations=8 (full 0):
 garbage-first heap   total 74752K, used 38425K [0x0000000084c00000, 0x0000000100000000)
  region size 1024K, 2 young (2048K), 2 survivors (2048K)
 Metaspace       used 35854K, committed 36288K, reserved 1114112K
  class space    used 4260K, committed 4480K, reserved 1048576K
}
Event: 9.007 GC heap before
{Heap before GC invocations=9 (full 0):
 garbage-first heap   total 156672K, used 155161K [0x0000000084c00000, 0x0000000100000000)
  region size 1024K, 19 young (19456K), 2 survivors (2048K)
 Metaspace       used 41360K, committed 41856K, reserved 1114112K
  class space    used 5169K, committed 5440K, reserved 1048576K
}
Event: 9.011 GC heap after
{Heap after GC invocations=10 (full 0):
 garbage-first heap   total 193536K, used 140684K [0x0000000084c00000, 0x0000000100000000)
  region size 1024K, 4 young (4096K), 4 survivors (4096K)
 Metaspace       used 41360K, committed 41856K, reserved 1114112K
  class space    used 5169K, committed 5440K, reserved 1048576K
}
Event: 41.222 GC heap before
{Heap before GC invocations=10 (full 0):
 garbage-first heap   total 259072K, used 257420K [0x0000000084c00000, 0x0000000100000000)
  region size 1024K, 27 young (27648K), 4 survivors (4096K)
 Metaspace       used 43469K, committed 43968K, reserved 1114112K
  class space    used 5327K, committed 5568K, reserved 1048576K
}
Event: 41.227 GC heap after
{Heap after GC invocations=11 (full 0):
 garbage-first heap   total 267264K, used 211443K [0x0000000084c00000, 0x0000000100000000)
  region size 1024K, 6 young (6144K), 6 survivors (6144K)
 Metaspace       used 43469K, committed 43968K, reserved 1114112K
  class space    used 5327K, committed 5568K, reserved 1048576K
}

