# JRE version: OpenJDK Runtime Environment (21.0.2+13) (build 21.0.2+13-Ubuntu-122.04.1)
# Java VM: OpenJDK 64-Bit Server VM (21.0.2+13-Ubuntu-122.04.1, mixed mode, sharing, tiered, compressed oops, compressed class ptrs, g1 gc, linux-amd64)
Heap:
 garbage-first heap   total 285696K, used 206822K [0x0000000084c00000, 0x0000000100000000)
  region size 1024K, 13 young (13312K), 1 survivors (1024K)
 Metaspace       used 43328K, committed 43840K, reserved 1114112K
  class space    used 5342K, committed 5632K, reserved 1048576K
GC Heap History (20 events):
Event: 1.123 GC heap before
{Heap before GC invocations=0 (full 0):
 garbage-first heap   total 129024K, used 23581K [0x0000000084c00000, 0x0000000100000000)
  region size 1024K, 23 young (23552K), 0 survivors (0K)
 Metaspace       used 5987K, committed 6144K, reserved 1114112K
  class space    used 690K, committed 768K, reserved 1048576K
}
Event: 1.127 GC heap after
{Heap after GC invocations=1 (full 0):
 garbage-first heap   total 129024K, used 4299K [0x0000000084c00000, 0x0000000100000000)
  region size 1024K, 3 young (3072K), 3 survivors (3072K)
 Metaspace       used 5987K, committed 6144K, reserved 1114112K
  class space    used 690K, committed 768K, reserved 1048576K
}
Event: 3.369 GC heap before
{Heap before GC invocations=1 (full 0):
 garbage-first heap   total 129024K, used 52427K [0x0000000084c00000, 0x0000000100000000)
  region size 1024K, 50 young (51200K), 3 survivors (3072K)
 Metaspace       used 15461K, committed 15744K, reserved 1114112K
  class space    used 1801K, committed 1920K, reserved 1048576K
}
Event: 3.375 GC heap after
{Heap after GC invocations=2 (full 0):
 garbage-first heap   total 129024K, used 8395K [0x0000000084c00000, 0x0000000100000000)
  region size 1024K, 7 young (7168K), 7 survivors (7168K)
 Metaspace       used 15461K, committed 15744K, reserved 1114112K
  class space    used 1801K, committed 1920K, reserved 1048576K
}
Event: 3.951 GC heap before
{Heap before GC invocations=2 (full 0):
 garbage-first heap   total 129024K, used 77003K [0x0000000084c00000, 0x0000000100000000)
  region size 1024K, 74 young (75776K), 7 survivors (7168K)
 Metaspace       used 17747K, committed 18048K, reserved 1114112K
  class space    used 1986K, committed 2112K, reserved 1048576K
}
Event: 3.960 GC heap after
{Heap after GC invocations=3 (full 0):
 garbage-first heap   total 129024K, used 13357K [0x0000000084c00000, 0x0000000100000000)
  region size 1024K, 9 young (9216K), 9 survivors (9216K)
 Metaspace       used 17747K, committed 18048K, reserved 1114112K
  class space    used 1986K, committed 2112K, reserved 1048576K
}
Event: 4.098 GC heap before
{Heap before GC invocations=3 (full 0):
 garbage-first heap   total 129024K, used 29741K [0x0000000084c00000, 0x0000000100000000)
  region size 1024K, 26 young (26624K), 9 survivors (9216K)
 Metaspace       used 21241K, committed 21504K, reserved 1114112K
  class space    used 2414K, committed 2560K, reserved 1048576K
}
Event: 4.103 GC heap after
{Heap after GC invocations=4 (full 0):
 garbage-first heap   total 129024K, used 15264K [0x0000000084c00000, 0x0000000100000000)
  region size 1024K, 7 young (7168K), 7 survivors (7168K)
 Metaspace       used 21241K, committed 21504K, reserved 1114112K
  class space    used 2414K, committed 2560K, reserved 1048576K
}
Event: 4.473 GC heap before
{Heap before GC invocations=5 (full 0):
 garbage-first heap   total 58368K, used 57248K [0x0000000084c00000, 0x0000000100000000)
  region size 1024K, 47 young (48128K), 7 survivors (7168K)
 Metaspace       used 27538K, committed 27904K, reserved 1114112K
  class space    used 3085K, committed 3264K, reserved 1048576K
}
Event: 4.484 GC heap after
{Heap after GC invocations=6 (full 0):
 garbage-first heap   total 73728K, used 24480K [0x0000000084c00000, 0x0000000100000000)
  region size 1024K, 10 young (10240K), 10 survivors (10240K)
 Metaspace       used 27538K, committed 27904K, reserved 1114112K
  class space    used 3085K, committed 3264K, reserved 1048576K
}
Event: 5.096 GC heap before
{Heap before GC invocations=6 (full 0):
 garbage-first heap   total 73728K, used 56224K [0x0000000084c00000, 0x0000000100000000)
  region size 1024K, 42 young (43008K), 10 survivors (10240K)
 Metaspace       used 33116K, committed 33536K, reserved 1114112K
  class space    used 3780K, committed 3968K, reserved 1048576K
}
Event: 5.101 GC heap after
{Heap after GC invocations=7 (full 0):
 garbage-first heap   total 73728K, used 22577K [0x0000000084c00000, 0x0000000100000000)
  region size 1024K, 3 young (3072K), 3 survivors (3072K)
 Metaspace       used 33116K, committed 33536K, reserved 1114112K
  class space    used 3780K, committed 3968K, reserved 1048576K
}
Event: 5.236 GC heap before
{Heap before GC invocations=7 (full 0):
 garbage-first heap   total 73728K, used 37937K [0x0000000084c00000, 0x0000000100000000)
  region size 1024K, 12 young (12288K), 3 survivors (3072K)
 Metaspace       used 35876K, committed 36288K, reserved 1114112K
  class space    used 4264K, committed 4480K, reserved 1048576K
}
Event: 5.239 GC heap after
{Heap after GC invocations=8 (full 0):
 garbage-first heap   total 73728K, used 31543K [0x0000000084c00000, 0x0000000100000000)
  region size 1024K, 4 young (4096K), 4 survivors (4096K)
 Metaspace       used 35876K, committed 36288K, reserved 1114112K
  class space    used 4264K, committed 4480K, reserved 1048576K
}
Event: 5.896 GC heap before
{Heap before GC invocations=9 (full 0):
 garbage-first heap   total 83968K, used 82743K [0x0000000084c00000, 0x0000000100000000)
  region size 1024K, 18 young (18432K), 4 survivors (4096K)
 Metaspace       used 40431K, committed 40896K, reserved 1114112K
  class space    used 5065K, committed 5312K, reserved 1048576K
}
Event: 5.899 GC heap after
{Heap after GC invocations=10 (full 0):
 garbage-first heap   total 128000K, used 70243K [0x0000000084c00000, 0x0000000100000000)
  region size 1024K, 4 young (4096K), 4 survivors (4096K)
 Metaspace       used 40431K, committed 40896K, reserved 1114112K
  class space    used 5065K, committed 5312K, reserved 1048576K
}
Event: 10.595 GC heap before
{Heap before GC invocations=10 (full 0):
 garbage-first heap   total 203776K, used 201315K [0x0000000084c00000, 0x0000000100000000)
  region size 1024K, 15 young (15360K), 4 survivors (4096K)
 Metaspace       used 42394K, committed 42880K, reserved 1114112K
  class space    used 5326K, committed 5568K, reserved 1048576K
}
Event: 10.599 GC heap after
{Heap after GC invocations=11 (full 0):
 garbage-first heap   total 209920K, used 174652K [0x0000000084c00000, 0x0000000100000000)
  region size 1024K, 6 young (6144K), 6 survivors (6144K)
 Metaspace       used 42394K, committed 42880K, reserved 1114112K
  class space    used 5326K, committed 5568K, reserved 1048576K
}
Event: 10.600 GC heap before
{Heap before GC invocations=11 (full 0):
 garbage-first heap   total 209920K, used 174652K [0x0000000084c00000, 0x0000000100000000)
  region size 1024K, 7 young (7168K), 6 survivors (6144K)
 Metaspace       used 42394K, committed 42880K, reserved 1114112K
  class space    used 5326K, committed 5568K, reserved 1048576K
}
Event: 10.602 GC heap after
{Heap after GC invocations=12 (full 0):
 garbage-first heap   total 209920K, used 158694K [0x0000000084c00000, 0x0000000100000000)
  region size 1024K, 1 young (1024K), 1 survivors (1024K)
 Metaspace       used 42394K, committed 42880K, reserved 1114112K
  class space    used 5326K, committed 5568K, reserved 1048576K
}

