# JRE version: OpenJDK Runtime Environment (21.0.2+13) (build 21.0.2+13-Ubuntu-122.04.1)
# Java VM: OpenJDK 64-Bit Server VM (21.0.2+13-Ubuntu-122.04.1, mixed mode, sharing, tiered, compressed oops, compressed class ptrs, g1 gc, linux-amd64)
Heap:
 garbage-first heap   total 277504K, used 230535K [0x0000000084c00000, 0x0000000100000000)
  region size 1024K, 18 young (18432K), 4 survivors (4096K)
 Metaspace       used 43382K, committed 43968K, reserved 1114112K
  class space    used 5344K, committed 5632K, reserved 1048576K
GC Heap History (16 events):
Event: 1.168 GC heap before
{Heap before GC invocations=0 (full 0):
 garbage-first heap   total 129024K, used 23581K [0x0000000084c00000, 0x0000000100000000)
  region size 1024K, 23 young (23552K), 0 survivors (0K)
 Metaspace       used 5986K, committed 6144K, reserved 1114112K
  class space    used 690K, committed 768K, reserved 1048576K
}
Event: 1.171 GC heap after
{Heap after GC invocations=1 (full 0):
 garbage-first heap   total 129024K, used 4437K [0x0000000084c00000, 0x0000000100000000)
  region size 1024K, 3 young (3072K), 3 survivors (3072K)
 Metaspace       used 5986K, committed 6144K, reserved 1114112K
  class space    used 690K, committed 768K, reserved 1048576K
}
Event: 3.453 GC heap before
{Heap before GC invocations=1 (full 0):
 garbage-first heap   total 129024K, used 53589K [0x0000000084c00000, 0x0000000100000000)
  region size 1024K, 51 young (52224K), 3 survivors (3072K)
 Metaspace       used 15439K, committed 15744K, reserved 1114112K
  class space    used 1800K, committed 1920K, reserved 1048576K
}
Event: 3.459 GC heap after
{Heap after GC invocations=2 (full 0):
 garbage-first heap   total 129024K, used 8446K [0x0000000084c00000, 0x0000000100000000)
  region size 1024K, 7 young (7168K), 7 survivors (7168K)
 Metaspace       used 15439K, committed 15744K, reserved 1114112K
  class space    used 1800K, committed 1920K, reserved 1048576K
}
Event: 3.985 GC heap before
{Heap before GC invocations=2 (full 0):
 garbage-first heap   total 129024K, used 77054K [0x0000000084c00000, 0x0000000100000000)
  region size 1024K, 74 young (75776K), 7 survivors (7168K)
 Metaspace       used 17730K, committed 18048K, reserved 1114112K
  class space    used 1986K, committed 2112K, reserved 1048576K
}
Event: 3.992 GC heap after
{Heap after GC invocations=3 (full 0):
 garbage-first heap   total 129024K, used 13786K [0x0000000084c00000, 0x0000000100000000)
  region size 1024K, 10 young (10240K), 10 survivors (10240K)
 Metaspace       used 17730K, committed 18048K, reserved 1114112K
  class space    used 1986K, committed 2112K, reserved 1048576K
}
Event: 4.127 GC heap before
{Heap before GC invocations=3 (full 0):
 garbage-first heap   total 129024K, used 31194K [0x0000000084c00000, 0x0000000100000000)
  region size 1024K, 28 young (28672K), 10 survivors (10240K)
 Metaspace       used 21225K, committed 21504K, reserved 1114112K
  class space    used 2415K, committed 2560K, reserved 1048576K
}
Event: 4.131 GC heap after
{Heap after GC invocations=4 (full 0):
 garbage-first heap   total 129024K, used 14508K [0x0000000084c00000, 0x0000000100000000)
  region size 1024K, 7 young (7168K), 7 survivors (7168K)
 Metaspace       used 21225K, committed 21504K, reserved 1114112K
  class space    used 2415K, committed 2560K, reserved 1048576K
}
Event: 4.513 GC heap before
{Heap before GC invocations=5 (full 0):
 garbage-first heap   total 58368K, used 56492K [0x0000000084c00000, 0x0000000100000000)
  region size 1024K, 47 young (48128K), 7 survivors (7168K)
 Metaspace       used 27945K, committed 28288K, reserved 1114112K
  class space    used 3128K, committed 3264K, reserved 1048576K
}
Event: 4.523 GC heap after
{Heap after GC invocations=6 (full 0):
 garbage-first heap   total 74752K, used 24545K [0x0000000084c00000, 0x0000000100000000)
  region size 1024K, 10 young (10240K), 10 survivors (10240K)
 Metaspace       used 27945K, committed 28288K, reserved 1114112K
  class space    used 3128K, committed 3264K, reserved 1048576K
}
Event: 5.137 GC heap before
{Heap before GC invocations=6 (full 0):
 garbage-first heap   total 74752K, used 56289K [0x0000000084c00000, 0x0000000100000000)
  region size 1024K, 42 young (43008K), 10 survivors (10240K)
 Metaspace       used 33408K, committed 33856K, reserved 1114112K
  class space    used 3827K, committed 4032K, reserved 1048576K
}
Event: 5.143 GC heap after
{Heap after GC invocations=7 (full 0):
 garbage-first heap   total 74752K, used 29024K [0x0000000084c00000, 0x0000000100000000)
  region size 1024K, 5 young (5120K), 5 survivors (5120K)
 Metaspace       used 33408K, committed 33856K, reserved 1114112K
  class space    used 3827K, committed 4032K, reserved 1048576K
}
Event: 5.281 GC heap before
{Heap before GC invocations=7 (full 0):
 garbage-first heap   total 74752K, used 45408K [0x0000000084c00000, 0x0000000100000000)
  region size 1024K, 14 young (14336K), 5 survivors (5120K)
 Metaspace       used 35852K, committed 36288K, reserved 1114112K
  class space    used 4262K, committed 4480K, reserved 1048576K
}
Event: 5.284 GC heap after
{Heap after GC invocations=8 (full 0):
 garbage-first heap   total 74752K, used 38391K [0x0000000084c00000, 0x0000000100000000)
  region size 1024K, 2 young (2048K), 2 survivors (2048K)
 Metaspace       used 35852K, committed 36288K, reserved 1114112K
  class space    used 4262K, committed 4480K, reserved 1048576K
}
Event: 10.601 GC heap before
{Heap before GC invocations=9 (full 0):
 garbage-first heap   total 220160K, used 218615K [0x0000000084c00000, 0x0000000100000000)
  region size 1024K, 25 young (25600K), 2 survivors (2048K)
 Metaspace       used 42375K, committed 42880K, reserved 1114112K
  class space    used 5322K, committed 5568K, reserved 1048576K
}
Event: 10.605 GC heap after
{Heap after GC invocations=10 (full 0):
 garbage-first heap   total 277504K, used 181383K [0x0000000084c00000, 0x0000000100000000)
  region size 1024K, 4 young (4096K), 4 survivors (4096K)
 Metaspace       used 42375K, committed 42880K, reserved 1114112K
  class space    used 5322K, committed 5568K, reserved 1048576K
}

