# JRE version: OpenJDK Runtime Environment (21.0.2+13) (build 21.0.2+13-Ubuntu-122.04.1)
# Java VM: OpenJDK 64-Bit Server VM (21.0.2+13-Ubuntu-122.04.1, mixed mode, sharing, tiered, compressed oops, compressed class ptrs, g1 gc, linux-amd64)
Heap:
 garbage-first heap   total 256000K, used 212952K [0x0000000084c00000, 0x0000000100000000)
  region size 1024K, 17 young (17408K), 4 survivors (4096K)
 Metaspace       used 43789K, committed 44352K, reserved 1114112K
  class space    used 5490K, committed 5760K, reserved 1048576K
GC Heap History (16 events):
Event: 1.116 GC heap before
{Heap before GC invocations=0 (full 0):
 garbage-first heap   total 129024K, used 23581K [0x0000000084c00000, 0x0000000100000000)
  region size 1024K, 23 young (23552K), 0 survivors (0K)
 Metaspace       used 5983K, committed 6144K, reserved 1114112K
  class space    used 690K, committed 768K, reserved 1048576K
}
Event: 1.119 GC heap after
{Heap after GC invocations=1 (full 0):
 garbage-first heap   total 129024K, used 4349K [0x0000000084c00000, 0x0000000100000000)
  region size 1024K, 3 young (3072K), 3 survivors (3072K)
 Metaspace       used 5983K, committed 6144K, reserved 1114112K
  class space    used 690K, committed 768K, reserved 1048576K
}
Event: 3.441 GC heap before
{Heap before GC invocations=1 (full 0):
 garbage-first heap   total 129024K, used 52477K [0x0000000084c00000, 0x0000000100000000)
  region size 1024K, 51 young (52224K), 3 survivors (3072K)
 Metaspace       used 15417K, committed 15680K, reserved 1114112K
  class space    used 1799K, committed 1920K, reserved 1048576K
}
Event: 3.447 GC heap after
{Heap after GC invocations=2 (full 0):
 garbage-first heap   total 129024K, used 8084K [0x0000000084c00000, 0x0000000100000000)
  region size 1024K, 7 young (7168K), 7 survivors (7168K)
 Metaspace       used 15417K, committed 15680K, reserved 1114112K
  class space    used 1799K, committed 1920K, reserved 1048576K
}
Event: 3.964 GC heap before
{Heap before GC invocations=2 (full 0):
 garbage-first heap   total 129024K, used 76692K [0x0000000084c00000, 0x0000000100000000)
  region size 1024K, 74 young (75776K), 7 survivors (7168K)
 Metaspace       used 17674K, committed 17984K, reserved 1114112K
  class space    used 1986K, committed 2112K, reserved 1048576K
}
Event: 3.971 GC heap after
{Heap after GC invocations=3 (full 0):
 garbage-first heap   total 129024K, used 13408K [0x0000000084c00000, 0x0000000100000000)
  region size 1024K, 9 young (9216K), 9 survivors (9216K)
 Metaspace       used 17674K, committed 17984K, reserved 1114112K
  class space    used 1986K, committed 2112K, reserved 1048576K
}
Event: 4.112 GC heap before
{Heap before GC invocations=3 (full 0):
 garbage-first heap   total 129024K, used 32864K [0x0000000084c00000, 0x0000000100000000)
  region size 1024K, 29 young (29696K), 9 survivors (9216K)
 Metaspace       used 21218K, committed 21504K, reserved 1114112K
  class space    used 2413K, committed 2560K, reserved 1048576K
}
Event: 4.118 GC heap after
{Heap after GC invocations=4 (full 0):
 garbage-first heap   total 129024K, used 15107K [0x0000000084c00000, 0x0000000100000000)
  region size 1024K, 7 young (7168K), 7 survivors (7168K)
 Metaspace       used 21218K, committed 21504K, reserved 1114112K
  class space    used 2413K, committed 2560K, reserved 1048576K
}
Event: 4.474 GC heap before
{Heap before GC invocations=5 (full 0):
 garbage-first heap   total 58368K, used 56067K [0x0000000084c00000, 0x0000000100000000)
  region size 1024K, 47 young (48128K), 7 survivors (7168K)
 Metaspace       used 27705K, committed 28032K, reserved 1114112K
  class space    used 3109K, committed 3264K, reserved 1048576K
}
Event: 4.486 GC heap after
{Heap after GC invocations=6 (full 0):
 garbage-first heap   total 74752K, used 24629K [0x0000000084c00000, 0x0000000100000000)
  region size 1024K, 10 young (10240K), 10 survivors (10240K)
 Metaspace       used 27705K, committed 28032K, reserved 1114112K
  class space    used 3109K, committed 3264K, reserved 1048576K
}
Event: 5.101 GC heap before
{Heap before GC invocations=6 (full 0):
 garbage-first heap   total 74752K, used 56373K [0x0000000084c00000, 0x0000000100000000)
  region size 1024K, 42 young (43008K), 10 survivors (10240K)
 Metaspace       used 32619K, committed 33152K, reserved 1114112K
  class space    used 3690K, committed 3904K, reserved 1048576K
}
Event: 5.107 GC heap after
{Heap after GC invocations=7 (full 0):
 garbage-first heap   total 74752K, used 28226K [0x0000000084c00000, 0x0000000100000000)
  region size 1024K, 4 young (4096K), 4 survivors (4096K)
 Metaspace       used 32619K, committed 33152K, reserved 1114112K
  class space    used 3690K, committed 3904K, reserved 1048576K
}
Event: 5.209 GC heap before
{Heap before GC invocations=7 (full 0):
 garbage-first heap   total 74752K, used 44610K [0x0000000084c00000, 0x0000000100000000)
  region size 1024K, 13 young (13312K), 4 survivors (4096K)
 Metaspace       used 35666K, committed 36160K, reserved 1114112K
  class space    used 4179K, committed 4416K, reserved 1048576K
}
Event: 5.212 GC heap after
{Heap after GC invocations=8 (full 0):
 garbage-first heap   total 74752K, used 38281K [0x0000000084c00000, 0x0000000100000000)
  region size 1024K, 2 young (2048K), 2 survivors (2048K)
 Metaspace       used 35666K, committed 36160K, reserved 1114112K
  class space    used 4179K, committed 4416K, reserved 1048576K
}
Event: 20.808 GC heap before
{Heap before GC invocations=9 (full 0):
 garbage-first heap   total 191488K, used 189833K [0x0000000084c00000, 0x0000000100000000)
  region size 1024K, 27 young (27648K), 2 survivors (2048K)
 Metaspace       used 42885K, committed 43456K, reserved 1114112K
  class space    used 5444K, committed 5696K, reserved 1048576K
}
Event: 20.811 GC heap after
{Heap after GC invocations=10 (full 0):
 garbage-first heap   total 256000K, used 134104K [0x0000000084c00000, 0x0000000100000000)
  region size 1024K, 4 young (4096K), 4 survivors (4096K)
 Metaspace       used 42885K, committed 43456K, reserved 1114112K
  class space    used 5444K, committed 5696K, reserved 1048576K
}

