# JRE version: OpenJDK Runtime Environment (21.0.2+13) (build 21.0.2+13-Ubuntu-122.04.1)
# Java VM: OpenJDK 64-Bit Server VM (21.0.2+13-Ubuntu-122.04.1, mixed mode, sharing, tiered, compressed oops, compressed class ptrs, g1 gc, linux-amd64)
Heap:
 garbage-first heap   total 305152K, used 238201K [0x0000000084c00000, 0x0000000100000000)
  region size 1024K, 11 young (11264K), 4 survivors (4096K)
 Metaspace       used 44256K, committed 44864K, reserved 1114112K
  class space    used 5505K, committed 5824K, reserved 1048576K
GC Heap History (20 events):
Event: 3.196 GC heap before
{Heap before GC invocations=1 (full 0):
 garbage-first heap   total 129024K, used 53381K [0x0000000084c00000, 0x0000000100000000)
  region size 1024K, 51 young (52224K), 3 survivors (3072K)
 Metaspace       used 15583K, committed 15808K, reserved 1114112K
  class space    used 1818K, committed 1920K, reserved 1048576K
}
Event: 3.202 GC heap after
{Heap after GC invocations=2 (full 0):
 garbage-first heap   total 129024K, used 8006K [0x0000000084c00000, 0x0000000100000000)
  region size 1024K, 7 young (7168K), 7 survivors (7168K)
 Metaspace       used 15583K, committed 15808K, reserved 1114112K
  class space    used 1818K, committed 1920K, reserved 1048576K
}
Event: 3.855 GC heap before
{Heap before GC invocations=2 (full 0):
 garbage-first heap   total 129024K, used 76614K [0x0000000084c00000, 0x0000000100000000)
  region size 1024K, 74 young (75776K), 7 survivors (7168K)
 Metaspace       used 17747K, committed 18048K, reserved 1114112K
  class space    used 1986K, committed 2112K, reserved 1048576K
}
Event: 3.864 GC heap after
{Heap after GC invocations=3 (full 0):
 garbage-first heap   total 129024K, used 13223K [0x0000000084c00000, 0x0000000100000000)
  region size 1024K, 9 young (9216K), 9 survivors (9216K)
 Metaspace       used 17747K, committed 18048K, reserved 1114112K
  class space    used 1986K, committed 2112K, reserved 1048576K
}
Event: 4.013 GC heap before
{Heap before GC invocations=3 (full 0):
 garbage-first heap   total 129024K, used 29607K [0x0000000084c00000, 0x0000000100000000)
  region size 1024K, 26 young (26624K), 9 survivors (9216K)
 Metaspace       used 21215K, committed 21504K, reserved 1114112K
  class space    used 2413K, committed 2560K, reserved 1048576K
}
Event: 4.018 GC heap after
{Heap after GC invocations=4 (full 0):
 garbage-first heap   total 129024K, used 15389K [0x0000000084c00000, 0x0000000100000000)
  region size 1024K, 7 young (7168K), 7 survivors (7168K)
 Metaspace       used 21215K, committed 21504K, reserved 1114112K
  class space    used 2413K, committed 2560K, reserved 1048576K
}
Event: 4.489 GC heap before
{Heap before GC invocations=5 (full 0):
 garbage-first heap   total 58368K, used 57373K [0x0000000084c00000, 0x0000000100000000)
  region size 1024K, 47 young (48128K), 7 survivors (7168K)
 Metaspace       used 27647K, committed 28032K, reserved 1114112K
  class space    used 3103K, committed 3264K, reserved 1048576K
}
Event: 4.502 GC heap after
{Heap after GC invocations=6 (full 0):
 garbage-first heap   total 74752K, used 24923K [0x0000000084c00000, 0x0000000100000000)
  region size 1024K, 10 young (10240K), 10 survivors (10240K)
 Metaspace       used 27647K, committed 28032K, reserved 1114112K
  class space    used 3103K, committed 3264K, reserved 1048576K
}
Event: 5.184 GC heap before
{Heap before GC invocations=6 (full 0):
 garbage-first heap   total 74752K, used 56667K [0x0000000084c00000, 0x0000000100000000)
  region size 1024K, 42 young (43008K), 10 survivors (10240K)
 Metaspace       used 32436K, committed 32960K, reserved 1114112K
  class space    used 3673K, committed 3904K, reserved 1048576K
}
Event: 5.189 GC heap after
{Heap after GC invocations=7 (full 0):
 garbage-first heap   total 74752K, used 23135K [0x0000000084c00000, 0x0000000100000000)
  region size 1024K, 3 young (3072K), 3 survivors (3072K)
 Metaspace       used 32436K, committed 32960K, reserved 1114112K
  class space    used 3673K, committed 3904K, reserved 1048576K
}
Event: 5.292 GC heap before
{Heap before GC invocations=7 (full 0):
 garbage-first heap   total 74752K, used 39519K [0x0000000084c00000, 0x0000000100000000)
  region size 1024K, 13 young (13312K), 3 survivors (3072K)
 Metaspace       used 35660K, committed 36160K, reserved 1114112K
  class space    used 4179K, committed 4416K, reserved 1048576K
}
Event: 5.295 GC heap after
{Heap after GC invocations=8 (full 0):
 garbage-first heap   total 74752K, used 31922K [0x0000000084c00000, 0x0000000100000000)
  region size 1024K, 4 young (4096K), 4 survivors (4096K)
 Metaspace       used 35660K, committed 36160K, reserved 1114112K
  class space    used 4179K, committed 4416K, reserved 1048576K
}
Event: 5.628 GC heap before
{Heap before GC invocations=9 (full 0):
 garbage-first heap   total 84992K, used 83122K [0x0000000084c00000, 0x0000000100000000)
  region size 1024K, 19 young (19456K), 4 survivors (4096K)
 Metaspace       used 40749K, committed 41280K, reserved 1114112K
  class space    used 5211K, committed 5440K, reserved 1048576K
}
Event: 5.631 GC heap after
{Heap after GC invocations=10 (full 0):
 garbage-first heap   total 122880K, used 70568K [0x0000000084c00000, 0x0000000100000000)
  region size 1024K, 4 young (4096K), 4 survivors (4096K)
 Metaspace       used 40749K, committed 41280K, reserved 1114112K
  class space    used 5211K, committed 5440K, reserved 1048576K
}
Event: 8.043 GC heap before
{Heap before GC invocations=10 (full 0):
 garbage-first heap   total 141312K, used 140200K [0x0000000084c00000, 0x0000000100000000)
  region size 1024K, 10 young (10240K), 4 survivors (4096K)
 Metaspace       used 42145K, committed 42688K, reserved 1114112K
  class space    used 5398K, committed 5696K, reserved 1048576K
}
Event: 8.047 GC heap after
{Heap after GC invocations=11 (full 0):
 garbage-first heap   total 147456K, used 126183K [0x0000000084c00000, 0x0000000100000000)
  region size 1024K, 5 young (5120K), 5 survivors (5120K)
 Metaspace       used 42145K, committed 42688K, reserved 1114112K
  class space    used 5398K, committed 5696K, reserved 1048576K
}
Event: 8.075 GC heap before
{Heap before GC invocations=11 (full 0):
 garbage-first heap   total 147456K, used 127207K [0x0000000084c00000, 0x0000000100000000)
  region size 1024K, 7 young (7168K), 5 survivors (5120K)
 Metaspace       used 42343K, committed 42944K, reserved 1114112K
  class space    used 5415K, committed 5696K, reserved 1048576K
}
Event: 8.078 GC heap after
{Heap after GC invocations=12 (full 0):
 garbage-first heap   total 147456K, used 107904K [0x0000000084c00000, 0x0000000100000000)
  region size 1024K, 2 young (2048K), 2 survivors (2048K)
 Metaspace       used 42343K, committed 42944K, reserved 1114112K
  class space    used 5415K, committed 5696K, reserved 1048576K
}
Event: 33.627 GC heap before
{Heap before GC invocations=13 (full 0):
 garbage-first heap   total 299008K, used 296320K [0x0000000084c00000, 0x0000000100000000)
  region size 1024K, 29 young (29696K), 2 survivors (2048K)
 Metaspace       used 44174K, committed 44800K, reserved 1114112K
  class space    used 5504K, committed 5824K, reserved 1048576K
}
Event: 33.631 GC heap after
{Heap after GC invocations=14 (full 0):
 garbage-first heap   total 305152K, used 232057K [0x0000000084c00000, 0x0000000100000000)
  region size 1024K, 4 young (4096K), 4 survivors (4096K)
 Metaspace       used 44174K, committed 44800K, reserved 1114112K
  class space    used 5504K, committed 5824K, reserved 1048576K
}

