# JRE version: OpenJDK Runtime Environment (21.0.2+13) (build 21.0.2+13-Ubuntu-122.04.1)
# Java VM: OpenJDK 64-Bit Server VM (21.0.2+13-Ubuntu-122.04.1, mixed mode, sharing, tiered, compressed oops, compressed class ptrs, g1 gc, linux-amd64)
Heap:
 garbage-first heap   total 101376K, used 94899K [0x0000000084c00000, 0x0000000100000000)
  region size 1024K, 24 young (24576K), 3 survivors (3072K)
 Metaspace       used 41943K, committed 42432K, reserved 1114112K
  class space    used 5257K, committed 5504K, reserved 1048576K
GC Heap History (14 events):
Event: 1.096 GC heap before
{Heap before GC invocations=0 (full 0):
 garbage-first heap   total 129024K, used 23581K [0x0000000084c00000, 0x0000000100000000)
  region size 1024K, 23 young (23552K), 0 survivors (0K)
 Metaspace       used 5986K, committed 6144K, reserved 1114112K
  class space    used 690K, committed 768K, reserved 1048576K
}
Event: 1.098 GC heap after
{Heap after GC invocations=1 (full 0):
 garbage-first heap   total 129024K, used 4211K [0x0000000084c00000, 0x0000000100000000)
  region size 1024K, 3 young (3072K), 3 survivors (3072K)
 Metaspace       used 5986K, committed 6144K, reserved 1114112K
  class space    used 690K, committed 768K, reserved 1048576K
}
Event: 3.565 GC heap before
{Heap before GC invocations=1 (full 0):
 garbage-first heap   total 129024K, used 53363K [0x0000000084c00000, 0x0000000100000000)
  region size 1024K, 51 young (52224K), 3 survivors (3072K)
 Metaspace       used 15517K, committed 15808K, reserved 1114112K
  class space    used 1806K, committed 1920K, reserved 1048576K
}
Event: 3.571 GC heap after
{Heap after GC invocations=2 (full 0):
 garbage-first heap   total 129024K, used 8305K [0x0000000084c00000, 0x0000000100000000)
  region size 1024K, 7 young (7168K), 7 survivors (7168K)
 Metaspace       used 15517K, committed 15808K, reserved 1114112K
  class space    used 1806K, committed 1920K, reserved 1048576K
}
Event: 4.112 GC heap before
{Heap before GC invocations=2 (full 0):
 garbage-first heap   total 129024K, used 76913K [0x0000000084c00000, 0x0000000100000000)
  region size 1024K, 74 young (75776K), 7 survivors (7168K)
 Metaspace       used 17754K, committed 18048K, reserved 1114112K
  class space    used 1986K, committed 2112K, reserved 1048576K
}
Event: 4.119 GC heap after
{Heap after GC invocations=3 (full 0):
 garbage-first heap   total 129024K, used 13414K [0x0000000084c00000, 0x0000000100000000)
  region size 1024K, 9 young (9216K), 9 survivors (9216K)
 Metaspace       used 17754K, committed 18048K, reserved 1114112K
  class space    used 1986K, committed 2112K, reserved 1048576K
}
Event: 4.258 GC heap before
{Heap before GC invocations=3 (full 0):
 garbage-first heap   total 129024K, used 30822K [0x0000000084c00000, 0x0000000100000000)
  region size 1024K, 27 young (27648K), 9 survivors (9216K)
 Metaspace       used 21229K, committed 21504K, reserved 1114112K
  class space    used 2413K, committed 2560K, reserved 1048576K
}
Event: 4.264 GC heap after
{Heap after GC invocations=4 (full 0):
 garbage-first heap   total 129024K, used 14764K [0x0000000084c00000, 0x0000000100000000)
  region size 1024K, 7 young (7168K), 7 survivors (7168K)
 Metaspace       used 21229K, committed 21504K, reserved 1114112K
  class space    used 2413K, committed 2560K, reserved 1048576K
}
Event: 4.654 GC heap before
{Heap before GC invocations=5 (full 0):
 garbage-first heap   total 58368K, used 56748K [0x0000000084c00000, 0x0000000100000000)
  region size 1024K, 47 young (48128K), 7 survivors (7168K)
 Metaspace       used 27662K, committed 28032K, reserved 1114112K
  class space    used 3103K, committed 3264K, reserved 1048576K
}
Event: 4.666 GC heap after
{Heap after GC invocations=6 (full 0):
 garbage-first heap   total 74752K, used 24809K [0x0000000084c00000, 0x0000000100000000)
  region size 1024K, 10 young (10240K), 10 survivors (10240K)
 Metaspace       used 27662K, committed 28032K, reserved 1114112K
  class space    used 3103K, committed 3264K, reserved 1048576K
}
Event: 5.321 GC heap before
{Heap before GC invocations=6 (full 0):
 garbage-first heap   total 74752K, used 56553K [0x0000000084c00000, 0x0000000100000000)
  region size 1024K, 42 young (43008K), 10 survivors (10240K)
 Metaspace       used 32152K, committed 32640K, reserved 1114112K
  class space    used 3611K, committed 3840K, reserved 1048576K
}
Event: 5.327 GC heap after
{Heap after GC invocations=7 (full 0):
 garbage-first heap   total 74752K, used 28397K [0x0000000084c00000, 0x0000000100000000)
  region size 1024K, 4 young (4096K), 4 survivors (4096K)
 Metaspace       used 32152K, committed 32640K, reserved 1114112K
  class space    used 3611K, committed 3840K, reserved 1048576K
}
Event: 5.439 GC heap before
{Heap before GC invocations=7 (full 0):
 garbage-first heap   total 74752K, used 44781K [0x0000000084c00000, 0x0000000100000000)
  region size 1024K, 14 young (14336K), 4 survivors (4096K)
 Metaspace       used 35657K, committed 36160K, reserved 1114112K
  class space    used 4174K, committed 4416K, reserved 1048576K
}
Event: 5.442 GC heap after
{Heap after GC invocations=8 (full 0):
 garbage-first heap   total 74752K, used 38579K [0x0000000084c00000, 0x0000000100000000)
  region size 1024K, 3 young (3072K), 3 survivors (3072K)
 Metaspace       used 35657K, committed 36160K, reserved 1114112K
  class space    used 4174K, committed 4416K, reserved 1048576K
}

