# JRE version: OpenJDK Runtime Environment (21.0.2+13) (build 21.0.2+13-Ubuntu-122.04.1)
# Java VM: OpenJDK 64-Bit Server VM (21.0.2+13-Ubuntu-122.04.1, mixed mode, sharing, tiered, compressed oops, compressed class ptrs, g1 gc, linux-amd64)
Heap:
 garbage-first heap   total 276480K, used 233883K [0x0000000084c00000, 0x0000000100000000)
  region size 1024K, 20 young (20480K), 6 survivors (6144K)
 Metaspace       used 43927K, committed 44480K, reserved 1114112K
  class space    used 5342K, committed 5568K, reserved 1048576K
GC Heap History (18 events):
Event: 1.012 GC heap before
{Heap before GC invocations=0 (full 0):
 garbage-first heap   total 129024K, used 24605K [0x0000000084c00000, 0x0000000100000000)
  region size 1024K, 23 young (23552K), 0 survivors (0K)
 Metaspace       used 5983K, committed 6144K, reserved 1114112K
  class space    used 689K, committed 768K, reserved 1048576K
}
Event: 1.015 GC heap after
{Heap after GC invocations=1 (full 0):
 garbage-first heap   total 129024K, used 4245K [0x0000000084c00000, 0x0000000100000000)
  region size 1024K, 3 young (3072K), 3 survivors (3072K)
 Metaspace       used 5983K, committed 6144K, reserved 1114112K
  class space    used 689K, committed 768K, reserved 1048576K
}
Event: 3.039 GC heap before
{Heap before GC invocations=1 (full 0):
 garbage-first heap   total 129024K, used 53397K [0x0000000084c00000, 0x0000000100000000)
  region size 1024K, 51 young (52224K), 3 survivors (3072K)
 Metaspace       used 15494K, committed 15744K, reserved 1114112K
  class space    used 1802K, committed 1920K, reserved 1048576K
}
Event: 3.045 GC heap after
{Heap after GC invocations=2 (full 0):
 garbage-first heap   total 129024K, used 8438K [0x0000000084c00000, 0x0000000100000000)
  region size 1024K, 7 young (7168K), 7 survivors (7168K)
 Metaspace       used 15494K, committed 15744K, reserved 1114112K
  class space    used 1802K, committed 1920K, reserved 1048576K
}
Event: 3.606 GC heap before
{Heap before GC invocations=2 (full 0):
 garbage-first heap   total 129024K, used 77046K [0x0000000084c00000, 0x0000000100000000)
  region size 1024K, 74 young (75776K), 7 survivors (7168K)
 Metaspace       used 17743K, committed 18048K, reserved 1114112K
  class space    used 1986K, committed 2112K, reserved 1048576K
}
Event: 3.614 GC heap after
{Heap after GC invocations=3 (full 0):
 garbage-first heap   total 129024K, used 13307K [0x0000000084c00000, 0x0000000100000000)
  region size 1024K, 9 young (9216K), 9 survivors (9216K)
 Metaspace       used 17743K, committed 18048K, reserved 1114112K
  class space    used 1986K, committed 2112K, reserved 1048576K
}
Event: 3.767 GC heap before
{Heap before GC invocations=3 (full 0):
 garbage-first heap   total 129024K, used 30715K [0x0000000084c00000, 0x0000000100000000)
  region size 1024K, 27 young (27648K), 9 survivors (9216K)
 Metaspace       used 21228K, committed 21504K, reserved 1114112K
  class space    used 2413K, committed 2560K, reserved 1048576K
}
Event: 3.772 GC heap after
{Heap after GC invocations=4 (full 0):
 garbage-first heap   total 129024K, used 15298K [0x0000000084c00000, 0x0000000100000000)
  region size 1024K, 7 young (7168K), 7 survivors (7168K)
 Metaspace       used 21228K, committed 21504K, reserved 1114112K
  class space    used 2413K, committed 2560K, reserved 1048576K
}
Event: 4.214 GC heap before
{Heap before GC invocations=5 (full 0):
 garbage-first heap   total 58368K, used 57282K [0x0000000084c00000, 0x0000000100000000)
  region size 1024K, 47 young (48128K), 7 survivors (7168K)
 Metaspace       used 27982K, committed 28352K, reserved 1114112K
  class space    used 3134K, committed 3328K, reserved 1048576K
}
Event: 4.226 GC heap after
{Heap after GC invocations=6 (full 0):
 garbage-first heap   total 74752K, used 24829K [0x0000000084c00000, 0x0000000100000000)
  region size 1024K, 10 young (10240K), 10 survivors (10240K)
 Metaspace       used 27982K, committed 28352K, reserved 1114112K
  class space    used 3134K, committed 3328K, reserved 1048576K
}
Event: 4.855 GC heap before
{Heap before GC invocations=6 (full 0):
 garbage-first heap   total 74752K, used 56573K [0x0000000084c00000, 0x0000000100000000)
  region size 1024K, 42 young (43008K), 10 survivors (10240K)
 Metaspace       used 33508K, committed 33984K, reserved 1114112K
  class space    used 3833K, committed 4032K, reserved 1048576K
}
Event: 4.862 GC heap after
{Heap after GC invocations=7 (full 0):
 garbage-first heap   total 74752K, used 29070K [0x0000000084c00000, 0x0000000100000000)
  region size 1024K, 4 young (4096K), 4 survivors (4096K)
 Metaspace       used 33508K, committed 33984K, reserved 1114112K
  class space    used 3833K, committed 4032K, reserved 1048576K
}
Event: 4.987 GC heap before
{Heap before GC invocations=7 (full 0):
 garbage-first heap   total 74752K, used 44430K [0x0000000084c00000, 0x0000000100000000)
  region size 1024K, 12 young (12288K), 4 survivors (4096K)
 Metaspace       used 35694K, committed 36160K, reserved 1114112K
  class space    used 4234K, committed 4480K, reserved 1048576K
}
Event: 4.990 GC heap after
{Heap after GC invocations=8 (full 0):
 garbage-first heap   total 74752K, used 39099K [0x0000000084c00000, 0x0000000100000000)
  region size 1024K, 2 young (2048K), 2 survivors (2048K)
 Metaspace       used 35694K, committed 36160K, reserved 1114112K
  class space    used 4234K, committed 4480K, reserved 1048576K
}
Event: 22.592 GC heap before
{Heap before GC invocations=9 (full 0):
 garbage-first heap   total 164864K, used 163003K [0x0000000084c00000, 0x0000000100000000)
  region size 1024K, 26 young (26624K), 2 survivors (2048K)
 Metaspace       used 42516K, committed 42944K, reserved 1114112K
  class space    used 5281K, committed 5504K, reserved 1048576K
}
Event: 22.596 GC heap after
{Heap after GC invocations=10 (full 0):
 garbage-first heap   total 202752K, used 142237K [0x0000000084c00000, 0x0000000100000000)
  region size 1024K, 4 young (4096K), 4 survivors (4096K)
 Metaspace       used 42516K, committed 42944K, reserved 1114112K
  class space    used 5281K, committed 5504K, reserved 1048576K
}
Event: 2239.813 GC heap before
{Heap before GC invocations=10 (full 0):
 garbage-first heap   total 268288K, used 267165K [0x0000000084c00000, 0x0000000100000000)
  region size 1024K, 35 young (35840K), 4 survivors (4096K)
 Metaspace       used 43859K, committed 44416K, reserved 1114112K
  class space    used 5340K, committed 5568K, reserved 1048576K
}
Event: 2239.819 GC heap after
{Heap after GC invocations=11 (full 0):
 garbage-first heap   total 276480K, used 220571K [0x0000000084c00000, 0x0000000100000000)
  region size 1024K, 6 young (6144K), 6 survivors (6144K)
 Metaspace       used 43859K, committed 44416K, reserved 1114112K
  class space    used 5340K, committed 5568K, reserved 1048576K
}

