# JRE version: OpenJDK Runtime Environment (21.0.2+13) (build 21.0.2+13-Ubuntu-122.04.1)
# Java VM: OpenJDK 64-Bit Server VM (21.0.2+13-Ubuntu-122.04.1, mixed mode, sharing, tiered, compressed oops, compressed class ptrs, g1 gc, linux-amd64)
Heap:
 garbage-first heap   total 258048K, used 199202K [0x0000000084c00000, 0x0000000100000000)
  region size 1024K, 8 young (8192K), 4 survivors (4096K)
 Metaspace       used 42831K, committed 43392K, reserved 1114112K
  class space    used 5308K, committed 5568K, reserved 1048576K
GC Heap History (16 events):
Event: 1.133 GC heap before
{Heap before GC invocations=0 (full 0):
 garbage-first heap   total 129024K, used 23581K [0x0000000084c00000, 0x0000000100000000)
  region size 1024K, 23 young (23552K), 0 survivors (0K)
 Metaspace       used 5987K, committed 6144K, reserved 1114112K
  class space    used 690K, committed 768K, reserved 1048576K
}
Event: 1.135 GC heap after
{Heap after GC invocations=1 (full 0):
 garbage-first heap   total 129024K, used 4337K [0x0000000084c00000, 0x0000000100000000)
  region size 1024K, 3 young (3072K), 3 survivors (3072K)
 Metaspace       used 5987K, committed 6144K, reserved 1114112K
  class space    used 690K, committed 768K, reserved 1048576K
}
Event: 3.345 GC heap before
{Heap before GC invocations=1 (full 0):
 garbage-first heap   total 129024K, used 53489K [0x0000000084c00000, 0x0000000100000000)
  region size 1024K, 51 young (52224K), 3 survivors (3072K)
 Metaspace       used 15562K, committed 15808K, reserved 1114112K
  class space    used 1816K, committed 1920K, reserved 1048576K
}
Event: 3.350 GC heap after
{Heap after GC invocations=2 (full 0):
 garbage-first heap   total 129024K, used 8433K [0x0000000084c00000, 0x0000000100000000)
  region size 1024K, 7 young (7168K), 7 survivors (7168K)
 Metaspace       used 15562K, committed 15808K, reserved 1114112K
  class space    used 1816K, committed 1920K, reserved 1048576K
}
Event: 3.875 GC heap before
{Heap before GC invocations=2 (full 0):
 garbage-first heap   total 129024K, used 77041K [0x0000000084c00000, 0x0000000100000000)
  region size 1024K, 74 young (75776K), 7 survivors (7168K)
 Metaspace       used 17748K, committed 18048K, reserved 1114112K
  class space    used 1986K, committed 2112K, reserved 1048576K
}
Event: 3.883 GC heap after
{Heap after GC invocations=3 (full 0):
 garbage-first heap   total 129024K, used 13157K [0x0000000084c00000, 0x0000000100000000)
  region size 1024K, 9 young (9216K), 9 survivors (9216K)
 Metaspace       used 17748K, committed 18048K, reserved 1114112K
  class space    used 1986K, committed 2112K, reserved 1048576K
}
Event: 4.023 GC heap before
{Heap before GC invocations=3 (full 0):
 garbage-first heap   total 129024K, used 30565K [0x0000000084c00000, 0x0000000100000000)
  region size 1024K, 27 young (27648K), 9 survivors (9216K)
 Metaspace       used 21231K, committed 21504K, reserved 1114112K
  class space    used 2413K, committed 2560K, reserved 1048576K
}
Event: 4.028 GC heap after
{Heap after GC invocations=4 (full 0):
 garbage-first heap   total 129024K, used 15053K [0x0000000084c00000, 0x0000000100000000)
  region size 1024K, 7 young (7168K), 7 survivors (7168K)
 Metaspace       used 21231K, committed 21504K, reserved 1114112K
  class space    used 2413K, committed 2560K, reserved 1048576K
}
Event: 4.428 GC heap before
{Heap before GC invocations=5 (full 0):
 garbage-first heap   total 58368K, used 57037K [0x0000000084c00000, 0x0000000100000000)
  region size 1024K, 47 young (48128K), 7 survivors (7168K)
 Metaspace       used 27974K, committed 28288K, reserved 1114112K
  class space    used 3129K, committed 3264K, reserved 1048576K
}
Event: 4.438 GC heap after
{Heap after GC invocations=6 (full 0):
 garbage-first heap   total 73728K, used 24525K [0x0000000084c00000, 0x0000000100000000)
  region size 1024K, 10 young (10240K), 10 survivors (10240K)
 Metaspace       used 27974K, committed 28288K, reserved 1114112K
  class space    used 3129K, committed 3264K, reserved 1048576K
}
Event: 5.064 GC heap before
{Heap before GC invocations=6 (full 0):
 garbage-first heap   total 73728K, used 57293K [0x0000000084c00000, 0x0000000100000000)
  region size 1024K, 42 young (43008K), 10 survivors (10240K)
 Metaspace       used 33424K, committed 33856K, reserved 1114112K
  class space    used 3823K, committed 4032K, reserved 1048576K
}
Event: 5.069 GC heap after
{Heap after GC invocations=7 (full 0):
 garbage-first heap   total 73728K, used 28557K [0x0000000084c00000, 0x0000000100000000)
  region size 1024K, 4 young (4096K), 4 survivors (4096K)
 Metaspace       used 33424K, committed 33856K, reserved 1114112K
  class space    used 3823K, committed 4032K, reserved 1048576K
}
Event: 5.191 GC heap before
{Heap before GC invocations=7 (full 0):
 garbage-first heap   total 73728K, used 43917K [0x0000000084c00000, 0x0000000100000000)
  region size 1024K, 12 young (12288K), 4 survivors (4096K)
 Metaspace       used 35696K, committed 36160K, reserved 1114112K
  class space    used 4233K, committed 4480K, reserved 1048576K
}
Event: 5.193 GC heap after
{Heap after GC invocations=8 (full 0):
 garbage-first heap   total 73728K, used 38781K [0x0000000084c00000, 0x0000000100000000)
  region size 1024K, 2 young (2048K), 2 survivors (2048K)
 Metaspace       used 35696K, committed 36160K, reserved 1114112K
  class space    used 4233K, committed 4480K, reserved 1048576K
}
Event: 12.506 GC heap before
{Heap before GC invocations=9 (full 0):
 garbage-first heap   total 208896K, used 207741K [0x0000000084c00000, 0x0000000100000000)
  region size 1024K, 26 young (26624K), 2 survivors (2048K)
 Metaspace       used 42649K, committed 43200K, reserved 1114112K
  class space    used 5302K, committed 5568K, reserved 1048576K
}
Event: 12.511 GC heap after
{Heap after GC invocations=10 (full 0):
 garbage-first heap   total 258048K, used 169506K [0x0000000084c00000, 0x0000000100000000)
  region size 1024K, 4 young (4096K), 4 survivors (4096K)
 Metaspace       used 42649K, committed 43200K, reserved 1114112K
  class space    used 5302K, committed 5568K, reserved 1048576K
}

