# JRE version: OpenJDK Runtime Environment (21.0.2+13) (build 21.0.2+13-Ubuntu-122.04.1)
# Java VM: OpenJDK 64-Bit Server VM (21.0.2+13-Ubuntu-122.04.1, mixed mode, sharing, tiered, compressed oops, compressed class ptrs, g1 gc, linux-amd64)
Heap:
 garbage-first heap   total 295936K, used 214332K [0x0000000084c00000, 0x0000000100000000)
  region size 1024K, 14 young (14336K), 1 survivors (1024K)
 Metaspace       used 43506K, committed 44096K, reserved 1114112K
  class space    used 5340K, committed 5632K, reserved 1048576K
GC Heap History (20 events):
Event: 1.176 GC heap before
{Heap before GC invocations=0 (full 0):
 garbage-first heap   total 129024K, used 23581K [0x0000000084c00000, 0x0000000100000000)
  region size 1024K, 23 young (23552K), 0 survivors (0K)
 Metaspace       used 5986K, committed 6144K, reserved 1114112K
  class space    used 690K, committed 768K, reserved 1048576K
}
Event: 1.179 GC heap after
{Heap after GC invocations=1 (full 0):
 garbage-first heap   total 129024K, used 4253K [0x0000000084c00000, 0x0000000100000000)
  region size 1024K, 3 young (3072K), 3 survivors (3072K)
 Metaspace       used 5986K, committed 6144K, reserved 1114112K
  class space    used 690K, committed 768K, reserved 1048576K
}
Event: 3.483 GC heap before
{Heap before GC invocations=1 (full 0):
 garbage-first heap   total 129024K, used 52381K [0x0000000084c00000, 0x0000000100000000)
  region size 1024K, 51 young (52224K), 3 survivors (3072K)
 Metaspace       used 15510K, committed 15744K, reserved 1114112K
  class space    used 1806K, committed 1920K, reserved 1048576K
}
Event: 3.489 GC heap after
{Heap after GC invocations=2 (full 0):
 garbage-first heap   total 129024K, used 8338K [0x0000000084c00000, 0x0000000100000000)
  region size 1024K, 7 young (7168K), 7 survivors (7168K)
 Metaspace       used 15510K, committed 15744K, reserved 1114112K
  class space    used 1806K, committed 1920K, reserved 1048576K
}
Event: 3.987 GC heap before
{Heap before GC invocations=2 (full 0):
 garbage-first heap   total 129024K, used 76946K [0x0000000084c00000, 0x0000000100000000)
  region size 1024K, 74 young (75776K), 7 survivors (7168K)
 Metaspace       used 17745K, committed 18048K, reserved 1114112K
  class space    used 1986K, committed 2112K, reserved 1048576K
}
Event: 3.994 GC heap after
{Heap after GC invocations=3 (full 0):
 garbage-first heap   total 129024K, used 13259K [0x0000000084c00000, 0x0000000100000000)
  region size 1024K, 9 young (9216K), 9 survivors (9216K)
 Metaspace       used 17745K, committed 18048K, reserved 1114112K
  class space    used 1986K, committed 2112K, reserved 1048576K
}
Event: 4.129 GC heap before
{Heap before GC invocations=3 (full 0):
 garbage-first heap   total 129024K, used 29643K [0x0000000084c00000, 0x0000000100000000)
  region size 1024K, 26 young (26624K), 9 survivors (9216K)
 Metaspace       used 21228K, committed 21504K, reserved 1114112K
  class space    used 2413K, committed 2560K, reserved 1048576K
}
Event: 4.134 GC heap after
{Heap after GC invocations=4 (full 0):
 garbage-first heap   total 129024K, used 14828K [0x0000000084c00000, 0x0000000100000000)
  region size 1024K, 7 young (7168K), 7 survivors (7168K)
 Metaspace       used 21228K, committed 21504K, reserved 1114112K
  class space    used 2413K, committed 2560K, reserved 1048576K
}
Event: 4.516 GC heap before
{Heap before GC invocations=5 (full 0):
 garbage-first heap   total 58368K, used 56812K [0x0000000084c00000, 0x0000000100000000)
  region size 1024K, 47 young (48128K), 7 survivors (7168K)
 Metaspace       used 27958K, committed 28288K, reserved 1114112K
  class space    used 3128K, committed 3264K, reserved 1048576K
}
Event: 4.526 GC heap after
{Heap after GC invocations=6 (full 0):
 garbage-first heap   total 74752K, used 24751K [0x0000000084c00000, 0x0000000100000000)
  region size 1024K, 10 young (10240K), 10 survivors (10240K)
 Metaspace       used 27958K, committed 28288K, reserved 1114112K
  class space    used 3128K, committed 3264K, reserved 1048576K
}
Event: 5.140 GC heap before
{Heap before GC invocations=6 (full 0):
 garbage-first heap   total 74752K, used 57519K [0x0000000084c00000, 0x0000000100000000)
  region size 1024K, 42 young (43008K), 10 survivors (10240K)
 Metaspace       used 33408K, committed 33856K, reserved 1114112K
  class space    used 3822K, committed 4032K, reserved 1048576K
}
Event: 5.146 GC heap after
{Heap after GC invocations=7 (full 0):
 garbage-first heap   total 74752K, used 28180K [0x0000000084c00000, 0x0000000100000000)
  region size 1024K, 4 young (4096K), 4 survivors (4096K)
 Metaspace       used 33408K, committed 33856K, reserved 1114112K
  class space    used 3822K, committed 4032K, reserved 1048576K
}
Event: 5.270 GC heap before
{Heap before GC invocations=7 (full 0):
 garbage-first heap   total 74752K, used 43540K [0x0000000084c00000, 0x0000000100000000)
  region size 1024K, 12 young (12288K), 4 survivors (4096K)
 Metaspace       used 35686K, committed 36160K, reserved 1114112K
  class space    used 4233K, committed 4480K, reserved 1048576K
}
Event: 5.272 GC heap after
{Heap after GC invocations=8 (full 0):
 garbage-first heap   total 74752K, used 38241K [0x0000000084c00000, 0x0000000100000000)
  region size 1024K, 2 young (2048K), 2 survivors (2048K)
 Metaspace       used 35686K, committed 36160K, reserved 1114112K
  class space    used 4233K, committed 4480K, reserved 1048576K
}
Event: 10.495 GC heap before
{Heap before GC invocations=9 (full 0):
 garbage-first heap   total 93184K, used 91489K [0x0000000084c00000, 0x0000000100000000)
  region size 1024K, 19 young (19456K), 2 survivors (2048K)
 Metaspace       used 40965K, committed 41472K, reserved 1114112K
  class space    used 5082K, committed 5312K, reserved 1048576K
}
Event: 10.498 GC heap after
{Heap after GC invocations=10 (full 0):
 garbage-first heap   total 125952K, used 76996K [0x0000000084c00000, 0x0000000100000000)
  region size 1024K, 4 young (4096K), 4 survivors (4096K)
 Metaspace       used 40965K, committed 41472K, reserved 1114112K
  class space    used 5082K, committed 5312K, reserved 1048576K
}
Event: 28.008 GC heap before
{Heap before GC invocations=10 (full 0):
 garbage-first heap   total 208896K, used 207044K [0x0000000084c00000, 0x0000000100000000)
  region size 1024K, 14 young (14336K), 4 survivors (4096K)
 Metaspace       used 42837K, committed 43328K, reserved 1114112K
  class space    used 5328K, committed 5568K, reserved 1048576K
}
Event: 28.012 GC heap after
{Heap after GC invocations=11 (full 0):
 garbage-first heap   total 216064K, used 181131K [0x0000000084c00000, 0x0000000100000000)
  region size 1024K, 5 young (5120K), 5 survivors (5120K)
 Metaspace       used 42837K, committed 43328K, reserved 1114112K
  class space    used 5328K, committed 5568K, reserved 1048576K
}
Event: 28.020 GC heap before
{Heap before GC invocations=11 (full 0):
 garbage-first heap   total 216064K, used 182155K [0x0000000084c00000, 0x0000000100000000)
  region size 1024K, 7 young (7168K), 5 survivors (5120K)
 Metaspace       used 42875K, committed 43456K, reserved 1114112K
  class space    used 5332K, committed 5632K, reserved 1048576K
}
Event: 28.023 GC heap after
{Heap after GC invocations=12 (full 0):
 garbage-first heap   total 216064K, used 165180K [0x0000000084c00000, 0x0000000100000000)
  region size 1024K, 1 young (1024K), 1 survivors (1024K)
 Metaspace       used 42875K, committed 43456K, reserved 1114112K
  class space    used 5332K, committed 5632K, reserved 1048576K
}

