# JRE version: OpenJDK Runtime Environment (21.0.2+13) (build 21.0.2+13-Ubuntu-122.04.1)
# Java VM: OpenJDK 64-Bit Server VM (21.0.2+13-Ubuntu-122.04.1, mixed mode, sharing, tiered, compressed oops, compressed class ptrs, g1 gc, linux-amd64)
Heap:
 garbage-first heap   total 327680K, used 287360K [0x0000000084c00000, 0x0000000100000000)
  region size 1024K, 4 young (4096K), 2 survivors (2048K)
 Metaspace       used 43162K, committed 43648K, reserved 1114112K
  class space    used 5330K, committed 5568K, reserved 1048576K
GC Heap History (20 events):
Event: 3.534 GC heap before
{Heap before GC invocations=1 (full 0):
 garbage-first heap   total 129024K, used 53451K [0x0000000084c00000, 0x0000000100000000)
  region size 1024K, 51 young (52224K), 3 survivors (3072K)
 Metaspace       used 15517K, committed 15808K, reserved 1114112K
  class space    used 1806K, committed 1920K, reserved 1048576K
}
Event: 3.541 GC heap after
{Heap after GC invocations=2 (full 0):
 garbage-first heap   total 129024K, used 8395K [0x0000000084c00000, 0x0000000100000000)
  region size 1024K, 7 young (7168K), 7 survivors (7168K)
 Metaspace       used 15517K, committed 15808K, reserved 1114112K
  class space    used 1806K, committed 1920K, reserved 1048576K
}
Event: 4.072 GC heap before
{Heap before GC invocations=2 (full 0):
 garbage-first heap   total 129024K, used 77003K [0x0000000084c00000, 0x0000000100000000)
  region size 1024K, 74 young (75776K), 7 survivors (7168K)
 Metaspace       used 17745K, committed 18048K, reserved 1114112K
  class space    used 1986K, committed 2112K, reserved 1048576K
}
Event: 4.079 GC heap after
{Heap after GC invocations=3 (full 0):
 garbage-first heap   total 129024K, used 13258K [0x0000000084c00000, 0x0000000100000000)
  region size 1024K, 9 young (9216K), 9 survivors (9216K)
 Metaspace       used 17745K, committed 18048K, reserved 1114112K
  class space    used 1986K, committed 2112K, reserved 1048576K
}
Event: 4.211 GC heap before
{Heap before GC invocations=3 (full 0):
 garbage-first heap   total 129024K, used 29642K [0x0000000084c00000, 0x0000000100000000)
  region size 1024K, 26 young (26624K), 9 survivors (9216K)
 Metaspace       used 21236K, committed 21504K, reserved 1114112K
  class space    used 2414K, committed 2560K, reserved 1048576K
}
Event: 4.216 GC heap after
{Heap after GC invocations=4 (full 0):
 garbage-first heap   total 129024K, used 15317K [0x0000000084c00000, 0x0000000100000000)
  region size 1024K, 7 young (7168K), 7 survivors (7168K)
 Metaspace       used 21236K, committed 21504K, reserved 1114112K
  class space    used 2414K, committed 2560K, reserved 1048576K
}
Event: 4.612 GC heap before
{Heap before GC invocations=5 (full 0):
 garbage-first heap   total 58368K, used 57301K [0x0000000084c00000, 0x0000000100000000)
  region size 1024K, 47 young (48128K), 7 survivors (7168K)
 Metaspace       used 28018K, committed 28352K, reserved 1114112K
  class space    used 3140K, committed 3328K, reserved 1048576K
}
Event: 4.623 GC heap after
{Heap after GC invocations=6 (full 0):
 garbage-first heap   total 74752K, used 24852K [0x0000000084c00000, 0x0000000100000000)
  region size 1024K, 10 young (10240K), 10 survivors (10240K)
 Metaspace       used 28018K, committed 28352K, reserved 1114112K
  class space    used 3140K, committed 3328K, reserved 1048576K
}
Event: 5.247 GC heap before
{Heap before GC invocations=6 (full 0):
 garbage-first heap   total 74752K, used 56596K [0x0000000084c00000, 0x0000000100000000)
  region size 1024K, 42 young (43008K), 10 survivors (10240K)
 Metaspace       used 33761K, committed 34176K, reserved 1114112K
  class space    used 3878K, committed 4032K, reserved 1048576K
}
Event: 5.254 GC heap after
{Heap after GC invocations=7 (full 0):
 garbage-first heap   total 74752K, used 28608K [0x0000000084c00000, 0x0000000100000000)
  region size 1024K, 4 young (4096K), 4 survivors (4096K)
 Metaspace       used 33761K, committed 34176K, reserved 1114112K
  class space    used 3878K, committed 4032K, reserved 1048576K
}
Event: 5.374 GC heap before
{Heap before GC invocations=7 (full 0):
 garbage-first heap   total 74752K, used 42944K [0x0000000084c00000, 0x0000000100000000)
  region size 1024K, 11 young (11264K), 4 survivors (4096K)
 Metaspace       used 35681K, committed 36160K, reserved 1114112K
  class space    used 4231K, committed 4480K, reserved 1048576K
}
Event: 5.377 GC heap after
{Heap after GC invocations=8 (full 0):
 garbage-first heap   total 93184K, used 38353K [0x0000000084c00000, 0x0000000100000000)
  region size 1024K, 2 young (2048K), 2 survivors (2048K)
 Metaspace       used 35681K, committed 36160K, reserved 1114112K
  class space    used 4231K, committed 4480K, reserved 1048576K
}
Event: 8.766 GC heap before
{Heap before GC invocations=9 (full 0):
 garbage-first heap   total 138240K, used 136657K [0x0000000084c00000, 0x0000000100000000)
  region size 1024K, 19 young (19456K), 2 survivors (2048K)
 Metaspace       used 41222K, committed 41728K, reserved 1114112K
  class space    used 5128K, committed 5312K, reserved 1048576K
}
Event: 8.770 GC heap after
{Heap after GC invocations=10 (full 0):
 garbage-first heap   total 142336K, used 122133K [0x0000000084c00000, 0x0000000100000000)
  region size 1024K, 4 young (4096K), 4 survivors (4096K)
 Metaspace       used 41222K, committed 41728K, reserved 1114112K
  class space    used 5128K, committed 5312K, reserved 1048576K
}
Event: 13.711 GC heap before
{Heap before GC invocations=10 (full 0):
 garbage-first heap   total 182272K, used 173333K [0x0000000084c00000, 0x0000000100000000)
  region size 1024K, 11 young (11264K), 4 survivors (4096K)
 Metaspace       used 42356K, committed 42944K, reserved 1114112K
  class space    used 5284K, committed 5568K, reserved 1048576K
}
Event: 13.714 GC heap after
{Heap after GC invocations=11 (full 0):
 garbage-first heap   total 182272K, used 160320K [0x0000000084c00000, 0x0000000100000000)
  region size 1024K, 2 young (2048K), 2 survivors (2048K)
 Metaspace       used 42356K, committed 42944K, reserved 1114112K
  class space    used 5284K, committed 5568K, reserved 1048576K
}
Event: 24.228 GC heap before
{Heap before GC invocations=11 (full 0):
 garbage-first heap   total 182272K, used 161344K [0x0000000084c00000, 0x0000000100000000)
  region size 1024K, 4 young (4096K), 2 survivors (2048K)
 Metaspace       used 42585K, committed 43136K, reserved 1114112K
  class space    used 5304K, committed 5568K, reserved 1048576K
}
Event: 24.230 GC heap after
{Heap after GC invocations=12 (full 0):
 garbage-first heap   total 182272K, used 161461K [0x0000000084c00000, 0x0000000100000000)
  region size 1024K, 1 young (1024K), 1 survivors (1024K)
 Metaspace       used 42585K, committed 43136K, reserved 1114112K
  class space    used 5304K, committed 5568K, reserved 1048576K
}
Event: 29.093 GC heap before
{Heap before GC invocations=13 (full 0):
 garbage-first heap   total 260096K, used 218805K [0x0000000084c00000, 0x0000000100000000)
  region size 1024K, 9 young (9216K), 1 survivors (1024K)
 Metaspace       used 43137K, committed 43648K, reserved 1114112K
  class space    used 5329K, committed 5568K, reserved 1048576K
}
Event: 29.097 GC heap after
{Heap after GC invocations=14 (full 0):
 garbage-first heap   total 260096K, used 212608K [0x0000000084c00000, 0x0000000100000000)
  region size 1024K, 2 young (2048K), 2 survivors (2048K)
 Metaspace       used 43137K, committed 43648K, reserved 1114112K
  class space    used 5329K, committed 5568K, reserved 1048576K
}

