# JRE version: OpenJDK Runtime Environment (21.0.2+13) (build 21.0.2+13-Ubuntu-122.04.1)
# Java VM: OpenJDK 64-Bit Server VM (21.0.2+13-Ubuntu-122.04.1, mixed mode, sharing, tiered, compressed oops, compressed class ptrs, g1 gc, linux-amd64)
Heap:
 garbage-first heap   total 235520K, used 223235K [0x0000000084c00000, 0x0000000100000000)
  region size 1024K, 20 young (20480K), 5 survivors (5120K)
 Metaspace       used 43264K, committed 43776K, reserved 1114112K
  class space    used 5340K, committed 5568K, reserved 1048576K
GC Heap History (16 events):
Event: 1.141 GC heap before
{Heap before GC invocations=0 (full 0):
 garbage-first heap   total 129024K, used 23581K [0x0000000084c00000, 0x0000000100000000)
  region size 1024K, 23 young (23552K), 0 survivors (0K)
 Metaspace       used 5984K, committed 6144K, reserved 1114112K
  class space    used 690K, committed 768K, reserved 1048576K
}
Event: 1.144 GC heap after
{Heap after GC invocations=1 (full 0):
 garbage-first heap   total 129024K, used 4245K [0x0000000084c00000, 0x0000000100000000)
  region size 1024K, 3 young (3072K), 3 survivors (3072K)
 Metaspace       used 5984K, committed 6144K, reserved 1114112K
  class space    used 690K, committed 768K, reserved 1048576K
}
Event: 3.393 GC heap before
{Heap before GC invocations=1 (full 0):
 garbage-first heap   total 129024K, used 53397K [0x0000000084c00000, 0x0000000100000000)
  region size 1024K, 51 young (52224K), 3 survivors (3072K)
 Metaspace       used 15491K, committed 15744K, reserved 1114112K
  class space    used 1802K, committed 1920K, reserved 1048576K
}
Event: 3.398 GC heap after
{Heap after GC invocations=2 (full 0):
 garbage-first heap   total 129024K, used 8341K [0x0000000084c00000, 0x0000000100000000)
  region size 1024K, 7 young (7168K), 7 survivors (7168K)
 Metaspace       used 15491K, committed 15744K, reserved 1114112K
  class space    used 1802K, committed 1920K, reserved 1048576K
}
Event: 3.939 GC heap before
{Heap before GC invocations=2 (full 0):
 garbage-first heap   total 129024K, used 76949K [0x0000000084c00000, 0x0000000100000000)
  region size 1024K, 74 young (75776K), 7 survivors (7168K)
 Metaspace       used 17736K, committed 18048K, reserved 1114112K
  class space    used 1986K, committed 2112K, reserved 1048576K
}
Event: 3.947 GC heap after
{Heap after GC invocations=3 (full 0):
 garbage-first heap   total 129024K, used 13373K [0x0000000084c00000, 0x0000000100000000)
  region size 1024K, 9 young (9216K), 9 survivors (9216K)
 Metaspace       used 17736K, committed 18048K, reserved 1114112K
  class space    used 1986K, committed 2112K, reserved 1048576K
}
Event: 4.086 GC heap before
{Heap before GC invocations=3 (full 0):
 garbage-first heap   total 129024K, used 29757K [0x0000000084c00000, 0x0000000100000000)
  region size 1024K, 26 young (26624K), 9 survivors (9216K)
 Metaspace       used 21220K, committed 21504K, reserved 1114112K
  class space    used 2414K, committed 2560K, reserved 1048576K
}
Event: 4.091 GC heap after
{Heap after GC invocations=4 (full 0):
 garbage-first heap   total 129024K, used 14791K [0x0000000084c00000, 0x0000000100000000)
  region size 1024K, 7 young (7168K), 7 survivors (7168K)
 Metaspace       used 21220K, committed 21504K, reserved 1114112K
  class space    used 2414K, committed 2560K, reserved 1048576K
}
Event: 4.486 GC heap before
{Heap before GC invocations=5 (full 0):
 garbage-first heap   total 58368K, used 56775K [0x0000000084c00000, 0x0000000100000000)
  region size 1024K, 47 young (48128K), 7 survivors (7168K)
 Metaspace       used 27920K, committed 28288K, reserved 1114112K
  class space    used 3126K, committed 3264K, reserved 1048576K
}
Event: 4.497 GC heap after
{Heap after GC invocations=6 (full 0):
 garbage-first heap   total 73728K, used 24519K [0x0000000084c00000, 0x0000000100000000)
  region size 1024K, 10 young (10240K), 10 survivors (10240K)
 Metaspace       used 27920K, committed 28288K, reserved 1114112K
  class space    used 3126K, committed 3264K, reserved 1048576K
}
Event: 5.094 GC heap before
{Heap before GC invocations=6 (full 0):
 garbage-first heap   total 73728K, used 56263K [0x0000000084c00000, 0x0000000100000000)
  region size 1024K, 42 young (43008K), 10 survivors (10240K)
 Metaspace       used 33494K, committed 33920K, reserved 1114112K
  class space    used 3830K, committed 4032K, reserved 1048576K
}
Event: 5.099 GC heap after
{Heap after GC invocations=7 (full 0):
 garbage-first heap   total 73728K, used 22527K [0x0000000084c00000, 0x0000000100000000)
  region size 1024K, 3 young (3072K), 3 survivors (3072K)
 Metaspace       used 33494K, committed 33920K, reserved 1114112K
  class space    used 3830K, committed 4032K, reserved 1048576K
}
Event: 5.219 GC heap before
{Heap before GC invocations=7 (full 0):
 garbage-first heap   total 73728K, used 36863K [0x0000000084c00000, 0x0000000100000000)
  region size 1024K, 11 young (11264K), 3 survivors (3072K)
 Metaspace       used 35683K, committed 36160K, reserved 1114112K
  class space    used 4232K, committed 4480K, reserved 1048576K
}
Event: 5.222 GC heap after
{Heap after GC invocations=8 (full 0):
 garbage-first heap   total 73728K, used 31216K [0x0000000084c00000, 0x0000000100000000)
  region size 1024K, 4 young (4096K), 4 survivors (4096K)
 Metaspace       used 35683K, committed 36160K, reserved 1114112K
  class space    used 4232K, committed 4480K, reserved 1048576K
}
Event: 9.840 GC heap before
{Heap before GC invocations=9 (full 0):
 garbage-first heap   total 182272K, used 179696K [0x0000000084c00000, 0x0000000100000000)
  region size 1024K, 26 young (26624K), 4 survivors (4096K)
 Metaspace       used 42243K, committed 42816K, reserved 1114112K
  class space    used 5292K, committed 5568K, reserved 1048576K
}
Event: 9.844 GC heap after
{Heap after GC invocations=10 (full 0):
 garbage-first heap   total 227328K, used 142339K [0x0000000084c00000, 0x0000000100000000)
  region size 1024K, 5 young (5120K), 5 survivors (5120K)
 Metaspace       used 42243K, committed 42816K, reserved 1114112K
  class space    used 5292K, committed 5568K, reserved 1048576K
}

