# JRE version: OpenJDK Runtime Environment (21.0.2+13) (build 21.0.2+13-Ubuntu-122.04.1)
# Java VM: OpenJDK 64-Bit Server VM (21.0.2+13-Ubuntu-122.04.1, mixed mode, sharing, tiered, compressed oops, compressed class ptrs, g1 gc, linux-amd64)
Heap:
 garbage-first heap   total 296960K, used 291469K [0x0000000084c00000, 0x0000000100000000)
  region size 1024K, 17 young (17408K), 1 survivors (1024K)
 Metaspace       used 43668K, committed 44160K, reserved 1114112K
  class space    used 5328K, committed 5568K, reserved 1048576K
GC Heap History (20 events):
Event: 2.605 GC heap before
{Heap before GC invocations=0 (full 0):
 garbage-first heap   total 129024K, used 23581K [0x0000000084c00000, 0x0000000100000000)
  region size 1024K, 23 young (23552K), 0 survivors (0K)
 Metaspace       used 5987K, committed 6144K, reserved 1114112K
  class space    used 690K, committed 768K, reserved 1048576K
}
Event: 2.608 GC heap after
{Heap after GC invocations=1 (full 0):
 garbage-first heap   total 129024K, used 4203K [0x0000000084c00000, 0x0000000100000000)
  region size 1024K, 3 young (3072K), 3 survivors (3072K)
 Metaspace       used 5987K, committed 6144K, reserved 1114112K
  class space    used 690K, committed 768K, reserved 1048576K
}
Event: 4.885 GC heap before
{Heap before GC invocations=1 (full 0):
 garbage-first heap   total 129024K, used 53355K [0x0000000084c00000, 0x0000000100000000)
  region size 1024K, 51 young (52224K), 3 survivors (3072K)
 Metaspace       used 15573K, committed 15808K, reserved 1114112K
  class space    used 1818K, committed 1920K, reserved 1048576K
}
Event: 4.891 GC heap after
{Heap after GC invocations=2 (full 0):
 garbage-first heap   total 129024K, used 8401K [0x0000000084c00000, 0x0000000100000000)
  region size 1024K, 7 young (7168K), 7 survivors (7168K)
 Metaspace       used 15573K, committed 15808K, reserved 1114112K
  class space    used 1818K, committed 1920K, reserved 1048576K
}
Event: 5.426 GC heap before
{Heap before GC invocations=2 (full 0):
 garbage-first heap   total 129024K, used 77009K [0x0000000084c00000, 0x0000000100000000)
  region size 1024K, 74 young (75776K), 7 survivors (7168K)
 Metaspace       used 17758K, committed 18048K, reserved 1114112K
  class space    used 1986K, committed 2112K, reserved 1048576K
}
Event: 5.434 GC heap after
{Heap after GC invocations=3 (full 0):
 garbage-first heap   total 129024K, used 13426K [0x0000000084c00000, 0x0000000100000000)
  region size 1024K, 9 young (9216K), 9 survivors (9216K)
 Metaspace       used 17758K, committed 18048K, reserved 1114112K
  class space    used 1986K, committed 2112K, reserved 1048576K
}
Event: 5.582 GC heap before
{Heap before GC invocations=3 (full 0):
 garbage-first heap   total 129024K, used 29810K [0x0000000084c00000, 0x0000000100000000)
  region size 1024K, 26 young (26624K), 9 survivors (9216K)
 Metaspace       used 21222K, committed 21504K, reserved 1114112K
  class space    used 2414K, committed 2560K, reserved 1048576K
}
Event: 5.589 GC heap after
{Heap after GC invocations=4 (full 0):
 garbage-first heap   total 129024K, used 14877K [0x0000000084c00000, 0x0000000100000000)
  region size 1024K, 7 young (7168K), 7 survivors (7168K)
 Metaspace       used 21222K, committed 21504K, reserved 1114112K
  class space    used 2414K, committed 2560K, reserved 1048576K
}
Event: 5.987 GC heap before
{Heap before GC invocations=5 (full 0):
 garbage-first heap   total 58368K, used 56861K [0x0000000084c00000, 0x0000000100000000)
  region size 1024K, 47 young (48128K), 7 survivors (7168K)
 Metaspace       used 27940K, committed 28288K, reserved 1114112K
  class space    used 3126K, committed 3264K, reserved 1048576K
}
Event: 5.998 GC heap after
{Heap after GC invocations=6 (full 0):
 garbage-first heap   total 74752K, used 24927K [0x0000000084c00000, 0x0000000100000000)
  region size 1024K, 10 young (10240K), 10 survivors (10240K)
 Metaspace       used 27940K, committed 28288K, reserved 1114112K
  class space    used 3126K, committed 3264K, reserved 1048576K
}
Event: 6.632 GC heap before
{Heap before GC invocations=6 (full 0):
 garbage-first heap   total 74752K, used 56671K [0x0000000084c00000, 0x0000000100000000)
  region size 1024K, 42 young (43008K), 10 survivors (10240K)
 Metaspace       used 33510K, committed 33920K, reserved 1114112K
  class space    used 3828K, committed 4032K, reserved 1048576K
}
Event: 6.637 GC heap after
{Heap after GC invocations=7 (full 0):
 garbage-first heap   total 74752K, used 28427K [0x0000000084c00000, 0x0000000100000000)
  region size 1024K, 4 young (4096K), 4 survivors (4096K)
 Metaspace       used 33510K, committed 33920K, reserved 1114112K
  class space    used 3828K, committed 4032K, reserved 1048576K
}
Event: 6.761 GC heap before
{Heap before GC invocations=7 (full 0):
 garbage-first heap   total 74752K, used 43787K [0x0000000084c00000, 0x0000000100000000)
  region size 1024K, 12 young (12288K), 4 survivors (4096K)
 Metaspace       used 35704K, committed 36160K, reserved 1114112K
  class space    used 4231K, committed 4480K, reserved 1048576K
}
Event: 6.764 GC heap after
{Heap after GC invocations=8 (full 0):
 garbage-first heap   total 74752K, used 38467K [0x0000000084c00000, 0x0000000100000000)
  region size 1024K, 2 young (2048K), 2 survivors (2048K)
 Metaspace       used 35704K, committed 36160K, reserved 1114112K
  class space    used 4231K, committed 4480K, reserved 1048576K
}
Event: 15.603 GC heap before
{Heap before GC invocations=9 (full 0):
 garbage-first heap   total 93184K, used 91715K [0x0000000084c00000, 0x0000000100000000)
  region size 1024K, 19 young (19456K), 2 survivors (2048K)
 Metaspace       used 41168K, committed 41600K, reserved 1114112K
  class space    used 5103K, committed 5312K, reserved 1048576K
}
Event: 15.607 GC heap after
{Heap after GC invocations=10 (full 0):
 garbage-first heap   total 123904K, used 77379K [0x0000000084c00000, 0x0000000100000000)
  region size 1024K, 4 young (4096K), 4 survivors (4096K)
 Metaspace       used 41168K, committed 41600K, reserved 1114112K
  class space    used 5103K, committed 5312K, reserved 1048576K
}
Event: 34.071 GC heap before
{Heap before GC invocations=10 (full 0):
 garbage-first heap   total 208896K, used 208451K [0x0000000084c00000, 0x0000000100000000)
  region size 1024K, 14 young (14336K), 4 survivors (4096K)
 Metaspace       used 42740K, committed 43264K, reserved 1114112K
  class space    used 5322K, committed 5568K, reserved 1048576K
}
Event: 34.076 GC heap after
{Heap after GC invocations=11 (full 0):
 garbage-first heap   total 216064K, used 181316K [0x0000000084c00000, 0x0000000100000000)
  region size 1024K, 5 young (5120K), 5 survivors (5120K)
 Metaspace       used 42740K, committed 43264K, reserved 1114112K
  class space    used 5322K, committed 5568K, reserved 1048576K
}
Event: 34.083 GC heap before
{Heap before GC invocations=11 (full 0):
 garbage-first heap   total 216064K, used 182340K [0x0000000084c00000, 0x0000000100000000)
  region size 1024K, 7 young (7168K), 5 survivors (5120K)
 Metaspace       used 42830K, committed 43328K, reserved 1114112K
  class space    used 5322K, committed 5568K, reserved 1048576K
}
Event: 34.085 GC heap after
{Heap after GC invocations=12 (full 0):
 garbage-first heap   total 216064K, used 165517K [0x0000000084c00000, 0x0000000100000000)
  region size 1024K, 1 young (1024K), 1 survivors (1024K)
 Metaspace       used 42830K, committed 43328K, reserved 1114112K
  class space    used 5322K, committed 5568K, reserved 1048576K
}

