# JRE version: OpenJDK Runtime Environment (21.0.2+13) (build 21.0.2+13-Ubuntu-122.04.1)
# Java VM: OpenJDK 64-Bit Server VM (21.0.2+13-Ubuntu-122.04.1, mixed mode, sharing, tiered, compressed oops, compressed class ptrs, g1 gc, linux-amd64)
Heap:
 garbage-first heap   total 269312K, used 252413K [0x0000000084c00000, 0x0000000100000000)
  region size 1024K, 18 young (18432K), 4 survivors (4096K)
 Metaspace       used 44349K, committed 44928K, reserved 1114112K
  class space    used 5517K, committed 5824K, reserved 1048576K
GC Heap History (20 events):
Event: 3.418 GC heap before
{Heap before GC invocations=1 (full 0):
 garbage-first heap   total 129024K, used 53397K [0x0000000084c00000, 0x0000000100000000)
  region size 1024K, 51 young (52224K), 3 survivors (3072K)
 Metaspace       used 15515K, committed 15808K, reserved 1114112K
  class space    used 1806K, committed 1920K, reserved 1048576K
}
Event: 3.424 GC heap after
{Heap after GC invocations=2 (full 0):
 garbage-first heap   total 129024K, used 8015K [0x0000000084c00000, 0x0000000100000000)
  region size 1024K, 7 young (7168K), 7 survivors (7168K)
 Metaspace       used 15515K, committed 15808K, reserved 1114112K
  class space    used 1806K, committed 1920K, reserved 1048576K
}
Event: 3.926 GC heap before
{Heap before GC invocations=2 (full 0):
 garbage-first heap   total 129024K, used 76623K [0x0000000084c00000, 0x0000000100000000)
  region size 1024K, 74 young (75776K), 7 survivors (7168K)
 Metaspace       used 17749K, committed 18048K, reserved 1114112K
  class space    used 1986K, committed 2112K, reserved 1048576K
}
Event: 3.934 GC heap after
{Heap after GC invocations=3 (full 0):
 garbage-first heap   total 129024K, used 13179K [0x0000000084c00000, 0x0000000100000000)
  region size 1024K, 9 young (9216K), 9 survivors (9216K)
 Metaspace       used 17749K, committed 18048K, reserved 1114112K
  class space    used 1986K, committed 2112K, reserved 1048576K
}
Event: 4.067 GC heap before
{Heap before GC invocations=3 (full 0):
 garbage-first heap   total 129024K, used 29563K [0x0000000084c00000, 0x0000000100000000)
  region size 1024K, 26 young (26624K), 9 survivors (9216K)
 Metaspace       used 21229K, committed 21504K, reserved 1114112K
  class space    used 2413K, committed 2560K, reserved 1048576K
}
Event: 4.072 GC heap after
{Heap after GC invocations=4 (full 0):
 garbage-first heap   total 129024K, used 15389K [0x0000000084c00000, 0x0000000100000000)
  region size 1024K, 7 young (7168K), 7 survivors (7168K)
 Metaspace       used 21229K, committed 21504K, reserved 1114112K
  class space    used 2413K, committed 2560K, reserved 1048576K
}
Event: 4.436 GC heap before
{Heap before GC invocations=5 (full 0):
 garbage-first heap   total 58368K, used 57373K [0x0000000084c00000, 0x0000000100000000)
  region size 1024K, 47 young (48128K), 7 survivors (7168K)
 Metaspace       used 27661K, committed 28032K, reserved 1114112K
  class space    used 3103K, committed 3264K, reserved 1048576K
}
Event: 4.450 GC heap after
{Heap after GC invocations=6 (full 0):
 garbage-first heap   total 73728K, used 24605K [0x0000000084c00000, 0x0000000100000000)
  region size 1024K, 10 young (10240K), 10 survivors (10240K)
 Metaspace       used 27661K, committed 28032K, reserved 1114112K
  class space    used 3103K, committed 3264K, reserved 1048576K
}
Event: 5.086 GC heap before
{Heap before GC invocations=6 (full 0):
 garbage-first heap   total 73728K, used 56349K [0x0000000084c00000, 0x0000000100000000)
  region size 1024K, 42 young (43008K), 10 survivors (10240K)
 Metaspace       used 31895K, committed 32320K, reserved 1114112K
  class space    used 3564K, committed 3776K, reserved 1048576K
}
Event: 5.090 GC heap after
{Heap after GC invocations=7 (full 0):
 garbage-first heap   total 73728K, used 22522K [0x0000000084c00000, 0x0000000100000000)
  region size 1024K, 3 young (3072K), 3 survivors (3072K)
 Metaspace       used 31895K, committed 32320K, reserved 1114112K
  class space    used 3564K, committed 3776K, reserved 1048576K
}
Event: 5.200 GC heap before
{Heap before GC invocations=7 (full 0):
 garbage-first heap   total 73728K, used 38906K [0x0000000084c00000, 0x0000000100000000)
  region size 1024K, 13 young (13312K), 3 survivors (3072K)
 Metaspace       used 35672K, committed 36160K, reserved 1114112K
  class space    used 4172K, committed 4416K, reserved 1048576K
}
Event: 5.202 GC heap after
{Heap after GC invocations=8 (full 0):
 garbage-first heap   total 73728K, used 31357K [0x0000000084c00000, 0x0000000100000000)
  region size 1024K, 4 young (4096K), 4 survivors (4096K)
 Metaspace       used 35672K, committed 36160K, reserved 1114112K
  class space    used 4172K, committed 4416K, reserved 1048576K
}
Event: 5.528 GC heap before
{Heap before GC invocations=9 (full 0):
 garbage-first heap   total 83968K, used 82557K [0x0000000084c00000, 0x0000000100000000)
  region size 1024K, 19 young (19456K), 4 survivors (4096K)
 Metaspace       used 40750K, committed 41216K, reserved 1114112K
  class space    used 5205K, committed 5440K, reserved 1048576K
}
Event: 5.531 GC heap after
{Heap after GC invocations=10 (full 0):
 garbage-first heap   total 131072K, used 69734K [0x0000000084c00000, 0x0000000100000000)
  region size 1024K, 4 young (4096K), 4 survivors (4096K)
 Metaspace       used 40750K, committed 41216K, reserved 1114112K
  class space    used 5205K, committed 5440K, reserved 1048576K
}
Event: 9.689 GC heap before
{Heap before GC invocations=10 (full 0):
 garbage-first heap   total 141312K, used 140390K [0x0000000084c00000, 0x0000000100000000)
  region size 1024K, 11 young (11264K), 4 survivors (4096K)
 Metaspace       used 42328K, committed 42880K, reserved 1114112K
  class space    used 5405K, committed 5696K, reserved 1048576K
}
Event: 9.692 GC heap after
{Heap after GC invocations=11 (full 0):
 garbage-first heap   total 147456K, used 107360K [0x0000000084c00000, 0x0000000100000000)
  region size 1024K, 5 young (5120K), 5 survivors (5120K)
 Metaspace       used 42328K, committed 42880K, reserved 1114112K
  class space    used 5405K, committed 5696K, reserved 1048576K
}
Event: 9.707 GC heap before
{Heap before GC invocations=11 (full 0):
 garbage-first heap   total 147456K, used 107360K [0x0000000084c00000, 0x0000000100000000)
  region size 1024K, 6 young (6144K), 5 survivors (5120K)
 Metaspace       used 42502K, committed 43008K, reserved 1114112K
  class space    used 5422K, committed 5696K, reserved 1048576K
}
Event: 9.709 GC heap after
{Heap after GC invocations=12 (full 0):
 garbage-first heap   total 147456K, used 107772K [0x0000000084c00000, 0x0000000100000000)
  region size 1024K, 2 young (2048K), 2 survivors (2048K)
 Metaspace       used 42502K, committed 43008K, reserved 1114112K
  class space    used 5422K, committed 5696K, reserved 1048576K
}
Event: 28.652 GC heap before
{Heap before GC invocations=13 (full 0):
 garbage-first heap   total 263168K, used 261372K [0x0000000084c00000, 0x0000000100000000)
  region size 1024K, 21 young (21504K), 2 survivors (2048K)
 Metaspace       used 44118K, committed 44672K, reserved 1114112K
  class space    used 5509K, committed 5760K, reserved 1048576K
}
Event: 28.656 GC heap after
{Heap after GC invocations=14 (full 0):
 garbage-first heap   total 269312K, used 212477K [0x0000000084c00000, 0x0000000100000000)
  region size 1024K, 4 young (4096K), 4 survivors (4096K)
 Metaspace       used 44118K, committed 44672K, reserved 1114112K
  class space    used 5509K, committed 5760K, reserved 1048576K
}

