# JRE version: OpenJDK Runtime Environment (21.0.2+13) (build 21.0.2+13-Ubuntu-122.04.1)
# Java VM: OpenJDK 64-Bit Server VM (21.0.2+13-Ubuntu-122.04.1, mixed mode, sharing, tiered, compressed oops, compressed class ptrs, g1 gc, linux-amd64)
Heap:
 garbage-first heap   total 306176K, used 245981K [0x0000000084c00000, 0x0000000100000000)
  region size 1024K, 16 young (16384K), 9 survivors (9216K)
 Metaspace       used 44269K, committed 44864K, reserved 1114112K
  class space    used 5504K, committed 5824K, reserved 1048576K
GC Heap History (18 events):
Event: 1.102 GC heap before
{Heap before GC invocations=0 (full 0):
 garbage-first heap   total 129024K, used 23581K [0x0000000084c00000, 0x0000000100000000)
  region size 1024K, 23 young (23552K), 0 survivors (0K)
 Metaspace       used 5987K, committed 6144K, reserved 1114112K
  class space    used 690K, committed 768K, reserved 1048576K
}
Event: 1.105 GC heap after
{Heap after GC invocations=1 (full 0):
 garbage-first heap   total 129024K, used 4261K [0x0000000084c00000, 0x0000000100000000)
  region size 1024K, 3 young (3072K), 3 survivors (3072K)
 Metaspace       used 5987K, committed 6144K, reserved 1114112K
  class space    used 690K, committed 768K, reserved 1048576K
}
Event: 3.591 GC heap before
{Heap before GC invocations=1 (full 0):
 garbage-first heap   total 129024K, used 53413K [0x0000000084c00000, 0x0000000100000000)
  region size 1024K, 51 young (52224K), 3 survivors (3072K)
 Metaspace       used 15445K, committed 15744K, reserved 1114112K
  class space    used 1800K, committed 1920K, reserved 1048576K
}
Event: 3.597 GC heap after
{Heap after GC invocations=2 (full 0):
 garbage-first heap   total 129024K, used 8357K [0x0000000084c00000, 0x0000000100000000)
  region size 1024K, 7 young (7168K), 7 survivors (7168K)
 Metaspace       used 15445K, committed 15744K, reserved 1114112K
  class space    used 1800K, committed 1920K, reserved 1048576K
}
Event: 4.103 GC heap before
{Heap before GC invocations=2 (full 0):
 garbage-first heap   total 129024K, used 76965K [0x0000000084c00000, 0x0000000100000000)
  region size 1024K, 74 young (75776K), 7 survivors (7168K)
 Metaspace       used 17728K, committed 18048K, reserved 1114112K
  class space    used 1986K, committed 2112K, reserved 1048576K
}
Event: 4.111 GC heap after
{Heap after GC invocations=3 (full 0):
 garbage-first heap   total 129024K, used 13470K [0x0000000084c00000, 0x0000000100000000)
  region size 1024K, 9 young (9216K), 9 survivors (9216K)
 Metaspace       used 17728K, committed 18048K, reserved 1114112K
  class space    used 1986K, committed 2112K, reserved 1048576K
}
Event: 4.244 GC heap before
{Heap before GC invocations=3 (full 0):
 garbage-first heap   total 129024K, used 30878K [0x0000000084c00000, 0x0000000100000000)
  region size 1024K, 27 young (27648K), 9 survivors (9216K)
 Metaspace       used 21215K, committed 21504K, reserved 1114112K
  class space    used 2413K, committed 2560K, reserved 1048576K
}
Event: 4.249 GC heap after
{Heap after GC invocations=4 (full 0):
 garbage-first heap   total 129024K, used 14877K [0x0000000084c00000, 0x0000000100000000)
  region size 1024K, 7 young (7168K), 7 survivors (7168K)
 Metaspace       used 21215K, committed 21504K, reserved 1114112K
  class space    used 2413K, committed 2560K, reserved 1048576K
}
Event: 4.616 GC heap before
{Heap before GC invocations=5 (full 0):
 garbage-first heap   total 58368K, used 56861K [0x0000000084c00000, 0x0000000100000000)
  region size 1024K, 47 young (48128K), 7 survivors (7168K)
 Metaspace       used 27632K, committed 27968K, reserved 1114112K
  class space    used 3103K, committed 3264K, reserved 1048576K
}
Event: 4.627 GC heap after
{Heap after GC invocations=6 (full 0):
 garbage-first heap   total 74752K, used 24917K [0x0000000084c00000, 0x0000000100000000)
  region size 1024K, 10 young (10240K), 10 survivors (10240K)
 Metaspace       used 27632K, committed 27968K, reserved 1114112K
  class space    used 3103K, committed 3264K, reserved 1048576K
}
Event: 5.268 GC heap before
{Heap before GC invocations=6 (full 0):
 garbage-first heap   total 74752K, used 57685K [0x0000000084c00000, 0x0000000100000000)
  region size 1024K, 42 young (43008K), 10 survivors (10240K)
 Metaspace       used 32395K, committed 32832K, reserved 1114112K
  class space    used 3672K, committed 3904K, reserved 1048576K
}
Event: 5.274 GC heap after
{Heap after GC invocations=7 (full 0):
 garbage-first heap   total 74752K, used 28803K [0x0000000084c00000, 0x0000000100000000)
  region size 1024K, 4 young (4096K), 4 survivors (4096K)
 Metaspace       used 32395K, committed 32832K, reserved 1114112K
  class space    used 3672K, committed 3904K, reserved 1048576K
}
Event: 5.392 GC heap before
{Heap before GC invocations=7 (full 0):
 garbage-first heap   total 74752K, used 45187K [0x0000000084c00000, 0x0000000100000000)
  region size 1024K, 14 young (14336K), 4 survivors (4096K)
 Metaspace       used 35678K, committed 36160K, reserved 1114112K
  class space    used 4186K, committed 4416K, reserved 1048576K
}
Event: 5.395 GC heap after
{Heap after GC invocations=8 (full 0):
 garbage-first heap   total 74752K, used 38883K [0x0000000084c00000, 0x0000000100000000)
  region size 1024K, 2 young (2048K), 2 survivors (2048K)
 Metaspace       used 35678K, committed 36160K, reserved 1114112K
  class space    used 4186K, committed 4416K, reserved 1048576K
}
Event: 20.719 GC heap before
{Heap before GC invocations=9 (full 0):
 garbage-first heap   total 191488K, used 190435K [0x0000000084c00000, 0x0000000100000000)
  region size 1024K, 27 young (27648K), 2 survivors (2048K)
 Metaspace       used 42886K, committed 43392K, reserved 1114112K
  class space    used 5452K, committed 5696K, reserved 1048576K
}
Event: 20.723 GC heap after
{Heap after GC invocations=10 (full 0):
 garbage-first heap   total 238592K, used 134818K [0x0000000084c00000, 0x0000000100000000)
  region size 1024K, 4 young (4096K), 4 survivors (4096K)
 Metaspace       used 42886K, committed 43392K, reserved 1114112K
  class space    used 5452K, committed 5696K, reserved 1048576K
}
Event: 33.390 GC heap before
{Heap before GC invocations=10 (full 0):
 garbage-first heap   total 295936K, used 295586K [0x0000000084c00000, 0x0000000100000000)
  region size 1024K, 29 young (29696K), 4 survivors (4096K)
 Metaspace       used 44179K, committed 44800K, reserved 1114112K
  class space    used 5502K, committed 5824K, reserved 1048576K
}
Event: 33.396 GC heap after
{Heap after GC invocations=11 (full 0):
 garbage-first heap   total 306176K, used 239837K [0x0000000084c00000, 0x0000000100000000)
  region size 1024K, 9 young (9216K), 9 survivors (9216K)
 Metaspace       used 44179K, committed 44800K, reserved 1114112K
  class space    used 5502K, committed 5824K, reserved 1048576K
}

