# JRE version: OpenJDK Runtime Environment (21.0.2+13) (build 21.0.2+13-Ubuntu-122.04.1)
# Java VM: OpenJDK 64-Bit Server VM (21.0.2+13-Ubuntu-122.04.1, mixed mode, sharing, tiered, compressed oops, compressed class ptrs, g1 gc, linux-amd64)
Heap:
 garbage-first heap   total 277504K, used 245694K [0x0000000084c00000, 0x0000000100000000)
  region size 1024K, 20 young (20480K), 6 survivors (6144K)
 Metaspace       used 44341K, committed 44928K, reserved 1114112K
  class space    used 5505K, committed 5824K, reserved 1048576K
GC Heap History (20 events):
Event: 3.539 GC heap before
{Heap before GC invocations=1 (full 0):
 garbage-first heap   total 129024K, used 53381K [0x0000000084c00000, 0x0000000100000000)
  region size 1024K, 51 young (52224K), 3 survivors (3072K)
 Metaspace       used 15495K, committed 15744K, reserved 1114112K
  class space    used 1802K, committed 1920K, reserved 1048576K
}
Event: 3.545 GC heap after
{Heap after GC invocations=2 (full 0):
 garbage-first heap   total 129024K, used 8535K [0x0000000084c00000, 0x0000000100000000)
  region size 1024K, 7 young (7168K), 7 survivors (7168K)
 Metaspace       used 15495K, committed 15744K, reserved 1114112K
  class space    used 1802K, committed 1920K, reserved 1048576K
}
Event: 4.096 GC heap before
{Heap before GC invocations=2 (full 0):
 garbage-first heap   total 129024K, used 77143K [0x0000000084c00000, 0x0000000100000000)
  region size 1024K, 74 young (75776K), 7 survivors (7168K)
 Metaspace       used 17748K, committed 18048K, reserved 1114112K
  class space    used 1986K, committed 2112K, reserved 1048576K
}
Event: 4.104 GC heap after
{Heap after GC invocations=3 (full 0):
 garbage-first heap   total 129024K, used 13456K [0x0000000084c00000, 0x0000000100000000)
  region size 1024K, 9 young (9216K), 9 survivors (9216K)
 Metaspace       used 17748K, committed 18048K, reserved 1114112K
  class space    used 1986K, committed 2112K, reserved 1048576K
}
Event: 4.249 GC heap before
{Heap before GC invocations=3 (full 0):
 garbage-first heap   total 129024K, used 30864K [0x0000000084c00000, 0x0000000100000000)
  region size 1024K, 27 young (27648K), 9 survivors (9216K)
 Metaspace       used 21229K, committed 21504K, reserved 1114112K
  class space    used 2413K, committed 2560K, reserved 1048576K
}
Event: 4.254 GC heap after
{Heap after GC invocations=4 (full 0):
 garbage-first heap   total 129024K, used 15372K [0x0000000084c00000, 0x0000000100000000)
  region size 1024K, 7 young (7168K), 7 survivors (7168K)
 Metaspace       used 21229K, committed 21504K, reserved 1114112K
  class space    used 2413K, committed 2560K, reserved 1048576K
}
Event: 4.638 GC heap before
{Heap before GC invocations=5 (full 0):
 garbage-first heap   total 58368K, used 57356K [0x0000000084c00000, 0x0000000100000000)
  region size 1024K, 47 young (48128K), 7 survivors (7168K)
 Metaspace       used 27661K, committed 28032K, reserved 1114112K
  class space    used 3103K, committed 3264K, reserved 1048576K
}
Event: 4.650 GC heap after
{Heap after GC invocations=6 (full 0):
 garbage-first heap   total 74752K, used 24898K [0x0000000084c00000, 0x0000000100000000)
  region size 1024K, 10 young (10240K), 10 survivors (10240K)
 Metaspace       used 27661K, committed 28032K, reserved 1114112K
  class space    used 3103K, committed 3264K, reserved 1048576K
}
Event: 5.314 GC heap before
{Heap before GC invocations=6 (full 0):
 garbage-first heap   total 74752K, used 56642K [0x0000000084c00000, 0x0000000100000000)
  region size 1024K, 42 young (43008K), 10 survivors (10240K)
 Metaspace       used 32448K, committed 32960K, reserved 1114112K
  class space    used 3673K, committed 3904K, reserved 1048576K
}
Event: 5.319 GC heap after
{Heap after GC invocations=7 (full 0):
 garbage-first heap   total 74752K, used 23121K [0x0000000084c00000, 0x0000000100000000)
  region size 1024K, 3 young (3072K), 3 survivors (3072K)
 Metaspace       used 32448K, committed 32960K, reserved 1114112K
  class space    used 3673K, committed 3904K, reserved 1048576K
}
Event: 5.426 GC heap before
{Heap before GC invocations=7 (full 0):
 garbage-first heap   total 74752K, used 39505K [0x0000000084c00000, 0x0000000100000000)
  region size 1024K, 12 young (12288K), 3 survivors (3072K)
 Metaspace       used 35673K, committed 36160K, reserved 1114112K
  class space    used 4180K, committed 4416K, reserved 1048576K
}
Event: 5.429 GC heap after
{Heap after GC invocations=8 (full 0):
 garbage-first heap   total 74752K, used 32070K [0x0000000084c00000, 0x0000000100000000)
  region size 1024K, 4 young (4096K), 4 survivors (4096K)
 Metaspace       used 35673K, committed 36160K, reserved 1114112K
  class space    used 4180K, committed 4416K, reserved 1048576K
}
Event: 5.760 GC heap before
{Heap before GC invocations=9 (full 0):
 garbage-first heap   total 84992K, used 84294K [0x0000000084c00000, 0x0000000100000000)
  region size 1024K, 19 young (19456K), 4 survivors (4096K)
 Metaspace       used 40623K, committed 41152K, reserved 1114112K
  class space    used 5194K, committed 5440K, reserved 1048576K
}
Event: 5.762 GC heap after
{Heap after GC invocations=10 (full 0):
 garbage-first heap   total 132096K, used 70144K [0x0000000084c00000, 0x0000000100000000)
  region size 1024K, 3 young (3072K), 3 survivors (3072K)
 Metaspace       used 40623K, committed 41152K, reserved 1114112K
  class space    used 5194K, committed 5440K, reserved 1048576K
}
Event: 8.749 GC heap before
{Heap before GC invocations=10 (full 0):
 garbage-first heap   total 168960K, used 167424K [0x0000000084c00000, 0x0000000100000000)
  region size 1024K, 11 young (11264K), 3 survivors (3072K)
 Metaspace       used 42448K, committed 43008K, reserved 1114112K
  class space    used 5429K, committed 5696K, reserved 1048576K
}
Event: 8.752 GC heap after
{Heap after GC invocations=11 (full 0):
 garbage-first heap   total 175104K, used 126413K [0x0000000084c00000, 0x0000000100000000)
  region size 1024K, 5 young (5120K), 5 survivors (5120K)
 Metaspace       used 42448K, committed 43008K, reserved 1114112K
  class space    used 5429K, committed 5696K, reserved 1048576K
}
Event: 21.400 GC heap before
{Heap before GC invocations=11 (full 0):
 garbage-first heap   total 175104K, used 129485K [0x0000000084c00000, 0x0000000100000000)
  region size 1024K, 10 young (10240K), 5 survivors (5120K)
 Metaspace       used 42965K, committed 43456K, reserved 1114112K
  class space    used 5454K, committed 5696K, reserved 1048576K
}
Event: 21.403 GC heap after
{Heap after GC invocations=12 (full 0):
 garbage-first heap   total 175104K, used 109591K [0x0000000084c00000, 0x0000000100000000)
  region size 1024K, 5 young (5120K), 5 survivors (5120K)
 Metaspace       used 42965K, committed 43456K, reserved 1114112K
  class space    used 5454K, committed 5696K, reserved 1048576K
}
Event: 56.915 GC heap before
{Heap before GC invocations=13 (full 0):
 garbage-first heap   total 269312K, used 268311K [0x0000000084c00000, 0x0000000100000000)
  region size 1024K, 28 young (28672K), 5 survivors (5120K)
 Metaspace       used 44161K, committed 44800K, reserved 1114112K
  class space    used 5504K, committed 5824K, reserved 1048576K
}
Event: 56.919 GC heap after
{Heap after GC invocations=14 (full 0):
 garbage-first heap   total 277504K, used 232382K [0x0000000084c00000, 0x0000000100000000)
  region size 1024K, 6 young (6144K), 6 survivors (6144K)
 Metaspace       used 44161K, committed 44800K, reserved 1114112K
  class space    used 5504K, committed 5824K, reserved 1048576K
}

