# JRE version: OpenJDK Runtime Environment (21.0.2+13) (build 21.0.2+13-Ubuntu-122.04.1)
# Java VM: OpenJDK 64-Bit Server VM (21.0.2+13-Ubuntu-122.04.1, mixed mode, sharing, tiered, compressed oops, compressed class ptrs, g1 gc, linux-amd64)
Heap:
 garbage-first heap   total 311296K, used 223834K [0x0000000084c00000, 0x0000000100000000)
  region size 1024K, 13 young (13312K), 2 survivors (2048K)
 Metaspace       used 43794K, committed 44352K, reserved 1114112K
  class space    used 5338K, committed 5568K, reserved 1048576K
GC Heap History (20 events):
Event: 3.402 GC heap before
{Heap before GC invocations=1 (full 0):
 garbage-first heap   total 129024K, used 53385K [0x0000000084c00000, 0x0000000100000000)
  region size 1024K, 51 young (52224K), 3 survivors (3072K)
 Metaspace       used 15484K, committed 15744K, reserved 1114112K
  class space    used 1802K, committed 1920K, reserved 1048576K
}
Event: 3.407 GC heap after
{Heap after GC invocations=2 (full 0):
 garbage-first heap   total 129024K, used 8329K [0x0000000084c00000, 0x0000000100000000)
  region size 1024K, 7 young (7168K), 7 survivors (7168K)
 Metaspace       used 15484K, committed 15744K, reserved 1114112K
  class space    used 1802K, committed 1920K, reserved 1048576K
}
Event: 3.903 GC heap before
{Heap before GC invocations=2 (full 0):
 garbage-first heap   total 129024K, used 76937K [0x0000000084c00000, 0x0000000100000000)
  region size 1024K, 74 young (75776K), 7 survivors (7168K)
 Metaspace       used 17729K, committed 18048K, reserved 1114112K
  class space    used 1986K, committed 2112K, reserved 1048576K
}
Event: 3.911 GC heap after
{Heap after GC invocations=3 (full 0):
 garbage-first heap   total 129024K, used 13191K [0x0000000084c00000, 0x0000000100000000)
  region size 1024K, 9 young (9216K), 9 survivors (9216K)
 Metaspace       used 17729K, committed 18048K, reserved 1114112K
  class space    used 1986K, committed 2112K, reserved 1048576K
}
Event: 4.052 GC heap before
{Heap before GC invocations=3 (full 0):
 garbage-first heap   total 129024K, used 30599K [0x0000000084c00000, 0x0000000100000000)
  region size 1024K, 27 young (27648K), 9 survivors (9216K)
 Metaspace       used 21214K, committed 21504K, reserved 1114112K
  class space    used 2413K, committed 2560K, reserved 1048576K
}
Event: 4.057 GC heap after
{Heap after GC invocations=4 (full 0):
 garbage-first heap   total 129024K, used 15237K [0x0000000084c00000, 0x0000000100000000)
  region size 1024K, 7 young (7168K), 7 survivors (7168K)
 Metaspace       used 21214K, committed 21504K, reserved 1114112K
  class space    used 2413K, committed 2560K, reserved 1048576K
}
Event: 4.439 GC heap before
{Heap before GC invocations=5 (full 0):
 garbage-first heap   total 58368K, used 57221K [0x0000000084c00000, 0x0000000100000000)
  region size 1024K, 47 young (48128K), 7 survivors (7168K)
 Metaspace       used 28217K, committed 28544K, reserved 1114112K
  class space    used 3173K, committed 3328K, reserved 1048576K
}
Event: 4.449 GC heap after
{Heap after GC invocations=6 (full 0):
 garbage-first heap   total 74752K, used 24770K [0x0000000084c00000, 0x0000000100000000)
  region size 1024K, 10 young (10240K), 10 survivors (10240K)
 Metaspace       used 28217K, committed 28544K, reserved 1114112K
  class space    used 3173K, committed 3328K, reserved 1048576K
}
Event: 5.010 GC heap before
{Heap before GC invocations=6 (full 0):
 garbage-first heap   total 74752K, used 56514K [0x0000000084c00000, 0x0000000100000000)
  region size 1024K, 42 young (43008K), 10 survivors (10240K)
 Metaspace       used 33752K, committed 34176K, reserved 1114112K
  class space    used 3877K, committed 4032K, reserved 1048576K
}
Event: 5.016 GC heap after
{Heap after GC invocations=7 (full 0):
 garbage-first heap   total 74752K, used 28275K [0x0000000084c00000, 0x0000000100000000)
  region size 1024K, 4 young (4096K), 4 survivors (4096K)
 Metaspace       used 33752K, committed 34176K, reserved 1114112K
  class space    used 3877K, committed 4032K, reserved 1048576K
}
Event: 5.127 GC heap before
{Heap before GC invocations=7 (full 0):
 garbage-first heap   total 74752K, used 42611K [0x0000000084c00000, 0x0000000100000000)
  region size 1024K, 11 young (11264K), 4 survivors (4096K)
 Metaspace       used 35672K, committed 36160K, reserved 1114112K
  class space    used 4230K, committed 4480K, reserved 1048576K
}
Event: 5.130 GC heap after
{Heap after GC invocations=8 (full 0):
 garbage-first heap   total 96256K, used 38384K [0x0000000084c00000, 0x0000000100000000)
  region size 1024K, 2 young (2048K), 2 survivors (2048K)
 Metaspace       used 35672K, committed 36160K, reserved 1114112K
  class space    used 4230K, committed 4480K, reserved 1048576K
}
Event: 30.390 GC heap before
{Heap before GC invocations=9 (full 0):
 garbage-first heap   total 141312K, used 139760K [0x0000000084c00000, 0x0000000100000000)
  region size 1024K, 22 young (22528K), 2 survivors (2048K)
 Metaspace       used 41806K, committed 42368K, reserved 1114112K
  class space    used 5173K, committed 5440K, reserved 1048576K
}
Event: 30.395 GC heap after
{Heap after GC invocations=10 (full 0):
 garbage-first heap   total 146432K, used 122953K [0x0000000084c00000, 0x0000000100000000)
  region size 1024K, 5 young (5120K), 5 survivors (5120K)
 Metaspace       used 41806K, committed 42368K, reserved 1114112K
  class space    used 5173K, committed 5440K, reserved 1048576K
}
Event: 35.749 GC heap before
{Heap before GC invocations=10 (full 0):
 garbage-first heap   total 211968K, used 207945K [0x0000000084c00000, 0x0000000100000000)
  region size 1024K, 14 young (14336K), 5 survivors (5120K)
 Metaspace       used 42841K, committed 43392K, reserved 1114112K
  class space    used 5331K, committed 5568K, reserved 1048576K
}
Event: 35.752 GC heap after
{Heap after GC invocations=11 (full 0):
 garbage-first heap   total 216064K, used 191489K [0x0000000084c00000, 0x0000000100000000)
  region size 1024K, 2 young (2048K), 2 survivors (2048K)
 Metaspace       used 42841K, committed 43392K, reserved 1114112K
  class space    used 5331K, committed 5568K, reserved 1048576K
}
Event: 35.756 GC heap before
{Heap before GC invocations=11 (full 0):
 garbage-first heap   total 216064K, used 191489K [0x0000000084c00000, 0x0000000100000000)
  region size 1024K, 3 young (3072K), 2 survivors (2048K)
 Metaspace       used 42900K, committed 43456K, reserved 1114112K
  class space    used 5332K, committed 5568K, reserved 1048576K
}
Event: 35.758 GC heap after
{Heap after GC invocations=12 (full 0):
 garbage-first heap   total 216064K, used 192590K [0x0000000084c00000, 0x0000000100000000)
  region size 1024K, 1 young (1024K), 1 survivors (1024K)
 Metaspace       used 42900K, committed 43456K, reserved 1114112K
  class space    used 5332K, committed 5568K, reserved 1048576K
}
Event: 40.849 GC heap before
{Heap before GC invocations=13 (full 0):
 garbage-first heap   total 311296K, used 220238K [0x0000000084c00000, 0x0000000100000000)
  region size 1024K, 10 young (10240K), 1 survivors (1024K)
 Metaspace       used 43422K, committed 43968K, reserved 1114112K
  class space    used 5337K, committed 5568K, reserved 1048576K
}
Event: 40.853 GC heap after
{Heap after GC invocations=14 (full 0):
 garbage-first heap   total 311296K, used 213594K [0x0000000084c00000, 0x0000000100000000)
  region size 1024K, 2 young (2048K), 2 survivors (2048K)
 Metaspace       used 43422K, committed 43968K, reserved 1114112K
  class space    used 5337K, committed 5568K, reserved 1048576K
}

