# JRE version: OpenJDK Runtime Environment (21.0.2+13) (build 21.0.2+13-Ubuntu-122.04.1)
# Java VM: OpenJDK 64-Bit Server VM (21.0.2+13-Ubuntu-122.04.1, mixed mode, sharing, tiered, compressed oops, compressed class ptrs, g1 gc, linux-amd64)
Heap:
 garbage-first heap   total 297984K, used 255307K [0x0000000084c00000, 0x0000000100000000)
  region size 1024K, 14 young (14336K), 5 survivors (5120K)
 Metaspace       used 43984K, committed 44544K, reserved 1114112K
  class space    used 5492K, committed 5760K, reserved 1048576K
GC Heap History (18 events):
Event: 1.220 GC heap before
{Heap before GC invocations=0 (full 0):
 garbage-first heap   total 129024K, used 23581K [0x0000000084c00000, 0x0000000100000000)
  region size 1024K, 23 young (23552K), 0 survivors (0K)
 Metaspace       used 5987K, committed 6144K, reserved 1114112K
  class space    used 690K, committed 768K, reserved 1048576K
}
Event: 1.222 GC heap after
{Heap after GC invocations=1 (full 0):
 garbage-first heap   total 129024K, used 4299K [0x0000000084c00000, 0x0000000100000000)
  region size 1024K, 3 young (3072K), 3 survivors (3072K)
 Metaspace       used 5987K, committed 6144K, reserved 1114112K
  class space    used 690K, committed 768K, reserved 1048576K
}
Event: 3.480 GC heap before
{Heap before GC invocations=1 (full 0):
 garbage-first heap   total 129024K, used 53451K [0x0000000084c00000, 0x0000000100000000)
  region size 1024K, 51 young (52224K), 3 survivors (3072K)
 Metaspace       used 15488K, committed 15744K, reserved 1114112K
  class space    used 1802K, committed 1920K, reserved 1048576K
}
Event: 3.486 GC heap after
{Heap after GC invocations=2 (full 0):
 garbage-first heap   total 129024K, used 8442K [0x0000000084c00000, 0x0000000100000000)
  region size 1024K, 7 young (7168K), 7 survivors (7168K)
 Metaspace       used 15488K, committed 15744K, reserved 1114112K
  class space    used 1802K, committed 1920K, reserved 1048576K
}
Event: 4.018 GC heap before
{Heap before GC invocations=2 (full 0):
 garbage-first heap   total 129024K, used 77050K [0x0000000084c00000, 0x0000000100000000)
  region size 1024K, 74 young (75776K), 7 survivors (7168K)
 Metaspace       used 17741K, committed 18048K, reserved 1114112K
  class space    used 1986K, committed 2112K, reserved 1048576K
}
Event: 4.026 GC heap after
{Heap after GC invocations=3 (full 0):
 garbage-first heap   total 129024K, used 13138K [0x0000000084c00000, 0x0000000100000000)
  region size 1024K, 9 young (9216K), 9 survivors (9216K)
 Metaspace       used 17741K, committed 18048K, reserved 1114112K
  class space    used 1986K, committed 2112K, reserved 1048576K
}
Event: 4.173 GC heap before
{Heap before GC invocations=3 (full 0):
 garbage-first heap   total 129024K, used 30546K [0x0000000084c00000, 0x0000000100000000)
  region size 1024K, 27 young (27648K), 9 survivors (9216K)
 Metaspace       used 21231K, committed 21504K, reserved 1114112K
  class space    used 2413K, committed 2560K, reserved 1048576K
}
Event: 4.178 GC heap after
{Heap after GC invocations=4 (full 0):
 garbage-first heap   total 129024K, used 14676K [0x0000000084c00000, 0x0000000100000000)
  region size 1024K, 7 young (7168K), 7 survivors (7168K)
 Metaspace       used 21231K, committed 21504K, reserved 1114112K
  class space    used 2413K, committed 2560K, reserved 1048576K
}
Event: 4.571 GC heap before
{Heap before GC invocations=5 (full 0):
 garbage-first heap   total 58368K, used 56660K [0x0000000084c00000, 0x0000000100000000)
  region size 1024K, 47 young (48128K), 7 survivors (7168K)
 Metaspace       used 27711K, committed 28032K, reserved 1114112K
  class space    used 3109K, committed 3264K, reserved 1048576K
}
Event: 4.581 GC heap after
{Heap after GC invocations=6 (full 0):
 garbage-first heap   total 74752K, used 25237K [0x0000000084c00000, 0x0000000100000000)
  region size 1024K, 10 young (10240K), 10 survivors (10240K)
 Metaspace       used 27711K, committed 28032K, reserved 1114112K
  class space    used 3109K, committed 3264K, reserved 1048576K
}
Event: 5.232 GC heap before
{Heap before GC invocations=6 (full 0):
 garbage-first heap   total 74752K, used 56981K [0x0000000084c00000, 0x0000000100000000)
  region size 1024K, 42 young (43008K), 10 survivors (10240K)
 Metaspace       used 33276K, committed 33792K, reserved 1114112K
  class space    used 3783K, committed 4032K, reserved 1048576K
}
Event: 5.238 GC heap after
{Heap after GC invocations=7 (full 0):
 garbage-first heap   total 74752K, used 28402K [0x0000000084c00000, 0x0000000100000000)
  region size 1024K, 4 young (4096K), 4 survivors (4096K)
 Metaspace       used 33276K, committed 33792K, reserved 1114112K
  class space    used 3783K, committed 4032K, reserved 1048576K
}
Event: 5.364 GC heap before
{Heap before GC invocations=7 (full 0):
 garbage-first heap   total 74752K, used 42738K [0x0000000084c00000, 0x0000000100000000)
  region size 1024K, 12 young (12288K), 4 survivors (4096K)
 Metaspace       used 35696K, committed 36160K, reserved 1114112K
  class space    used 4187K, committed 4416K, reserved 1048576K
}
Event: 5.367 GC heap after
{Heap after GC invocations=8 (full 0):
 garbage-first heap   total 95232K, used 38644K [0x0000000084c00000, 0x0000000100000000)
  region size 1024K, 2 young (2048K), 2 survivors (2048K)
 Metaspace       used 35696K, committed 36160K, reserved 1114112K
  class space    used 4187K, committed 4416K, reserved 1048576K
}
Event: 10.544 GC heap before
{Heap before GC invocations=9 (full 0):
 garbage-first heap   total 232448K, used 231156K [0x0000000084c00000, 0x0000000100000000)
  region size 1024K, 27 young (27648K), 2 survivors (2048K)
 Metaspace       used 42821K, committed 43392K, reserved 1114112K
  class space    used 5476K, committed 5760K, reserved 1048576K
}
Event: 10.547 GC heap after
{Heap after GC invocations=10 (full 0):
 garbage-first heap   total 238592K, used 175660K [0x0000000084c00000, 0x0000000100000000)
  region size 1024K, 6 young (6144K), 6 survivors (6144K)
 Metaspace       used 42821K, committed 43392K, reserved 1114112K
  class space    used 5476K, committed 5760K, reserved 1048576K
}
Event: 18.739 GC heap before
{Heap before GC invocations=10 (full 0):
 garbage-first heap   total 286720K, used 285228K [0x0000000084c00000, 0x0000000100000000)
  region size 1024K, 22 young (22528K), 6 survivors (6144K)
 Metaspace       used 43882K, committed 44416K, reserved 1114112K
  class space    used 5490K, committed 5760K, reserved 1048576K
}
Event: 18.745 GC heap after
{Heap after GC invocations=11 (full 0):
 garbage-first heap   total 297984K, used 247115K [0x0000000084c00000, 0x0000000100000000)
  region size 1024K, 5 young (5120K), 5 survivors (5120K)
 Metaspace       used 43882K, committed 44416K, reserved 1114112K
  class space    used 5490K, committed 5760K, reserved 1048576K
}

