# JRE version: OpenJDK Runtime Environment (21.0.2+13) (build 21.0.2+13-Ubuntu-122.04.1)
# Java VM: OpenJDK 64-Bit Server VM (21.0.2+13-Ubuntu-122.04.1, mixed mode, sharing, tiered, compressed oops, compressed class ptrs, g1 gc, linux-amd64)
Heap:
 garbage-first heap   total 302080K, used 284293K [0x0000000084c00000, 0x0000000100000000)
  region size 1024K, 25 young (25600K), 3 survivors (3072K)
 Metaspace       used 44120K, committed 44736K, reserved 1114112K
  class space    used 5510K, committed 5760K, reserved 1048576K
GC Heap History (20 events):
Event: 1.186 GC heap before
{Heap before GC invocations=0 (full 0):
 garbage-first heap   total 129024K, used 23581K [0x0000000084c00000, 0x0000000100000000)
  region size 1024K, 23 young (23552K), 0 survivors (0K)
 Metaspace       used 5986K, committed 6144K, reserved 1114112K
  class space    used 690K, committed 768K, reserved 1048576K
}
Event: 1.189 GC heap after
{Heap after GC invocations=1 (full 0):
 garbage-first heap   total 129024K, used 4269K [0x0000000084c00000, 0x0000000100000000)
  region size 1024K, 3 young (3072K), 3 survivors (3072K)
 Metaspace       used 5986K, committed 6144K, reserved 1114112K
  class space    used 690K, committed 768K, reserved 1048576K
}
Event: 3.494 GC heap before
{Heap before GC invocations=1 (full 0):
 garbage-first heap   total 129024K, used 53421K [0x0000000084c00000, 0x0000000100000000)
  region size 1024K, 51 young (52224K), 3 survivors (3072K)
 Metaspace       used 15511K, committed 15744K, reserved 1114112K
  class space    used 1806K, committed 1920K, reserved 1048576K
}
Event: 3.500 GC heap after
{Heap after GC invocations=2 (full 0):
 garbage-first heap   total 129024K, used 8365K [0x0000000084c00000, 0x0000000100000000)
  region size 1024K, 7 young (7168K), 7 survivors (7168K)
 Metaspace       used 15511K, committed 15744K, reserved 1114112K
  class space    used 1806K, committed 1920K, reserved 1048576K
}
Event: 4.015 GC heap before
{Heap before GC invocations=2 (full 0):
 garbage-first heap   total 129024K, used 76973K [0x0000000084c00000, 0x0000000100000000)
  region size 1024K, 74 young (75776K), 7 survivors (7168K)
 Metaspace       used 17744K, committed 18048K, reserved 1114112K
  class space    used 1986K, committed 2112K, reserved 1048576K
}
Event: 4.022 GC heap after
{Heap after GC invocations=3 (full 0):
 garbage-first heap   total 129024K, used 13918K [0x0000000084c00000, 0x0000000100000000)
  region size 1024K, 10 young (10240K), 10 survivors (10240K)
 Metaspace       used 17744K, committed 18048K, reserved 1114112K
  class space    used 1986K, committed 2112K, reserved 1048576K
}
Event: 4.157 GC heap before
{Heap before GC invocations=3 (full 0):
 garbage-first heap   total 129024K, used 31326K [0x0000000084c00000, 0x0000000100000000)
  region size 1024K, 28 young (28672K), 10 survivors (10240K)
 Metaspace       used 21220K, committed 21504K, reserved 1114112K
  class space    used 2413K, committed 2560K, reserved 1048576K
}
Event: 4.162 GC heap after
{Heap after GC invocations=4 (full 0):
 garbage-first heap   total 129024K, used 14877K [0x0000000084c00000, 0x0000000100000000)
  region size 1024K, 7 young (7168K), 7 survivors (7168K)
 Metaspace       used 21220K, committed 21504K, reserved 1114112K
  class space    used 2413K, committed 2560K, reserved 1048576K
}
Event: 4.510 GC heap before
{Heap before GC invocations=5 (full 0):
 garbage-first heap   total 58368K, used 56861K [0x0000000084c00000, 0x0000000100000000)
  region size 1024K, 47 young (48128K), 7 survivors (7168K)
 Metaspace       used 27540K, committed 27904K, reserved 1114112K
  class space    used 3083K, committed 3264K, reserved 1048576K
}
Event: 4.520 GC heap after
{Heap after GC invocations=6 (full 0):
 garbage-first heap   total 74752K, used 24927K [0x0000000084c00000, 0x0000000100000000)
  region size 1024K, 10 young (10240K), 10 survivors (10240K)
 Metaspace       used 27540K, committed 27904K, reserved 1114112K
  class space    used 3083K, committed 3264K, reserved 1048576K
}
Event: 5.162 GC heap before
{Heap before GC invocations=6 (full 0):
 garbage-first heap   total 74752K, used 56671K [0x0000000084c00000, 0x0000000100000000)
  region size 1024K, 42 young (43008K), 10 survivors (10240K)
 Metaspace       used 31915K, committed 32384K, reserved 1114112K
  class space    used 3580K, committed 3776K, reserved 1048576K
}
Event: 5.167 GC heap after
{Heap after GC invocations=7 (full 0):
 garbage-first heap   total 74752K, used 22627K [0x0000000084c00000, 0x0000000100000000)
  region size 1024K, 3 young (3072K), 3 survivors (3072K)
 Metaspace       used 31915K, committed 32384K, reserved 1114112K
  class space    used 3580K, committed 3776K, reserved 1048576K
}
Event: 5.276 GC heap before
{Heap before GC invocations=7 (full 0):
 garbage-first heap   total 74752K, used 39011K [0x0000000084c00000, 0x0000000100000000)
  region size 1024K, 13 young (13312K), 3 survivors (3072K)
 Metaspace       used 35648K, committed 36160K, reserved 1114112K
  class space    used 4172K, committed 4416K, reserved 1048576K
}
Event: 5.279 GC heap after
{Heap after GC invocations=8 (full 0):
 garbage-first heap   total 74752K, used 31743K [0x0000000084c00000, 0x0000000100000000)
  region size 1024K, 4 young (4096K), 4 survivors (4096K)
 Metaspace       used 35648K, committed 36160K, reserved 1114112K
  class space    used 4172K, committed 4416K, reserved 1048576K
}
Event: 5.626 GC heap before
{Heap before GC invocations=9 (full 0):
 garbage-first heap   total 84992K, used 82943K [0x0000000084c00000, 0x0000000100000000)
  region size 1024K, 19 young (19456K), 4 survivors (4096K)
 Metaspace       used 40600K, committed 41152K, reserved 1114112K
  class space    used 5192K, committed 5440K, reserved 1048576K
}
Event: 5.629 GC heap after
{Heap after GC invocations=10 (full 0):
 garbage-first heap   total 118784K, used 69919K [0x0000000084c00000, 0x0000000100000000)
  region size 1024K, 3 young (3072K), 3 survivors (3072K)
 Metaspace       used 40600K, committed 41152K, reserved 1114112K
  class space    used 5192K, committed 5440K, reserved 1048576K
}
Event: 10.197 GC heap before
{Heap before GC invocations=10 (full 0):
 garbage-first heap   total 202752K, used 200991K [0x0000000084c00000, 0x0000000100000000)
  region size 1024K, 14 young (14336K), 3 survivors (3072K)
 Metaspace       used 42836K, committed 43392K, reserved 1114112K
  class space    used 5474K, committed 5760K, reserved 1048576K
}
Event: 10.201 GC heap after
{Heap after GC invocations=11 (full 0):
 garbage-first heap   total 209920K, used 158841K [0x0000000084c00000, 0x0000000100000000)
  region size 1024K, 5 young (5120K), 5 survivors (5120K)
 Metaspace       used 42836K, committed 43392K, reserved 1114112K
  class space    used 5474K, committed 5760K, reserved 1048576K
}
Event: 10.203 GC heap before
{Heap before GC invocations=11 (full 0):
 garbage-first heap   total 209920K, used 158841K [0x0000000084c00000, 0x0000000100000000)
  region size 1024K, 6 young (6144K), 5 survivors (5120K)
 Metaspace       used 42838K, committed 43392K, reserved 1114112K
  class space    used 5474K, committed 5760K, reserved 1048576K
}
Event: 10.206 GC heap after
{Heap after GC invocations=12 (full 0):
 garbage-first heap   total 209920K, used 158341K [0x0000000084c00000, 0x0000000100000000)
  region size 1024K, 3 young (3072K), 3 survivors (3072K)
 Metaspace       used 42838K, committed 43392K, reserved 1114112K
  class space    used 5474K, committed 5760K, reserved 1048576K
}

