# JRE version: OpenJDK Runtime Environment (21.0.2+13) (build 21.0.2+13-Ubuntu-122.04.1)
# Java VM: OpenJDK 64-Bit Server VM (21.0.2+13-Ubuntu-122.04.1, mixed mode, sharing, tiered, compressed oops, compressed class ptrs, g1 gc, linux-amd64)
Heap:
 garbage-first heap   total 250880K, used 178912K [0x0000000084c00000, 0x0000000100000000)
  region size 1024K, 9 young (9216K), 6 survivors (6144K)
 Metaspace       used 44080K, committed 44672K, reserved 1114112K
  class space    used 5499K, committed 5760K, reserved 1048576K
GC Heap History (18 events):
Event: 1.242 GC heap before
{Heap before GC invocations=0 (full 0):
 garbage-first heap   total 129024K, used 23581K [0x0000000084c00000, 0x0000000100000000)
  region size 1024K, 23 young (23552K), 0 survivors (0K)
 Metaspace       used 5987K, committed 6144K, reserved 1114112K
  class space    used 690K, committed 768K, reserved 1048576K
}
Event: 1.245 GC heap after
{Heap after GC invocations=1 (full 0):
 garbage-first heap   total 129024K, used 4229K [0x0000000084c00000, 0x0000000100000000)
  region size 1024K, 3 young (3072K), 3 survivors (3072K)
 Metaspace       used 5987K, committed 6144K, reserved 1114112K
  class space    used 690K, committed 768K, reserved 1048576K
}
Event: 3.450 GC heap before
{Heap before GC invocations=1 (full 0):
 garbage-first heap   total 129024K, used 53381K [0x0000000084c00000, 0x0000000100000000)
  region size 1024K, 51 young (52224K), 3 survivors (3072K)
 Metaspace       used 15516K, committed 15808K, reserved 1114112K
  class space    used 1806K, committed 1920K, reserved 1048576K
}
Event: 3.456 GC heap after
{Heap after GC invocations=2 (full 0):
 garbage-first heap   total 129024K, used 8325K [0x0000000084c00000, 0x0000000100000000)
  region size 1024K, 7 young (7168K), 7 survivors (7168K)
 Metaspace       used 15516K, committed 15808K, reserved 1114112K
  class space    used 1806K, committed 1920K, reserved 1048576K
}
Event: 3.958 GC heap before
{Heap before GC invocations=2 (full 0):
 garbage-first heap   total 129024K, used 76933K [0x0000000084c00000, 0x0000000100000000)
  region size 1024K, 74 young (75776K), 7 survivors (7168K)
 Metaspace       used 17747K, committed 18048K, reserved 1114112K
  class space    used 1986K, committed 2112K, reserved 1048576K
}
Event: 3.965 GC heap after
{Heap after GC invocations=3 (full 0):
 garbage-first heap   total 129024K, used 13324K [0x0000000084c00000, 0x0000000100000000)
  region size 1024K, 9 young (9216K), 9 survivors (9216K)
 Metaspace       used 17747K, committed 18048K, reserved 1114112K
  class space    used 1986K, committed 2112K, reserved 1048576K
}
Event: 4.104 GC heap before
{Heap before GC invocations=3 (full 0):
 garbage-first heap   total 129024K, used 30732K [0x0000000084c00000, 0x0000000100000000)
  region size 1024K, 27 young (27648K), 9 survivors (9216K)
 Metaspace       used 21209K, committed 21504K, reserved 1114112K
  class space    used 2414K, committed 2560K, reserved 1048576K
}
Event: 4.110 GC heap after
{Heap after GC invocations=4 (full 0):
 garbage-first heap   total 129024K, used 15312K [0x0000000084c00000, 0x0000000100000000)
  region size 1024K, 7 young (7168K), 7 survivors (7168K)
 Metaspace       used 21209K, committed 21504K, reserved 1114112K
  class space    used 2414K, committed 2560K, reserved 1048576K
}
Event: 4.482 GC heap before
{Heap before GC invocations=5 (full 0):
 garbage-first heap   total 58368K, used 57296K [0x0000000084c00000, 0x0000000100000000)
  region size 1024K, 47 young (48128K), 7 survivors (7168K)
 Metaspace       used 27788K, committed 28096K, reserved 1114112K
  class space    used 3121K, committed 3264K, reserved 1048576K
}
Event: 4.492 GC heap after
{Heap after GC invocations=6 (full 0):
 garbage-first heap   total 74752K, used 24851K [0x0000000084c00000, 0x0000000100000000)
  region size 1024K, 10 young (10240K), 10 survivors (10240K)
 Metaspace       used 27788K, committed 28096K, reserved 1114112K
  class space    used 3121K, committed 3264K, reserved 1048576K
}
Event: 5.109 GC heap before
{Heap before GC invocations=6 (full 0):
 garbage-first heap   total 74752K, used 56595K [0x0000000084c00000, 0x0000000100000000)
  region size 1024K, 42 young (43008K), 10 survivors (10240K)
 Metaspace       used 33243K, committed 33728K, reserved 1114112K
  class space    used 3781K, committed 4032K, reserved 1048576K
}
Event: 5.115 GC heap after
{Heap after GC invocations=7 (full 0):
 garbage-first heap   total 74752K, used 28244K [0x0000000084c00000, 0x0000000100000000)
  region size 1024K, 4 young (4096K), 4 survivors (4096K)
 Metaspace       used 33243K, committed 33728K, reserved 1114112K
  class space    used 3781K, committed 4032K, reserved 1048576K
}
Event: 5.256 GC heap before
{Heap before GC invocations=7 (full 0):
 garbage-first heap   total 74752K, used 43604K [0x0000000084c00000, 0x0000000100000000)
  region size 1024K, 13 young (13312K), 4 survivors (4096K)
 Metaspace       used 35763K, committed 36160K, reserved 1114112K
  class space    used 4213K, committed 4416K, reserved 1048576K
}
Event: 5.258 GC heap after
{Heap after GC invocations=8 (full 0):
 garbage-first heap   total 90112K, used 38161K [0x0000000084c00000, 0x0000000100000000)
  region size 1024K, 2 young (2048K), 2 survivors (2048K)
 Metaspace       used 35763K, committed 36160K, reserved 1114112K
  class space    used 4213K, committed 4416K, reserved 1048576K
}
Event: 9.520 GC heap before
{Heap before GC invocations=9 (full 0):
 garbage-first heap   total 188416K, used 186641K [0x0000000084c00000, 0x0000000100000000)
  region size 1024K, 24 young (24576K), 2 survivors (2048K)
 Metaspace       used 42526K, committed 43072K, reserved 1114112K
  class space    used 5440K, committed 5696K, reserved 1048576K
}
Event: 9.523 GC heap after
{Heap after GC invocations=10 (full 0):
 garbage-first heap   total 193536K, used 132628K [0x0000000084c00000, 0x0000000100000000)
  region size 1024K, 5 young (5120K), 5 survivors (5120K)
 Metaspace       used 42526K, committed 43072K, reserved 1114112K
  class space    used 5440K, committed 5696K, reserved 1048576K
}
Event: 42.487 GC heap before
{Heap before GC invocations=10 (full 0):
 garbage-first heap   total 242688K, used 240148K [0x0000000084c00000, 0x0000000100000000)
  region size 1024K, 23 young (23552K), 5 survivors (5120K)
 Metaspace       used 44066K, committed 44608K, reserved 1114112K
  class space    used 5497K, committed 5760K, reserved 1048576K
}
Event: 42.493 GC heap after
{Heap after GC invocations=11 (full 0):
 garbage-first heap   total 250880K, used 176864K [0x0000000084c00000, 0x0000000100000000)
  region size 1024K, 6 young (6144K), 6 survivors (6144K)
 Metaspace       used 44066K, committed 44608K, reserved 1114112K
  class space    used 5497K, committed 5760K, reserved 1048576K
}

