# JRE version: OpenJDK Runtime Environment (21.0.2+13) (build 21.0.2+13-Ubuntu-122.04.1)
# Java VM: OpenJDK 64-Bit Server VM (21.0.2+13-Ubuntu-122.04.1, mixed mode, sharing, tiered, compressed oops, compressed class ptrs, g1 gc, linux-amd64)
Heap:
 garbage-first heap   total 259072K, used 212210K [0x0000000084c00000, 0x0000000100000000)
  region size 1024K, 9 young (9216K), 7 survivors (7168K)
 Metaspace       used 43019K, committed 43584K, reserved 1114112K
  class space    used 5333K, committed 5632K, reserved 1048576K
GC Heap History (18 events):
Event: 1.137 GC heap before
{Heap before GC invocations=0 (full 0):
 garbage-first heap   total 129024K, used 23581K [0x0000000084c00000, 0x0000000100000000)
  region size 1024K, 23 young (23552K), 0 survivors (0K)
 Metaspace       used 5986K, committed 6144K, reserved 1114112K
  class space    used 690K, committed 768K, reserved 1048576K
}
Event: 1.140 GC heap after
{Heap after GC invocations=1 (full 0):
 garbage-first heap   total 129024K, used 4272K [0x0000000084c00000, 0x0000000100000000)
  region size 1024K, 3 young (3072K), 3 survivors (3072K)
 Metaspace       used 5986K, committed 6144K, reserved 1114112K
  class space    used 690K, committed 768K, reserved 1048576K
}
Event: 3.365 GC heap before
{Heap before GC invocations=1 (full 0):
 garbage-first heap   total 129024K, used 53424K [0x0000000084c00000, 0x0000000100000000)
  region size 1024K, 51 young (52224K), 3 survivors (3072K)
 Metaspace       used 15559K, committed 15808K, reserved 1114112K
  class space    used 1816K, committed 1920K, reserved 1048576K
}
Event: 3.372 GC heap after
{Heap after GC invocations=2 (full 0):
 garbage-first heap   total 129024K, used 8038K [0x0000000084c00000, 0x0000000100000000)
  region size 1024K, 7 young (7168K), 7 survivors (7168K)
 Metaspace       used 15559K, committed 15808K, reserved 1114112K
  class space    used 1816K, committed 1920K, reserved 1048576K
}
Event: 3.898 GC heap before
{Heap before GC invocations=2 (full 0):
 garbage-first heap   total 129024K, used 76646K [0x0000000084c00000, 0x0000000100000000)
  region size 1024K, 74 young (75776K), 7 survivors (7168K)
 Metaspace       used 17749K, committed 18048K, reserved 1114112K
  class space    used 1986K, committed 2112K, reserved 1048576K
}
Event: 3.906 GC heap after
{Heap after GC invocations=3 (full 0):
 garbage-first heap   total 129024K, used 13318K [0x0000000084c00000, 0x0000000100000000)
  region size 1024K, 9 young (9216K), 9 survivors (9216K)
 Metaspace       used 17749K, committed 18048K, reserved 1114112K
  class space    used 1986K, committed 2112K, reserved 1048576K
}
Event: 4.038 GC heap before
{Heap before GC invocations=3 (full 0):
 garbage-first heap   total 129024K, used 29702K [0x0000000084c00000, 0x0000000100000000)
  region size 1024K, 26 young (26624K), 9 survivors (9216K)
 Metaspace       used 21242K, committed 21504K, reserved 1114112K
  class space    used 2415K, committed 2560K, reserved 1048576K
}
Event: 4.043 GC heap after
{Heap after GC invocations=4 (full 0):
 garbage-first heap   total 129024K, used 14811K [0x0000000084c00000, 0x0000000100000000)
  region size 1024K, 7 young (7168K), 7 survivors (7168K)
 Metaspace       used 21242K, committed 21504K, reserved 1114112K
  class space    used 2415K, committed 2560K, reserved 1048576K
}
Event: 4.438 GC heap before
{Heap before GC invocations=5 (full 0):
 garbage-first heap   total 58368K, used 56795K [0x0000000084c00000, 0x0000000100000000)
  region size 1024K, 47 young (48128K), 7 survivors (7168K)
 Metaspace       used 27561K, committed 27904K, reserved 1114112K
  class space    used 3088K, committed 3264K, reserved 1048576K
}
Event: 4.449 GC heap after
{Heap after GC invocations=6 (full 0):
 garbage-first heap   total 74752K, used 24861K [0x0000000084c00000, 0x0000000100000000)
  region size 1024K, 10 young (10240K), 10 survivors (10240K)
 Metaspace       used 27561K, committed 27904K, reserved 1114112K
  class space    used 3088K, committed 3264K, reserved 1048576K
}
Event: 5.060 GC heap before
{Heap before GC invocations=6 (full 0):
 garbage-first heap   total 74752K, used 57629K [0x0000000084c00000, 0x0000000100000000)
  region size 1024K, 42 young (43008K), 10 survivors (10240K)
 Metaspace       used 33371K, committed 33792K, reserved 1114112K
  class space    used 3820K, committed 4032K, reserved 1048576K
}
Event: 5.066 GC heap after
{Heap after GC invocations=7 (full 0):
 garbage-first heap   total 74752K, used 28337K [0x0000000084c00000, 0x0000000100000000)
  region size 1024K, 4 young (4096K), 4 survivors (4096K)
 Metaspace       used 33371K, committed 33792K, reserved 1114112K
  class space    used 3820K, committed 4032K, reserved 1048576K
}
Event: 5.191 GC heap before
{Heap before GC invocations=7 (full 0):
 garbage-first heap   total 74752K, used 43697K [0x0000000084c00000, 0x0000000100000000)
  region size 1024K, 12 young (12288K), 4 survivors (4096K)
 Metaspace       used 35716K, committed 36160K, reserved 1114112K
  class space    used 4237K, committed 4480K, reserved 1048576K
}
Event: 5.194 GC heap after
{Heap after GC invocations=8 (full 0):
 garbage-first heap   total 74752K, used 38221K [0x0000000084c00000, 0x0000000100000000)
  region size 1024K, 2 young (2048K), 2 survivors (2048K)
 Metaspace       used 35716K, committed 36160K, reserved 1114112K
  class space    used 4237K, committed 4480K, reserved 1048576K
}
Event: 8.369 GC heap before
{Heap before GC invocations=9 (full 0):
 garbage-first heap   total 146432K, used 144717K [0x0000000084c00000, 0x0000000100000000)
  region size 1024K, 19 young (19456K), 2 survivors (2048K)
 Metaspace       used 41305K, committed 41856K, reserved 1114112K
  class space    used 5153K, committed 5440K, reserved 1048576K
}
Event: 8.373 GC heap after
{Heap after GC invocations=10 (full 0):
 garbage-first heap   total 195584K, used 130228K [0x0000000084c00000, 0x0000000100000000)
  region size 1024K, 4 young (4096K), 4 survivors (4096K)
 Metaspace       used 41305K, committed 41856K, reserved 1114112K
  class space    used 5153K, committed 5440K, reserved 1048576K
}
Event: 17.350 GC heap before
{Heap before GC invocations=10 (full 0):
 garbage-first heap   total 250880K, used 249012K [0x0000000084c00000, 0x0000000100000000)
  region size 1024K, 19 young (19456K), 4 survivors (4096K)
 Metaspace       used 43008K, committed 43520K, reserved 1114112K
  class space    used 5331K, committed 5568K, reserved 1048576K
}
Event: 17.355 GC heap after
{Heap after GC invocations=11 (full 0):
 garbage-first heap   total 259072K, used 211186K [0x0000000084c00000, 0x0000000100000000)
  region size 1024K, 7 young (7168K), 7 survivors (7168K)
 Metaspace       used 43008K, committed 43520K, reserved 1114112K
  class space    used 5331K, committed 5568K, reserved 1048576K
}

