# JRE version: OpenJDK Runtime Environment (21.0.2+13) (build 21.0.2+13-Ubuntu-122.04.1)
# Java VM: OpenJDK 64-Bit Server VM (21.0.2+13-Ubuntu-122.04.1, mixed mode, sharing, tiered, compressed oops, compressed class ptrs, g1 gc, linux-amd64)
Heap:
 garbage-first heap   total 315392K, used 249942K [0x0000000084c00000, 0x0000000100000000)
  region size 1024K, 20 young (20480K), 9 survivors (9216K)
 Metaspace       used 44238K, committed 44800K, reserved 1114112K
  class space    used 5496K, committed 5760K, reserved 1048576K
GC Heap History (18 events):
Event: 1.108 GC heap before
{Heap before GC invocations=0 (full 0):
 garbage-first heap   total 129024K, used 23581K [0x0000000084c00000, 0x0000000100000000)
  region size 1024K, 23 young (23552K), 0 survivors (0K)
 Metaspace       used 6047K, committed 6208K, reserved 1114112K
  class space    used 697K, committed 768K, reserved 1048576K
}
Event: 1.111 GC heap after
{Heap after GC invocations=1 (full 0):
 garbage-first heap   total 129024K, used 4160K [0x0000000084c00000, 0x0000000100000000)
  region size 1024K, 3 young (3072K), 3 survivors (3072K)
 Metaspace       used 6047K, committed 6208K, reserved 1114112K
  class space    used 697K, committed 768K, reserved 1048576K
}
Event: 3.558 GC heap before
{Heap before GC invocations=1 (full 0):
 garbage-first heap   total 129024K, used 53312K [0x0000000084c00000, 0x0000000100000000)
  region size 1024K, 52 young (53248K), 3 survivors (3072K)
 Metaspace       used 15604K, committed 15808K, reserved 1114112K
  class space    used 1820K, committed 1920K, reserved 1048576K
}
Event: 3.565 GC heap after
{Heap after GC invocations=2 (full 0):
 garbage-first heap   total 129024K, used 8565K [0x0000000084c00000, 0x0000000100000000)
  region size 1024K, 7 young (7168K), 7 survivors (7168K)
 Metaspace       used 15604K, committed 15808K, reserved 1114112K
  class space    used 1820K, committed 1920K, reserved 1048576K
}
Event: 4.116 GC heap before
{Heap before GC invocations=2 (full 0):
 garbage-first heap   total 129024K, used 77173K [0x0000000084c00000, 0x0000000100000000)
  region size 1024K, 74 young (75776K), 7 survivors (7168K)
 Metaspace       used 17763K, committed 18048K, reserved 1114112K
  class space    used 1986K, committed 2112K, reserved 1048576K
}
Event: 4.124 GC heap after
{Heap after GC invocations=3 (full 0):
 garbage-first heap   total 129024K, used 13522K [0x0000000084c00000, 0x0000000100000000)
  region size 1024K, 9 young (9216K), 9 survivors (9216K)
 Metaspace       used 17763K, committed 18048K, reserved 1114112K
  class space    used 1986K, committed 2112K, reserved 1048576K
}
Event: 4.256 GC heap before
{Heap before GC invocations=3 (full 0):
 garbage-first heap   total 129024K, used 28882K [0x0000000084c00000, 0x0000000100000000)
  region size 1024K, 26 young (26624K), 9 survivors (9216K)
 Metaspace       used 21210K, committed 21504K, reserved 1114112K
  class space    used 2413K, committed 2560K, reserved 1048576K
}
Event: 4.261 GC heap after
{Heap after GC invocations=4 (full 0):
 garbage-first heap   total 129024K, used 15088K [0x0000000084c00000, 0x0000000100000000)
  region size 1024K, 7 young (7168K), 7 survivors (7168K)
 Metaspace       used 21210K, committed 21504K, reserved 1114112K
  class space    used 2413K, committed 2560K, reserved 1048576K
}
Event: 4.727 GC heap before
{Heap before GC invocations=5 (full 0):
 garbage-first heap   total 61440K, used 59120K [0x0000000084c00000, 0x0000000100000000)
  region size 1024K, 49 young (50176K), 7 survivors (7168K)
 Metaspace       used 28383K, committed 28736K, reserved 1114112K
  class space    used 3171K, committed 3328K, reserved 1048576K
}
Event: 4.738 GC heap after
{Heap after GC invocations=6 (full 0):
 garbage-first heap   total 77824K, used 25386K [0x0000000084c00000, 0x0000000100000000)
  region size 1024K, 10 young (10240K), 10 survivors (10240K)
 Metaspace       used 28383K, committed 28736K, reserved 1114112K
  class space    used 3171K, committed 3328K, reserved 1048576K
}
Event: 5.370 GC heap before
{Heap before GC invocations=6 (full 0):
 garbage-first heap   total 77824K, used 59178K [0x0000000084c00000, 0x0000000100000000)
  region size 1024K, 44 young (45056K), 10 survivors (10240K)
 Metaspace       used 34564K, committed 35072K, reserved 1114112K
  class space    used 3967K, committed 4224K, reserved 1048576K
}
Event: 5.376 GC heap after
{Heap after GC invocations=7 (full 0):
 garbage-first heap   total 77824K, used 29439K [0x0000000084c00000, 0x0000000100000000)
  region size 1024K, 5 young (5120K), 5 survivors (5120K)
 Metaspace       used 34564K, committed 35072K, reserved 1114112K
  class space    used 3967K, committed 4224K, reserved 1048576K
}
Event: 5.465 GC heap before
{Heap before GC invocations=7 (full 0):
 garbage-first heap   total 77824K, used 40703K [0x0000000084c00000, 0x0000000100000000)
  region size 1024K, 9 young (9216K), 5 survivors (5120K)
 Metaspace       used 35683K, committed 36160K, reserved 1114112K
  class space    used 4186K, committed 4416K, reserved 1048576K
}
Event: 5.467 GC heap after
{Heap after GC invocations=8 (full 0):
 garbage-first heap   total 77824K, used 39145K [0x0000000084c00000, 0x0000000100000000)
  region size 1024K, 2 young (2048K), 2 survivors (2048K)
 Metaspace       used 35683K, committed 36160K, reserved 1114112K
  class space    used 4186K, committed 4416K, reserved 1048576K
}
Event: 12.529 GC heap before
{Heap before GC invocations=9 (full 0):
 garbage-first heap   total 194560K, used 191721K [0x0000000084c00000, 0x0000000100000000)
  region size 1024K, 25 young (25600K), 2 survivors (2048K)
 Metaspace       used 42546K, committed 43072K, reserved 1114112K
  class space    used 5432K, committed 5696K, reserved 1048576K
}
Event: 12.533 GC heap after
{Heap after GC invocations=10 (full 0):
 garbage-first heap   total 249856K, used 134317K [0x0000000084c00000, 0x0000000100000000)
  region size 1024K, 4 young (4096K), 4 survivors (4096K)
 Metaspace       used 42546K, committed 43072K, reserved 1114112K
  class space    used 5432K, committed 5696K, reserved 1048576K
}
Event: 62.617 GC heap before
{Heap before GC invocations=10 (full 0):
 garbage-first heap   total 305152K, used 304301K [0x0000000084c00000, 0x0000000100000000)
  region size 1024K, 38 young (38912K), 4 survivors (4096K)
 Metaspace       used 44133K, committed 44672K, reserved 1114112K
  class space    used 5495K, committed 5760K, reserved 1048576K
}
Event: 62.623 GC heap after
{Heap after GC invocations=11 (full 0):
 garbage-first heap   total 315392K, used 239702K [0x0000000084c00000, 0x0000000100000000)
  region size 1024K, 9 young (9216K), 9 survivors (9216K)
 Metaspace       used 44133K, committed 44672K, reserved 1114112K
  class space    used 5495K, committed 5760K, reserved 1048576K
}

