# JRE version: OpenJDK Runtime Environment (21.0.2+13) (build 21.0.2+13-Ubuntu-122.04.1)
# Java VM: OpenJDK 64-Bit Server VM (21.0.2+13-Ubuntu-122.04.1, mixed mode, sharing, tiered, compressed oops, compressed class ptrs, g1 gc, linux-amd64)
Heap:
 garbage-first heap   total 317440K, used 244096K [0x0000000084c00000, 0x0000000100000000)
  region size 1024K, 15 young (15360K), 10 survivors (10240K)
 Metaspace       used 44488K, committed 45120K, reserved 1114112K
  class space    used 5514K, committed 5824K, reserved 1048576K
GC Heap History (18 events):
Event: 1.160 GC heap before
{Heap before GC invocations=0 (full 0):
 garbage-first heap   total 129024K, used 23581K [0x0000000084c00000, 0x0000000100000000)
  region size 1024K, 23 young (23552K), 0 survivors (0K)
 Metaspace       used 5986K, committed 6144K, reserved 1114112K
  class space    used 690K, committed 768K, reserved 1048576K
}
Event: 1.163 GC heap after
{Heap after GC invocations=1 (full 0):
 garbage-first heap   total 129024K, used 4296K [0x0000000084c00000, 0x0000000100000000)
  region size 1024K, 3 young (3072K), 3 survivors (3072K)
 Metaspace       used 5986K, committed 6144K, reserved 1114112K
  class space    used 690K, committed 768K, reserved 1048576K
}
Event: 3.426 GC heap before
{Heap before GC invocations=1 (full 0):
 garbage-first heap   total 129024K, used 53448K [0x0000000084c00000, 0x0000000100000000)
  region size 1024K, 51 young (52224K), 3 survivors (3072K)
 Metaspace       used 15514K, committed 15808K, reserved 1114112K
  class space    used 1806K, committed 1920K, reserved 1048576K
}
Event: 3.433 GC heap after
{Heap after GC invocations=2 (full 0):
 garbage-first heap   total 129024K, used 8392K [0x0000000084c00000, 0x0000000100000000)
  region size 1024K, 7 young (7168K), 7 survivors (7168K)
 Metaspace       used 15514K, committed 15808K, reserved 1114112K
  class space    used 1806K, committed 1920K, reserved 1048576K
}
Event: 3.937 GC heap before
{Heap before GC invocations=2 (full 0):
 garbage-first heap   total 129024K, used 77000K [0x0000000084c00000, 0x0000000100000000)
  region size 1024K, 74 young (75776K), 7 survivors (7168K)
 Metaspace       used 17748K, committed 18048K, reserved 1114112K
  class space    used 1986K, committed 2112K, reserved 1048576K
}
Event: 3.944 GC heap after
{Heap after GC invocations=3 (full 0):
 garbage-first heap   total 129024K, used 13422K [0x0000000084c00000, 0x0000000100000000)
  region size 1024K, 9 young (9216K), 9 survivors (9216K)
 Metaspace       used 17748K, committed 18048K, reserved 1114112K
  class space    used 1986K, committed 2112K, reserved 1048576K
}
Event: 4.072 GC heap before
{Heap before GC invocations=3 (full 0):
 garbage-first heap   total 129024K, used 29806K [0x0000000084c00000, 0x0000000100000000)
  region size 1024K, 26 young (26624K), 9 survivors (9216K)
 Metaspace       used 21226K, committed 21504K, reserved 1114112K
  class space    used 2413K, committed 2560K, reserved 1048576K
}
Event: 4.078 GC heap after
{Heap after GC invocations=4 (full 0):
 garbage-first heap   total 129024K, used 14877K [0x0000000084c00000, 0x0000000100000000)
  region size 1024K, 7 young (7168K), 7 survivors (7168K)
 Metaspace       used 21226K, committed 21504K, reserved 1114112K
  class space    used 2413K, committed 2560K, reserved 1048576K
}
Event: 4.415 GC heap before
{Heap before GC invocations=5 (full 0):
 garbage-first heap   total 58368K, used 56861K [0x0000000084c00000, 0x0000000100000000)
  region size 1024K, 47 young (48128K), 7 survivors (7168K)
 Metaspace       used 27545K, committed 27904K, reserved 1114112K
  class space    used 3082K, committed 3264K, reserved 1048576K
}
Event: 4.426 GC heap after
{Heap after GC invocations=6 (full 0):
 garbage-first heap   total 74752K, used 24931K [0x0000000084c00000, 0x0000000100000000)
  region size 1024K, 10 young (10240K), 10 survivors (10240K)
 Metaspace       used 27545K, committed 27904K, reserved 1114112K
  class space    used 3082K, committed 3264K, reserved 1048576K
}
Event: 5.070 GC heap before
{Heap before GC invocations=6 (full 0):
 garbage-first heap   total 74752K, used 57699K [0x0000000084c00000, 0x0000000100000000)
  region size 1024K, 42 young (43008K), 10 survivors (10240K)
 Metaspace       used 31916K, committed 32384K, reserved 1114112K
  class space    used 3580K, committed 3776K, reserved 1048576K
}
Event: 5.074 GC heap after
{Heap after GC invocations=7 (full 0):
 garbage-first heap   total 74752K, used 28485K [0x0000000084c00000, 0x0000000100000000)
  region size 1024K, 4 young (4096K), 4 survivors (4096K)
 Metaspace       used 31916K, committed 32384K, reserved 1114112K
  class space    used 3580K, committed 3776K, reserved 1048576K
}
Event: 5.219 GC heap before
{Heap before GC invocations=7 (full 0):
 garbage-first heap   total 74752K, used 46917K [0x0000000084c00000, 0x0000000100000000)
  region size 1024K, 15 young (15360K), 4 survivors (4096K)
 Metaspace       used 35802K, committed 36288K, reserved 1114112K
  class space    used 4213K, committed 4416K, reserved 1048576K
}
Event: 5.222 GC heap after
{Heap after GC invocations=8 (full 0):
 garbage-first heap   total 74752K, used 38759K [0x0000000084c00000, 0x0000000100000000)
  region size 1024K, 2 young (2048K), 2 survivors (2048K)
 Metaspace       used 35802K, committed 36288K, reserved 1114112K
  class space    used 4213K, committed 4416K, reserved 1048576K
}
Event: 9.607 GC heap before
{Heap before GC invocations=9 (full 0):
 garbage-first heap   total 211968K, used 210791K [0x0000000084c00000, 0x0000000100000000)
  region size 1024K, 25 young (25600K), 2 survivors (2048K)
 Metaspace       used 42668K, committed 43200K, reserved 1114112K
  class space    used 5452K, committed 5696K, reserved 1048576K
}
Event: 9.611 GC heap after
{Heap after GC invocations=10 (full 0):
 garbage-first heap   total 262144K, used 156749K [0x0000000084c00000, 0x0000000100000000)
  region size 1024K, 4 young (4096K), 4 survivors (4096K)
 Metaspace       used 42668K, committed 43200K, reserved 1114112K
  class space    used 5452K, committed 5696K, reserved 1048576K
}
Event: 126.482 GC heap before
{Heap before GC invocations=10 (full 0):
 garbage-first heap   total 307200K, used 305229K [0x0000000084c00000, 0x0000000100000000)
  region size 1024K, 40 young (40960K), 4 survivors (4096K)
 Metaspace       used 44472K, committed 45120K, reserved 1114112K
  class space    used 5512K, committed 5824K, reserved 1048576K
}
Event: 126.489 GC heap after
{Heap after GC invocations=11 (full 0):
 garbage-first heap   total 317440K, used 240000K [0x0000000084c00000, 0x0000000100000000)
  region size 1024K, 10 young (10240K), 10 survivors (10240K)
 Metaspace       used 44472K, committed 45120K, reserved 1114112K
  class space    used 5512K, committed 5824K, reserved 1048576K
}

