# JRE version: OpenJDK Runtime Environment (21.0.2+13) (build 21.0.2+13-Ubuntu-122.04.1)
# Java VM: OpenJDK 64-Bit Server VM (21.0.2+13-Ubuntu-122.04.1, mixed mode, sharing, tiered, compressed oops, compressed class ptrs, g1 gc, linux-amd64)
Heap:
 garbage-first heap   total 421888K, used 271725K [0x0000000084c00000, 0x0000000100000000)
  region size 1024K, 5 young (5120K), 2 survivors (2048K)
 Metaspace       used 44560K, committed 45184K, reserved 1114112K
  class space    used 5514K, committed 5824K, reserved 1048576K
GC Heap History (20 events):
Event: 1.160 GC heap before
{Heap before GC invocations=0 (full 0):
 garbage-first heap   total 129024K, used 23581K [0x0000000084c00000, 0x0000000100000000)
  region size 1024K, 23 young (23552K), 0 survivors (0K)
 Metaspace       used 5987K, committed 6144K, reserved 1114112K
  class space    used 690K, committed 768K, reserved 1048576K
}
Event: 1.163 GC heap after
{Heap after GC invocations=1 (full 0):
 garbage-first heap   total 129024K, used 4195K [0x0000000084c00000, 0x0000000100000000)
  region size 1024K, 3 young (3072K), 3 survivors (3072K)
 Metaspace       used 5987K, committed 6144K, reserved 1114112K
  class space    used 690K, committed 768K, reserved 1048576K
}
Event: 3.350 GC heap before
{Heap before GC invocations=1 (full 0):
 garbage-first heap   total 129024K, used 53347K [0x0000000084c00000, 0x0000000100000000)
  region size 1024K, 51 young (52224K), 3 survivors (3072K)
 Metaspace       used 15512K, committed 15808K, reserved 1114112K
  class space    used 1806K, committed 1920K, reserved 1048576K
}
Event: 3.356 GC heap after
{Heap after GC invocations=2 (full 0):
 garbage-first heap   total 129024K, used 8291K [0x0000000084c00000, 0x0000000100000000)
  region size 1024K, 7 young (7168K), 7 survivors (7168K)
 Metaspace       used 15512K, committed 15808K, reserved 1114112K
  class space    used 1806K, committed 1920K, reserved 1048576K
}
Event: 3.871 GC heap before
{Heap before GC invocations=2 (full 0):
 garbage-first heap   total 129024K, used 76899K [0x0000000084c00000, 0x0000000100000000)
  region size 1024K, 74 young (75776K), 7 survivors (7168K)
 Metaspace       used 17755K, committed 18048K, reserved 1114112K
  class space    used 1986K, committed 2112K, reserved 1048576K
}
Event: 3.878 GC heap after
{Heap after GC invocations=3 (full 0):
 garbage-first heap   total 129024K, used 13390K [0x0000000084c00000, 0x0000000100000000)
  region size 1024K, 9 young (9216K), 9 survivors (9216K)
 Metaspace       used 17755K, committed 18048K, reserved 1114112K
  class space    used 1986K, committed 2112K, reserved 1048576K
}
Event: 4.015 GC heap before
{Heap before GC invocations=3 (full 0):
 garbage-first heap   total 129024K, used 30798K [0x0000000084c00000, 0x0000000100000000)
  region size 1024K, 27 young (27648K), 9 survivors (9216K)
 Metaspace       used 21221K, committed 21504K, reserved 1114112K
  class space    used 2413K, committed 2560K, reserved 1048576K
}
Event: 4.019 GC heap after
{Heap after GC invocations=4 (full 0):
 garbage-first heap   total 129024K, used 14877K [0x0000000084c00000, 0x0000000100000000)
  region size 1024K, 7 young (7168K), 7 survivors (7168K)
 Metaspace       used 21221K, committed 21504K, reserved 1114112K
  class space    used 2413K, committed 2560K, reserved 1048576K
}
Event: 4.389 GC heap before
{Heap before GC invocations=5 (full 0):
 garbage-first heap   total 58368K, used 56861K [0x0000000084c00000, 0x0000000100000000)
  region size 1024K, 47 young (48128K), 7 survivors (7168K)
 Metaspace       used 27655K, committed 28032K, reserved 1114112K
  class space    used 3103K, committed 3264K, reserved 1048576K
}
Event: 4.400 GC heap after
{Heap after GC invocations=6 (full 0):
 garbage-first heap   total 73728K, used 24605K [0x0000000084c00000, 0x0000000100000000)
  region size 1024K, 10 young (10240K), 10 survivors (10240K)
 Metaspace       used 27655K, committed 28032K, reserved 1114112K
  class space    used 3103K, committed 3264K, reserved 1048576K
}
Event: 5.045 GC heap before
{Heap before GC invocations=6 (full 0):
 garbage-first heap   total 73728K, used 56349K [0x0000000084c00000, 0x0000000100000000)
  region size 1024K, 42 young (43008K), 10 survivors (10240K)
 Metaspace       used 32467K, committed 32960K, reserved 1114112K
  class space    used 3673K, committed 3904K, reserved 1048576K
}
Event: 5.051 GC heap after
{Heap after GC invocations=7 (full 0):
 garbage-first heap   total 73728K, used 28342K [0x0000000084c00000, 0x0000000100000000)
  region size 1024K, 4 young (4096K), 4 survivors (4096K)
 Metaspace       used 32467K, committed 32960K, reserved 1114112K
  class space    used 3673K, committed 3904K, reserved 1048576K
}
Event: 5.153 GC heap before
{Heap before GC invocations=7 (full 0):
 garbage-first heap   total 73728K, used 44726K [0x0000000084c00000, 0x0000000100000000)
  region size 1024K, 14 young (14336K), 4 survivors (4096K)
 Metaspace       used 35692K, committed 36160K, reserved 1114112K
  class space    used 4180K, committed 4416K, reserved 1048576K
}
Event: 5.156 GC heap after
{Heap after GC invocations=8 (full 0):
 garbage-first heap   total 73728K, used 38496K [0x0000000084c00000, 0x0000000100000000)
  region size 1024K, 2 young (2048K), 2 survivors (2048K)
 Metaspace       used 35692K, committed 36160K, reserved 1114112K
  class space    used 4180K, committed 4416K, reserved 1048576K
}
Event: 14.906 GC heap before
{Heap before GC invocations=9 (full 0):
 garbage-first heap   total 190464K, used 189024K [0x0000000084c00000, 0x0000000100000000)
  region size 1024K, 26 young (26624K), 2 survivors (2048K)
 Metaspace       used 42706K, committed 43264K, reserved 1114112K
  class space    used 5428K, committed 5696K, reserved 1048576K
}
Event: 14.910 GC heap after
{Heap after GC invocations=10 (full 0):
 garbage-first heap   total 239616K, used 134144K [0x0000000084c00000, 0x0000000100000000)
  region size 1024K, 4 young (4096K), 4 survivors (4096K)
 Metaspace       used 42706K, committed 43264K, reserved 1114112K
  class space    used 5428K, committed 5696K, reserved 1048576K
}
Event: 32.832 GC heap before
{Heap before GC invocations=10 (full 0):
 garbage-first heap   total 296960K, used 296960K [0x0000000084c00000, 0x0000000100000000)
  region size 1024K, 31 young (31744K), 4 survivors (4096K)
 Metaspace       used 44275K, committed 44864K, reserved 1114112K
  class space    used 5510K, committed 5824K, reserved 1048576K
}
Event: 32.837 GC heap after
{Heap after GC invocations=11 (full 0):
 garbage-first heap   total 307200K, used 239516K [0x0000000084c00000, 0x0000000100000000)
  region size 1024K, 9 young (9216K), 9 survivors (9216K)
 Metaspace       used 44275K, committed 44864K, reserved 1114112K
  class space    used 5510K, committed 5824K, reserved 1048576K
}
Event: 94.641 GC heap before
{Heap before GC invocations=11 (full 0):
 garbage-first heap   total 307200K, used 257948K [0x0000000084c00000, 0x0000000100000000)
  region size 1024K, 28 young (28672K), 9 survivors (9216K)
 Metaspace       used 44547K, committed 45184K, reserved 1114112K
  class space    used 5511K, committed 5824K, reserved 1048576K
}
Event: 94.647 GC heap after
{Heap after GC invocations=12 (full 0):
 garbage-first heap   total 307200K, used 239981K [0x0000000084c00000, 0x0000000100000000)
  region size 1024K, 2 young (2048K), 2 survivors (2048K)
 Metaspace       used 44547K, committed 45184K, reserved 1114112K
  class space    used 5511K, committed 5824K, reserved 1048576K
}

