# JRE version: OpenJDK Runtime Environment (21.0.2+13) (build 21.0.2+13-Ubuntu-122.04.1)
# Java VM: OpenJDK 64-Bit Server VM (21.0.2+13-Ubuntu-122.04.1, mixed mode, sharing, tiered, compressed oops, compressed class ptrs, g1 gc, linux-amd64)
Heap:
 garbage-first heap   total 271360K, used 225191K [0x0000000084c00000, 0x0000000100000000)
  region size 1024K, 12 young (12288K), 5 survivors (5120K)
 Metaspace       used 43676K, committed 44224K, reserved 1114112K
  class space    used 5345K, committed 5632K, reserved 1048576K
GC Heap History (18 events):
Event: 1.069 GC heap before
{Heap before GC invocations=0 (full 0):
 garbage-first heap   total 129024K, used 23581K [0x0000000084c00000, 0x0000000100000000)
  region size 1024K, 23 young (23552K), 0 survivors (0K)
 Metaspace       used 5987K, committed 6144K, reserved 1114112K
  class space    used 690K, committed 768K, reserved 1048576K
}
Event: 1.072 GC heap after
{Heap after GC invocations=1 (full 0):
 garbage-first heap   total 129024K, used 4368K [0x0000000084c00000, 0x0000000100000000)
  region size 1024K, 3 young (3072K), 3 survivors (3072K)
 Metaspace       used 5987K, committed 6144K, reserved 1114112K
  class space    used 690K, committed 768K, reserved 1048576K
}
Event: 3.208 GC heap before
{Heap before GC invocations=1 (full 0):
 garbage-first heap   total 129024K, used 53520K [0x0000000084c00000, 0x0000000100000000)
  region size 1024K, 51 young (52224K), 3 survivors (3072K)
 Metaspace       used 15482K, committed 15744K, reserved 1114112K
  class space    used 1802K, committed 1920K, reserved 1048576K
}
Event: 3.214 GC heap after
{Heap after GC invocations=2 (full 0):
 garbage-first heap   total 129024K, used 8434K [0x0000000084c00000, 0x0000000100000000)
  region size 1024K, 7 young (7168K), 7 survivors (7168K)
 Metaspace       used 15482K, committed 15744K, reserved 1114112K
  class space    used 1802K, committed 1920K, reserved 1048576K
}
Event: 3.725 GC heap before
{Heap before GC invocations=2 (full 0):
 garbage-first heap   total 129024K, used 77042K [0x0000000084c00000, 0x0000000100000000)
  region size 1024K, 74 young (75776K), 7 survivors (7168K)
 Metaspace       used 17737K, committed 18048K, reserved 1114112K
  class space    used 1986K, committed 2112K, reserved 1048576K
}
Event: 3.732 GC heap after
{Heap after GC invocations=3 (full 0):
 garbage-first heap   total 129024K, used 13336K [0x0000000084c00000, 0x0000000100000000)
  region size 1024K, 9 young (9216K), 9 survivors (9216K)
 Metaspace       used 17737K, committed 18048K, reserved 1114112K
  class space    used 1986K, committed 2112K, reserved 1048576K
}
Event: 3.867 GC heap before
{Heap before GC invocations=3 (full 0):
 garbage-first heap   total 129024K, used 30744K [0x0000000084c00000, 0x0000000100000000)
  region size 1024K, 27 young (27648K), 9 survivors (9216K)
 Metaspace       used 21224K, committed 21504K, reserved 1114112K
  class space    used 2413K, committed 2560K, reserved 1048576K
}
Event: 3.872 GC heap after
{Heap after GC invocations=4 (full 0):
 garbage-first heap   total 129024K, used 14646K [0x0000000084c00000, 0x0000000100000000)
  region size 1024K, 7 young (7168K), 7 survivors (7168K)
 Metaspace       used 21224K, committed 21504K, reserved 1114112K
  class space    used 2413K, committed 2560K, reserved 1048576K
}
Event: 4.249 GC heap before
{Heap before GC invocations=5 (full 0):
 garbage-first heap   total 58368K, used 55606K [0x0000000084c00000, 0x0000000100000000)
  region size 1024K, 47 young (48128K), 7 survivors (7168K)
 Metaspace       used 27876K, committed 28224K, reserved 1114112K
  class space    used 3111K, committed 3264K, reserved 1048576K
}
Event: 4.259 GC heap after
{Heap after GC invocations=6 (full 0):
 garbage-first heap   total 74752K, used 24688K [0x0000000084c00000, 0x0000000100000000)
  region size 1024K, 10 young (10240K), 10 survivors (10240K)
 Metaspace       used 27876K, committed 28224K, reserved 1114112K
  class space    used 3111K, committed 3264K, reserved 1048576K
}
Event: 4.858 GC heap before
{Heap before GC invocations=6 (full 0):
 garbage-first heap   total 74752K, used 57456K [0x0000000084c00000, 0x0000000100000000)
  region size 1024K, 42 young (43008K), 10 survivors (10240K)
 Metaspace       used 33398K, committed 33856K, reserved 1114112K
  class space    used 3821K, committed 4032K, reserved 1048576K
}
Event: 4.864 GC heap after
{Heap after GC invocations=7 (full 0):
 garbage-first heap   total 74752K, used 28318K [0x0000000084c00000, 0x0000000100000000)
  region size 1024K, 4 young (4096K), 4 survivors (4096K)
 Metaspace       used 33398K, committed 33856K, reserved 1114112K
  class space    used 3821K, committed 4032K, reserved 1048576K
}
Event: 4.988 GC heap before
{Heap before GC invocations=7 (full 0):
 garbage-first heap   total 74752K, used 43678K [0x0000000084c00000, 0x0000000100000000)
  region size 1024K, 12 young (12288K), 4 survivors (4096K)
 Metaspace       used 35702K, committed 36160K, reserved 1114112K
  class space    used 4235K, committed 4480K, reserved 1048576K
}
Event: 4.991 GC heap after
{Heap after GC invocations=8 (full 0):
 garbage-first heap   total 74752K, used 38209K [0x0000000084c00000, 0x0000000100000000)
  region size 1024K, 2 young (2048K), 2 survivors (2048K)
 Metaspace       used 35702K, committed 36160K, reserved 1114112K
  class space    used 4235K, committed 4480K, reserved 1048576K
}
Event: 7.337 GC heap before
{Heap before GC invocations=9 (full 0):
 garbage-first heap   total 146432K, used 144705K [0x0000000084c00000, 0x0000000100000000)
  region size 1024K, 19 young (19456K), 2 survivors (2048K)
 Metaspace       used 41274K, committed 41856K, reserved 1114112K
  class space    used 5153K, committed 5440K, reserved 1048576K
}
Event: 7.342 GC heap after
{Heap after GC invocations=10 (full 0):
 garbage-first heap   total 181248K, used 130244K [0x0000000084c00000, 0x0000000100000000)
  region size 1024K, 4 young (4096K), 4 survivors (4096K)
 Metaspace       used 41274K, committed 41856K, reserved 1114112K
  class space    used 5153K, committed 5440K, reserved 1048576K
}
Event: 28.065 GC heap before
{Heap before GC invocations=10 (full 0):
 garbage-first heap   total 263168K, used 262340K [0x0000000084c00000, 0x0000000100000000)
  region size 1024K, 23 young (23552K), 4 survivors (4096K)
 Metaspace       used 43324K, committed 43904K, reserved 1114112K
  class space    used 5335K, committed 5632K, reserved 1048576K
}
Event: 28.070 GC heap after
{Heap after GC invocations=11 (full 0):
 garbage-first heap   total 271360K, used 219047K [0x0000000084c00000, 0x0000000100000000)
  region size 1024K, 5 young (5120K), 5 survivors (5120K)
 Metaspace       used 43324K, committed 43904K, reserved 1114112K
  class space    used 5335K, committed 5632K, reserved 1048576K
}

