# JRE version: OpenJDK Runtime Environment (21.0.2+13) (build 21.0.2+13-Ubuntu-122.04.1)
# Java VM: OpenJDK 64-Bit Server VM (21.0.2+13-Ubuntu-122.04.1, mixed mode, sharing, tiered, compressed oops, compressed class ptrs, g1 gc, linux-amd64)
Heap:
 garbage-first heap   total 254976K, used 252359K [0x0000000084c00000, 0x0000000100000000)
  region size 1024K, 23 young (23552K), 4 survivors (4096K)
 Metaspace       used 43230K, committed 43776K, reserved 1114112K
  class space    used 5336K, committed 5632K, reserved 1048576K
GC Heap History (16 events):
Event: 1.244 GC heap before
{Heap before GC invocations=0 (full 0):
 garbage-first heap   total 129024K, used 23581K [0x0000000084c00000, 0x0000000100000000)
  region size 1024K, 23 young (23552K), 0 survivors (0K)
 Metaspace       used 5987K, committed 6144K, reserved 1114112K
  class space    used 690K, committed 768K, reserved 1048576K
}
Event: 1.246 GC heap after
{Heap after GC invocations=1 (full 0):
 garbage-first heap   total 129024K, used 4368K [0x0000000084c00000, 0x0000000100000000)
  region size 1024K, 3 young (3072K), 3 survivors (3072K)
 Metaspace       used 5987K, committed 6144K, reserved 1114112K
  class space    used 690K, committed 768K, reserved 1048576K
}
Event: 3.525 GC heap before
{Heap before GC invocations=1 (full 0):
 garbage-first heap   total 129024K, used 53520K [0x0000000084c00000, 0x0000000100000000)
  region size 1024K, 51 young (52224K), 3 survivors (3072K)
 Metaspace       used 15508K, committed 15744K, reserved 1114112K
  class space    used 1806K, committed 1920K, reserved 1048576K
}
Event: 3.531 GC heap after
{Heap after GC invocations=2 (full 0):
 garbage-first heap   total 129024K, used 8449K [0x0000000084c00000, 0x0000000100000000)
  region size 1024K, 7 young (7168K), 7 survivors (7168K)
 Metaspace       used 15508K, committed 15744K, reserved 1114112K
  class space    used 1806K, committed 1920K, reserved 1048576K
}
Event: 4.047 GC heap before
{Heap before GC invocations=2 (full 0):
 garbage-first heap   total 129024K, used 77057K [0x0000000084c00000, 0x0000000100000000)
  region size 1024K, 74 young (75776K), 7 survivors (7168K)
 Metaspace       used 17738K, committed 18048K, reserved 1114112K
  class space    used 1986K, committed 2112K, reserved 1048576K
}
Event: 4.055 GC heap after
{Heap after GC invocations=3 (full 0):
 garbage-first heap   total 129024K, used 13275K [0x0000000084c00000, 0x0000000100000000)
  region size 1024K, 9 young (9216K), 9 survivors (9216K)
 Metaspace       used 17738K, committed 18048K, reserved 1114112K
  class space    used 1986K, committed 2112K, reserved 1048576K
}
Event: 4.185 GC heap before
{Heap before GC invocations=3 (full 0):
 garbage-first heap   total 129024K, used 29659K [0x0000000084c00000, 0x0000000100000000)
  region size 1024K, 27 young (27648K), 9 survivors (9216K)
 Metaspace       used 21214K, committed 21504K, reserved 1114112K
  class space    used 2414K, committed 2560K, reserved 1048576K
}
Event: 4.191 GC heap after
{Heap after GC invocations=4 (full 0):
 garbage-first heap   total 129024K, used 15287K [0x0000000084c00000, 0x0000000100000000)
  region size 1024K, 7 young (7168K), 7 survivors (7168K)
 Metaspace       used 21214K, committed 21504K, reserved 1114112K
  class space    used 2414K, committed 2560K, reserved 1048576K
}
Event: 4.589 GC heap before
{Heap before GC invocations=5 (full 0):
 garbage-first heap   total 58368K, used 57271K [0x0000000084c00000, 0x0000000100000000)
  region size 1024K, 47 young (48128K), 7 survivors (7168K)
 Metaspace       used 27966K, committed 28288K, reserved 1114112K
  class space    used 3129K, committed 3264K, reserved 1048576K
}
Event: 4.599 GC heap after
{Heap after GC invocations=6 (full 0):
 garbage-first heap   total 74752K, used 24821K [0x0000000084c00000, 0x0000000100000000)
  region size 1024K, 10 young (10240K), 10 survivors (10240K)
 Metaspace       used 27966K, committed 28288K, reserved 1114112K
  class space    used 3129K, committed 3264K, reserved 1048576K
}
Event: 5.205 GC heap before
{Heap before GC invocations=6 (full 0):
 garbage-first heap   total 74752K, used 57589K [0x0000000084c00000, 0x0000000100000000)
  region size 1024K, 42 young (43008K), 10 survivors (10240K)
 Metaspace       used 33781K, committed 34240K, reserved 1114112K
  class space    used 3882K, committed 4096K, reserved 1048576K
}
Event: 5.211 GC heap after
{Heap after GC invocations=7 (full 0):
 garbage-first heap   total 74752K, used 28626K [0x0000000084c00000, 0x0000000100000000)
  region size 1024K, 4 young (4096K), 4 survivors (4096K)
 Metaspace       used 33781K, committed 34240K, reserved 1114112K
  class space    used 3882K, committed 4096K, reserved 1048576K
}
Event: 5.325 GC heap before
{Heap before GC invocations=7 (full 0):
 garbage-first heap   total 74752K, used 43986K [0x0000000084c00000, 0x0000000100000000)
  region size 1024K, 12 young (12288K), 4 survivors (4096K)
 Metaspace       used 35714K, committed 36160K, reserved 1114112K
  class space    used 4237K, committed 4480K, reserved 1048576K
}
Event: 5.327 GC heap after
{Heap after GC invocations=8 (full 0):
 garbage-first heap   total 74752K, used 38250K [0x0000000084c00000, 0x0000000100000000)
  region size 1024K, 2 young (2048K), 2 survivors (2048K)
 Metaspace       used 35714K, committed 36160K, reserved 1114112K
  class space    used 4237K, committed 4480K, reserved 1048576K
}
Event: 7.528 GC heap before
{Heap before GC invocations=9 (full 0):
 garbage-first heap   total 146432K, used 144746K [0x0000000084c00000, 0x0000000100000000)
  region size 1024K, 19 young (19456K), 2 survivors (2048K)
 Metaspace       used 41293K, committed 41792K, reserved 1114112K
  class space    used 5157K, committed 5440K, reserved 1048576K
}
Event: 7.533 GC heap after
{Heap after GC invocations=10 (full 0):
 garbage-first heap   total 199680K, used 130503K [0x0000000084c00000, 0x0000000100000000)
  region size 1024K, 4 young (4096K), 4 survivors (4096K)
 Metaspace       used 41293K, committed 41792K, reserved 1114112K
  class space    used 5157K, committed 5440K, reserved 1048576K
}

