# JRE version: OpenJDK Runtime Environment (21.0.2+13) (build 21.0.2+13-Ubuntu-122.04.1)
# Java VM: OpenJDK 64-Bit Server VM (21.0.2+13-Ubuntu-122.04.1, mixed mode, sharing, tiered, compressed oops, compressed class ptrs, g1 gc, linux-amd64)
Heap:
 garbage-first heap   total 315392K, used 240745K [0x0000000084c00000, 0x0000000100000000)
  region size 1024K, 11 young (11264K), 9 survivors (9216K)
 Metaspace       used 44290K, committed 44864K, reserved 1114112K
  class space    used 5487K, committed 5760K, reserved 1048576K
GC Heap History (18 events):
Event: 1.130 GC heap before
{Heap before GC invocations=0 (full 0):
 garbage-first heap   total 129024K, used 23581K [0x0000000084c00000, 0x0000000100000000)
  region size 1024K, 23 young (23552K), 0 survivors (0K)
 Metaspace       used 5984K, committed 6144K, reserved 1114112K
  class space    used 690K, committed 768K, reserved 1048576K
}
Event: 1.133 GC heap after
{Heap after GC invocations=1 (full 0):
 garbage-first heap   total 129024K, used 4229K [0x0000000084c00000, 0x0000000100000000)
  region size 1024K, 3 young (3072K), 3 survivors (3072K)
 Metaspace       used 5984K, committed 6144K, reserved 1114112K
  class space    used 690K, committed 768K, reserved 1048576K
}
Event: 3.550 GC heap before
{Heap before GC invocations=1 (full 0):
 garbage-first heap   total 129024K, used 53381K [0x0000000084c00000, 0x0000000100000000)
  region size 1024K, 51 young (52224K), 3 survivors (3072K)
 Metaspace       used 15516K, committed 15808K, reserved 1114112K
  class space    used 1806K, committed 1920K, reserved 1048576K
}
Event: 3.555 GC heap after
{Heap after GC invocations=2 (full 0):
 garbage-first heap   total 129024K, used 8325K [0x0000000084c00000, 0x0000000100000000)
  region size 1024K, 7 young (7168K), 7 survivors (7168K)
 Metaspace       used 15516K, committed 15808K, reserved 1114112K
  class space    used 1806K, committed 1920K, reserved 1048576K
}
Event: 4.114 GC heap before
{Heap before GC invocations=2 (full 0):
 garbage-first heap   total 129024K, used 76933K [0x0000000084c00000, 0x0000000100000000)
  region size 1024K, 74 young (75776K), 7 survivors (7168K)
 Metaspace       used 17752K, committed 18048K, reserved 1114112K
  class space    used 1986K, committed 2112K, reserved 1048576K
}
Event: 4.122 GC heap after
{Heap after GC invocations=3 (full 0):
 garbage-first heap   total 129024K, used 13390K [0x0000000084c00000, 0x0000000100000000)
  region size 1024K, 9 young (9216K), 9 survivors (9216K)
 Metaspace       used 17752K, committed 18048K, reserved 1114112K
  class space    used 1986K, committed 2112K, reserved 1048576K
}
Event: 4.254 GC heap before
{Heap before GC invocations=3 (full 0):
 garbage-first heap   total 129024K, used 29774K [0x0000000084c00000, 0x0000000100000000)
  region size 1024K, 26 young (26624K), 9 survivors (9216K)
 Metaspace       used 21218K, committed 21504K, reserved 1114112K
  class space    used 2413K, committed 2560K, reserved 1048576K
}
Event: 4.260 GC heap after
{Heap after GC invocations=4 (full 0):
 garbage-first heap   total 129024K, used 14877K [0x0000000084c00000, 0x0000000100000000)
  region size 1024K, 7 young (7168K), 7 survivors (7168K)
 Metaspace       used 21218K, committed 21504K, reserved 1114112K
  class space    used 2413K, committed 2560K, reserved 1048576K
}
Event: 4.638 GC heap before
{Heap before GC invocations=5 (full 0):
 garbage-first heap   total 58368K, used 56861K [0x0000000084c00000, 0x0000000100000000)
  region size 1024K, 47 young (48128K), 7 survivors (7168K)
 Metaspace       used 27744K, committed 28096K, reserved 1114112K
  class space    used 3115K, committed 3264K, reserved 1048576K
}
Event: 4.650 GC heap after
{Heap after GC invocations=6 (full 0):
 garbage-first heap   total 74752K, used 24923K [0x0000000084c00000, 0x0000000100000000)
  region size 1024K, 10 young (10240K), 10 survivors (10240K)
 Metaspace       used 27744K, committed 28096K, reserved 1114112K
  class space    used 3115K, committed 3264K, reserved 1048576K
}
Event: 5.265 GC heap before
{Heap before GC invocations=6 (full 0):
 garbage-first heap   total 74752K, used 56667K [0x0000000084c00000, 0x0000000100000000)
  region size 1024K, 42 young (43008K), 10 survivors (10240K)
 Metaspace       used 32756K, committed 33216K, reserved 1114112K
  class space    used 3713K, committed 3904K, reserved 1048576K
}
Event: 5.271 GC heap after
{Heap after GC invocations=7 (full 0):
 garbage-first heap   total 74752K, used 28814K [0x0000000084c00000, 0x0000000100000000)
  region size 1024K, 4 young (4096K), 4 survivors (4096K)
 Metaspace       used 32756K, committed 33216K, reserved 1114112K
  class space    used 3713K, committed 3904K, reserved 1048576K
}
Event: 5.379 GC heap before
{Heap before GC invocations=7 (full 0):
 garbage-first heap   total 74752K, used 44174K [0x0000000084c00000, 0x0000000100000000)
  region size 1024K, 13 young (13312K), 4 survivors (4096K)
 Metaspace       used 35663K, committed 36160K, reserved 1114112K
  class space    used 4181K, committed 4416K, reserved 1048576K
}
Event: 5.382 GC heap after
{Heap after GC invocations=8 (full 0):
 garbage-first heap   total 74752K, used 38980K [0x0000000084c00000, 0x0000000100000000)
  region size 1024K, 3 young (3072K), 3 survivors (3072K)
 Metaspace       used 35663K, committed 36160K, reserved 1114112K
  class space    used 4181K, committed 4416K, reserved 1048576K
}
Event: 10.786 GC heap before
{Heap before GC invocations=9 (full 0):
 garbage-first heap   total 222208K, used 220228K [0x0000000084c00000, 0x0000000100000000)
  region size 1024K, 27 young (27648K), 3 survivors (3072K)
 Metaspace       used 42732K, committed 43328K, reserved 1114112K
  class space    used 5469K, committed 5760K, reserved 1048576K
}
Event: 10.790 GC heap after
{Heap after GC invocations=10 (full 0):
 garbage-first heap   total 286720K, used 165737K [0x0000000084c00000, 0x0000000100000000)
  region size 1024K, 4 young (4096K), 4 survivors (4096K)
 Metaspace       used 42732K, committed 43328K, reserved 1114112K
  class space    used 5469K, committed 5760K, reserved 1048576K
}
Event: 65.733 GC heap before
{Heap before GC invocations=10 (full 0):
 garbage-first heap   total 305152K, used 305001K [0x0000000084c00000, 0x0000000100000000)
  region size 1024K, 38 young (38912K), 4 survivors (4096K)
 Metaspace       used 44282K, committed 44864K, reserved 1114112K
  class space    used 5486K, committed 5760K, reserved 1048576K
}
Event: 65.740 GC heap after
{Heap after GC invocations=11 (full 0):
 garbage-first heap   total 315392K, used 239721K [0x0000000084c00000, 0x0000000100000000)
  region size 1024K, 9 young (9216K), 9 survivors (9216K)
 Metaspace       used 44282K, committed 44864K, reserved 1114112K
  class space    used 5486K, committed 5760K, reserved 1048576K
}

