# JRE version: OpenJDK Runtime Environment (21.0.2+13) (build 21.0.2+13-Ubuntu-122.04.1)
# Java VM: OpenJDK 64-Bit Server VM (21.0.2+13-Ubuntu-122.04.1, mixed mode, sharing, tiered, compressed oops, compressed class ptrs, g1 gc, linux-amd64)
Heap:
 garbage-first heap   total 334848K, used 317807K [0x0000000084c00000, 0x0000000100000000)
  region size 1024K, 45 young (46080K), 1 survivors (1024K)
 Metaspace       used 44582K, committed 45184K, reserved 1114112K
  class space    used 5511K, committed 5824K, reserved 1048576K
GC Heap History (20 events):
Event: 1.068 GC heap before
{Heap before GC invocations=0 (full 0):
 garbage-first heap   total 129024K, used 23581K [0x0000000084c00000, 0x0000000100000000)
  region size 1024K, 23 young (23552K), 0 survivors (0K)
 Metaspace       used 5984K, committed 6144K, reserved 1114112K
  class space    used 690K, committed 768K, reserved 1048576K
}
Event: 1.071 GC heap after
{Heap after GC invocations=1 (full 0):
 garbage-first heap   total 129024K, used 4195K [0x0000000084c00000, 0x0000000100000000)
  region size 1024K, 3 young (3072K), 3 survivors (3072K)
 Metaspace       used 5984K, committed 6144K, reserved 1114112K
  class space    used 690K, committed 768K, reserved 1048576K
}
Event: 3.305 GC heap before
{Heap before GC invocations=1 (full 0):
 garbage-first heap   total 129024K, used 53347K [0x0000000084c00000, 0x0000000100000000)
  region size 1024K, 51 young (52224K), 3 survivors (3072K)
 Metaspace       used 15513K, committed 15808K, reserved 1114112K
  class space    used 1806K, committed 1920K, reserved 1048576K
}
Event: 3.312 GC heap after
{Heap after GC invocations=2 (full 0):
 garbage-first heap   total 129024K, used 8319K [0x0000000084c00000, 0x0000000100000000)
  region size 1024K, 7 young (7168K), 7 survivors (7168K)
 Metaspace       used 15513K, committed 15808K, reserved 1114112K
  class space    used 1806K, committed 1920K, reserved 1048576K
}
Event: 3.907 GC heap before
{Heap before GC invocations=2 (full 0):
 garbage-first heap   total 129024K, used 76927K [0x0000000084c00000, 0x0000000100000000)
  region size 1024K, 74 young (75776K), 7 survivors (7168K)
 Metaspace       used 17746K, committed 18048K, reserved 1114112K
  class space    used 1986K, committed 2112K, reserved 1048576K
}
Event: 3.915 GC heap after
{Heap after GC invocations=3 (full 0):
 garbage-first heap   total 129024K, used 13301K [0x0000000084c00000, 0x0000000100000000)
  region size 1024K, 9 young (9216K), 9 survivors (9216K)
 Metaspace       used 17746K, committed 18048K, reserved 1114112K
  class space    used 1986K, committed 2112K, reserved 1048576K
}
Event: 4.073 GC heap before
{Heap before GC invocations=3 (full 0):
 garbage-first heap   total 129024K, used 30709K [0x0000000084c00000, 0x0000000100000000)
  region size 1024K, 27 young (27648K), 9 survivors (9216K)
 Metaspace       used 21234K, committed 21504K, reserved 1114112K
  class space    used 2414K, committed 2560K, reserved 1048576K
}
Event: 4.078 GC heap after
{Heap after GC invocations=4 (full 0):
 garbage-first heap   total 129024K, used 15490K [0x0000000084c00000, 0x0000000100000000)
  region size 1024K, 7 young (7168K), 7 survivors (7168K)
 Metaspace       used 21234K, committed 21504K, reserved 1114112K
  class space    used 2414K, committed 2560K, reserved 1048576K
}
Event: 4.521 GC heap before
{Heap before GC invocations=5 (full 0):
 garbage-first heap   total 61440K, used 59522K [0x0000000084c00000, 0x0000000100000000)
  region size 1024K, 49 young (50176K), 7 survivors (7168K)
 Metaspace       used 28035K, committed 28416K, reserved 1114112K
  class space    used 3138K, committed 3328K, reserved 1048576K
}
Event: 4.532 GC heap after
{Heap after GC invocations=6 (full 0):
 garbage-first heap   total 76800K, used 24706K [0x0000000084c00000, 0x0000000100000000)
  region size 1024K, 10 young (10240K), 10 survivors (10240K)
 Metaspace       used 28035K, committed 28416K, reserved 1114112K
  class space    used 3138K, committed 3328K, reserved 1048576K
}
Event: 5.152 GC heap before
{Heap before GC invocations=6 (full 0):
 garbage-first heap   total 76800K, used 58498K [0x0000000084c00000, 0x0000000100000000)
  region size 1024K, 44 young (45056K), 10 survivors (10240K)
 Metaspace       used 34493K, committed 35008K, reserved 1114112K
  class space    used 3956K, committed 4224K, reserved 1048576K
}
Event: 5.158 GC heap after
{Heap after GC invocations=7 (full 0):
 garbage-first heap   total 76800K, used 28671K [0x0000000084c00000, 0x0000000100000000)
  region size 1024K, 4 young (4096K), 4 survivors (4096K)
 Metaspace       used 34493K, committed 35008K, reserved 1114112K
  class space    used 3956K, committed 4224K, reserved 1048576K
}
Event: 5.257 GC heap before
{Heap before GC invocations=7 (full 0):
 garbage-first heap   total 76800K, used 41983K [0x0000000084c00000, 0x0000000100000000)
  region size 1024K, 10 young (10240K), 4 survivors (4096K)
 Metaspace       used 35794K, committed 36288K, reserved 1114112K
  class space    used 4213K, committed 4416K, reserved 1048576K
}
Event: 5.260 GC heap after
{Heap after GC invocations=8 (full 0):
 garbage-first heap   total 76800K, used 38289K [0x0000000084c00000, 0x0000000100000000)
  region size 1024K, 2 young (2048K), 2 survivors (2048K)
 Metaspace       used 35794K, committed 36288K, reserved 1114112K
  class space    used 4213K, committed 4416K, reserved 1048576K
}
Event: 10.166 GC heap before
{Heap before GC invocations=9 (full 0):
 garbage-first heap   total 140288K, used 137617K [0x0000000084c00000, 0x0000000100000000)
  region size 1024K, 20 young (20480K), 2 survivors (2048K)
 Metaspace       used 41682K, committed 42240K, reserved 1114112K
  class space    used 5282K, committed 5568K, reserved 1048576K
}
Event: 10.169 GC heap after
{Heap after GC invocations=10 (full 0):
 garbage-first heap   total 174080K, used 113901K [0x0000000084c00000, 0x0000000100000000)
  region size 1024K, 4 young (4096K), 4 survivors (4096K)
 Metaspace       used 41682K, committed 42240K, reserved 1114112K
  class space    used 5282K, committed 5568K, reserved 1048576K
}
Event: 20.570 GC heap before
{Heap before GC invocations=10 (full 0):
 garbage-first heap   total 249856K, used 247021K [0x0000000084c00000, 0x0000000100000000)
  region size 1024K, 20 young (20480K), 4 survivors (4096K)
 Metaspace       used 43821K, committed 44352K, reserved 1114112K
  class space    used 5492K, committed 5760K, reserved 1048576K
}
Event: 20.575 GC heap after
{Heap after GC invocations=11 (full 0):
 garbage-first heap   total 258048K, used 195602K [0x0000000084c00000, 0x0000000100000000)
  region size 1024K, 6 young (6144K), 6 survivors (6144K)
 Metaspace       used 43821K, committed 44352K, reserved 1114112K
  class space    used 5492K, committed 5760K, reserved 1048576K
}
Event: 26.590 GC heap before
{Heap before GC invocations=11 (full 0):
 garbage-first heap   total 258048K, used 199698K [0x0000000084c00000, 0x0000000100000000)
  region size 1024K, 11 young (11264K), 6 survivors (6144K)
 Metaspace       used 43990K, committed 44480K, reserved 1114112K
  class space    used 5497K, committed 5760K, reserved 1048576K
}
Event: 26.594 GC heap after
{Heap after GC invocations=12 (full 0):
 garbage-first heap   total 258048K, used 177519K [0x0000000084c00000, 0x0000000100000000)
  region size 1024K, 1 young (1024K), 1 survivors (1024K)
 Metaspace       used 43990K, committed 44480K, reserved 1114112K
  class space    used 5497K, committed 5760K, reserved 1048576K
}

