# JRE version: OpenJDK Runtime Environment (21.0.2+13) (build 21.0.2+13-Ubuntu-122.04.1)
# Java VM: OpenJDK 64-Bit Server VM (21.0.2+13-Ubuntu-122.04.1, mixed mode, sharing, tiered, compressed oops, compressed class ptrs, g1 gc, linux-amd64)
Heap:
 garbage-first heap   total 274432K, used 249119K [0x0000000084c00000, 0x0000000100000000)
  region size 1024K, 25 young (25600K), 7 survivors (7168K)
 Metaspace       used 44290K, committed 44864K, reserved 1114112K
  class space    used 5497K, committed 5760K, reserved 1048576K
GC Heap History (20 events):
Event: 3.146 GC heap before
{Heap before GC invocations=1 (full 0):
 garbage-first heap   total 129024K, used 53381K [0x0000000084c00000, 0x0000000100000000)
  region size 1024K, 51 young (52224K), 3 survivors (3072K)
 Metaspace       used 15535K, committed 15808K, reserved 1114112K
  class space    used 1811K, committed 1920K, reserved 1048576K
}
Event: 3.153 GC heap after
{Heap after GC invocations=2 (full 0):
 garbage-first heap   total 129024K, used 8040K [0x0000000084c00000, 0x0000000100000000)
  region size 1024K, 7 young (7168K), 7 survivors (7168K)
 Metaspace       used 15535K, committed 15808K, reserved 1114112K
  class space    used 1811K, committed 1920K, reserved 1048576K
}
Event: 3.779 GC heap before
{Heap before GC invocations=2 (full 0):
 garbage-first heap   total 129024K, used 76648K [0x0000000084c00000, 0x0000000100000000)
  region size 1024K, 74 young (75776K), 7 survivors (7168K)
 Metaspace       used 17758K, committed 18048K, reserved 1114112K
  class space    used 1986K, committed 2112K, reserved 1048576K
}
Event: 3.787 GC heap after
{Heap after GC invocations=3 (full 0):
 garbage-first heap   total 129024K, used 13244K [0x0000000084c00000, 0x0000000100000000)
  region size 1024K, 9 young (9216K), 9 survivors (9216K)
 Metaspace       used 17758K, committed 18048K, reserved 1114112K
  class space    used 1986K, committed 2112K, reserved 1048576K
}
Event: 3.959 GC heap before
{Heap before GC invocations=3 (full 0):
 garbage-first heap   total 129024K, used 30652K [0x0000000084c00000, 0x0000000100000000)
  region size 1024K, 27 young (27648K), 9 survivors (9216K)
 Metaspace       used 21212K, committed 21504K, reserved 1114112K
  class space    used 2413K, committed 2560K, reserved 1048576K
}
Event: 3.965 GC heap after
{Heap after GC invocations=4 (full 0):
 garbage-first heap   total 129024K, used 14362K [0x0000000084c00000, 0x0000000100000000)
  region size 1024K, 7 young (7168K), 7 survivors (7168K)
 Metaspace       used 21212K, committed 21504K, reserved 1114112K
  class space    used 2413K, committed 2560K, reserved 1048576K
}
Event: 4.388 GC heap before
{Heap before GC invocations=5 (full 0):
 garbage-first heap   total 58368K, used 56346K [0x0000000084c00000, 0x0000000100000000)
  region size 1024K, 47 young (48128K), 7 survivors (7168K)
 Metaspace       used 27643K, committed 28032K, reserved 1114112K
  class space    used 3103K, committed 3264K, reserved 1048576K
}
Event: 4.404 GC heap after
{Heap after GC invocations=6 (full 0):
 garbage-first heap   total 73728K, used 24474K [0x0000000084c00000, 0x0000000100000000)
  region size 1024K, 10 young (10240K), 10 survivors (10240K)
 Metaspace       used 27643K, committed 28032K, reserved 1114112K
  class space    used 3103K, committed 3264K, reserved 1048576K
}
Event: 5.125 GC heap before
{Heap before GC invocations=6 (full 0):
 garbage-first heap   total 73728K, used 56218K [0x0000000084c00000, 0x0000000100000000)
  region size 1024K, 42 young (43008K), 10 survivors (10240K)
 Metaspace       used 32428K, committed 32960K, reserved 1114112K
  class space    used 3673K, committed 3904K, reserved 1048576K
}
Event: 5.129 GC heap after
{Heap after GC invocations=7 (full 0):
 garbage-first heap   total 73728K, used 22386K [0x0000000084c00000, 0x0000000100000000)
  region size 1024K, 3 young (3072K), 3 survivors (3072K)
 Metaspace       used 32428K, committed 32960K, reserved 1114112K
  class space    used 3673K, committed 3904K, reserved 1048576K
}
Event: 5.237 GC heap before
{Heap before GC invocations=7 (full 0):
 garbage-first heap   total 73728K, used 38770K [0x0000000084c00000, 0x0000000100000000)
  region size 1024K, 13 young (13312K), 3 survivors (3072K)
 Metaspace       used 35668K, committed 36160K, reserved 1114112K
  class space    used 4183K, committed 4416K, reserved 1048576K
}
Event: 5.240 GC heap after
{Heap after GC invocations=8 (full 0):
 garbage-first heap   total 73728K, used 31285K [0x0000000084c00000, 0x0000000100000000)
  region size 1024K, 4 young (4096K), 4 survivors (4096K)
 Metaspace       used 35668K, committed 36160K, reserved 1114112K
  class space    used 4183K, committed 4416K, reserved 1048576K
}
Event: 5.576 GC heap before
{Heap before GC invocations=9 (full 0):
 garbage-first heap   total 83968K, used 82485K [0x0000000084c00000, 0x0000000100000000)
  region size 1024K, 19 young (19456K), 4 survivors (4096K)
 Metaspace       used 40620K, committed 41152K, reserved 1114112K
  class space    used 5198K, committed 5440K, reserved 1048576K
}
Event: 5.579 GC heap after
{Heap after GC invocations=10 (full 0):
 garbage-first heap   total 118784K, used 69395K [0x0000000084c00000, 0x0000000100000000)
  region size 1024K, 4 young (4096K), 4 survivors (4096K)
 Metaspace       used 40620K, committed 41152K, reserved 1114112K
  class space    used 5198K, committed 5440K, reserved 1048576K
}
Event: 17.829 GC heap before
{Heap before GC invocations=10 (full 0):
 garbage-first heap   total 172032K, used 169747K [0x0000000084c00000, 0x0000000100000000)
  region size 1024K, 15 young (15360K), 4 survivors (4096K)
 Metaspace       used 42821K, committed 43392K, reserved 1114112K
  class space    used 5439K, committed 5696K, reserved 1048576K
}
Event: 17.834 GC heap after
{Heap after GC invocations=11 (full 0):
 garbage-first heap   total 179200K, used 127117K [0x0000000084c00000, 0x0000000100000000)
  region size 1024K, 4 young (4096K), 4 survivors (4096K)
 Metaspace       used 42821K, committed 43392K, reserved 1114112K
  class space    used 5439K, committed 5696K, reserved 1048576K
}
Event: 18.353 GC heap before
{Heap before GC invocations=11 (full 0):
 garbage-first heap   total 179200K, used 127117K [0x0000000084c00000, 0x0000000100000000)
  region size 1024K, 5 young (5120K), 4 survivors (4096K)
 Metaspace       used 42946K, committed 43456K, reserved 1114112K
  class space    used 5456K, committed 5696K, reserved 1048576K
}
Event: 18.355 GC heap after
{Heap after GC invocations=12 (full 0):
 garbage-first heap   total 179200K, used 108793K [0x0000000084c00000, 0x0000000100000000)
  region size 1024K, 3 young (3072K), 3 survivors (3072K)
 Metaspace       used 42946K, committed 43456K, reserved 1114112K
  class space    used 5456K, committed 5696K, reserved 1048576K
}
Event: 31.640 GC heap before
{Heap before GC invocations=13 (full 0):
 garbage-first heap   total 267264K, used 266489K [0x0000000084c00000, 0x0000000100000000)
  region size 1024K, 25 young (25600K), 3 survivors (3072K)
 Metaspace       used 44076K, committed 44608K, reserved 1114112K
  class space    used 5495K, committed 5760K, reserved 1048576K
}
Event: 31.645 GC heap after
{Heap after GC invocations=14 (full 0):
 garbage-first heap   total 274432K, used 231711K [0x0000000084c00000, 0x0000000100000000)
  region size 1024K, 7 young (7168K), 7 survivors (7168K)
 Metaspace       used 44076K, committed 44608K, reserved 1114112K
  class space    used 5495K, committed 5760K, reserved 1048576K
}

