# JRE version: OpenJDK Runtime Environment (21.0.2+13) (build 21.0.2+13-Ubuntu-122.04.1)
# Java VM: OpenJDK 64-Bit Server VM (21.0.2+13-Ubuntu-122.04.1, mixed mode, sharing, tiered, compressed oops, compressed class ptrs, g1 gc, linux-amd64)
Heap:
 garbage-first heap   total 260096K, used 252571K [0x0000000084c00000, 0x0000000100000000)
  region size 1024K, 23 young (23552K), 4 survivors (4096K)
 Metaspace       used 43271K, committed 43776K, reserved 1114112K
  class space    used 5326K, committed 5568K, reserved 1048576K
GC Heap History (16 events):
Event: 1.328 GC heap before
{Heap before GC invocations=0 (full 0):
 garbage-first heap   total 129024K, used 23581K [0x0000000084c00000, 0x0000000100000000)
  region size 1024K, 23 young (23552K), 0 survivors (0K)
 Metaspace       used 5983K, committed 6144K, reserved 1114112K
  class space    used 690K, committed 768K, reserved 1048576K
}
Event: 1.331 GC heap after
{Heap after GC invocations=1 (full 0):
 garbage-first heap   total 129024K, used 4199K [0x0000000084c00000, 0x0000000100000000)
  region size 1024K, 3 young (3072K), 3 survivors (3072K)
 Metaspace       used 5983K, committed 6144K, reserved 1114112K
  class space    used 690K, committed 768K, reserved 1048576K
}
Event: 3.647 GC heap before
{Heap before GC invocations=1 (full 0):
 garbage-first heap   total 129024K, used 53351K [0x0000000084c00000, 0x0000000100000000)
  region size 1024K, 51 young (52224K), 3 survivors (3072K)
 Metaspace       used 15509K, committed 15744K, reserved 1114112K
  class space    used 1806K, committed 1920K, reserved 1048576K
}
Event: 3.653 GC heap after
{Heap after GC invocations=2 (full 0):
 garbage-first heap   total 129024K, used 8295K [0x0000000084c00000, 0x0000000100000000)
  region size 1024K, 7 young (7168K), 7 survivors (7168K)
 Metaspace       used 15509K, committed 15744K, reserved 1114112K
  class space    used 1806K, committed 1920K, reserved 1048576K
}
Event: 4.213 GC heap before
{Heap before GC invocations=2 (full 0):
 garbage-first heap   total 129024K, used 76903K [0x0000000084c00000, 0x0000000100000000)
  region size 1024K, 74 young (75776K), 7 survivors (7168K)
 Metaspace       used 17740K, committed 18048K, reserved 1114112K
  class space    used 1986K, committed 2112K, reserved 1048576K
}
Event: 4.221 GC heap after
{Heap after GC invocations=3 (full 0):
 garbage-first heap   total 129024K, used 13918K [0x0000000084c00000, 0x0000000100000000)
  region size 1024K, 10 young (10240K), 10 survivors (10240K)
 Metaspace       used 17740K, committed 18048K, reserved 1114112K
  class space    used 1986K, committed 2112K, reserved 1048576K
}
Event: 4.358 GC heap before
{Heap before GC invocations=3 (full 0):
 garbage-first heap   total 129024K, used 30302K [0x0000000084c00000, 0x0000000100000000)
  region size 1024K, 27 young (27648K), 10 survivors (10240K)
 Metaspace       used 21212K, committed 21504K, reserved 1114112K
  class space    used 2413K, committed 2560K, reserved 1048576K
}
Event: 4.364 GC heap after
{Heap after GC invocations=4 (full 0):
 garbage-first heap   total 129024K, used 15389K [0x0000000084c00000, 0x0000000100000000)
  region size 1024K, 7 young (7168K), 7 survivors (7168K)
 Metaspace       used 21212K, committed 21504K, reserved 1114112K
  class space    used 2413K, committed 2560K, reserved 1048576K
}
Event: 4.773 GC heap before
{Heap before GC invocations=5 (full 0):
 garbage-first heap   total 58368K, used 57373K [0x0000000084c00000, 0x0000000100000000)
  region size 1024K, 47 young (48128K), 7 survivors (7168K)
 Metaspace       used 27948K, committed 28352K, reserved 1114112K
  class space    used 3129K, committed 3328K, reserved 1048576K
}
Event: 4.784 GC heap after
{Heap after GC invocations=6 (full 0):
 garbage-first heap   total 74752K, used 24922K [0x0000000084c00000, 0x0000000100000000)
  region size 1024K, 10 young (10240K), 10 survivors (10240K)
 Metaspace       used 27948K, committed 28352K, reserved 1114112K
  class space    used 3129K, committed 3328K, reserved 1048576K
}
Event: 5.424 GC heap before
{Heap before GC invocations=6 (full 0):
 garbage-first heap   total 74752K, used 57690K [0x0000000084c00000, 0x0000000100000000)
  region size 1024K, 42 young (43008K), 10 survivors (10240K)
 Metaspace       used 33742K, committed 34176K, reserved 1114112K
  class space    used 3876K, committed 4032K, reserved 1048576K
}
Event: 5.430 GC heap after
{Heap after GC invocations=7 (full 0):
 garbage-first heap   total 74752K, used 29026K [0x0000000084c00000, 0x0000000100000000)
  region size 1024K, 4 young (4096K), 4 survivors (4096K)
 Metaspace       used 33742K, committed 34176K, reserved 1114112K
  class space    used 3876K, committed 4032K, reserved 1048576K
}
Event: 5.561 GC heap before
{Heap before GC invocations=7 (full 0):
 garbage-first heap   total 74752K, used 44386K [0x0000000084c00000, 0x0000000100000000)
  region size 1024K, 12 young (12288K), 4 survivors (4096K)
 Metaspace       used 35836K, committed 36288K, reserved 1114112K
  class space    used 4256K, committed 4480K, reserved 1048576K
}
Event: 5.563 GC heap after
{Heap after GC invocations=8 (full 0):
 garbage-first heap   total 74752K, used 38718K [0x0000000084c00000, 0x0000000100000000)
  region size 1024K, 2 young (2048K), 2 survivors (2048K)
 Metaspace       used 35836K, committed 36288K, reserved 1114112K
  class space    used 4256K, committed 4480K, reserved 1048576K
}
Event: 8.100 GC heap before
{Heap before GC invocations=9 (full 0):
 garbage-first heap   total 156672K, used 155454K [0x0000000084c00000, 0x0000000100000000)
  region size 1024K, 19 young (19456K), 2 survivors (2048K)
 Metaspace       used 41289K, committed 41856K, reserved 1114112K
  class space    used 5153K, committed 5440K, reserved 1048576K
}
Event: 8.103 GC heap after
{Heap after GC invocations=10 (full 0):
 garbage-first heap   total 194560K, used 140955K [0x0000000084c00000, 0x0000000100000000)
  region size 1024K, 4 young (4096K), 4 survivors (4096K)
 Metaspace       used 41289K, committed 41856K, reserved 1114112K
  class space    used 5153K, committed 5440K, reserved 1048576K
}

