# JRE version: OpenJDK Runtime Environment (21.0.2+13) (build 21.0.2+13-Ubuntu-122.04.1)
# Java VM: OpenJDK 64-Bit Server VM (21.0.2+13-Ubuntu-122.04.1, mixed mode, sharing, tiered, compressed oops, compressed class ptrs, g1 gc, linux-amd64)
Heap:
 garbage-first heap   total 352256K, used 263209K [0x0000000084c00000, 0x0000000100000000)
  region size 1024K, 22 young (22528K), 4 survivors (4096K)
 Metaspace       used 44314K, committed 44928K, reserved 1114112K
  class space    used 5514K, committed 5824K, reserved 1048576K
GC Heap History (20 events):
Event: 1.045 GC heap before
{Heap before GC invocations=0 (full 0):
 garbage-first heap   total 129024K, used 23581K [0x0000000084c00000, 0x0000000100000000)
  region size 1024K, 23 young (23552K), 0 survivors (0K)
 Metaspace       used 5987K, committed 6144K, reserved 1114112K
  class space    used 690K, committed 768K, reserved 1048576K
}
Event: 1.048 GC heap after
{Heap after GC invocations=1 (full 0):
 garbage-first heap   total 129024K, used 4211K [0x0000000084c00000, 0x0000000100000000)
  region size 1024K, 3 young (3072K), 3 survivors (3072K)
 Metaspace       used 5987K, committed 6144K, reserved 1114112K
  class space    used 690K, committed 768K, reserved 1048576K
}
Event: 3.153 GC heap before
{Heap before GC invocations=1 (full 0):
 garbage-first heap   total 129024K, used 53363K [0x0000000084c00000, 0x0000000100000000)
  region size 1024K, 51 young (52224K), 3 survivors (3072K)
 Metaspace       used 15497K, committed 15744K, reserved 1114112K
  class space    used 1802K, committed 1920K, reserved 1048576K
}
Event: 3.159 GC heap after
{Heap after GC invocations=2 (full 0):
 garbage-first heap   total 129024K, used 8311K [0x0000000084c00000, 0x0000000100000000)
  region size 1024K, 7 young (7168K), 7 survivors (7168K)
 Metaspace       used 15497K, committed 15744K, reserved 1114112K
  class space    used 1802K, committed 1920K, reserved 1048576K
}
Event: 3.794 GC heap before
{Heap before GC invocations=2 (full 0):
 garbage-first heap   total 129024K, used 76919K [0x0000000084c00000, 0x0000000100000000)
  region size 1024K, 74 young (75776K), 7 survivors (7168K)
 Metaspace       used 17746K, committed 18048K, reserved 1114112K
  class space    used 1986K, committed 2112K, reserved 1048576K
}
Event: 3.802 GC heap after
{Heap after GC invocations=3 (full 0):
 garbage-first heap   total 129024K, used 13270K [0x0000000084c00000, 0x0000000100000000)
  region size 1024K, 9 young (9216K), 9 survivors (9216K)
 Metaspace       used 17746K, committed 18048K, reserved 1114112K
  class space    used 1986K, committed 2112K, reserved 1048576K
}
Event: 3.953 GC heap before
{Heap before GC invocations=3 (full 0):
 garbage-first heap   total 129024K, used 30678K [0x0000000084c00000, 0x0000000100000000)
  region size 1024K, 27 young (27648K), 9 survivors (9216K)
 Metaspace       used 21218K, committed 21504K, reserved 1114112K
  class space    used 2413K, committed 2560K, reserved 1048576K
}
Event: 3.958 GC heap after
{Heap after GC invocations=4 (full 0):
 garbage-first heap   total 129024K, used 15597K [0x0000000084c00000, 0x0000000100000000)
  region size 1024K, 7 young (7168K), 7 survivors (7168K)
 Metaspace       used 21218K, committed 21504K, reserved 1114112K
  class space    used 2413K, committed 2560K, reserved 1048576K
}
Event: 4.402 GC heap before
{Heap before GC invocations=5 (full 0):
 garbage-first heap   total 61440K, used 59629K [0x0000000084c00000, 0x0000000100000000)
  region size 1024K, 49 young (50176K), 7 survivors (7168K)
 Metaspace       used 27905K, committed 28224K, reserved 1114112K
  class space    used 3129K, committed 3264K, reserved 1048576K
}
Event: 4.414 GC heap after
{Heap after GC invocations=6 (full 0):
 garbage-first heap   total 77824K, used 25135K [0x0000000084c00000, 0x0000000100000000)
  region size 1024K, 10 young (10240K), 10 survivors (10240K)
 Metaspace       used 27905K, committed 28224K, reserved 1114112K
  class space    used 3129K, committed 3264K, reserved 1048576K
}
Event: 5.003 GC heap before
{Heap before GC invocations=6 (full 0):
 garbage-first heap   total 77824K, used 58927K [0x0000000084c00000, 0x0000000100000000)
  region size 1024K, 44 young (45056K), 10 survivors (10240K)
 Metaspace       used 33867K, committed 34432K, reserved 1114112K
  class space    used 3885K, committed 4160K, reserved 1048576K
}
Event: 5.009 GC heap after
{Heap after GC invocations=7 (full 0):
 garbage-first heap   total 77824K, used 29062K [0x0000000084c00000, 0x0000000100000000)
  region size 1024K, 5 young (5120K), 5 survivors (5120K)
 Metaspace       used 33867K, committed 34432K, reserved 1114112K
  class space    used 3885K, committed 4160K, reserved 1048576K
}
Event: 5.099 GC heap before
{Heap before GC invocations=7 (full 0):
 garbage-first heap   total 77824K, used 42374K [0x0000000084c00000, 0x0000000100000000)
  region size 1024K, 12 young (12288K), 5 survivors (5120K)
 Metaspace       used 35648K, committed 36160K, reserved 1114112K
  class space    used 4174K, committed 4416K, reserved 1048576K
}
Event: 5.102 GC heap after
{Heap after GC invocations=8 (full 0):
 garbage-first heap   total 94208K, used 38565K [0x0000000084c00000, 0x0000000100000000)
  region size 1024K, 2 young (2048K), 2 survivors (2048K)
 Metaspace       used 35648K, committed 36160K, reserved 1114112K
  class space    used 4174K, committed 4416K, reserved 1048576K
}
Event: 13.713 GC heap before
{Heap before GC invocations=9 (full 0):
 garbage-first heap   total 192512K, used 190117K [0x0000000084c00000, 0x0000000100000000)
  region size 1024K, 27 young (27648K), 2 survivors (2048K)
 Metaspace       used 42820K, committed 43392K, reserved 1114112K
  class space    used 5435K, committed 5696K, reserved 1048576K
}
Event: 13.717 GC heap after
{Heap after GC invocations=10 (full 0):
 garbage-first heap   total 198656K, used 134550K [0x0000000084c00000, 0x0000000100000000)
  region size 1024K, 6 young (6144K), 6 survivors (6144K)
 Metaspace       used 42820K, committed 43392K, reserved 1114112K
  class space    used 5435K, committed 5696K, reserved 1048576K
}
Event: 23.676 GC heap before
{Heap before GC invocations=10 (full 0):
 garbage-first heap   total 240640K, used 237974K [0x0000000084c00000, 0x0000000100000000)
  region size 1024K, 20 young (20480K), 6 survivors (6144K)
 Metaspace       used 44119K, committed 44736K, reserved 1114112K
  class space    used 5502K, committed 5824K, reserved 1048576K
}
Event: 23.680 GC heap after
{Heap after GC invocations=11 (full 0):
 garbage-first heap   total 248832K, used 199882K [0x0000000084c00000, 0x0000000100000000)
  region size 1024K, 6 young (6144K), 6 survivors (6144K)
 Metaspace       used 44119K, committed 44736K, reserved 1114112K
  class space    used 5502K, committed 5824K, reserved 1048576K
}
Event: 23.729 GC heap before
{Heap before GC invocations=11 (full 0):
 garbage-first heap   total 248832K, used 199882K [0x0000000084c00000, 0x0000000100000000)
  region size 1024K, 7 young (7168K), 6 survivors (6144K)
 Metaspace       used 44155K, committed 44800K, reserved 1114112K
  class space    used 5502K, committed 5824K, reserved 1048576K
}
Event: 23.732 GC heap after
{Heap after GC invocations=12 (full 0):
 garbage-first heap   total 248832K, used 200745K [0x0000000084c00000, 0x0000000100000000)
  region size 1024K, 4 young (4096K), 4 survivors (4096K)
 Metaspace       used 44155K, committed 44800K, reserved 1114112K
  class space    used 5502K, committed 5824K, reserved 1048576K
}

