# JRE version: OpenJDK Runtime Environment (21.0.2+13) (build 21.0.2+13-Ubuntu-122.04.1)
# Java VM: OpenJDK 64-Bit Server VM (21.0.2+13-Ubuntu-122.04.1, mixed mode, sharing, tiered, compressed oops, compressed class ptrs, g1 gc, linux-amd64)
Heap:
 garbage-first heap   total 345088K, used 216033K [0x0000000084c00000, 0x0000000100000000)
  region size 1024K, 5 young (5120K), 1 survivors (1024K)
 Metaspace       used 43280K, committed 43776K, reserved 1114112K
  class space    used 5332K, committed 5568K, reserved 1048576K
GC Heap History (20 events):
Event: 1.166 GC heap before
{Heap before GC invocations=0 (full 0):
 garbage-first heap   total 129024K, used 23581K [0x0000000084c00000, 0x0000000100000000)
  region size 1024K, 23 young (23552K), 0 survivors (0K)
 Metaspace       used 5987K, committed 6144K, reserved 1114112K
  class space    used 690K, committed 768K, reserved 1048576K
}
Event: 1.168 GC heap after
{Heap after GC invocations=1 (full 0):
 garbage-first heap   total 129024K, used 4245K [0x0000000084c00000, 0x0000000100000000)
  region size 1024K, 3 young (3072K), 3 survivors (3072K)
 Metaspace       used 5987K, committed 6144K, reserved 1114112K
  class space    used 690K, committed 768K, reserved 1048576K
}
Event: 3.342 GC heap before
{Heap before GC invocations=1 (full 0):
 garbage-first heap   total 129024K, used 53397K [0x0000000084c00000, 0x0000000100000000)
  region size 1024K, 51 young (52224K), 3 survivors (3072K)
 Metaspace       used 15453K, committed 15744K, reserved 1114112K
  class space    used 1800K, committed 1920K, reserved 1048576K
}
Event: 3.347 GC heap after
{Heap after GC invocations=2 (full 0):
 garbage-first heap   total 129024K, used 8341K [0x0000000084c00000, 0x0000000100000000)
  region size 1024K, 7 young (7168K), 7 survivors (7168K)
 Metaspace       used 15453K, committed 15744K, reserved 1114112K
  class space    used 1800K, committed 1920K, reserved 1048576K
}
Event: 3.849 GC heap before
{Heap before GC invocations=2 (full 0):
 garbage-first heap   total 129024K, used 76949K [0x0000000084c00000, 0x0000000100000000)
  region size 1024K, 74 young (75776K), 7 survivors (7168K)
 Metaspace       used 17744K, committed 18048K, reserved 1114112K
  class space    used 1986K, committed 2112K, reserved 1048576K
}
Event: 3.856 GC heap after
{Heap after GC invocations=3 (full 0):
 garbage-first heap   total 129024K, used 12958K [0x0000000084c00000, 0x0000000100000000)
  region size 1024K, 9 young (9216K), 9 survivors (9216K)
 Metaspace       used 17744K, committed 18048K, reserved 1114112K
  class space    used 1986K, committed 2112K, reserved 1048576K
}
Event: 3.988 GC heap before
{Heap before GC invocations=3 (full 0):
 garbage-first heap   total 129024K, used 30366K [0x0000000084c00000, 0x0000000100000000)
  region size 1024K, 27 young (27648K), 9 survivors (9216K)
 Metaspace       used 21225K, committed 21504K, reserved 1114112K
  class space    used 2413K, committed 2560K, reserved 1048576K
}
Event: 3.994 GC heap after
{Heap after GC invocations=4 (full 0):
 garbage-first heap   total 129024K, used 14995K [0x0000000084c00000, 0x0000000100000000)
  region size 1024K, 7 young (7168K), 7 survivors (7168K)
 Metaspace       used 21225K, committed 21504K, reserved 1114112K
  class space    used 2413K, committed 2560K, reserved 1048576K
}
Event: 4.367 GC heap before
{Heap before GC invocations=5 (full 0):
 garbage-first heap   total 58368K, used 56979K [0x0000000084c00000, 0x0000000100000000)
  region size 1024K, 47 young (48128K), 7 survivors (7168K)
 Metaspace       used 28156K, committed 28480K, reserved 1114112K
  class space    used 3164K, committed 3328K, reserved 1048576K
}
Event: 4.378 GC heap after
{Heap after GC invocations=6 (full 0):
 garbage-first heap   total 74752K, used 24774K [0x0000000084c00000, 0x0000000100000000)
  region size 1024K, 10 young (10240K), 10 survivors (10240K)
 Metaspace       used 28156K, committed 28480K, reserved 1114112K
  class space    used 3164K, committed 3328K, reserved 1048576K
}
Event: 4.944 GC heap before
{Heap before GC invocations=6 (full 0):
 garbage-first heap   total 74752K, used 57542K [0x0000000084c00000, 0x0000000100000000)
  region size 1024K, 42 young (43008K), 10 survivors (10240K)
 Metaspace       used 33765K, committed 34176K, reserved 1114112K
  class space    used 3877K, committed 4032K, reserved 1048576K
}
Event: 4.950 GC heap after
{Heap after GC invocations=7 (full 0):
 garbage-first heap   total 74752K, used 28631K [0x0000000084c00000, 0x0000000100000000)
  region size 1024K, 4 young (4096K), 4 survivors (4096K)
 Metaspace       used 33765K, committed 34176K, reserved 1114112K
  class space    used 3877K, committed 4032K, reserved 1048576K
}
Event: 5.065 GC heap before
{Heap before GC invocations=7 (full 0):
 garbage-first heap   total 74752K, used 42967K [0x0000000084c00000, 0x0000000100000000)
  region size 1024K, 11 young (11264K), 4 survivors (4096K)
 Metaspace       used 35684K, committed 36160K, reserved 1114112K
  class space    used 4230K, committed 4480K, reserved 1048576K
}
Event: 5.068 GC heap after
{Heap after GC invocations=8 (full 0):
 garbage-first heap   total 90112K, used 38258K [0x0000000084c00000, 0x0000000100000000)
  region size 1024K, 2 young (2048K), 2 survivors (2048K)
 Metaspace       used 35684K, committed 36160K, reserved 1114112K
  class space    used 4230K, committed 4480K, reserved 1048576K
}
Event: 13.233 GC heap before
{Heap before GC invocations=9 (full 0):
 garbage-first heap   total 161792K, used 160114K [0x0000000084c00000, 0x0000000100000000)
  region size 1024K, 24 young (24576K), 2 survivors (2048K)
 Metaspace       used 42199K, committed 42752K, reserved 1114112K
  class space    used 5269K, committed 5504K, reserved 1048576K
}
Event: 13.238 GC heap after
{Heap after GC invocations=10 (full 0):
 garbage-first heap   total 166912K, used 141489K [0x0000000084c00000, 0x0000000100000000)
  region size 1024K, 5 young (5120K), 5 survivors (5120K)
 Metaspace       used 42199K, committed 42752K, reserved 1114112K
  class space    used 5269K, committed 5504K, reserved 1048576K
}
Event: 24.180 GC heap before
{Heap before GC invocations=10 (full 0):
 garbage-first heap   total 224256K, used 218289K [0x0000000084c00000, 0x0000000100000000)
  region size 1024K, 15 young (15360K), 5 survivors (5120K)
 Metaspace       used 43073K, committed 43584K, reserved 1114112K
  class space    used 5328K, committed 5568K, reserved 1048576K
}
Event: 24.184 GC heap after
{Heap after GC invocations=11 (full 0):
 garbage-first heap   total 228352K, used 203388K [0x0000000084c00000, 0x0000000100000000)
  region size 1024K, 2 young (2048K), 2 survivors (2048K)
 Metaspace       used 43073K, committed 43584K, reserved 1114112K
  class space    used 5328K, committed 5568K, reserved 1048576K
}
Event: 24.214 GC heap before
{Heap before GC invocations=11 (full 0):
 garbage-first heap   total 228352K, used 203388K [0x0000000084c00000, 0x0000000100000000)
  region size 1024K, 3 young (3072K), 2 survivors (2048K)
 Metaspace       used 43195K, committed 43712K, reserved 1114112K
  class space    used 5328K, committed 5568K, reserved 1048576K
}
Event: 24.217 GC heap after
{Heap after GC invocations=12 (full 0):
 garbage-first heap   total 228352K, used 204769K [0x0000000084c00000, 0x0000000100000000)
  region size 1024K, 1 young (1024K), 1 survivors (1024K)
 Metaspace       used 43195K, committed 43712K, reserved 1114112K
  class space    used 5328K, committed 5568K, reserved 1048576K
}

