# JRE version: OpenJDK Runtime Environment (21.0.2+13) (build 21.0.2+13-Ubuntu-122.04.1)
# Java VM: OpenJDK 64-Bit Server VM (21.0.2+13-Ubuntu-122.04.1, mixed mode, sharing, tiered, compressed oops, compressed class ptrs, g1 gc, linux-amd64)
Heap:
 garbage-first heap   total 358400K, used 238564K [0x0000000084c00000, 0x0000000100000000)
  region size 1024K, 7 young (7168K), 1 survivors (1024K)
 Metaspace       used 43442K, committed 43968K, reserved 1114112K
  class space    used 5326K, committed 5568K, reserved 1048576K
GC Heap History (20 events):
Event: 1.276 GC heap before
{Heap before GC invocations=0 (full 0):
 garbage-first heap   total 129024K, used 23581K [0x0000000084c00000, 0x0000000100000000)
  region size 1024K, 23 young (23552K), 0 survivors (0K)
 Metaspace       used 5986K, committed 6144K, reserved 1114112K
  class space    used 690K, committed 768K, reserved 1048576K
}
Event: 1.279 GC heap after
{Heap after GC invocations=1 (full 0):
 garbage-first heap   total 129024K, used 4229K [0x0000000084c00000, 0x0000000100000000)
  region size 1024K, 3 young (3072K), 3 survivors (3072K)
 Metaspace       used 5986K, committed 6144K, reserved 1114112K
  class space    used 690K, committed 768K, reserved 1048576K
}
Event: 3.570 GC heap before
{Heap before GC invocations=1 (full 0):
 garbage-first heap   total 129024K, used 53381K [0x0000000084c00000, 0x0000000100000000)
  region size 1024K, 51 young (52224K), 3 survivors (3072K)
 Metaspace       used 15508K, committed 15808K, reserved 1114112K
  class space    used 1806K, committed 1920K, reserved 1048576K
}
Event: 3.576 GC heap after
{Heap after GC invocations=2 (full 0):
 garbage-first heap   total 129024K, used 8325K [0x0000000084c00000, 0x0000000100000000)
  region size 1024K, 7 young (7168K), 7 survivors (7168K)
 Metaspace       used 15508K, committed 15808K, reserved 1114112K
  class space    used 1806K, committed 1920K, reserved 1048576K
}
Event: 4.103 GC heap before
{Heap before GC invocations=2 (full 0):
 garbage-first heap   total 129024K, used 76933K [0x0000000084c00000, 0x0000000100000000)
  region size 1024K, 74 young (75776K), 7 survivors (7168K)
 Metaspace       used 17736K, committed 18048K, reserved 1114112K
  class space    used 1986K, committed 2112K, reserved 1048576K
}
Event: 4.111 GC heap after
{Heap after GC invocations=3 (full 0):
 garbage-first heap   total 129024K, used 13798K [0x0000000084c00000, 0x0000000100000000)
  region size 1024K, 10 young (10240K), 10 survivors (10240K)
 Metaspace       used 17736K, committed 18048K, reserved 1114112K
  class space    used 1986K, committed 2112K, reserved 1048576K
}
Event: 4.247 GC heap before
{Heap before GC invocations=3 (full 0):
 garbage-first heap   total 129024K, used 30182K [0x0000000084c00000, 0x0000000100000000)
  region size 1024K, 27 young (27648K), 10 survivors (10240K)
 Metaspace       used 21230K, committed 21504K, reserved 1114112K
  class space    used 2415K, committed 2560K, reserved 1048576K
}
Event: 4.252 GC heap after
{Heap after GC invocations=4 (full 0):
 garbage-first heap   total 129024K, used 14802K [0x0000000084c00000, 0x0000000100000000)
  region size 1024K, 7 young (7168K), 7 survivors (7168K)
 Metaspace       used 21230K, committed 21504K, reserved 1114112K
  class space    used 2415K, committed 2560K, reserved 1048576K
}
Event: 4.616 GC heap before
{Heap before GC invocations=5 (full 0):
 garbage-first heap   total 58368K, used 56786K [0x0000000084c00000, 0x0000000100000000)
  region size 1024K, 47 young (48128K), 7 survivors (7168K)
 Metaspace       used 27718K, committed 28032K, reserved 1114112K
  class space    used 3120K, committed 3264K, reserved 1048576K
}
Event: 4.627 GC heap after
{Heap after GC invocations=6 (full 0):
 garbage-first heap   total 74752K, used 25042K [0x0000000084c00000, 0x0000000100000000)
  region size 1024K, 10 young (10240K), 10 survivors (10240K)
 Metaspace       used 27718K, committed 28032K, reserved 1114112K
  class space    used 3120K, committed 3264K, reserved 1048576K
}
Event: 5.219 GC heap before
{Heap before GC invocations=6 (full 0):
 garbage-first heap   total 74752K, used 57810K [0x0000000084c00000, 0x0000000100000000)
  region size 1024K, 42 young (43008K), 10 survivors (10240K)
 Metaspace       used 33415K, committed 33856K, reserved 1114112K
  class space    used 3821K, committed 4032K, reserved 1048576K
}
Event: 5.226 GC heap after
{Heap after GC invocations=7 (full 0):
 garbage-first heap   total 74752K, used 28511K [0x0000000084c00000, 0x0000000100000000)
  region size 1024K, 4 young (4096K), 4 survivors (4096K)
 Metaspace       used 33415K, committed 33856K, reserved 1114112K
  class space    used 3821K, committed 4032K, reserved 1048576K
}
Event: 5.347 GC heap before
{Heap before GC invocations=7 (full 0):
 garbage-first heap   total 74752K, used 43871K [0x0000000084c00000, 0x0000000100000000)
  region size 1024K, 12 young (12288K), 4 survivors (4096K)
 Metaspace       used 35701K, committed 36160K, reserved 1114112K
  class space    used 4234K, committed 4480K, reserved 1048576K
}
Event: 5.350 GC heap after
{Heap after GC invocations=8 (full 0):
 garbage-first heap   total 92160K, used 38387K [0x0000000084c00000, 0x0000000100000000)
  region size 1024K, 2 young (2048K), 2 survivors (2048K)
 Metaspace       used 35701K, committed 36160K, reserved 1114112K
  class space    used 4234K, committed 4480K, reserved 1048576K
}
Event: 58.947 GC heap before
{Heap before GC invocations=9 (full 0):
 garbage-first heap   total 163840K, used 162291K [0x0000000084c00000, 0x0000000100000000)
  region size 1024K, 26 young (26624K), 2 survivors (2048K)
 Metaspace       used 41875K, committed 42304K, reserved 1114112K
  class space    used 5176K, committed 5376K, reserved 1048576K
}
Event: 58.950 GC heap after
{Heap after GC invocations=10 (full 0):
 garbage-first heap   total 168960K, used 140915K [0x0000000084c00000, 0x0000000100000000)
  region size 1024K, 5 young (5120K), 5 survivors (5120K)
 Metaspace       used 41875K, committed 42304K, reserved 1114112K
  class space    used 5176K, committed 5376K, reserved 1048576K
}
Event: 65.512 GC heap before
{Heap before GC invocations=10 (full 0):
 garbage-first heap   total 261120K, used 246387K [0x0000000084c00000, 0x0000000100000000)
  region size 1024K, 17 young (17408K), 5 survivors (5120K)
 Metaspace       used 43112K, committed 43648K, reserved 1114112K
  class space    used 5318K, committed 5568K, reserved 1048576K
}
Event: 65.516 GC heap after
{Heap after GC invocations=11 (full 0):
 garbage-first heap   total 261120K, used 230105K [0x0000000084c00000, 0x0000000100000000)
  region size 1024K, 3 young (3072K), 3 survivors (3072K)
 Metaspace       used 43112K, committed 43648K, reserved 1114112K
  class space    used 5318K, committed 5568K, reserved 1048576K
}
Event: 72.595 GC heap before
{Heap before GC invocations=11 (full 0):
 garbage-first heap   total 261120K, used 235225K [0x0000000084c00000, 0x0000000100000000)
  region size 1024K, 9 young (9216K), 3 survivors (3072K)
 Metaspace       used 43358K, committed 43840K, reserved 1114112K
  class space    used 5323K, committed 5568K, reserved 1048576K
}
Event: 72.598 GC heap after
{Heap after GC invocations=12 (full 0):
 garbage-first heap   total 261120K, used 230372K [0x0000000084c00000, 0x0000000100000000)
  region size 1024K, 1 young (1024K), 1 survivors (1024K)
 Metaspace       used 43358K, committed 43840K, reserved 1114112K
  class space    used 5323K, committed 5568K, reserved 1048576K
}

