# JRE version: OpenJDK Runtime Environment (21.0.2+13) (build 21.0.2+13-Ubuntu-122.04.1)
# Java VM: OpenJDK 64-Bit Server VM (21.0.2+13-Ubuntu-122.04.1, mixed mode, sharing, tiered, compressed oops, compressed class ptrs, g1 gc, linux-amd64)
Heap:
 garbage-first heap   total 135168K, used 129035K [0x0000000084c00000, 0x0000000100000000)
  region size 1024K, 12 young (12288K), 4 survivors (4096K)
 Metaspace       used 42090K, committed 42624K, reserved 1114112K
  class space    used 5160K, committed 5440K, reserved 1048576K
GC Heap History (16 events):
Event: 1.163 GC heap before
{Heap before GC invocations=0 (full 0):
 garbage-first heap   total 129024K, used 23581K [0x0000000084c00000, 0x0000000100000000)
  region size 1024K, 23 young (23552K), 0 survivors (0K)
 Metaspace       used 5984K, committed 6144K, reserved 1114112K
  class space    used 690K, committed 768K, reserved 1048576K
}
Event: 1.165 GC heap after
{Heap after GC invocations=1 (full 0):
 garbage-first heap   total 129024K, used 4229K [0x0000000084c00000, 0x0000000100000000)
  region size 1024K, 3 young (3072K), 3 survivors (3072K)
 Metaspace       used 5984K, committed 6144K, reserved 1114112K
  class space    used 690K, committed 768K, reserved 1048576K
}
Event: 3.452 GC heap before
{Heap before GC invocations=1 (full 0):
 garbage-first heap   total 129024K, used 53381K [0x0000000084c00000, 0x0000000100000000)
  region size 1024K, 51 young (52224K), 3 survivors (3072K)
 Metaspace       used 15583K, committed 15808K, reserved 1114112K
  class space    used 1818K, committed 1920K, reserved 1048576K
}
Event: 3.458 GC heap after
{Heap after GC invocations=2 (full 0):
 garbage-first heap   total 129024K, used 8325K [0x0000000084c00000, 0x0000000100000000)
  region size 1024K, 7 young (7168K), 7 survivors (7168K)
 Metaspace       used 15583K, committed 15808K, reserved 1114112K
  class space    used 1818K, committed 1920K, reserved 1048576K
}
Event: 3.993 GC heap before
{Heap before GC invocations=2 (full 0):
 garbage-first heap   total 129024K, used 76933K [0x0000000084c00000, 0x0000000100000000)
  region size 1024K, 74 young (75776K), 7 survivors (7168K)
 Metaspace       used 17743K, committed 18048K, reserved 1114112K
  class space    used 1986K, committed 2112K, reserved 1048576K
}
Event: 4.001 GC heap after
{Heap after GC invocations=3 (full 0):
 garbage-first heap   total 129024K, used 13857K [0x0000000084c00000, 0x0000000100000000)
  region size 1024K, 10 young (10240K), 10 survivors (10240K)
 Metaspace       used 17743K, committed 18048K, reserved 1114112K
  class space    used 1986K, committed 2112K, reserved 1048576K
}
Event: 4.142 GC heap before
{Heap before GC invocations=3 (full 0):
 garbage-first heap   total 129024K, used 30241K [0x0000000084c00000, 0x0000000100000000)
  region size 1024K, 27 young (27648K), 10 survivors (10240K)
 Metaspace       used 21243K, committed 21504K, reserved 1114112K
  class space    used 2413K, committed 2560K, reserved 1048576K
}
Event: 4.147 GC heap after
{Heap after GC invocations=4 (full 0):
 garbage-first heap   total 129024K, used 15165K [0x0000000084c00000, 0x0000000100000000)
  region size 1024K, 7 young (7168K), 7 survivors (7168K)
 Metaspace       used 21243K, committed 21504K, reserved 1114112K
  class space    used 2413K, committed 2560K, reserved 1048576K
}
Event: 4.526 GC heap before
{Heap before GC invocations=5 (full 0):
 garbage-first heap   total 58368K, used 57149K [0x0000000084c00000, 0x0000000100000000)
  region size 1024K, 47 young (48128K), 7 survivors (7168K)
 Metaspace       used 28035K, committed 28416K, reserved 1114112K
  class space    used 3137K, committed 3328K, reserved 1048576K
}
Event: 4.538 GC heap after
{Heap after GC invocations=6 (full 0):
 garbage-first heap   total 74752K, used 24900K [0x0000000084c00000, 0x0000000100000000)
  region size 1024K, 10 young (10240K), 10 survivors (10240K)
 Metaspace       used 28035K, committed 28416K, reserved 1114112K
  class space    used 3137K, committed 3328K, reserved 1048576K
}
Event: 5.136 GC heap before
{Heap before GC invocations=6 (full 0):
 garbage-first heap   total 74752K, used 57668K [0x0000000084c00000, 0x0000000100000000)
  region size 1024K, 42 young (43008K), 10 survivors (10240K)
 Metaspace       used 33796K, committed 34176K, reserved 1114112K
  class space    used 3877K, committed 4032K, reserved 1048576K
}
Event: 5.141 GC heap after
{Heap after GC invocations=7 (full 0):
 garbage-first heap   total 74752K, used 28457K [0x0000000084c00000, 0x0000000100000000)
  region size 1024K, 4 young (4096K), 4 survivors (4096K)
 Metaspace       used 33796K, committed 34176K, reserved 1114112K
  class space    used 3877K, committed 4032K, reserved 1048576K
}
Event: 5.252 GC heap before
{Heap before GC invocations=7 (full 0):
 garbage-first heap   total 74752K, used 42793K [0x0000000084c00000, 0x0000000100000000)
  region size 1024K, 11 young (11264K), 4 survivors (4096K)
 Metaspace       used 35696K, committed 36160K, reserved 1114112K
  class space    used 4229K, committed 4480K, reserved 1048576K
}
Event: 5.255 GC heap after
{Heap after GC invocations=8 (full 0):
 garbage-first heap   total 74752K, used 38237K [0x0000000084c00000, 0x0000000100000000)
  region size 1024K, 2 young (2048K), 2 survivors (2048K)
 Metaspace       used 35696K, committed 36160K, reserved 1114112K
  class space    used 4229K, committed 4480K, reserved 1048576K
}
Event: 13.419 GC heap before
{Heap before GC invocations=9 (full 0):
 garbage-first heap   total 93184K, used 91485K [0x0000000084c00000, 0x0000000100000000)
  region size 1024K, 19 young (19456K), 2 survivors (2048K)
 Metaspace       used 40995K, committed 41472K, reserved 1114112K
  class space    used 5080K, committed 5312K, reserved 1048576K
}
Event: 13.421 GC heap after
{Heap after GC invocations=10 (full 0):
 garbage-first heap   total 131072K, used 76811K [0x0000000084c00000, 0x0000000100000000)
  region size 1024K, 4 young (4096K), 4 survivors (4096K)
 Metaspace       used 40995K, committed 41472K, reserved 1114112K
  class space    used 5080K, committed 5312K, reserved 1048576K
}

