# JRE version: OpenJDK Runtime Environment (21.0.2+13) (build 21.0.2+13-Ubuntu-122.04.1)
# Java VM: OpenJDK 64-Bit Server VM (21.0.2+13-Ubuntu-122.04.1, mixed mode, sharing, tiered, compressed oops, compressed class ptrs, g1 gc, linux-amd64)
Heap:
 garbage-first heap   total 296960K, used 216583K [0x0000000084c00000, 0x0000000100000000)
  region size 1024K, 18 young (18432K), 3 survivors (3072K)
 Metaspace       used 43792K, committed 44352K, reserved 1114112K
  class space    used 5341K, committed 5632K, reserved 1048576K
GC Heap History (20 events):
Event: 1.132 GC heap before
{Heap before GC invocations=0 (full 0):
 garbage-first heap   total 129024K, used 23581K [0x0000000084c00000, 0x0000000100000000)
  region size 1024K, 23 young (23552K), 0 survivors (0K)
 Metaspace       used 5986K, committed 6144K, reserved 1114112K
  class space    used 690K, committed 768K, reserved 1048576K
}
Event: 1.135 GC heap after
{Heap after GC invocations=1 (full 0):
 garbage-first heap   total 129024K, used 4264K [0x0000000084c00000, 0x0000000100000000)
  region size 1024K, 3 young (3072K), 3 survivors (3072K)
 Metaspace       used 5986K, committed 6144K, reserved 1114112K
  class space    used 690K, committed 768K, reserved 1048576K
}
Event: 3.363 GC heap before
{Heap before GC invocations=1 (full 0):
 garbage-first heap   total 129024K, used 53416K [0x0000000084c00000, 0x0000000100000000)
  region size 1024K, 51 young (52224K), 3 survivors (3072K)
 Metaspace       used 15562K, committed 15808K, reserved 1114112K
  class space    used 1816K, committed 1920K, reserved 1048576K
}
Event: 3.368 GC heap after
{Heap after GC invocations=2 (full 0):
 garbage-first heap   total 129024K, used 8360K [0x0000000084c00000, 0x0000000100000000)
  region size 1024K, 7 young (7168K), 7 survivors (7168K)
 Metaspace       used 15562K, committed 15808K, reserved 1114112K
  class space    used 1816K, committed 1920K, reserved 1048576K
}
Event: 3.879 GC heap before
{Heap before GC invocations=2 (full 0):
 garbage-first heap   total 129024K, used 76968K [0x0000000084c00000, 0x0000000100000000)
  region size 1024K, 74 young (75776K), 7 survivors (7168K)
 Metaspace       used 17739K, committed 18048K, reserved 1114112K
  class space    used 1986K, committed 2112K, reserved 1048576K
}
Event: 3.886 GC heap after
{Heap after GC invocations=3 (full 0):
 garbage-first heap   total 129024K, used 13341K [0x0000000084c00000, 0x0000000100000000)
  region size 1024K, 9 young (9216K), 9 survivors (9216K)
 Metaspace       used 17739K, committed 18048K, reserved 1114112K
  class space    used 1986K, committed 2112K, reserved 1048576K
}
Event: 4.021 GC heap before
{Heap before GC invocations=3 (full 0):
 garbage-first heap   total 129024K, used 30749K [0x0000000084c00000, 0x0000000100000000)
  region size 1024K, 27 young (27648K), 9 survivors (9216K)
 Metaspace       used 21225K, committed 21504K, reserved 1114112K
  class space    used 2413K, committed 2560K, reserved 1048576K
}
Event: 4.026 GC heap after
{Heap after GC invocations=4 (full 0):
 garbage-first heap   total 129024K, used 14853K [0x0000000084c00000, 0x0000000100000000)
  region size 1024K, 7 young (7168K), 7 survivors (7168K)
 Metaspace       used 21225K, committed 21504K, reserved 1114112K
  class space    used 2413K, committed 2560K, reserved 1048576K
}
Event: 4.411 GC heap before
{Heap before GC invocations=5 (full 0):
 garbage-first heap   total 58368K, used 56837K [0x0000000084c00000, 0x0000000100000000)
  region size 1024K, 47 young (48128K), 7 survivors (7168K)
 Metaspace       used 27968K, committed 28288K, reserved 1114112K
  class space    used 3128K, committed 3264K, reserved 1048576K
}
Event: 4.421 GC heap after
{Heap after GC invocations=6 (full 0):
 garbage-first heap   total 74752K, used 24901K [0x0000000084c00000, 0x0000000100000000)
  region size 1024K, 10 young (10240K), 10 survivors (10240K)
 Metaspace       used 27968K, committed 28288K, reserved 1114112K
  class space    used 3128K, committed 3264K, reserved 1048576K
}
Event: 5.031 GC heap before
{Heap before GC invocations=6 (full 0):
 garbage-first heap   total 74752K, used 56645K [0x0000000084c00000, 0x0000000100000000)
  region size 1024K, 42 young (43008K), 10 survivors (10240K)
 Metaspace       used 33539K, committed 33984K, reserved 1114112K
  class space    used 3835K, committed 4032K, reserved 1048576K
}
Event: 5.037 GC heap after
{Heap after GC invocations=7 (full 0):
 garbage-first heap   total 74752K, used 28735K [0x0000000084c00000, 0x0000000100000000)
  region size 1024K, 4 young (4096K), 4 survivors (4096K)
 Metaspace       used 33539K, committed 33984K, reserved 1114112K
  class space    used 3835K, committed 4032K, reserved 1048576K
}
Event: 5.155 GC heap before
{Heap before GC invocations=7 (full 0):
 garbage-first heap   total 74752K, used 44095K [0x0000000084c00000, 0x0000000100000000)
  region size 1024K, 12 young (12288K), 4 survivors (4096K)
 Metaspace       used 35688K, committed 36160K, reserved 1114112K
  class space    used 4233K, committed 4480K, reserved 1048576K
}
Event: 5.157 GC heap after
{Heap after GC invocations=8 (full 0):
 garbage-first heap   total 74752K, used 38718K [0x0000000084c00000, 0x0000000100000000)
  region size 1024K, 2 young (2048K), 2 survivors (2048K)
 Metaspace       used 35688K, committed 36160K, reserved 1114112K
  class space    used 4233K, committed 4480K, reserved 1048576K
}
Event: 14.673 GC heap before
{Heap before GC invocations=9 (full 0):
 garbage-first heap   total 93184K, used 91966K [0x0000000084c00000, 0x0000000100000000)
  region size 1024K, 19 young (19456K), 2 survivors (2048K)
 Metaspace       used 40881K, committed 41408K, reserved 1114112K
  class space    used 5083K, committed 5312K, reserved 1048576K
}
Event: 14.677 GC heap after
{Heap after GC invocations=10 (full 0):
 garbage-first heap   total 143360K, used 77362K [0x0000000084c00000, 0x0000000100000000)
  region size 1024K, 4 young (4096K), 4 survivors (4096K)
 Metaspace       used 40881K, committed 41408K, reserved 1114112K
  class space    used 5083K, committed 5312K, reserved 1048576K
}
Event: 291.157 GC heap before
{Heap before GC invocations=10 (full 0):
 garbage-first heap   total 227328K, used 225842K [0x0000000084c00000, 0x0000000100000000)
  region size 1024K, 32 young (32768K), 4 survivors (4096K)
 Metaspace       used 43138K, committed 43712K, reserved 1114112K
  class space    used 5334K, committed 5632K, reserved 1048576K
}
Event: 291.162 GC heap after
{Heap after GC invocations=11 (full 0):
 garbage-first heap   total 234496K, used 181870K [0x0000000084c00000, 0x0000000100000000)
  region size 1024K, 6 young (6144K), 6 survivors (6144K)
 Metaspace       used 43138K, committed 43712K, reserved 1114112K
  class space    used 5334K, committed 5632K, reserved 1048576K
}
Event: 291.163 GC heap before
{Heap before GC invocations=11 (full 0):
 garbage-first heap   total 234496K, used 182894K [0x0000000084c00000, 0x0000000100000000)
  region size 1024K, 8 young (8192K), 6 survivors (6144K)
 Metaspace       used 43142K, committed 43712K, reserved 1114112K
  class space    used 5334K, committed 5632K, reserved 1048576K
}
Event: 291.166 GC heap after
{Heap after GC invocations=12 (full 0):
 garbage-first heap   total 234496K, used 165383K [0x0000000084c00000, 0x0000000100000000)
  region size 1024K, 3 young (3072K), 3 survivors (3072K)
 Metaspace       used 43142K, committed 43712K, reserved 1114112K
  class space    used 5334K, committed 5632K, reserved 1048576K
}

