# JRE version: OpenJDK Runtime Environment (21.0.2+13) (build 21.0.2+13-Ubuntu-122.04.1)
# Java VM: OpenJDK 64-Bit Server VM (21.0.2+13-Ubuntu-122.04.1, mixed mode, sharing, tiered, compressed oops, compressed class ptrs, g1 gc, linux-amd64)
Heap:
 garbage-first heap   total 274432K, used 234310K [0x0000000084c00000, 0x0000000100000000)
  region size 1024K, 10 young (10240K), 7 survivors (7168K)
 Metaspace       used 44224K, committed 44736K, reserved 1114112K
  class space    used 5503K, committed 5760K, reserved 1048576K
GC Heap History (20 events):
Event: 3.368 GC heap before
{Heap before GC invocations=1 (full 0):
 garbage-first heap   total 129024K, used 53451K [0x0000000084c00000, 0x0000000100000000)
  region size 1024K, 51 young (52224K), 3 survivors (3072K)
 Metaspace       used 15579K, committed 15808K, reserved 1114112K
  class space    used 1818K, committed 1920K, reserved 1048576K
}
Event: 3.375 GC heap after
{Heap after GC invocations=2 (full 0):
 garbage-first heap   total 129024K, used 8538K [0x0000000084c00000, 0x0000000100000000)
  region size 1024K, 7 young (7168K), 7 survivors (7168K)
 Metaspace       used 15579K, committed 15808K, reserved 1114112K
  class space    used 1818K, committed 1920K, reserved 1048576K
}
Event: 3.987 GC heap before
{Heap before GC invocations=2 (full 0):
 garbage-first heap   total 129024K, used 77146K [0x0000000084c00000, 0x0000000100000000)
  region size 1024K, 74 young (75776K), 7 survivors (7168K)
 Metaspace       used 17758K, committed 18048K, reserved 1114112K
  class space    used 1986K, committed 2112K, reserved 1048576K
}
Event: 3.995 GC heap after
{Heap after GC invocations=3 (full 0):
 garbage-first heap   total 129024K, used 13358K [0x0000000084c00000, 0x0000000100000000)
  region size 1024K, 9 young (9216K), 9 survivors (9216K)
 Metaspace       used 17758K, committed 18048K, reserved 1114112K
  class space    used 1986K, committed 2112K, reserved 1048576K
}
Event: 4.153 GC heap before
{Heap before GC invocations=3 (full 0):
 garbage-first heap   total 129024K, used 30766K [0x0000000084c00000, 0x0000000100000000)
  region size 1024K, 27 young (27648K), 9 survivors (9216K)
 Metaspace       used 21243K, committed 21504K, reserved 1114112K
  class space    used 2414K, committed 2560K, reserved 1048576K
}
Event: 4.158 GC heap after
{Heap after GC invocations=4 (full 0):
 garbage-first heap   total 129024K, used 15578K [0x0000000084c00000, 0x0000000100000000)
  region size 1024K, 7 young (7168K), 7 survivors (7168K)
 Metaspace       used 21243K, committed 21504K, reserved 1114112K
  class space    used 2414K, committed 2560K, reserved 1048576K
}
Event: 4.597 GC heap before
{Heap before GC invocations=5 (full 0):
 garbage-first heap   total 61440K, used 59610K [0x0000000084c00000, 0x0000000100000000)
  region size 1024K, 49 young (50176K), 7 survivors (7168K)
 Metaspace       used 27929K, committed 28224K, reserved 1114112K
  class space    used 3130K, committed 3264K, reserved 1048576K
}
Event: 4.608 GC heap after
{Heap after GC invocations=6 (full 0):
 garbage-first heap   total 77824K, used 25090K [0x0000000084c00000, 0x0000000100000000)
  region size 1024K, 10 young (10240K), 10 survivors (10240K)
 Metaspace       used 27929K, committed 28224K, reserved 1114112K
  class space    used 3130K, committed 3264K, reserved 1048576K
}
Event: 5.229 GC heap before
{Heap before GC invocations=6 (full 0):
 garbage-first heap   total 77824K, used 59906K [0x0000000084c00000, 0x0000000100000000)
  region size 1024K, 44 young (45056K), 10 survivors (10240K)
 Metaspace       used 34153K, committed 34624K, reserved 1114112K
  class space    used 3926K, committed 4160K, reserved 1048576K
}
Event: 5.234 GC heap after
{Heap after GC invocations=7 (full 0):
 garbage-first heap   total 77824K, used 22730K [0x0000000084c00000, 0x0000000100000000)
  region size 1024K, 3 young (3072K), 3 survivors (3072K)
 Metaspace       used 34153K, committed 34624K, reserved 1114112K
  class space    used 3926K, committed 4160K, reserved 1048576K
}
Event: 5.309 GC heap before
{Heap before GC invocations=7 (full 0):
 garbage-first heap   total 77824K, used 36042K [0x0000000084c00000, 0x0000000100000000)
  region size 1024K, 9 young (9216K), 3 survivors (3072K)
 Metaspace       used 35691K, committed 36160K, reserved 1114112K
  class space    used 4178K, committed 4416K, reserved 1048576K
}
Event: 5.312 GC heap after
{Heap after GC invocations=8 (full 0):
 garbage-first heap   total 77824K, used 31895K [0x0000000084c00000, 0x0000000100000000)
  region size 1024K, 4 young (4096K), 4 survivors (4096K)
 Metaspace       used 35691K, committed 36160K, reserved 1114112K
  class space    used 4178K, committed 4416K, reserved 1048576K
}
Event: 5.667 GC heap before
{Heap before GC invocations=9 (full 0):
 garbage-first heap   total 86016K, used 84119K [0x0000000084c00000, 0x0000000100000000)
  region size 1024K, 19 young (19456K), 4 survivors (4096K)
 Metaspace       used 40656K, committed 41152K, reserved 1114112K
  class space    used 5197K, committed 5440K, reserved 1048576K
}
Event: 5.671 GC heap after
{Heap after GC invocations=10 (full 0):
 garbage-first heap   total 117760K, used 69932K [0x0000000084c00000, 0x0000000100000000)
  region size 1024K, 3 young (3072K), 3 survivors (3072K)
 Metaspace       used 40656K, committed 41152K, reserved 1114112K
  class space    used 5197K, committed 5440K, reserved 1048576K
}
Event: 15.790 GC heap before
{Heap before GC invocations=10 (full 0):
 garbage-first heap   total 173056K, used 170284K [0x0000000084c00000, 0x0000000100000000)
  region size 1024K, 14 young (14336K), 3 survivors (3072K)
 Metaspace       used 42897K, committed 43456K, reserved 1114112K
  class space    used 5433K, committed 5696K, reserved 1048576K
}
Event: 15.793 GC heap after
{Heap after GC invocations=11 (full 0):
 garbage-first heap   total 178176K, used 127666K [0x0000000084c00000, 0x0000000100000000)
  region size 1024K, 4 young (4096K), 4 survivors (4096K)
 Metaspace       used 42897K, committed 43456K, reserved 1114112K
  class space    used 5433K, committed 5696K, reserved 1048576K
}
Event: 18.304 GC heap before
{Heap before GC invocations=11 (full 0):
 garbage-first heap   total 178176K, used 128690K [0x0000000084c00000, 0x0000000100000000)
  region size 1024K, 6 young (6144K), 4 survivors (4096K)
 Metaspace       used 43125K, committed 43648K, reserved 1114112K
  class space    used 5455K, committed 5696K, reserved 1048576K
}
Event: 18.306 GC heap after
{Heap after GC invocations=12 (full 0):
 garbage-first heap   total 178176K, used 109301K [0x0000000084c00000, 0x0000000100000000)
  region size 1024K, 3 young (3072K), 3 survivors (3072K)
 Metaspace       used 43125K, committed 43648K, reserved 1114112K
  class space    used 5455K, committed 5696K, reserved 1048576K
}
Event: 28.611 GC heap before
{Heap before GC invocations=13 (full 0):
 garbage-first heap   total 267264K, used 265973K [0x0000000084c00000, 0x0000000100000000)
  region size 1024K, 25 young (25600K), 3 survivors (3072K)
 Metaspace       used 44201K, committed 44736K, reserved 1114112K
  class space    used 5502K, committed 5760K, reserved 1048576K
}
Event: 28.616 GC heap after
{Heap after GC invocations=14 (full 0):
 garbage-first heap   total 274432K, used 232262K [0x0000000084c00000, 0x0000000100000000)
  region size 1024K, 7 young (7168K), 7 survivors (7168K)
 Metaspace       used 44201K, committed 44736K, reserved 1114112K
  class space    used 5502K, committed 5760K, reserved 1048576K
}

