# JRE version: OpenJDK Runtime Environment (21.0.2+13) (build 21.0.2+13-Ubuntu-122.04.1)
# Java VM: OpenJDK 64-Bit Server VM (21.0.2+13-Ubuntu-122.04.1, mixed mode, sharing, tiered, compressed oops, compressed class ptrs, g1 gc, linux-amd64)
Heap:
 garbage-first heap   total 332800K, used 268616K [0x0000000084c00000, 0x0000000100000000)
  region size 1024K, 21 young (21504K), 9 survivors (9216K)
 Metaspace       used 44372K, committed 44992K, reserved 1114112K
  class space    used 5512K, committed 5824K, reserved 1048576K
GC Heap History (18 events):
Event: 1.155 GC heap before
{Heap before GC invocations=0 (full 0):
 garbage-first heap   total 129024K, used 23581K [0x0000000084c00000, 0x0000000100000000)
  region size 1024K, 23 young (23552K), 0 survivors (0K)
 Metaspace       used 5986K, committed 6144K, reserved 1114112K
  class space    used 690K, committed 768K, reserved 1048576K
}
Event: 1.158 GC heap after
{Heap after GC invocations=1 (full 0):
 garbage-first heap   total 129024K, used 4376K [0x0000000084c00000, 0x0000000100000000)
  region size 1024K, 3 young (3072K), 3 survivors (3072K)
 Metaspace       used 5986K, committed 6144K, reserved 1114112K
  class space    used 690K, committed 768K, reserved 1048576K
}
Event: 3.406 GC heap before
{Heap before GC invocations=1 (full 0):
 garbage-first heap   total 129024K, used 53528K [0x0000000084c00000, 0x0000000100000000)
  region size 1024K, 51 young (52224K), 3 survivors (3072K)
 Metaspace       used 15507K, committed 15808K, reserved 1114112K
  class space    used 1806K, committed 1920K, reserved 1048576K
}
Event: 3.412 GC heap after
{Heap after GC invocations=2 (full 0):
 garbage-first heap   total 129024K, used 8472K [0x0000000084c00000, 0x0000000100000000)
  region size 1024K, 7 young (7168K), 7 survivors (7168K)
 Metaspace       used 15507K, committed 15808K, reserved 1114112K
  class space    used 1806K, committed 1920K, reserved 1048576K
}
Event: 3.963 GC heap before
{Heap before GC invocations=2 (full 0):
 garbage-first heap   total 129024K, used 77080K [0x0000000084c00000, 0x0000000100000000)
  region size 1024K, 74 young (75776K), 7 survivors (7168K)
 Metaspace       used 17746K, committed 18048K, reserved 1114112K
  class space    used 1986K, committed 2112K, reserved 1048576K
}
Event: 3.970 GC heap after
{Heap after GC invocations=3 (full 0):
 garbage-first heap   total 129024K, used 13806K [0x0000000084c00000, 0x0000000100000000)
  region size 1024K, 10 young (10240K), 10 survivors (10240K)
 Metaspace       used 17746K, committed 18048K, reserved 1114112K
  class space    used 1986K, committed 2112K, reserved 1048576K
}
Event: 4.108 GC heap before
{Heap before GC invocations=3 (full 0):
 garbage-first heap   total 129024K, used 30190K [0x0000000084c00000, 0x0000000100000000)
  region size 1024K, 27 young (27648K), 10 survivors (10240K)
 Metaspace       used 21239K, committed 21504K, reserved 1114112K
  class space    used 2415K, committed 2560K, reserved 1048576K
}
Event: 4.114 GC heap after
{Heap after GC invocations=4 (full 0):
 garbage-first heap   total 129024K, used 14979K [0x0000000084c00000, 0x0000000100000000)
  region size 1024K, 7 young (7168K), 7 survivors (7168K)
 Metaspace       used 21239K, committed 21504K, reserved 1114112K
  class space    used 2415K, committed 2560K, reserved 1048576K
}
Event: 4.543 GC heap before
{Heap before GC invocations=5 (full 0):
 garbage-first heap   total 61440K, used 59011K [0x0000000084c00000, 0x0000000100000000)
  region size 1024K, 49 young (50176K), 7 survivors (7168K)
 Metaspace       used 27915K, committed 28224K, reserved 1114112K
  class space    used 3130K, committed 3264K, reserved 1048576K
}
Event: 4.555 GC heap after
{Heap after GC invocations=6 (full 0):
 garbage-first heap   total 77824K, used 25028K [0x0000000084c00000, 0x0000000100000000)
  region size 1024K, 10 young (10240K), 10 survivors (10240K)
 Metaspace       used 27915K, committed 28224K, reserved 1114112K
  class space    used 3130K, committed 3264K, reserved 1048576K
}
Event: 5.189 GC heap before
{Heap before GC invocations=6 (full 0):
 garbage-first heap   total 77824K, used 58820K [0x0000000084c00000, 0x0000000100000000)
  region size 1024K, 44 young (45056K), 10 survivors (10240K)
 Metaspace       used 34337K, committed 34816K, reserved 1114112K
  class space    used 3948K, committed 4160K, reserved 1048576K
}
Event: 5.195 GC heap after
{Heap after GC invocations=7 (full 0):
 garbage-first heap   total 77824K, used 28626K [0x0000000084c00000, 0x0000000100000000)
  region size 1024K, 4 young (4096K), 4 survivors (4096K)
 Metaspace       used 34337K, committed 34816K, reserved 1114112K
  class space    used 3948K, committed 4160K, reserved 1048576K
}
Event: 5.290 GC heap before
{Heap before GC invocations=7 (full 0):
 garbage-first heap   total 77824K, used 41938K [0x0000000084c00000, 0x0000000100000000)
  region size 1024K, 10 young (10240K), 4 survivors (4096K)
 Metaspace       used 35801K, committed 36288K, reserved 1114112K
  class space    used 4213K, committed 4416K, reserved 1048576K
}
Event: 5.293 GC heap after
{Heap after GC invocations=8 (full 0):
 garbage-first heap   total 77824K, used 39122K [0x0000000084c00000, 0x0000000100000000)
  region size 1024K, 2 young (2048K), 2 survivors (2048K)
 Metaspace       used 35801K, committed 36288K, reserved 1114112K
  class space    used 4213K, committed 4416K, reserved 1048576K
}
Event: 7.923 GC heap before
{Heap before GC invocations=9 (full 0):
 garbage-first heap   total 141312K, used 138450K [0x0000000084c00000, 0x0000000100000000)
  region size 1024K, 20 young (20480K), 2 survivors (2048K)
 Metaspace       used 41622K, committed 42176K, reserved 1114112K
  class space    used 5274K, committed 5568K, reserved 1048576K
}
Event: 7.927 GC heap after
{Heap after GC invocations=10 (full 0):
 garbage-first heap   total 202752K, used 114702K [0x0000000084c00000, 0x0000000100000000)
  region size 1024K, 4 young (4096K), 4 survivors (4096K)
 Metaspace       used 41622K, committed 42176K, reserved 1114112K
  class space    used 5274K, committed 5568K, reserved 1048576K
}
Event: 24.109 GC heap before
{Heap before GC invocations=10 (full 0):
 garbage-first heap   total 323584K, used 320526K [0x0000000084c00000, 0x0000000100000000)
  region size 1024K, 30 young (30720K), 4 survivors (4096K)
 Metaspace       used 44189K, committed 44800K, reserved 1114112K
  class space    used 5505K, committed 5824K, reserved 1048576K
}
Event: 24.115 GC heap after
{Heap after GC invocations=11 (full 0):
 garbage-first heap   total 332800K, used 257352K [0x0000000084c00000, 0x0000000100000000)
  region size 1024K, 9 young (9216K), 9 survivors (9216K)
 Metaspace       used 44189K, committed 44800K, reserved 1114112K
  class space    used 5505K, committed 5824K, reserved 1048576K
}

