# JRE version: OpenJDK Runtime Environment (21.0.2+13) (build 21.0.2+13-Ubuntu-122.04.1)
# Java VM: OpenJDK 64-Bit Server VM (21.0.2+13-Ubuntu-122.04.1, mixed mode, sharing, tiered, compressed oops, compressed class ptrs, g1 gc, linux-amd64)
Heap:
 garbage-first heap   total 271360K, used 229547K [0x0000000084c00000, 0x0000000100000000)
  region size 1024K, 16 young (16384K), 4 survivors (4096K)
 Metaspace       used 43173K, committed 43712K, reserved 1114112K
  class space    used 5336K, committed 5632K, reserved 1048576K
GC Heap History (16 events):
Event: 1.183 GC heap before
{Heap before GC invocations=0 (full 0):
 garbage-first heap   total 129024K, used 23581K [0x0000000084c00000, 0x0000000100000000)
  region size 1024K, 23 young (23552K), 0 survivors (0K)
 Metaspace       used 5986K, committed 6144K, reserved 1114112K
  class space    used 690K, committed 768K, reserved 1048576K
}
Event: 1.186 GC heap after
{Heap after GC invocations=1 (full 0):
 garbage-first heap   total 129024K, used 4261K [0x0000000084c00000, 0x0000000100000000)
  region size 1024K, 3 young (3072K), 3 survivors (3072K)
 Metaspace       used 5986K, committed 6144K, reserved 1114112K
  class space    used 690K, committed 768K, reserved 1048576K
}
Event: 3.381 GC heap before
{Heap before GC invocations=1 (full 0):
 garbage-first heap   total 129024K, used 53413K [0x0000000084c00000, 0x0000000100000000)
  region size 1024K, 51 young (52224K), 3 survivors (3072K)
 Metaspace       used 15583K, committed 15808K, reserved 1114112K
  class space    used 1818K, committed 1920K, reserved 1048576K
}
Event: 3.387 GC heap after
{Heap after GC invocations=2 (full 0):
 garbage-first heap   total 129024K, used 8357K [0x0000000084c00000, 0x0000000100000000)
  region size 1024K, 7 young (7168K), 7 survivors (7168K)
 Metaspace       used 15583K, committed 15808K, reserved 1114112K
  class space    used 1818K, committed 1920K, reserved 1048576K
}
Event: 3.909 GC heap before
{Heap before GC invocations=2 (full 0):
 garbage-first heap   total 129024K, used 76965K [0x0000000084c00000, 0x0000000100000000)
  region size 1024K, 74 young (75776K), 7 survivors (7168K)
 Metaspace       used 17754K, committed 18048K, reserved 1114112K
  class space    used 1986K, committed 2112K, reserved 1048576K
}
Event: 3.917 GC heap after
{Heap after GC invocations=3 (full 0):
 garbage-first heap   total 129024K, used 13373K [0x0000000084c00000, 0x0000000100000000)
  region size 1024K, 9 young (9216K), 9 survivors (9216K)
 Metaspace       used 17754K, committed 18048K, reserved 1114112K
  class space    used 1986K, committed 2112K, reserved 1048576K
}
Event: 4.052 GC heap before
{Heap before GC invocations=3 (full 0):
 garbage-first heap   total 129024K, used 29757K [0x0000000084c00000, 0x0000000100000000)
  region size 1024K, 26 young (26624K), 9 survivors (9216K)
 Metaspace       used 21229K, committed 21504K, reserved 1114112K
  class space    used 2413K, committed 2560K, reserved 1048576K
}
Event: 4.057 GC heap after
{Heap after GC invocations=4 (full 0):
 garbage-first heap   total 129024K, used 15264K [0x0000000084c00000, 0x0000000100000000)
  region size 1024K, 7 young (7168K), 7 survivors (7168K)
 Metaspace       used 21229K, committed 21504K, reserved 1114112K
  class space    used 2413K, committed 2560K, reserved 1048576K
}
Event: 4.425 GC heap before
{Heap before GC invocations=5 (full 0):
 garbage-first heap   total 58368K, used 57248K [0x0000000084c00000, 0x0000000100000000)
  region size 1024K, 47 young (48128K), 7 survivors (7168K)
 Metaspace       used 27539K, committed 27904K, reserved 1114112K
  class space    used 3085K, committed 3264K, reserved 1048576K
}
Event: 4.435 GC heap after
{Heap after GC invocations=6 (full 0):
 garbage-first heap   total 74752K, used 24807K [0x0000000084c00000, 0x0000000100000000)
  region size 1024K, 10 young (10240K), 10 survivors (10240K)
 Metaspace       used 27539K, committed 27904K, reserved 1114112K
  class space    used 3085K, committed 3264K, reserved 1048576K
}
Event: 5.043 GC heap before
{Heap before GC invocations=6 (full 0):
 garbage-first heap   total 74752K, used 57575K [0x0000000084c00000, 0x0000000100000000)
  region size 1024K, 42 young (43008K), 10 survivors (10240K)
 Metaspace       used 33401K, committed 33856K, reserved 1114112K
  class space    used 3821K, committed 4032K, reserved 1048576K
}
Event: 5.049 GC heap after
{Heap after GC invocations=7 (full 0):
 garbage-first heap   total 74752K, used 28166K [0x0000000084c00000, 0x0000000100000000)
  region size 1024K, 4 young (4096K), 4 survivors (4096K)
 Metaspace       used 33401K, committed 33856K, reserved 1114112K
  class space    used 3821K, committed 4032K, reserved 1048576K
}
Event: 5.172 GC heap before
{Heap before GC invocations=7 (full 0):
 garbage-first heap   total 74752K, used 43526K [0x0000000084c00000, 0x0000000100000000)
  region size 1024K, 12 young (12288K), 4 survivors (4096K)
 Metaspace       used 35693K, committed 36160K, reserved 1114112K
  class space    used 4234K, committed 4480K, reserved 1048576K
}
Event: 5.175 GC heap after
{Heap after GC invocations=8 (full 0):
 garbage-first heap   total 74752K, used 38284K [0x0000000084c00000, 0x0000000100000000)
  region size 1024K, 3 young (3072K), 3 survivors (3072K)
 Metaspace       used 35693K, committed 36160K, reserved 1114112K
  class space    used 4234K, committed 4480K, reserved 1048576K
}
Event: 14.905 GC heap before
{Heap before GC invocations=9 (full 0):
 garbage-first heap   total 191488K, used 188812K [0x0000000084c00000, 0x0000000100000000)
  region size 1024K, 27 young (27648K), 3 survivors (3072K)
 Metaspace       used 42508K, committed 43072K, reserved 1114112K
  class space    used 5296K, committed 5568K, reserved 1048576K
}
Event: 14.910 GC heap after
{Heap after GC invocations=10 (full 0):
 garbage-first heap   total 271360K, used 150699K [0x0000000084c00000, 0x0000000100000000)
  region size 1024K, 4 young (4096K), 4 survivors (4096K)
 Metaspace       used 42508K, committed 43072K, reserved 1114112K
  class space    used 5296K, committed 5568K, reserved 1048576K
}

