# JRE version: OpenJDK Runtime Environment (21.0.2+13) (build 21.0.2+13-Ubuntu-122.04.1)
# Java VM: OpenJDK 64-Bit Server VM (21.0.2+13-Ubuntu-122.04.1, mixed mode, sharing, tiered, compressed oops, compressed class ptrs, g1 gc, linux-amd64)
Heap:
 garbage-first heap   total 302080K, used 297312K [0x0000000084c00000, 0x0000000100000000)
  region size 1024K, 33 young (33792K), 4 survivors (4096K)
 Metaspace       used 44406K, committed 44992K, reserved 1114112K
  class space    used 5511K, committed 5824K, reserved 1048576K
GC Heap History (20 events):
Event: 1.198 GC heap before
{Heap before GC invocations=0 (full 0):
 garbage-first heap   total 129024K, used 23581K [0x0000000084c00000, 0x0000000100000000)
  region size 1024K, 23 young (23552K), 0 survivors (0K)
 Metaspace       used 5987K, committed 6144K, reserved 1114112K
  class space    used 690K, committed 768K, reserved 1048576K
}
Event: 1.201 GC heap after
{Heap after GC invocations=1 (full 0):
 garbage-first heap   total 129024K, used 4229K [0x0000000084c00000, 0x0000000100000000)
  region size 1024K, 3 young (3072K), 3 survivors (3072K)
 Metaspace       used 5987K, committed 6144K, reserved 1114112K
  class space    used 690K, committed 768K, reserved 1048576K
}
Event: 3.424 GC heap before
{Heap before GC invocations=1 (full 0):
 garbage-first heap   total 129024K, used 53381K [0x0000000084c00000, 0x0000000100000000)
  region size 1024K, 51 young (52224K), 3 survivors (3072K)
 Metaspace       used 15535K, committed 15808K, reserved 1114112K
  class space    used 1811K, committed 1920K, reserved 1048576K
}
Event: 3.431 GC heap after
{Heap after GC invocations=2 (full 0):
 garbage-first heap   total 129024K, used 8365K [0x0000000084c00000, 0x0000000100000000)
  region size 1024K, 7 young (7168K), 7 survivors (7168K)
 Metaspace       used 15535K, committed 15808K, reserved 1114112K
  class space    used 1811K, committed 1920K, reserved 1048576K
}
Event: 3.973 GC heap before
{Heap before GC invocations=2 (full 0):
 garbage-first heap   total 129024K, used 76973K [0x0000000084c00000, 0x0000000100000000)
  region size 1024K, 74 young (75776K), 7 survivors (7168K)
 Metaspace       used 17755K, committed 18048K, reserved 1114112K
  class space    used 1986K, committed 2112K, reserved 1048576K
}
Event: 3.980 GC heap after
{Heap after GC invocations=3 (full 0):
 garbage-first heap   total 129024K, used 13363K [0x0000000084c00000, 0x0000000100000000)
  region size 1024K, 9 young (9216K), 9 survivors (9216K)
 Metaspace       used 17755K, committed 18048K, reserved 1114112K
  class space    used 1986K, committed 2112K, reserved 1048576K
}
Event: 4.123 GC heap before
{Heap before GC invocations=3 (full 0):
 garbage-first heap   total 129024K, used 30771K [0x0000000084c00000, 0x0000000100000000)
  region size 1024K, 27 young (27648K), 9 survivors (9216K)
 Metaspace       used 21224K, committed 21504K, reserved 1114112K
  class space    used 2413K, committed 2560K, reserved 1048576K
}
Event: 4.129 GC heap after
{Heap after GC invocations=4 (full 0):
 garbage-first heap   total 129024K, used 15348K [0x0000000084c00000, 0x0000000100000000)
  region size 1024K, 7 young (7168K), 7 survivors (7168K)
 Metaspace       used 21224K, committed 21504K, reserved 1114112K
  class space    used 2413K, committed 2560K, reserved 1048576K
}
Event: 4.487 GC heap before
{Heap before GC invocations=5 (full 0):
 garbage-first heap   total 58368K, used 57332K [0x0000000084c00000, 0x0000000100000000)
  region size 1024K, 47 young (48128K), 7 survivors (7168K)
 Metaspace       used 27661K, committed 28032K, reserved 1114112K
  class space    used 3103K, committed 3264K, reserved 1048576K
}
Event: 4.498 GC heap after
{Heap after GC invocations=6 (full 0):
 garbage-first heap   total 74752K, used 24880K [0x0000000084c00000, 0x0000000100000000)
  region size 1024K, 10 young (10240K), 10 survivors (10240K)
 Metaspace       used 27661K, committed 28032K, reserved 1114112K
  class space    used 3103K, committed 3264K, reserved 1048576K
}
Event: 5.135 GC heap before
{Heap before GC invocations=6 (full 0):
 garbage-first heap   total 74752K, used 56624K [0x0000000084c00000, 0x0000000100000000)
  region size 1024K, 42 young (43008K), 10 survivors (10240K)
 Metaspace       used 32189K, committed 32640K, reserved 1114112K
  class space    used 3617K, committed 3840K, reserved 1048576K
}
Event: 5.140 GC heap after
{Heap after GC invocations=7 (full 0):
 garbage-first heap   total 74752K, used 23129K [0x0000000084c00000, 0x0000000100000000)
  region size 1024K, 3 young (3072K), 3 survivors (3072K)
 Metaspace       used 32189K, committed 32640K, reserved 1114112K
  class space    used 3617K, committed 3840K, reserved 1048576K
}
Event: 5.252 GC heap before
{Heap before GC invocations=7 (full 0):
 garbage-first heap   total 74752K, used 40537K [0x0000000084c00000, 0x0000000100000000)
  region size 1024K, 13 young (13312K), 3 survivors (3072K)
 Metaspace       used 35665K, committed 36160K, reserved 1114112K
  class space    used 4174K, committed 4416K, reserved 1048576K
}
Event: 5.255 GC heap after
{Heap after GC invocations=8 (full 0):
 garbage-first heap   total 74752K, used 32085K [0x0000000084c00000, 0x0000000100000000)
  region size 1024K, 4 young (4096K), 4 survivors (4096K)
 Metaspace       used 35665K, committed 36160K, reserved 1114112K
  class space    used 4174K, committed 4416K, reserved 1048576K
}
Event: 5.590 GC heap before
{Heap before GC invocations=9 (full 0):
 garbage-first heap   total 84992K, used 83285K [0x0000000084c00000, 0x0000000100000000)
  region size 1024K, 19 young (19456K), 4 survivors (4096K)
 Metaspace       used 40658K, committed 41152K, reserved 1114112K
  class space    used 5197K, committed 5440K, reserved 1048576K
}
Event: 5.593 GC heap after
{Heap after GC invocations=10 (full 0):
 garbage-first heap   total 121856K, used 70068K [0x0000000084c00000, 0x0000000100000000)
  region size 1024K, 3 young (3072K), 3 survivors (3072K)
 Metaspace       used 40658K, committed 41152K, reserved 1114112K
  class space    used 5197K, committed 5440K, reserved 1048576K
}
Event: 45.324 GC heap before
{Heap before GC invocations=10 (full 0):
 garbage-first heap   total 205824K, used 204212K [0x0000000084c00000, 0x0000000100000000)
  region size 1024K, 17 young (17408K), 3 survivors (3072K)
 Metaspace       used 43281K, committed 43840K, reserved 1114112K
  class space    used 5477K, committed 5760K, reserved 1048576K
}
Event: 45.329 GC heap after
{Heap after GC invocations=11 (full 0):
 garbage-first heap   total 212992K, used 158843K [0x0000000084c00000, 0x0000000100000000)
  region size 1024K, 6 young (6144K), 6 survivors (6144K)
 Metaspace       used 43281K, committed 43840K, reserved 1114112K
  class space    used 5477K, committed 5760K, reserved 1048576K
}
Event: 45.329 GC heap before
{Heap before GC invocations=11 (full 0):
 garbage-first heap   total 212992K, used 158843K [0x0000000084c00000, 0x0000000100000000)
  region size 1024K, 7 young (7168K), 6 survivors (6144K)
 Metaspace       used 43286K, committed 43840K, reserved 1114112K
  class space    used 5477K, committed 5760K, reserved 1048576K
}
Event: 45.332 GC heap after
{Heap after GC invocations=12 (full 0):
 garbage-first heap   total 212992K, used 159072K [0x0000000084c00000, 0x0000000100000000)
  region size 1024K, 4 young (4096K), 4 survivors (4096K)
 Metaspace       used 43286K, committed 43840K, reserved 1114112K
  class space    used 5477K, committed 5760K, reserved 1048576K
}

