# JRE version: OpenJDK Runtime Environment (21.0.2+13) (build 21.0.2+13-Ubuntu-122.04.1)
# Java VM: OpenJDK 64-Bit Server VM (21.0.2+13-Ubuntu-122.04.1, mixed mode, sharing, tiered, compressed oops, compressed class ptrs, g1 gc, linux-amd64)
Heap:
 garbage-first heap   total 311296K, used 268366K [0x0000000084c00000, 0x0000000100000000)
  region size 1024K, 38 young (38912K), 9 survivors (9216K)
 Metaspace       used 44511K, committed 45056K, reserved 1114112K
  class space    used 5506K, committed 5760K, reserved 1048576K
GC Heap History (18 events):
Event: 1.156 GC heap before
{Heap before GC invocations=0 (full 0):
 garbage-first heap   total 129024K, used 23581K [0x0000000084c00000, 0x0000000100000000)
  region size 1024K, 23 young (23552K), 0 survivors (0K)
 Metaspace       used 5984K, committed 6144K, reserved 1114112K
  class space    used 690K, committed 768K, reserved 1048576K
}
Event: 1.159 GC heap after
{Heap after GC invocations=1 (full 0):
 garbage-first heap   total 129024K, used 4229K [0x0000000084c00000, 0x0000000100000000)
  region size 1024K, 3 young (3072K), 3 survivors (3072K)
 Metaspace       used 5984K, committed 6144K, reserved 1114112K
  class space    used 690K, committed 768K, reserved 1048576K
}
Event: 3.478 GC heap before
{Heap before GC invocations=1 (full 0):
 garbage-first heap   total 129024K, used 53381K [0x0000000084c00000, 0x0000000100000000)
  region size 1024K, 51 young (52224K), 3 survivors (3072K)
 Metaspace       used 15466K, committed 15744K, reserved 1114112K
  class space    used 1801K, committed 1920K, reserved 1048576K
}
Event: 3.484 GC heap after
{Heap after GC invocations=2 (full 0):
 garbage-first heap   total 129024K, used 8462K [0x0000000084c00000, 0x0000000100000000)
  region size 1024K, 7 young (7168K), 7 survivors (7168K)
 Metaspace       used 15466K, committed 15744K, reserved 1114112K
  class space    used 1801K, committed 1920K, reserved 1048576K
}
Event: 4.013 GC heap before
{Heap before GC invocations=2 (full 0):
 garbage-first heap   total 129024K, used 77070K [0x0000000084c00000, 0x0000000100000000)
  region size 1024K, 74 young (75776K), 7 survivors (7168K)
 Metaspace       used 17728K, committed 18048K, reserved 1114112K
  class space    used 1986K, committed 2112K, reserved 1048576K
}
Event: 4.020 GC heap after
{Heap after GC invocations=3 (full 0):
 garbage-first heap   total 129024K, used 13114K [0x0000000084c00000, 0x0000000100000000)
  region size 1024K, 9 young (9216K), 9 survivors (9216K)
 Metaspace       used 17728K, committed 18048K, reserved 1114112K
  class space    used 1986K, committed 2112K, reserved 1048576K
}
Event: 4.164 GC heap before
{Heap before GC invocations=3 (full 0):
 garbage-first heap   total 129024K, used 30522K [0x0000000084c00000, 0x0000000100000000)
  region size 1024K, 27 young (27648K), 9 survivors (9216K)
 Metaspace       used 21231K, committed 21504K, reserved 1114112K
  class space    used 2413K, committed 2560K, reserved 1048576K
}
Event: 4.169 GC heap after
{Heap after GC invocations=4 (full 0):
 garbage-first heap   total 129024K, used 14666K [0x0000000084c00000, 0x0000000100000000)
  region size 1024K, 7 young (7168K), 7 survivors (7168K)
 Metaspace       used 21231K, committed 21504K, reserved 1114112K
  class space    used 2413K, committed 2560K, reserved 1048576K
}
Event: 4.550 GC heap before
{Heap before GC invocations=5 (full 0):
 garbage-first heap   total 58368K, used 56650K [0x0000000084c00000, 0x0000000100000000)
  region size 1024K, 47 young (48128K), 7 survivors (7168K)
 Metaspace       used 27758K, committed 28096K, reserved 1114112K
  class space    used 3117K, committed 3264K, reserved 1048576K
}
Event: 4.560 GC heap after
{Heap after GC invocations=6 (full 0):
 garbage-first heap   total 74752K, used 24714K [0x0000000084c00000, 0x0000000100000000)
  region size 1024K, 10 young (10240K), 10 survivors (10240K)
 Metaspace       used 27758K, committed 28096K, reserved 1114112K
  class space    used 3117K, committed 3264K, reserved 1048576K
}
Event: 5.182 GC heap before
{Heap before GC invocations=6 (full 0):
 garbage-first heap   total 74752K, used 56458K [0x0000000084c00000, 0x0000000100000000)
  region size 1024K, 42 young (43008K), 10 survivors (10240K)
 Metaspace       used 33291K, committed 33792K, reserved 1114112K
  class space    used 3783K, committed 4032K, reserved 1048576K
}
Event: 5.187 GC heap after
{Heap after GC invocations=7 (full 0):
 garbage-first heap   total 74752K, used 28496K [0x0000000084c00000, 0x0000000100000000)
  region size 1024K, 4 young (4096K), 4 survivors (4096K)
 Metaspace       used 33291K, committed 33792K, reserved 1114112K
  class space    used 3783K, committed 4032K, reserved 1048576K
}
Event: 5.294 GC heap before
{Heap before GC invocations=7 (full 0):
 garbage-first heap   total 74752K, used 43856K [0x0000000084c00000, 0x0000000100000000)
  region size 1024K, 12 young (12288K), 4 survivors (4096K)
 Metaspace       used 35691K, committed 36160K, reserved 1114112K
  class space    used 4184K, committed 4416K, reserved 1048576K
}
Event: 5.297 GC heap after
{Heap after GC invocations=8 (full 0):
 garbage-first heap   total 74752K, used 38700K [0x0000000084c00000, 0x0000000100000000)
  region size 1024K, 2 young (2048K), 2 survivors (2048K)
 Metaspace       used 35691K, committed 36160K, reserved 1114112K
  class space    used 4184K, committed 4416K, reserved 1048576K
}
Event: 10.509 GC heap before
{Heap before GC invocations=9 (full 0):
 garbage-first heap   total 222208K, used 220972K [0x0000000084c00000, 0x0000000100000000)
  region size 1024K, 27 young (27648K), 2 survivors (2048K)
 Metaspace       used 42887K, committed 43456K, reserved 1114112K
  class space    used 5485K, committed 5760K, reserved 1048576K
}
Event: 10.514 GC heap after
{Heap after GC invocations=10 (full 0):
 garbage-first heap   total 292864K, used 165491K [0x0000000084c00000, 0x0000000100000000)
  region size 1024K, 4 young (4096K), 4 survivors (4096K)
 Metaspace       used 42887K, committed 43456K, reserved 1114112K
  class space    used 5485K, committed 5760K, reserved 1048576K
}
Event: 78.953 GC heap before
{Heap before GC invocations=10 (full 0):
 garbage-first heap   total 301056K, used 300659K [0x0000000084c00000, 0x0000000100000000)
  region size 1024K, 34 young (34816K), 4 survivors (4096K)
 Metaspace       used 44241K, committed 44736K, reserved 1114112K
  class space    used 5504K, committed 5760K, reserved 1048576K
}
Event: 78.960 GC heap after
{Heap after GC invocations=11 (full 0):
 garbage-first heap   total 311296K, used 239694K [0x0000000084c00000, 0x0000000100000000)
  region size 1024K, 9 young (9216K), 9 survivors (9216K)
 Metaspace       used 44241K, committed 44736K, reserved 1114112K
  class space    used 5504K, committed 5760K, reserved 1048576K
}

