# JRE version: OpenJDK Runtime Environment (21.0.2+13) (build 21.0.2+13-Ubuntu-122.04.1)
# Java VM: OpenJDK 64-Bit Server VM (21.0.2+13-Ubuntu-122.04.1, mixed mode, sharing, tiered, compressed oops, compressed class ptrs, g1 gc, linux-amd64)
Heap:
 garbage-first heap   total 258048K, used 245037K [0x0000000084c00000, 0x0000000100000000)
  region size 1024K, 23 young (23552K), 4 survivors (4096K)
 Metaspace       used 44125K, committed 44672K, reserved 1114112K
  class space    used 5499K, committed 5760K, reserved 1048576K
GC Heap History (16 events):
Event: 1.192 GC heap before
{Heap before GC invocations=0 (full 0):
 garbage-first heap   total 129024K, used 23581K [0x0000000084c00000, 0x0000000100000000)
  region size 1024K, 23 young (23552K), 0 survivors (0K)
 Metaspace       used 5986K, committed 6144K, reserved 1114112K
  class space    used 690K, committed 768K, reserved 1048576K
}
Event: 1.195 GC heap after
{Heap after GC invocations=1 (full 0):
 garbage-first heap   total 129024K, used 4245K [0x0000000084c00000, 0x0000000100000000)
  region size 1024K, 3 young (3072K), 3 survivors (3072K)
 Metaspace       used 5986K, committed 6144K, reserved 1114112K
  class space    used 690K, committed 768K, reserved 1048576K
}
Event: 3.399 GC heap before
{Heap before GC invocations=1 (full 0):
 garbage-first heap   total 129024K, used 53397K [0x0000000084c00000, 0x0000000100000000)
  region size 1024K, 51 young (52224K), 3 survivors (3072K)
 Metaspace       used 15536K, committed 15808K, reserved 1114112K
  class space    used 1811K, committed 1920K, reserved 1048576K
}
Event: 3.404 GC heap after
{Heap after GC invocations=2 (full 0):
 garbage-first heap   total 129024K, used 8341K [0x0000000084c00000, 0x0000000100000000)
  region size 1024K, 7 young (7168K), 7 survivors (7168K)
 Metaspace       used 15536K, committed 15808K, reserved 1114112K
  class space    used 1811K, committed 1920K, reserved 1048576K
}
Event: 3.923 GC heap before
{Heap before GC invocations=2 (full 0):
 garbage-first heap   total 129024K, used 76949K [0x0000000084c00000, 0x0000000100000000)
  region size 1024K, 74 young (75776K), 7 survivors (7168K)
 Metaspace       used 17751K, committed 18048K, reserved 1114112K
  class space    used 1986K, committed 2112K, reserved 1048576K
}
Event: 3.931 GC heap after
{Heap after GC invocations=3 (full 0):
 garbage-first heap   total 129024K, used 13438K [0x0000000084c00000, 0x0000000100000000)
  region size 1024K, 9 young (9216K), 9 survivors (9216K)
 Metaspace       used 17751K, committed 18048K, reserved 1114112K
  class space    used 1986K, committed 2112K, reserved 1048576K
}
Event: 4.067 GC heap before
{Heap before GC invocations=3 (full 0):
 garbage-first heap   total 129024K, used 30846K [0x0000000084c00000, 0x0000000100000000)
  region size 1024K, 27 young (27648K), 9 survivors (9216K)
 Metaspace       used 21219K, committed 21504K, reserved 1114112K
  class space    used 2413K, committed 2560K, reserved 1048576K
}
Event: 4.072 GC heap after
{Heap after GC invocations=4 (full 0):
 garbage-first heap   total 129024K, used 15389K [0x0000000084c00000, 0x0000000100000000)
  region size 1024K, 7 young (7168K), 7 survivors (7168K)
 Metaspace       used 21219K, committed 21504K, reserved 1114112K
  class space    used 2413K, committed 2560K, reserved 1048576K
}
Event: 4.428 GC heap before
{Heap before GC invocations=5 (full 0):
 garbage-first heap   total 58368K, used 57373K [0x0000000084c00000, 0x0000000100000000)
  region size 1024K, 47 young (48128K), 7 survivors (7168K)
 Metaspace       used 27554K, committed 27904K, reserved 1114112K
  class space    used 3083K, committed 3264K, reserved 1048576K
}
Event: 4.439 GC heap after
{Heap after GC invocations=6 (full 0):
 garbage-first heap   total 74752K, used 24921K [0x0000000084c00000, 0x0000000100000000)
  region size 1024K, 10 young (10240K), 10 survivors (10240K)
 Metaspace       used 27554K, committed 27904K, reserved 1114112K
  class space    used 3083K, committed 3264K, reserved 1048576K
}
Event: 5.086 GC heap before
{Heap before GC invocations=6 (full 0):
 garbage-first heap   total 74752K, used 56665K [0x0000000084c00000, 0x0000000100000000)
  region size 1024K, 42 young (43008K), 10 survivors (10240K)
 Metaspace       used 31883K, committed 32320K, reserved 1114112K
  class space    used 3564K, committed 3776K, reserved 1048576K
}
Event: 5.091 GC heap after
{Heap after GC invocations=7 (full 0):
 garbage-first heap   total 74752K, used 29175K [0x0000000084c00000, 0x0000000100000000)
  region size 1024K, 5 young (5120K), 5 survivors (5120K)
 Metaspace       used 31883K, committed 32320K, reserved 1114112K
  class space    used 3564K, committed 3776K, reserved 1048576K
}
Event: 5.222 GC heap before
{Heap before GC invocations=7 (full 0):
 garbage-first heap   total 74752K, used 45559K [0x0000000084c00000, 0x0000000100000000)
  region size 1024K, 15 young (15360K), 5 survivors (5120K)
 Metaspace       used 35681K, committed 36160K, reserved 1114112K
  class space    used 4177K, committed 4416K, reserved 1048576K
}
Event: 5.225 GC heap after
{Heap after GC invocations=8 (full 0):
 garbage-first heap   total 74752K, used 39144K [0x0000000084c00000, 0x0000000100000000)
  region size 1024K, 3 young (3072K), 3 survivors (3072K)
 Metaspace       used 35681K, committed 36160K, reserved 1114112K
  class space    used 4177K, committed 4416K, reserved 1048576K
}
Event: 7.592 GC heap before
{Heap before GC invocations=9 (full 0):
 garbage-first heap   total 164864K, used 162024K [0x0000000084c00000, 0x0000000100000000)
  region size 1024K, 23 young (23552K), 3 survivors (3072K)
 Metaspace       used 42080K, committed 42560K, reserved 1114112K
  class space    used 5396K, committed 5632K, reserved 1048576K
}
Event: 7.596 GC heap after
{Heap after GC invocations=10 (full 0):
 garbage-first heap   total 202752K, used 133421K [0x0000000084c00000, 0x0000000100000000)
  region size 1024K, 4 young (4096K), 4 survivors (4096K)
 Metaspace       used 42080K, committed 42560K, reserved 1114112K
  class space    used 5396K, committed 5632K, reserved 1048576K
}

