# JRE version: OpenJDK Runtime Environment (21.0.2+13) (build 21.0.2+13-Ubuntu-122.04.1)
# Java VM: OpenJDK 64-Bit Server VM (21.0.2+13-Ubuntu-122.04.1, mixed mode, sharing, tiered, compressed oops, compressed class ptrs, g1 gc, linux-amd64)
Heap:
 garbage-first heap   total 303104K, used 294948K [0x0000000084c00000, 0x0000000100000000)
  region size 1024K, 29 young (29696K), 4 survivors (4096K)
 Metaspace       used 44265K, committed 44928K, reserved 1114112K
  class space    used 5515K, committed 5824K, reserved 1048576K
GC Heap History (16 events):
Event: 1.050 GC heap before
{Heap before GC invocations=0 (full 0):
 garbage-first heap   total 129024K, used 23581K [0x0000000084c00000, 0x0000000100000000)
  region size 1024K, 23 young (23552K), 0 survivors (0K)
 Metaspace       used 5983K, committed 6144K, reserved 1114112K
  class space    used 690K, committed 768K, reserved 1048576K
}
Event: 1.053 GC heap after
{Heap after GC invocations=1 (full 0):
 garbage-first heap   total 129024K, used 4284K [0x0000000084c00000, 0x0000000100000000)
  region size 1024K, 3 young (3072K), 3 survivors (3072K)
 Metaspace       used 5983K, committed 6144K, reserved 1114112K
  class space    used 690K, committed 768K, reserved 1048576K
}
Event: 3.093 GC heap before
{Heap before GC invocations=1 (full 0):
 garbage-first heap   total 129024K, used 52412K [0x0000000084c00000, 0x0000000100000000)
  region size 1024K, 51 young (52224K), 3 survivors (3072K)
 Metaspace       used 15517K, committed 15808K, reserved 1114112K
  class space    used 1806K, committed 1920K, reserved 1048576K
}
Event: 3.100 GC heap after
{Heap after GC invocations=2 (full 0):
 garbage-first heap   total 129024K, used 8380K [0x0000000084c00000, 0x0000000100000000)
  region size 1024K, 7 young (7168K), 7 survivors (7168K)
 Metaspace       used 15517K, committed 15808K, reserved 1114112K
  class space    used 1806K, committed 1920K, reserved 1048576K
}
Event: 3.741 GC heap before
{Heap before GC invocations=2 (full 0):
 garbage-first heap   total 129024K, used 76988K [0x0000000084c00000, 0x0000000100000000)
  region size 1024K, 74 young (75776K), 7 survivors (7168K)
 Metaspace       used 17758K, committed 18048K, reserved 1114112K
  class space    used 1986K, committed 2112K, reserved 1048576K
}
Event: 3.749 GC heap after
{Heap after GC invocations=3 (full 0):
 garbage-first heap   total 129024K, used 13341K [0x0000000084c00000, 0x0000000100000000)
  region size 1024K, 9 young (9216K), 9 survivors (9216K)
 Metaspace       used 17758K, committed 18048K, reserved 1114112K
  class space    used 1986K, committed 2112K, reserved 1048576K
}
Event: 3.916 GC heap before
{Heap before GC invocations=3 (full 0):
 garbage-first heap   total 129024K, used 29725K [0x0000000084c00000, 0x0000000100000000)
  region size 1024K, 26 young (26624K), 9 survivors (9216K)
 Metaspace       used 21209K, committed 21504K, reserved 1114112K
  class space    used 2414K, committed 2560K, reserved 1048576K
}
Event: 3.921 GC heap after
{Heap after GC invocations=4 (full 0):
 garbage-first heap   total 129024K, used 14491K [0x0000000084c00000, 0x0000000100000000)
  region size 1024K, 7 young (7168K), 7 survivors (7168K)
 Metaspace       used 21209K, committed 21504K, reserved 1114112K
  class space    used 2414K, committed 2560K, reserved 1048576K
}
Event: 4.299 GC heap before
{Heap before GC invocations=5 (full 0):
 garbage-first heap   total 58368K, used 56475K [0x0000000084c00000, 0x0000000100000000)
  region size 1024K, 47 young (48128K), 7 survivors (7168K)
 Metaspace       used 27657K, committed 28032K, reserved 1114112K
  class space    used 3103K, committed 3264K, reserved 1048576K
}
Event: 4.311 GC heap after
{Heap after GC invocations=6 (full 0):
 garbage-first heap   total 74752K, used 25306K [0x0000000084c00000, 0x0000000100000000)
  region size 1024K, 10 young (10240K), 10 survivors (10240K)
 Metaspace       used 27657K, committed 28032K, reserved 1114112K
  class space    used 3103K, committed 3264K, reserved 1048576K
}
Event: 4.967 GC heap before
{Heap before GC invocations=6 (full 0):
 garbage-first heap   total 74752K, used 57050K [0x0000000084c00000, 0x0000000100000000)
  region size 1024K, 42 young (43008K), 10 survivors (10240K)
 Metaspace       used 32130K, committed 32640K, reserved 1114112K
  class space    used 3598K, committed 3840K, reserved 1048576K
}
Event: 4.973 GC heap after
{Heap after GC invocations=7 (full 0):
 garbage-first heap   total 74752K, used 28846K [0x0000000084c00000, 0x0000000100000000)
  region size 1024K, 4 young (4096K), 4 survivors (4096K)
 Metaspace       used 32130K, committed 32640K, reserved 1114112K
  class space    used 3598K, committed 3840K, reserved 1048576K
}
Event: 5.084 GC heap before
{Heap before GC invocations=7 (full 0):
 garbage-first heap   total 74752K, used 45230K [0x0000000084c00000, 0x0000000100000000)
  region size 1024K, 14 young (14336K), 4 survivors (4096K)
 Metaspace       used 35651K, committed 36160K, reserved 1114112K
  class space    used 4171K, committed 4416K, reserved 1048576K
}
Event: 5.087 GC heap after
{Heap after GC invocations=8 (full 0):
 garbage-first heap   total 74752K, used 39220K [0x0000000084c00000, 0x0000000100000000)
  region size 1024K, 2 young (2048K), 2 survivors (2048K)
 Metaspace       used 35651K, committed 36160K, reserved 1114112K
  class space    used 4171K, committed 4416K, reserved 1048576K
}
Event: 13.744 GC heap before
{Heap before GC invocations=9 (full 0):
 garbage-first heap   total 191488K, used 189748K [0x0000000084c00000, 0x0000000100000000)
  region size 1024K, 26 young (26624K), 2 survivors (2048K)
 Metaspace       used 42842K, committed 43456K, reserved 1114112K
  class space    used 5442K, committed 5696K, reserved 1048576K
}
Event: 13.748 GC heap after
{Heap after GC invocations=10 (full 0):
 garbage-first heap   total 237568K, used 135204K [0x0000000084c00000, 0x0000000100000000)
  region size 1024K, 4 young (4096K), 4 survivors (4096K)
 Metaspace       used 42842K, committed 43456K, reserved 1114112K
  class space    used 5442K, committed 5696K, reserved 1048576K
}

