# JRE version: OpenJDK Runtime Environment (21.0.2+13) (build 21.0.2+13-Ubuntu-122.04.1)
# Java VM: OpenJDK 64-Bit Server VM (21.0.2+13-Ubuntu-122.04.1, mixed mode, sharing, tiered, compressed oops, compressed class ptrs, g1 gc, linux-amd64)
Heap:
 garbage-first heap   total 303104K, used 296095K [0x0000000084c00000, 0x0000000100000000)
  region size 1024K, 31 young (31744K), 4 survivors (4096K)
 Metaspace       used 44187K, committed 44800K, reserved 1114112K
  class space    used 5507K, committed 5824K, reserved 1048576K
GC Heap History (16 events):
Event: 1.063 GC heap before
{Heap before GC invocations=0 (full 0):
 garbage-first heap   total 129024K, used 23581K [0x0000000084c00000, 0x0000000100000000)
  region size 1024K, 23 young (23552K), 0 survivors (0K)
 Metaspace       used 5986K, committed 6144K, reserved 1114112K
  class space    used 690K, committed 768K, reserved 1048576K
}
Event: 1.065 GC heap after
{Heap after GC invocations=1 (full 0):
 garbage-first heap   total 129024K, used 4453K [0x0000000084c00000, 0x0000000100000000)
  region size 1024K, 3 young (3072K), 3 survivors (3072K)
 Metaspace       used 5986K, committed 6144K, reserved 1114112K
  class space    used 690K, committed 768K, reserved 1048576K
}
Event: 3.356 GC heap before
{Heap before GC invocations=1 (full 0):
 garbage-first heap   total 129024K, used 53605K [0x0000000084c00000, 0x0000000100000000)
  region size 1024K, 51 young (52224K), 3 survivors (3072K)
 Metaspace       used 15552K, committed 15808K, reserved 1114112K
  class space    used 1816K, committed 1920K, reserved 1048576K
}
Event: 3.364 GC heap after
{Heap after GC invocations=2 (full 0):
 garbage-first heap   total 129024K, used 8186K [0x0000000084c00000, 0x0000000100000000)
  region size 1024K, 7 young (7168K), 7 survivors (7168K)
 Metaspace       used 15552K, committed 15808K, reserved 1114112K
  class space    used 1816K, committed 1920K, reserved 1048576K
}
Event: 3.967 GC heap before
{Heap before GC invocations=2 (full 0):
 garbage-first heap   total 129024K, used 76794K [0x0000000084c00000, 0x0000000100000000)
  region size 1024K, 74 young (75776K), 7 survivors (7168K)
 Metaspace       used 17756K, committed 18048K, reserved 1114112K
  class space    used 1986K, committed 2112K, reserved 1048576K
}
Event: 3.974 GC heap after
{Heap after GC invocations=3 (full 0):
 garbage-first heap   total 129024K, used 13252K [0x0000000084c00000, 0x0000000100000000)
  region size 1024K, 9 young (9216K), 9 survivors (9216K)
 Metaspace       used 17756K, committed 18048K, reserved 1114112K
  class space    used 1986K, committed 2112K, reserved 1048576K
}
Event: 4.123 GC heap before
{Heap before GC invocations=3 (full 0):
 garbage-first heap   total 129024K, used 29636K [0x0000000084c00000, 0x0000000100000000)
  region size 1024K, 26 young (26624K), 9 survivors (9216K)
 Metaspace       used 21236K, committed 21504K, reserved 1114112K
  class space    used 2414K, committed 2560K, reserved 1048576K
}
Event: 4.129 GC heap after
{Heap after GC invocations=4 (full 0):
 garbage-first heap   total 129024K, used 15255K [0x0000000084c00000, 0x0000000100000000)
  region size 1024K, 7 young (7168K), 7 survivors (7168K)
 Metaspace       used 21236K, committed 21504K, reserved 1114112K
  class space    used 2414K, committed 2560K, reserved 1048576K
}
Event: 4.533 GC heap before
{Heap before GC invocations=5 (full 0):
 garbage-first heap   total 58368K, used 57239K [0x0000000084c00000, 0x0000000100000000)
  region size 1024K, 47 young (48128K), 7 survivors (7168K)
 Metaspace       used 27675K, committed 28032K, reserved 1114112K
  class space    used 3103K, committed 3264K, reserved 1048576K
}
Event: 4.544 GC heap after
{Heap after GC invocations=6 (full 0):
 garbage-first heap   total 74752K, used 24788K [0x0000000084c00000, 0x0000000100000000)
  region size 1024K, 10 young (10240K), 10 survivors (10240K)
 Metaspace       used 27675K, committed 28032K, reserved 1114112K
  class space    used 3103K, committed 3264K, reserved 1048576K
}
Event: 5.177 GC heap before
{Heap before GC invocations=6 (full 0):
 garbage-first heap   total 74752K, used 57556K [0x0000000084c00000, 0x0000000100000000)
  region size 1024K, 42 young (43008K), 10 survivors (10240K)
 Metaspace       used 31903K, committed 32320K, reserved 1114112K
  class space    used 3564K, committed 3776K, reserved 1048576K
}
Event: 5.184 GC heap after
{Heap after GC invocations=7 (full 0):
 garbage-first heap   total 74752K, used 28413K [0x0000000084c00000, 0x0000000100000000)
  region size 1024K, 4 young (4096K), 4 survivors (4096K)
 Metaspace       used 31903K, committed 32320K, reserved 1114112K
  class space    used 3564K, committed 3776K, reserved 1048576K
}
Event: 5.300 GC heap before
{Heap before GC invocations=7 (full 0):
 garbage-first heap   total 74752K, used 44797K [0x0000000084c00000, 0x0000000100000000)
  region size 1024K, 14 young (14336K), 4 survivors (4096K)
 Metaspace       used 35681K, committed 36160K, reserved 1114112K
  class space    used 4173K, committed 4416K, reserved 1048576K
}
Event: 5.303 GC heap after
{Heap after GC invocations=8 (full 0):
 garbage-first heap   total 74752K, used 38568K [0x0000000084c00000, 0x0000000100000000)
  region size 1024K, 3 young (3072K), 3 survivors (3072K)
 Metaspace       used 35681K, committed 36160K, reserved 1114112K
  class space    used 4173K, committed 4416K, reserved 1048576K
}
Event: 14.408 GC heap before
{Heap before GC invocations=9 (full 0):
 garbage-first heap   total 191488K, used 189096K [0x0000000084c00000, 0x0000000100000000)
  region size 1024K, 27 young (27648K), 3 survivors (3072K)
 Metaspace       used 42778K, committed 43328K, reserved 1114112K
  class space    used 5434K, committed 5696K, reserved 1048576K
}
Event: 14.412 GC heap after
{Heap after GC invocations=10 (full 0):
 garbage-first heap   total 237568K, used 134303K [0x0000000084c00000, 0x0000000100000000)
  region size 1024K, 4 young (4096K), 4 survivors (4096K)
 Metaspace       used 42778K, committed 43328K, reserved 1114112K
  class space    used 5434K, committed 5696K, reserved 1048576K
}

