# JRE version: OpenJDK Runtime Environment (21.0.2+13) (build 21.0.2+13-Ubuntu-122.04.1)
# Java VM: OpenJDK 64-Bit Server VM (21.0.2+13-Ubuntu-122.04.1, mixed mode, sharing, tiered, compressed oops, compressed class ptrs, g1 gc, linux-amd64)
Heap:
 garbage-first heap   total 319488K, used 247855K [0x0000000084c00000, 0x0000000100000000)
  region size 1024K, 19 young (19456K), 10 survivors (10240K)
 Metaspace       used 44242K, committed 44800K, reserved 1114112K
  class space    used 5494K, committed 5760K, reserved 1048576K
GC Heap History (18 events):
Event: 1.136 GC heap before
{Heap before GC invocations=0 (full 0):
 garbage-first heap   total 129024K, used 23581K [0x0000000084c00000, 0x0000000100000000)
  region size 1024K, 23 young (23552K), 0 survivors (0K)
 Metaspace       used 5986K, committed 6144K, reserved 1114112K
  class space    used 690K, committed 768K, reserved 1048576K
}
Event: 1.139 GC heap after
{Heap after GC invocations=1 (full 0):
 garbage-first heap   total 129024K, used 4280K [0x0000000084c00000, 0x0000000100000000)
  region size 1024K, 3 young (3072K), 3 survivors (3072K)
 Metaspace       used 5986K, committed 6144K, reserved 1114112K
  class space    used 690K, committed 768K, reserved 1048576K
}
Event: 3.487 GC heap before
{Heap before GC invocations=1 (full 0):
 garbage-first heap   total 129024K, used 53432K [0x0000000084c00000, 0x0000000100000000)
  region size 1024K, 51 young (52224K), 3 survivors (3072K)
 Metaspace       used 15560K, committed 15808K, reserved 1114112K
  class space    used 1816K, committed 1920K, reserved 1048576K
}
Event: 3.493 GC heap after
{Heap after GC invocations=2 (full 0):
 garbage-first heap   total 129024K, used 8546K [0x0000000084c00000, 0x0000000100000000)
  region size 1024K, 7 young (7168K), 7 survivors (7168K)
 Metaspace       used 15560K, committed 15808K, reserved 1114112K
  class space    used 1816K, committed 1920K, reserved 1048576K
}
Event: 4.009 GC heap before
{Heap before GC invocations=2 (full 0):
 garbage-first heap   total 129024K, used 77154K [0x0000000084c00000, 0x0000000100000000)
  region size 1024K, 74 young (75776K), 7 survivors (7168K)
 Metaspace       used 17753K, committed 18048K, reserved 1114112K
  class space    used 1986K, committed 2112K, reserved 1048576K
}
Event: 4.018 GC heap after
{Heap after GC invocations=3 (full 0):
 garbage-first heap   total 129024K, used 13284K [0x0000000084c00000, 0x0000000100000000)
  region size 1024K, 9 young (9216K), 9 survivors (9216K)
 Metaspace       used 17753K, committed 18048K, reserved 1114112K
  class space    used 1986K, committed 2112K, reserved 1048576K
}
Event: 4.153 GC heap before
{Heap before GC invocations=3 (full 0):
 garbage-first heap   total 129024K, used 29668K [0x0000000084c00000, 0x0000000100000000)
  region size 1024K, 27 young (27648K), 9 survivors (9216K)
 Metaspace       used 21209K, committed 21504K, reserved 1114112K
  class space    used 2413K, committed 2560K, reserved 1048576K
}
Event: 4.158 GC heap after
{Heap after GC invocations=4 (full 0):
 garbage-first heap   total 129024K, used 15005K [0x0000000084c00000, 0x0000000100000000)
  region size 1024K, 7 young (7168K), 7 survivors (7168K)
 Metaspace       used 21209K, committed 21504K, reserved 1114112K
  class space    used 2413K, committed 2560K, reserved 1048576K
}
Event: 4.518 GC heap before
{Heap before GC invocations=5 (full 0):
 garbage-first heap   total 58368K, used 56989K [0x0000000084c00000, 0x0000000100000000)
  region size 1024K, 47 young (48128K), 7 survivors (7168K)
 Metaspace       used 27660K, committed 28032K, reserved 1114112K
  class space    used 3104K, committed 3264K, reserved 1048576K
}
Event: 4.531 GC heap after
{Heap after GC invocations=6 (full 0):
 garbage-first heap   total 74752K, used 24924K [0x0000000084c00000, 0x0000000100000000)
  region size 1024K, 10 young (10240K), 10 survivors (10240K)
 Metaspace       used 27660K, committed 28032K, reserved 1114112K
  class space    used 3104K, committed 3264K, reserved 1048576K
}
Event: 5.170 GC heap before
{Heap before GC invocations=6 (full 0):
 garbage-first heap   total 74752K, used 56668K [0x0000000084c00000, 0x0000000100000000)
  region size 1024K, 42 young (43008K), 10 survivors (10240K)
 Metaspace       used 33275K, committed 33792K, reserved 1114112K
  class space    used 3783K, committed 4032K, reserved 1048576K
}
Event: 5.176 GC heap after
{Heap after GC invocations=7 (full 0):
 garbage-first heap   total 74752K, used 29192K [0x0000000084c00000, 0x0000000100000000)
  region size 1024K, 4 young (4096K), 4 survivors (4096K)
 Metaspace       used 33275K, committed 33792K, reserved 1114112K
  class space    used 3783K, committed 4032K, reserved 1048576K
}
Event: 5.275 GC heap before
{Heap before GC invocations=7 (full 0):
 garbage-first heap   total 74752K, used 43528K [0x0000000084c00000, 0x0000000100000000)
  region size 1024K, 12 young (12288K), 4 survivors (4096K)
 Metaspace       used 35674K, committed 36160K, reserved 1114112K
  class space    used 4183K, committed 4416K, reserved 1048576K
}
Event: 5.279 GC heap after
{Heap after GC invocations=8 (full 0):
 garbage-first heap   total 74752K, used 38950K [0x0000000084c00000, 0x0000000100000000)
  region size 1024K, 3 young (3072K), 3 survivors (3072K)
 Metaspace       used 35674K, committed 36160K, reserved 1114112K
  class space    used 4183K, committed 4416K, reserved 1048576K
}
Event: 18.361 GC heap before
{Heap before GC invocations=9 (full 0):
 garbage-first heap   total 164864K, used 162854K [0x0000000084c00000, 0x0000000100000000)
  region size 1024K, 27 young (27648K), 3 survivors (3072K)
 Metaspace       used 42779K, committed 43328K, reserved 1114112K
  class space    used 5416K, committed 5696K, reserved 1048576K
}
Event: 18.365 GC heap after
{Heap after GC invocations=10 (full 0):
 garbage-first heap   total 216064K, used 115344K [0x0000000084c00000, 0x0000000100000000)
  region size 1024K, 4 young (4096K), 4 survivors (4096K)
 Metaspace       used 42779K, committed 43328K, reserved 1114112K
  class space    used 5416K, committed 5696K, reserved 1048576K
}
Event: 46.725 GC heap before
{Heap before GC invocations=10 (full 0):
 garbage-first heap   total 308224K, used 306832K [0x0000000084c00000, 0x0000000100000000)
  region size 1024K, 34 young (34816K), 4 survivors (4096K)
 Metaspace       used 44073K, committed 44672K, reserved 1114112K
  class space    used 5491K, committed 5760K, reserved 1048576K
}
Event: 46.732 GC heap after
{Heap after GC invocations=11 (full 0):
 garbage-first heap   total 319488K, used 239663K [0x0000000084c00000, 0x0000000100000000)
  region size 1024K, 10 young (10240K), 10 survivors (10240K)
 Metaspace       used 44073K, committed 44672K, reserved 1114112K
  class space    used 5491K, committed 5760K, reserved 1048576K
}

