# JRE version: OpenJDK Runtime Environment (21.0.2+13) (build 21.0.2+13-Ubuntu-122.04.1)
# Java VM: OpenJDK 64-Bit Server VM (21.0.2+13-Ubuntu-122.04.1, mixed mode, sharing, tiered, compressed oops, compressed class ptrs, g1 gc, linux-amd64)
Heap:
 garbage-first heap   total 257024K, used 252360K [0x0000000084c00000, 0x0000000100000000)
  region size 1024K, 23 young (23552K), 4 survivors (4096K)
 Metaspace       used 43381K, committed 43904K, reserved 1114112K
  class space    used 5343K, committed 5632K, reserved 1048576K
GC Heap History (16 events):
Event: 1.259 GC heap before
{Heap before GC invocations=0 (full 0):
 garbage-first heap   total 129024K, used 23581K [0x0000000084c00000, 0x0000000100000000)
  region size 1024K, 23 young (23552K), 0 survivors (0K)
 Metaspace       used 5986K, committed 6144K, reserved 1114112K
  class space    used 690K, committed 768K, reserved 1048576K
}
Event: 1.262 GC heap after
{Heap after GC invocations=1 (full 0):
 garbage-first heap   total 129024K, used 4264K [0x0000000084c00000, 0x0000000100000000)
  region size 1024K, 3 young (3072K), 3 survivors (3072K)
 Metaspace       used 5986K, committed 6144K, reserved 1114112K
  class space    used 690K, committed 768K, reserved 1048576K
}
Event: 3.483 GC heap before
{Heap before GC invocations=1 (full 0):
 garbage-first heap   total 129024K, used 53416K [0x0000000084c00000, 0x0000000100000000)
  region size 1024K, 51 young (52224K), 3 survivors (3072K)
 Metaspace       used 15553K, committed 15808K, reserved 1114112K
  class space    used 1815K, committed 1920K, reserved 1048576K
}
Event: 3.489 GC heap after
{Heap after GC invocations=2 (full 0):
 garbage-first heap   total 129024K, used 8350K [0x0000000084c00000, 0x0000000100000000)
  region size 1024K, 7 young (7168K), 7 survivors (7168K)
 Metaspace       used 15553K, committed 15808K, reserved 1114112K
  class space    used 1815K, committed 1920K, reserved 1048576K
}
Event: 4.000 GC heap before
{Heap before GC invocations=2 (full 0):
 garbage-first heap   total 129024K, used 76958K [0x0000000084c00000, 0x0000000100000000)
  region size 1024K, 74 young (75776K), 7 survivors (7168K)
 Metaspace       used 17747K, committed 18048K, reserved 1114112K
  class space    used 1986K, committed 2112K, reserved 1048576K
}
Event: 4.008 GC heap after
{Heap after GC invocations=3 (full 0):
 garbage-first heap   total 129024K, used 13406K [0x0000000084c00000, 0x0000000100000000)
  region size 1024K, 9 young (9216K), 9 survivors (9216K)
 Metaspace       used 17747K, committed 18048K, reserved 1114112K
  class space    used 1986K, committed 2112K, reserved 1048576K
}
Event: 4.138 GC heap before
{Heap before GC invocations=3 (full 0):
 garbage-first heap   total 129024K, used 30814K [0x0000000084c00000, 0x0000000100000000)
  region size 1024K, 27 young (27648K), 9 survivors (9216K)
 Metaspace       used 21227K, committed 21504K, reserved 1114112K
  class space    used 2414K, committed 2560K, reserved 1048576K
}
Event: 4.143 GC heap after
{Heap after GC invocations=4 (full 0):
 garbage-first heap   total 129024K, used 14827K [0x0000000084c00000, 0x0000000100000000)
  region size 1024K, 7 young (7168K), 7 survivors (7168K)
 Metaspace       used 21227K, committed 21504K, reserved 1114112K
  class space    used 2414K, committed 2560K, reserved 1048576K
}
Event: 4.515 GC heap before
{Heap before GC invocations=5 (full 0):
 garbage-first heap   total 58368K, used 56811K [0x0000000084c00000, 0x0000000100000000)
  region size 1024K, 47 young (48128K), 7 survivors (7168K)
 Metaspace       used 27954K, committed 28288K, reserved 1114112K
  class space    used 3128K, committed 3264K, reserved 1048576K
}
Event: 4.525 GC heap after
{Heap after GC invocations=6 (full 0):
 garbage-first heap   total 74752K, used 24875K [0x0000000084c00000, 0x0000000100000000)
  region size 1024K, 10 young (10240K), 10 survivors (10240K)
 Metaspace       used 27954K, committed 28288K, reserved 1114112K
  class space    used 3128K, committed 3264K, reserved 1048576K
}
Event: 5.108 GC heap before
{Heap before GC invocations=6 (full 0):
 garbage-first heap   total 74752K, used 57643K [0x0000000084c00000, 0x0000000100000000)
  region size 1024K, 42 young (43008K), 10 survivors (10240K)
 Metaspace       used 33377K, committed 33856K, reserved 1114112K
  class space    used 3820K, committed 4032K, reserved 1048576K
}
Event: 5.113 GC heap after
{Heap after GC invocations=7 (full 0):
 garbage-first heap   total 74752K, used 28497K [0x0000000084c00000, 0x0000000100000000)
  region size 1024K, 4 young (4096K), 4 survivors (4096K)
 Metaspace       used 33377K, committed 33856K, reserved 1114112K
  class space    used 3820K, committed 4032K, reserved 1048576K
}
Event: 5.247 GC heap before
{Heap before GC invocations=7 (full 0):
 garbage-first heap   total 74752K, used 44881K [0x0000000084c00000, 0x0000000100000000)
  region size 1024K, 13 young (13312K), 4 survivors (4096K)
 Metaspace       used 35864K, committed 36288K, reserved 1114112K
  class space    used 4263K, committed 4480K, reserved 1048576K
}
Event: 5.250 GC heap after
{Heap after GC invocations=8 (full 0):
 garbage-first heap   total 74752K, used 38531K [0x0000000084c00000, 0x0000000100000000)
  region size 1024K, 2 young (2048K), 2 survivors (2048K)
 Metaspace       used 35864K, committed 36288K, reserved 1114112K
  class space    used 4263K, committed 4480K, reserved 1048576K
}
Event: 7.653 GC heap before
{Heap before GC invocations=9 (full 0):
 garbage-first heap   total 156672K, used 155267K [0x0000000084c00000, 0x0000000100000000)
  region size 1024K, 19 young (19456K), 2 survivors (2048K)
 Metaspace       used 41320K, committed 41856K, reserved 1114112K
  class space    used 5159K, committed 5440K, reserved 1048576K
}
Event: 7.656 GC heap after
{Heap after GC invocations=10 (full 0):
 garbage-first heap   total 201728K, used 140744K [0x0000000084c00000, 0x0000000100000000)
  region size 1024K, 4 young (4096K), 4 survivors (4096K)
 Metaspace       used 41320K, committed 41856K, reserved 1114112K
  class space    used 5159K, committed 5440K, reserved 1048576K
}

