# JRE version: OpenJDK Runtime Environment (21.0.2+13) (build 21.0.2+13-Ubuntu-122.04.1)
# Java VM: OpenJDK 64-Bit Server VM (21.0.2+13-Ubuntu-122.04.1, mixed mode, sharing, tiered, compressed oops, compressed class ptrs, g1 gc, linux-amd64)
Heap:
 garbage-first heap   total 262144K, used 215711K [0x0000000084c00000, 0x0000000100000000)
  region size 1024K, 11 young (11264K), 6 survivors (6144K)
 Metaspace       used 43508K, committed 44032K, reserved 1114112K
  class space    used 5337K, committed 5568K, reserved 1048576K
GC Heap History (18 events):
Event: 1.148 GC heap before
{Heap before GC invocations=0 (full 0):
 garbage-first heap   total 129024K, used 24605K [0x0000000084c00000, 0x0000000100000000)
  region size 1024K, 23 young (23552K), 0 survivors (0K)
 Metaspace       used 5982K, committed 6144K, reserved 1114112K
  class space    used 689K, committed 768K, reserved 1048576K
}
Event: 1.151 GC heap after
{Heap after GC invocations=1 (full 0):
 garbage-first heap   total 129024K, used 4296K [0x0000000084c00000, 0x0000000100000000)
  region size 1024K, 3 young (3072K), 3 survivors (3072K)
 Metaspace       used 5982K, committed 6144K, reserved 1114112K
  class space    used 689K, committed 768K, reserved 1048576K
}
Event: 3.353 GC heap before
{Heap before GC invocations=1 (full 0):
 garbage-first heap   total 129024K, used 53448K [0x0000000084c00000, 0x0000000100000000)
  region size 1024K, 51 young (52224K), 3 survivors (3072K)
 Metaspace       used 15478K, committed 15744K, reserved 1114112K
  class space    used 1801K, committed 1920K, reserved 1048576K
}
Event: 3.359 GC heap after
{Heap after GC invocations=2 (full 0):
 garbage-first heap   total 129024K, used 8509K [0x0000000084c00000, 0x0000000100000000)
  region size 1024K, 7 young (7168K), 7 survivors (7168K)
 Metaspace       used 15478K, committed 15744K, reserved 1114112K
  class space    used 1801K, committed 1920K, reserved 1048576K
}
Event: 3.898 GC heap before
{Heap before GC invocations=2 (full 0):
 garbage-first heap   total 129024K, used 77117K [0x0000000084c00000, 0x0000000100000000)
  region size 1024K, 74 young (75776K), 7 survivors (7168K)
 Metaspace       used 17742K, committed 18048K, reserved 1114112K
  class space    used 1986K, committed 2112K, reserved 1048576K
}
Event: 3.907 GC heap after
{Heap after GC invocations=3 (full 0):
 garbage-first heap   total 129024K, used 13321K [0x0000000084c00000, 0x0000000100000000)
  region size 1024K, 9 young (9216K), 9 survivors (9216K)
 Metaspace       used 17742K, committed 18048K, reserved 1114112K
  class space    used 1986K, committed 2112K, reserved 1048576K
}
Event: 4.046 GC heap before
{Heap before GC invocations=3 (full 0):
 garbage-first heap   total 129024K, used 30729K [0x0000000084c00000, 0x0000000100000000)
  region size 1024K, 27 young (27648K), 9 survivors (9216K)
 Metaspace       used 21221K, committed 21504K, reserved 1114112K
  class space    used 2413K, committed 2560K, reserved 1048576K
}
Event: 4.051 GC heap after
{Heap after GC invocations=4 (full 0):
 garbage-first heap   total 129024K, used 15345K [0x0000000084c00000, 0x0000000100000000)
  region size 1024K, 7 young (7168K), 7 survivors (7168K)
 Metaspace       used 21221K, committed 21504K, reserved 1114112K
  class space    used 2413K, committed 2560K, reserved 1048576K
}
Event: 4.433 GC heap before
{Heap before GC invocations=5 (full 0):
 garbage-first heap   total 58368K, used 57329K [0x0000000084c00000, 0x0000000100000000)
  region size 1024K, 47 young (48128K), 7 survivors (7168K)
 Metaspace       used 28013K, committed 28416K, reserved 1114112K
  class space    used 3139K, committed 3328K, reserved 1048576K
}
Event: 4.444 GC heap after
{Heap after GC invocations=6 (full 0):
 garbage-first heap   total 74752K, used 24874K [0x0000000084c00000, 0x0000000100000000)
  region size 1024K, 10 young (10240K), 10 survivors (10240K)
 Metaspace       used 28013K, committed 28416K, reserved 1114112K
  class space    used 3139K, committed 3328K, reserved 1048576K
}
Event: 5.064 GC heap before
{Heap before GC invocations=6 (full 0):
 garbage-first heap   total 74752K, used 56618K [0x0000000084c00000, 0x0000000100000000)
  region size 1024K, 42 young (43008K), 10 survivors (10240K)
 Metaspace       used 33748K, committed 34176K, reserved 1114112K
  class space    used 3876K, committed 4032K, reserved 1048576K
}
Event: 5.069 GC heap after
{Heap after GC invocations=7 (full 0):
 garbage-first heap   total 74752K, used 28463K [0x0000000084c00000, 0x0000000100000000)
  region size 1024K, 4 young (4096K), 4 survivors (4096K)
 Metaspace       used 33748K, committed 34176K, reserved 1114112K
  class space    used 3876K, committed 4032K, reserved 1048576K
}
Event: 5.181 GC heap before
{Heap before GC invocations=7 (full 0):
 garbage-first heap   total 74752K, used 42799K [0x0000000084c00000, 0x0000000100000000)
  region size 1024K, 11 young (11264K), 4 survivors (4096K)
 Metaspace       used 35678K, committed 36160K, reserved 1114112K
  class space    used 4230K, committed 4480K, reserved 1048576K
}
Event: 5.184 GC heap after
{Heap after GC invocations=8 (full 0):
 garbage-first heap   total 74752K, used 38502K [0x0000000084c00000, 0x0000000100000000)
  region size 1024K, 2 young (2048K), 2 survivors (2048K)
 Metaspace       used 35678K, committed 36160K, reserved 1114112K
  class space    used 4230K, committed 4480K, reserved 1048576K
}
Event: 7.327 GC heap before
{Heap before GC invocations=9 (full 0):
 garbage-first heap   total 138240K, used 136806K [0x0000000084c00000, 0x0000000100000000)
  region size 1024K, 19 young (19456K), 2 survivors (2048K)
 Metaspace       used 41247K, committed 41728K, reserved 1114112K
  class space    used 5134K, committed 5376K, reserved 1048576K
}
Event: 7.331 GC heap after
{Heap after GC invocations=10 (full 0):
 garbage-first heap   total 180224K, used 122364K [0x0000000084c00000, 0x0000000100000000)
  region size 1024K, 4 young (4096K), 4 survivors (4096K)
 Metaspace       used 41247K, committed 41728K, reserved 1114112K
  class space    used 5134K, committed 5376K, reserved 1048576K
}
Event: 14.657 GC heap before
{Heap before GC invocations=10 (full 0):
 garbage-first heap   total 253952K, used 252412K [0x0000000084c00000, 0x0000000100000000)
  region size 1024K, 22 young (22528K), 4 survivors (4096K)
 Metaspace       used 43423K, committed 43904K, reserved 1114112K
  class space    used 5333K, committed 5568K, reserved 1048576K
}
Event: 14.663 GC heap after
{Heap after GC invocations=11 (full 0):
 garbage-first heap   total 262144K, used 211615K [0x0000000084c00000, 0x0000000100000000)
  region size 1024K, 6 young (6144K), 6 survivors (6144K)
 Metaspace       used 43423K, committed 43904K, reserved 1114112K
  class space    used 5333K, committed 5568K, reserved 1048576K
}

