# JRE version: OpenJDK Runtime Environment (21.0.2+13) (build 21.0.2+13-Ubuntu-122.04.1)
# Java VM: OpenJDK 64-Bit Server VM (21.0.2+13-Ubuntu-122.04.1, mixed mode, sharing, tiered, compressed oops, compressed class ptrs, g1 gc, linux-amd64)
Heap:
 garbage-first heap   total 275456K, used 232191K [0x0000000084c00000, 0x0000000100000000)
  region size 1024K, 18 young (18432K), 4 survivors (4096K)
 Metaspace       used 44012K, committed 44544K, reserved 1114112K
  class space    used 5494K, committed 5760K, reserved 1048576K
GC Heap History (16 events):
Event: 1.170 GC heap before
{Heap before GC invocations=0 (full 0):
 garbage-first heap   total 129024K, used 23581K [0x0000000084c00000, 0x0000000100000000)
  region size 1024K, 23 young (23552K), 0 survivors (0K)
 Metaspace       used 5987K, committed 6144K, reserved 1114112K
  class space    used 690K, committed 768K, reserved 1048576K
}
Event: 1.173 GC heap after
{Heap after GC invocations=1 (full 0):
 garbage-first heap   total 129024K, used 4307K [0x0000000084c00000, 0x0000000100000000)
  region size 1024K, 3 young (3072K), 3 survivors (3072K)
 Metaspace       used 5987K, committed 6144K, reserved 1114112K
  class space    used 690K, committed 768K, reserved 1048576K
}
Event: 3.556 GC heap before
{Heap before GC invocations=1 (full 0):
 garbage-first heap   total 129024K, used 53459K [0x0000000084c00000, 0x0000000100000000)
  region size 1024K, 51 young (52224K), 3 survivors (3072K)
 Metaspace       used 15504K, committed 15808K, reserved 1114112K
  class space    used 1806K, committed 1920K, reserved 1048576K
}
Event: 3.562 GC heap after
{Heap after GC invocations=2 (full 0):
 garbage-first heap   total 129024K, used 8403K [0x0000000084c00000, 0x0000000100000000)
  region size 1024K, 7 young (7168K), 7 survivors (7168K)
 Metaspace       used 15504K, committed 15808K, reserved 1114112K
  class space    used 1806K, committed 1920K, reserved 1048576K
}
Event: 4.093 GC heap before
{Heap before GC invocations=2 (full 0):
 garbage-first heap   total 129024K, used 77011K [0x0000000084c00000, 0x0000000100000000)
  region size 1024K, 74 young (75776K), 7 survivors (7168K)
 Metaspace       used 17736K, committed 18048K, reserved 1114112K
  class space    used 1986K, committed 2112K, reserved 1048576K
}
Event: 4.101 GC heap after
{Heap after GC invocations=3 (full 0):
 garbage-first heap   total 129024K, used 13341K [0x0000000084c00000, 0x0000000100000000)
  region size 1024K, 9 young (9216K), 9 survivors (9216K)
 Metaspace       used 17736K, committed 18048K, reserved 1114112K
  class space    used 1986K, committed 2112K, reserved 1048576K
}
Event: 4.237 GC heap before
{Heap before GC invocations=3 (full 0):
 garbage-first heap   total 129024K, used 29725K [0x0000000084c00000, 0x0000000100000000)
  region size 1024K, 26 young (26624K), 9 survivors (9216K)
 Metaspace       used 21223K, committed 21504K, reserved 1114112K
  class space    used 2415K, committed 2560K, reserved 1048576K
}
Event: 4.242 GC heap after
{Heap after GC invocations=4 (full 0):
 garbage-first heap   total 129024K, used 15274K [0x0000000084c00000, 0x0000000100000000)
  region size 1024K, 7 young (7168K), 7 survivors (7168K)
 Metaspace       used 21223K, committed 21504K, reserved 1114112K
  class space    used 2415K, committed 2560K, reserved 1048576K
}
Event: 4.598 GC heap before
{Heap before GC invocations=5 (full 0):
 garbage-first heap   total 58368K, used 57258K [0x0000000084c00000, 0x0000000100000000)
  region size 1024K, 47 young (48128K), 7 survivors (7168K)
 Metaspace       used 27644K, committed 27968K, reserved 1114112K
  class space    used 3104K, committed 3264K, reserved 1048576K
}
Event: 4.609 GC heap after
{Heap after GC invocations=6 (full 0):
 garbage-first heap   total 74752K, used 24807K [0x0000000084c00000, 0x0000000100000000)
  region size 1024K, 10 young (10240K), 10 survivors (10240K)
 Metaspace       used 27644K, committed 27968K, reserved 1114112K
  class space    used 3104K, committed 3264K, reserved 1048576K
}
Event: 5.220 GC heap before
{Heap before GC invocations=6 (full 0):
 garbage-first heap   total 74752K, used 56551K [0x0000000084c00000, 0x0000000100000000)
  region size 1024K, 42 young (43008K), 10 survivors (10240K)
 Metaspace       used 32620K, committed 33088K, reserved 1114112K
  class space    used 3692K, committed 3904K, reserved 1048576K
}
Event: 5.225 GC heap after
{Heap after GC invocations=7 (full 0):
 garbage-first heap   total 74752K, used 28618K [0x0000000084c00000, 0x0000000100000000)
  region size 1024K, 4 young (4096K), 4 survivors (4096K)
 Metaspace       used 32620K, committed 33088K, reserved 1114112K
  class space    used 3692K, committed 3904K, reserved 1048576K
}
Event: 5.352 GC heap before
{Heap before GC invocations=7 (full 0):
 garbage-first heap   total 74752K, used 43978K [0x0000000084c00000, 0x0000000100000000)
  region size 1024K, 13 young (13312K), 4 survivors (4096K)
 Metaspace       used 35692K, committed 36160K, reserved 1114112K
  class space    used 4186K, committed 4416K, reserved 1048576K
}
Event: 5.354 GC heap after
{Heap after GC invocations=8 (full 0):
 garbage-first heap   total 74752K, used 38606K [0x0000000084c00000, 0x0000000100000000)
  region size 1024K, 2 young (2048K), 2 survivors (2048K)
 Metaspace       used 35692K, committed 36160K, reserved 1114112K
  class space    used 4186K, committed 4416K, reserved 1048576K
}
Event: 10.102 GC heap before
{Heap before GC invocations=9 (full 0):
 garbage-first heap   total 222208K, used 220878K [0x0000000084c00000, 0x0000000100000000)
  region size 1024K, 27 young (27648K), 2 survivors (2048K)
 Metaspace       used 42861K, committed 43392K, reserved 1114112K
  class space    used 5476K, committed 5760K, reserved 1048576K
}
Event: 10.106 GC heap after
{Heap after GC invocations=10 (full 0):
 garbage-first heap   total 275456K, used 182015K [0x0000000084c00000, 0x0000000100000000)
  region size 1024K, 4 young (4096K), 4 survivors (4096K)
 Metaspace       used 42861K, committed 43392K, reserved 1114112K
  class space    used 5476K, committed 5760K, reserved 1048576K
}

